18:24:02.273 INFO  NativeLibraryLoader - Loading libgkl_compression.so from jar:file:/gatk/gatk-package-4.6.0.0-local.jar!/com/intel/gkl/native/libgkl_compression.so
[Mon Jul 29 18:24:02 GMT 2024] MarkIlluminaAdapters --INPUT /coh_labs/dits/rayyan/Data/C083-000002/AnalysisData2/C083-000002_GermlineDNA_fastqtosam.bam --OUTPUT /coh_labs/dits/rayyan/Data/C083-000002/AnalysisData2/C083-000002_GermlineDNA_markilluminaadapters.bam --METRICS /coh_labs/dits/rayyan/Data/C083-000002/AnalysisData2/C083-000002_GermlineDNA_markilluminaadapters_metrics.txt --MIN_MATCH_BASES_SE 12 --MIN_MATCH_BASES_PE 6 --MAX_ERROR_RATE_SE 0.1 --MAX_ERROR_RATE_PE 0.1 --ADAPTERS INDEXED --ADAPTERS DUAL_INDEXED --ADAPTERS PAIRED_END --ADAPTER_TRUNCATION_LENGTH 30 --PRUNE_ADAPTER_LIST_AFTER_THIS_MANY_ADAPTERS_SEEN 100 --NUM_ADAPTERS_TO_KEEP 1 --VERBOSITY INFO --QUIET false --VALIDATION_STRINGENCY STRICT --COMPRESSION_LEVEL 2 --MAX_RECORDS_IN_RAM 500000 --CREATE_INDEX false --CREATE_MD5_FILE false --help false --version false --showHidden false --USE_JDK_DEFLATER false --USE_JDK_INFLATER false
[Mon Jul 29 18:24:02 GMT 2024] Executing as raburajab@g-c-1-6-30 on Linux 4.18.0-305.3.1.el8_4.x86_64 amd64; OpenJDK 64-Bit Server VM 17.0.9+9-Ubuntu-122.04; Deflater: Intel; Inflater: Intel; Provider GCS is available; Picard version: Version:4.6.0.0
INFO	2024-07-29 18:24:06	MarkIlluminaAdapters	Read     1,000,000 records.  Elapsed time: 00:00:03s.  Time for last 1,000,000:    3s.  Last read position: */*
INFO	2024-07-29 18:24:10	MarkIlluminaAdapters	Read     2,000,000 records.  Elapsed time: 00:00:07s.  Time for last 1,000,000:    3s.  Last read position: */*
INFO	2024-07-29 18:24:13	MarkIlluminaAdapters	Read     3,000,000 records.  Elapsed time: 00:00:11s.  Time for last 1,000,000:    3s.  Last read position: */*
INFO	2024-07-29 18:24:17	MarkIlluminaAdapters	Read     4,000,000 records.  Elapsed time: 00:00:14s.  Time for last 1,000,000:    3s.  Last read position: */*
INFO	2024-07-29 18:24:21	MarkIlluminaAdapters	Read     5,000,000 records.  Elapsed time: 00:00:18s.  Time for last 1,000,000:    3s.  Last read position: */*
INFO	2024-07-29 18:24:24	MarkIlluminaAdapters	Read     6,000,000 records.  Elapsed time: 00:00:22s.  Time for last 1,000,000:    3s.  Last read position: */*
INFO	2024-07-29 18:24:28	MarkIlluminaAdapters	Read     7,000,000 records.  Elapsed time: 00:00:25s.  Time for last 1,000,000:    3s.  Last read position: */*
INFO	2024-07-29 18:24:32	MarkIlluminaAdapters	Read     8,000,000 records.  Elapsed time: 00:00:29s.  Time for last 1,000,000:    3s.  Last read position: */*
INFO	2024-07-29 18:24:35	MarkIlluminaAdapters	Read     9,000,000 records.  Elapsed time: 00:00:33s.  Time for last 1,000,000:    3s.  Last read position: */*
INFO	2024-07-29 18:24:39	MarkIlluminaAdapters	Read    10,000,000 records.  Elapsed time: 00:00:37s.  Time for last 1,000,000:    3s.  Last read position: */*
INFO	2024-07-29 18:24:43	MarkIlluminaAdapters	Read    11,000,000 records.  Elapsed time: 00:00:40s.  Time for last 1,000,000:    3s.  Last read position: */*
INFO	2024-07-29 18:24:47	MarkIlluminaAdapters	Read    12,000,000 records.  Elapsed time: 00:00:44s.  Time for last 1,000,000:    3s.  Last read position: */*
INFO	2024-07-29 18:24:50	MarkIlluminaAdapters	Read    13,000,000 records.  Elapsed time: 00:00:48s.  Time for last 1,000,000:    3s.  Last read position: */*
INFO	2024-07-29 18:24:54	MarkIlluminaAdapters	Read    14,000,000 records.  Elapsed time: 00:00:52s.  Time for last 1,000,000:    3s.  Last read position: */*
INFO	2024-07-29 18:24:58	MarkIlluminaAdapters	Read    15,000,000 records.  Elapsed time: 00:00:55s.  Time for last 1,000,000:    3s.  Last read position: */*
INFO	2024-07-29 18:25:01	MarkIlluminaAdapters	Read    16,000,000 records.  Elapsed time: 00:00:59s.  Time for last 1,000,000:    3s.  Last read position: */*
INFO	2024-07-29 18:25:05	MarkIlluminaAdapters	Read    17,000,000 records.  Elapsed time: 00:01:03s.  Time for last 1,000,000:    3s.  Last read position: */*
INFO	2024-07-29 18:25:09	MarkIlluminaAdapters	Read    18,000,000 records.  Elapsed time: 00:01:07s.  Time for last 1,000,000:    4s.  Last read position: */*
INFO	2024-07-29 18:25:13	MarkIlluminaAdapters	Read    19,000,000 records.  Elapsed time: 00:01:10s.  Time for last 1,000,000:    3s.  Last read position: */*
INFO	2024-07-29 18:25:17	MarkIlluminaAdapters	Read    20,000,000 records.  Elapsed time: 00:01:14s.  Time for last 1,000,000:    3s.  Last read position: */*
INFO	2024-07-29 18:25:20	MarkIlluminaAdapters	Read    21,000,000 records.  Elapsed time: 00:01:18s.  Time for last 1,000,000:    3s.  Last read position: */*
INFO	2024-07-29 18:25:24	MarkIlluminaAdapters	Read    22,000,000 records.  Elapsed time: 00:01:22s.  Time for last 1,000,000:    3s.  Last read position: */*
INFO	2024-07-29 18:25:28	MarkIlluminaAdapters	Read    23,000,000 records.  Elapsed time: 00:01:25s.  Time for last 1,000,000:    3s.  Last read position: */*
INFO	2024-07-29 18:25:32	MarkIlluminaAdapters	Read    24,000,000 records.  Elapsed time: 00:01:29s.  Time for last 1,000,000:    3s.  Last read position: */*
INFO	2024-07-29 18:25:35	MarkIlluminaAdapters	Read    25,000,000 records.  Elapsed time: 00:01:33s.  Time for last 1,000,000:    3s.  Last read position: */*
INFO	2024-07-29 18:25:39	MarkIlluminaAdapters	Read    26,000,000 records.  Elapsed time: 00:01:37s.  Time for last 1,000,000:    3s.  Last read position: */*
INFO	2024-07-29 18:25:43	MarkIlluminaAdapters	Read    27,000,000 records.  Elapsed time: 00:01:40s.  Time for last 1,000,000:    3s.  Last read position: */*
INFO	2024-07-29 18:25:47	MarkIlluminaAdapters	Read    28,000,000 records.  Elapsed time: 00:01:44s.  Time for last 1,000,000:    3s.  Last read position: */*
INFO	2024-07-29 18:25:50	MarkIlluminaAdapters	Read    29,000,000 records.  Elapsed time: 00:01:48s.  Time for last 1,000,000:    3s.  Last read position: */*
INFO	2024-07-29 18:25:54	MarkIlluminaAdapters	Read    30,000,000 records.  Elapsed time: 00:01:51s.  Time for last 1,000,000:    3s.  Last read position: */*
INFO	2024-07-29 18:25:57	MarkIlluminaAdapters	Read    31,000,000 records.  Elapsed time: 00:01:55s.  Time for last 1,000,000:    3s.  Last read position: */*
INFO	2024-07-29 18:26:01	MarkIlluminaAdapters	Read    32,000,000 records.  Elapsed time: 00:01:59s.  Time for last 1,000,000:    3s.  Last read position: */*
INFO	2024-07-29 18:26:05	MarkIlluminaAdapters	Read    33,000,000 records.  Elapsed time: 00:02:02s.  Time for last 1,000,000:    3s.  Last read position: */*
INFO	2024-07-29 18:26:09	MarkIlluminaAdapters	Read    34,000,000 records.  Elapsed time: 00:02:06s.  Time for last 1,000,000:    3s.  Last read position: */*
INFO	2024-07-29 18:26:12	MarkIlluminaAdapters	Read    35,000,000 records.  Elapsed time: 00:02:10s.  Time for last 1,000,000:    3s.  Last read position: */*
INFO	2024-07-29 18:26:16	MarkIlluminaAdapters	Read    36,000,000 records.  Elapsed time: 00:02:13s.  Time for last 1,000,000:    3s.  Last read position: */*
INFO	2024-07-29 18:26:20	MarkIlluminaAdapters	Read    37,000,000 records.  Elapsed time: 00:02:17s.  Time for last 1,000,000:    3s.  Last read position: */*
INFO	2024-07-29 18:26:23	MarkIlluminaAdapters	Read    38,000,000 records.  Elapsed time: 00:02:21s.  Time for last 1,000,000:    3s.  Last read position: */*
INFO	2024-07-29 18:26:27	MarkIlluminaAdapters	Read    39,000,000 records.  Elapsed time: 00:02:25s.  Time for last 1,000,000:    3s.  Last read position: */*
INFO	2024-07-29 18:26:31	MarkIlluminaAdapters	Read    40,000,000 records.  Elapsed time: 00:02:28s.  Time for last 1,000,000:    3s.  Last read position: */*
INFO	2024-07-29 18:26:34	MarkIlluminaAdapters	Read    41,000,000 records.  Elapsed time: 00:02:32s.  Time for last 1,000,000:    3s.  Last read position: */*
INFO	2024-07-29 18:26:38	MarkIlluminaAdapters	Read    42,000,000 records.  Elapsed time: 00:02:36s.  Time for last 1,000,000:    3s.  Last read position: */*
INFO	2024-07-29 18:26:42	MarkIlluminaAdapters	Read    43,000,000 records.  Elapsed time: 00:02:39s.  Time for last 1,000,000:    3s.  Last read position: */*
INFO	2024-07-29 18:26:46	MarkIlluminaAdapters	Read    44,000,000 records.  Elapsed time: 00:02:43s.  Time for last 1,000,000:    3s.  Last read position: */*
INFO	2024-07-29 18:26:49	MarkIlluminaAdapters	Read    45,000,000 records.  Elapsed time: 00:02:47s.  Time for last 1,000,000:    3s.  Last read position: */*
INFO	2024-07-29 18:26:53	MarkIlluminaAdapters	Read    46,000,000 records.  Elapsed time: 00:02:51s.  Time for last 1,000,000:    3s.  Last read position: */*
INFO	2024-07-29 18:26:57	MarkIlluminaAdapters	Read    47,000,000 records.  Elapsed time: 00:02:54s.  Time for last 1,000,000:    3s.  Last read position: */*
INFO	2024-07-29 18:27:00	MarkIlluminaAdapters	Read    48,000,000 records.  Elapsed time: 00:02:58s.  Time for last 1,000,000:    3s.  Last read position: */*
INFO	2024-07-29 18:27:04	MarkIlluminaAdapters	Read    49,000,000 records.  Elapsed time: 00:03:02s.  Time for last 1,000,000:    3s.  Last read position: */*
INFO	2024-07-29 18:27:08	MarkIlluminaAdapters	Read    50,000,000 records.  Elapsed time: 00:03:05s.  Time for last 1,000,000:    3s.  Last read position: */*
INFO	2024-07-29 18:27:12	MarkIlluminaAdapters	Read    51,000,000 records.  Elapsed time: 00:03:09s.  Time for last 1,000,000:    3s.  Last read position: */*
INFO	2024-07-29 18:27:15	MarkIlluminaAdapters	Read    52,000,000 records.  Elapsed time: 00:03:13s.  Time for last 1,000,000:    3s.  Last read position: */*
INFO	2024-07-29 18:27:19	MarkIlluminaAdapters	Read    53,000,000 records.  Elapsed time: 00:03:17s.  Time for last 1,000,000:    3s.  Last read position: */*
INFO	2024-07-29 18:27:23	MarkIlluminaAdapters	Read    54,000,000 records.  Elapsed time: 00:03:20s.  Time for last 1,000,000:    3s.  Last read position: */*
INFO	2024-07-29 18:27:26	MarkIlluminaAdapters	Read    55,000,000 records.  Elapsed time: 00:03:24s.  Time for last 1,000,000:    3s.  Last read position: */*
INFO	2024-07-29 18:27:30	MarkIlluminaAdapters	Read    56,000,000 records.  Elapsed time: 00:03:28s.  Time for last 1,000,000:    3s.  Last read position: */*
INFO	2024-07-29 18:27:34	MarkIlluminaAdapters	Read    57,000,000 records.  Elapsed time: 00:03:31s.  Time for last 1,000,000:    3s.  Last read position: */*
INFO	2024-07-29 18:27:38	MarkIlluminaAdapters	Read    58,000,000 records.  Elapsed time: 00:03:35s.  Time for last 1,000,000:    3s.  Last read position: */*
INFO	2024-07-29 18:27:41	MarkIlluminaAdapters	Read    59,000,000 records.  Elapsed time: 00:03:39s.  Time for last 1,000,000:    3s.  Last read position: */*
INFO	2024-07-29 18:27:45	MarkIlluminaAdapters	Read    60,000,000 records.  Elapsed time: 00:03:43s.  Time for last 1,000,000:    3s.  Last read position: */*
INFO	2024-07-29 18:27:49	MarkIlluminaAdapters	Read    61,000,000 records.  Elapsed time: 00:03:46s.  Time for last 1,000,000:    3s.  Last read position: */*
INFO	2024-07-29 18:27:53	MarkIlluminaAdapters	Read    62,000,000 records.  Elapsed time: 00:03:50s.  Time for last 1,000,000:    3s.  Last read position: */*
INFO	2024-07-29 18:27:56	MarkIlluminaAdapters	Read    63,000,000 records.  Elapsed time: 00:03:54s.  Time for last 1,000,000:    3s.  Last read position: */*
INFO	2024-07-29 18:28:00	MarkIlluminaAdapters	Read    64,000,000 records.  Elapsed time: 00:03:58s.  Time for last 1,000,000:    3s.  Last read position: */*
INFO	2024-07-29 18:28:04	MarkIlluminaAdapters	Read    65,000,000 records.  Elapsed time: 00:04:01s.  Time for last 1,000,000:    3s.  Last read position: */*
INFO	2024-07-29 18:28:08	MarkIlluminaAdapters	Read    66,000,000 records.  Elapsed time: 00:04:05s.  Time for last 1,000,000:    3s.  Last read position: */*
INFO	2024-07-29 18:28:11	MarkIlluminaAdapters	Read    67,000,000 records.  Elapsed time: 00:04:09s.  Time for last 1,000,000:    3s.  Last read position: */*
INFO	2024-07-29 18:28:15	MarkIlluminaAdapters	Read    68,000,000 records.  Elapsed time: 00:04:13s.  Time for last 1,000,000:    3s.  Last read position: */*
INFO	2024-07-29 18:28:19	MarkIlluminaAdapters	Read    69,000,000 records.  Elapsed time: 00:04:16s.  Time for last 1,000,000:    3s.  Last read position: */*
INFO	2024-07-29 18:28:22	MarkIlluminaAdapters	Read    70,000,000 records.  Elapsed time: 00:04:20s.  Time for last 1,000,000:    3s.  Last read position: */*
INFO	2024-07-29 18:28:26	MarkIlluminaAdapters	Read    71,000,000 records.  Elapsed time: 00:04:24s.  Time for last 1,000,000:    3s.  Last read position: */*
INFO	2024-07-29 18:28:30	MarkIlluminaAdapters	Read    72,000,000 records.  Elapsed time: 00:04:27s.  Time for last 1,000,000:    3s.  Last read position: */*
INFO	2024-07-29 18:28:34	MarkIlluminaAdapters	Read    73,000,000 records.  Elapsed time: 00:04:31s.  Time for last 1,000,000:    3s.  Last read position: */*
INFO	2024-07-29 18:28:37	MarkIlluminaAdapters	Read    74,000,000 records.  Elapsed time: 00:04:35s.  Time for last 1,000,000:    3s.  Last read position: */*
INFO	2024-07-29 18:28:41	MarkIlluminaAdapters	Read    75,000,000 records.  Elapsed time: 00:04:39s.  Time for last 1,000,000:    3s.  Last read position: */*
INFO	2024-07-29 18:28:45	MarkIlluminaAdapters	Read    76,000,000 records.  Elapsed time: 00:04:42s.  Time for last 1,000,000:    3s.  Last read position: */*
INFO	2024-07-29 18:28:49	MarkIlluminaAdapters	Read    77,000,000 records.  Elapsed time: 00:04:46s.  Time for last 1,000,000:    3s.  Last read position: */*
INFO	2024-07-29 18:28:52	MarkIlluminaAdapters	Read    78,000,000 records.  Elapsed time: 00:04:50s.  Time for last 1,000,000:    3s.  Last read position: */*
INFO	2024-07-29 18:28:56	MarkIlluminaAdapters	Read    79,000,000 records.  Elapsed time: 00:04:53s.  Time for last 1,000,000:    3s.  Last read position: */*
INFO	2024-07-29 18:29:00	MarkIlluminaAdapters	Read    80,000,000 records.  Elapsed time: 00:04:57s.  Time for last 1,000,000:    3s.  Last read position: */*
INFO	2024-07-29 18:29:03	MarkIlluminaAdapters	Read    81,000,000 records.  Elapsed time: 00:05:01s.  Time for last 1,000,000:    3s.  Last read position: */*
INFO	2024-07-29 18:29:07	MarkIlluminaAdapters	Read    82,000,000 records.  Elapsed time: 00:05:05s.  Time for last 1,000,000:    3s.  Last read position: */*
INFO	2024-07-29 18:29:11	MarkIlluminaAdapters	Read    83,000,000 records.  Elapsed time: 00:05:08s.  Time for last 1,000,000:    3s.  Last read position: */*
INFO	2024-07-29 18:29:14	MarkIlluminaAdapters	Read    84,000,000 records.  Elapsed time: 00:05:12s.  Time for last 1,000,000:    3s.  Last read position: */*
INFO	2024-07-29 18:29:18	MarkIlluminaAdapters	Read    85,000,000 records.  Elapsed time: 00:05:15s.  Time for last 1,000,000:    3s.  Last read position: */*
INFO	2024-07-29 18:29:22	MarkIlluminaAdapters	Read    86,000,000 records.  Elapsed time: 00:05:19s.  Time for last 1,000,000:    3s.  Last read position: */*
INFO	2024-07-29 18:29:25	MarkIlluminaAdapters	Read    87,000,000 records.  Elapsed time: 00:05:23s.  Time for last 1,000,000:    3s.  Last read position: */*
INFO	2024-07-29 18:29:29	MarkIlluminaAdapters	Read    88,000,000 records.  Elapsed time: 00:05:26s.  Time for last 1,000,000:    3s.  Last read position: */*
INFO	2024-07-29 18:29:32	MarkIlluminaAdapters	Read    89,000,000 records.  Elapsed time: 00:05:30s.  Time for last 1,000,000:    3s.  Last read position: */*
INFO	2024-07-29 18:29:36	MarkIlluminaAdapters	Read    90,000,000 records.  Elapsed time: 00:05:33s.  Time for last 1,000,000:    3s.  Last read position: */*
INFO	2024-07-29 18:29:40	MarkIlluminaAdapters	Read    91,000,000 records.  Elapsed time: 00:05:37s.  Time for last 1,000,000:    3s.  Last read position: */*
INFO	2024-07-29 18:29:43	MarkIlluminaAdapters	Read    92,000,000 records.  Elapsed time: 00:05:41s.  Time for last 1,000,000:    3s.  Last read position: */*
INFO	2024-07-29 18:29:47	MarkIlluminaAdapters	Read    93,000,000 records.  Elapsed time: 00:05:44s.  Time for last 1,000,000:    3s.  Last read position: */*
INFO	2024-07-29 18:29:50	MarkIlluminaAdapters	Read    94,000,000 records.  Elapsed time: 00:05:48s.  Time for last 1,000,000:    3s.  Last read position: */*
INFO	2024-07-29 18:29:54	MarkIlluminaAdapters	Read    95,000,000 records.  Elapsed time: 00:05:51s.  Time for last 1,000,000:    3s.  Last read position: */*
INFO	2024-07-29 18:29:58	MarkIlluminaAdapters	Read    96,000,000 records.  Elapsed time: 00:05:55s.  Time for last 1,000,000:    3s.  Last read position: */*
INFO	2024-07-29 18:30:01	MarkIlluminaAdapters	Read    97,000,000 records.  Elapsed time: 00:05:59s.  Time for last 1,000,000:    3s.  Last read position: */*
INFO	2024-07-29 18:30:05	MarkIlluminaAdapters	Read    98,000,000 records.  Elapsed time: 00:06:02s.  Time for last 1,000,000:    3s.  Last read position: */*
INFO	2024-07-29 18:30:08	MarkIlluminaAdapters	Read    99,000,000 records.  Elapsed time: 00:06:06s.  Time for last 1,000,000:    3s.  Last read position: */*
INFO	2024-07-29 18:30:12	MarkIlluminaAdapters	Read   100,000,000 records.  Elapsed time: 00:06:09s.  Time for last 1,000,000:    3s.  Last read position: */*
INFO	2024-07-29 18:30:15	MarkIlluminaAdapters	Read   101,000,000 records.  Elapsed time: 00:06:13s.  Time for last 1,000,000:    3s.  Last read position: */*
INFO	2024-07-29 18:30:19	MarkIlluminaAdapters	Read   102,000,000 records.  Elapsed time: 00:06:17s.  Time for last 1,000,000:    3s.  Last read position: */*
INFO	2024-07-29 18:30:23	MarkIlluminaAdapters	Read   103,000,000 records.  Elapsed time: 00:06:20s.  Time for last 1,000,000:    3s.  Last read position: */*
INFO	2024-07-29 18:30:26	MarkIlluminaAdapters	Read   104,000,000 records.  Elapsed time: 00:06:24s.  Time for last 1,000,000:    3s.  Last read position: */*
INFO	2024-07-29 18:30:30	MarkIlluminaAdapters	Read   105,000,000 records.  Elapsed time: 00:06:27s.  Time for last 1,000,000:    3s.  Last read position: */*
INFO	2024-07-29 18:30:33	MarkIlluminaAdapters	Read   106,000,000 records.  Elapsed time: 00:06:31s.  Time for last 1,000,000:    3s.  Last read position: */*
INFO	2024-07-29 18:30:37	MarkIlluminaAdapters	Read   107,000,000 records.  Elapsed time: 00:06:35s.  Time for last 1,000,000:    3s.  Last read position: */*
INFO	2024-07-29 18:30:41	MarkIlluminaAdapters	Read   108,000,000 records.  Elapsed time: 00:06:38s.  Time for last 1,000,000:    3s.  Last read position: */*
INFO	2024-07-29 18:30:44	MarkIlluminaAdapters	Read   109,000,000 records.  Elapsed time: 00:06:42s.  Time for last 1,000,000:    3s.  Last read position: */*
INFO	2024-07-29 18:30:48	MarkIlluminaAdapters	Read   110,000,000 records.  Elapsed time: 00:06:45s.  Time for last 1,000,000:    3s.  Last read position: */*
INFO	2024-07-29 18:30:51	MarkIlluminaAdapters	Read   111,000,000 records.  Elapsed time: 00:06:49s.  Time for last 1,000,000:    3s.  Last read position: */*
INFO	2024-07-29 18:30:55	MarkIlluminaAdapters	Read   112,000,000 records.  Elapsed time: 00:06:53s.  Time for last 1,000,000:    3s.  Last read position: */*
INFO	2024-07-29 18:30:59	MarkIlluminaAdapters	Read   113,000,000 records.  Elapsed time: 00:06:56s.  Time for last 1,000,000:    3s.  Last read position: */*
INFO	2024-07-29 18:31:02	MarkIlluminaAdapters	Read   114,000,000 records.  Elapsed time: 00:07:00s.  Time for last 1,000,000:    3s.  Last read position: */*
INFO	2024-07-29 18:31:06	MarkIlluminaAdapters	Read   115,000,000 records.  Elapsed time: 00:07:03s.  Time for last 1,000,000:    3s.  Last read position: */*
INFO	2024-07-29 18:31:10	MarkIlluminaAdapters	Read   116,000,000 records.  Elapsed time: 00:07:07s.  Time for last 1,000,000:    3s.  Last read position: */*
INFO	2024-07-29 18:31:13	MarkIlluminaAdapters	Read   117,000,000 records.  Elapsed time: 00:07:11s.  Time for last 1,000,000:    3s.  Last read position: */*
INFO	2024-07-29 18:31:17	MarkIlluminaAdapters	Read   118,000,000 records.  Elapsed time: 00:07:14s.  Time for last 1,000,000:    3s.  Last read position: */*
INFO	2024-07-29 18:31:20	MarkIlluminaAdapters	Read   119,000,000 records.  Elapsed time: 00:07:18s.  Time for last 1,000,000:    3s.  Last read position: */*
INFO	2024-07-29 18:31:24	MarkIlluminaAdapters	Read   120,000,000 records.  Elapsed time: 00:07:21s.  Time for last 1,000,000:    3s.  Last read position: */*
INFO	2024-07-29 18:31:28	MarkIlluminaAdapters	Read   121,000,000 records.  Elapsed time: 00:07:25s.  Time for last 1,000,000:    3s.  Last read position: */*
INFO	2024-07-29 18:31:31	MarkIlluminaAdapters	Read   122,000,000 records.  Elapsed time: 00:07:29s.  Time for last 1,000,000:    3s.  Last read position: */*
INFO	2024-07-29 18:31:35	MarkIlluminaAdapters	Read   123,000,000 records.  Elapsed time: 00:07:32s.  Time for last 1,000,000:    3s.  Last read position: */*
INFO	2024-07-29 18:31:38	MarkIlluminaAdapters	Read   124,000,000 records.  Elapsed time: 00:07:36s.  Time for last 1,000,000:    3s.  Last read position: */*
INFO	2024-07-29 18:31:42	MarkIlluminaAdapters	Read   125,000,000 records.  Elapsed time: 00:07:40s.  Time for last 1,000,000:    3s.  Last read position: */*
INFO	2024-07-29 18:31:46	MarkIlluminaAdapters	Read   126,000,000 records.  Elapsed time: 00:07:43s.  Time for last 1,000,000:    3s.  Last read position: */*
INFO	2024-07-29 18:31:49	MarkIlluminaAdapters	Read   127,000,000 records.  Elapsed time: 00:07:47s.  Time for last 1,000,000:    3s.  Last read position: */*
INFO	2024-07-29 18:31:53	MarkIlluminaAdapters	Read   128,000,000 records.  Elapsed time: 00:07:50s.  Time for last 1,000,000:    3s.  Last read position: */*
INFO	2024-07-29 18:31:56	MarkIlluminaAdapters	Read   129,000,000 records.  Elapsed time: 00:07:54s.  Time for last 1,000,000:    3s.  Last read position: */*
INFO	2024-07-29 18:32:00	MarkIlluminaAdapters	Read   130,000,000 records.  Elapsed time: 00:07:58s.  Time for last 1,000,000:    3s.  Last read position: */*
INFO	2024-07-29 18:32:04	MarkIlluminaAdapters	Read   131,000,000 records.  Elapsed time: 00:08:02s.  Time for last 1,000,000:    3s.  Last read position: */*
INFO	2024-07-29 18:32:08	MarkIlluminaAdapters	Read   132,000,000 records.  Elapsed time: 00:08:06s.  Time for last 1,000,000:    4s.  Last read position: */*
INFO	2024-07-29 18:32:12	MarkIlluminaAdapters	Read   133,000,000 records.  Elapsed time: 00:08:10s.  Time for last 1,000,000:    3s.  Last read position: */*
INFO	2024-07-29 18:32:16	MarkIlluminaAdapters	Read   134,000,000 records.  Elapsed time: 00:08:13s.  Time for last 1,000,000:    3s.  Last read position: */*
INFO	2024-07-29 18:32:19	MarkIlluminaAdapters	Read   135,000,000 records.  Elapsed time: 00:08:17s.  Time for last 1,000,000:    3s.  Last read position: */*
INFO	2024-07-29 18:32:23	MarkIlluminaAdapters	Read   136,000,000 records.  Elapsed time: 00:08:21s.  Time for last 1,000,000:    3s.  Last read position: */*
INFO	2024-07-29 18:32:27	MarkIlluminaAdapters	Read   137,000,000 records.  Elapsed time: 00:08:24s.  Time for last 1,000,000:    3s.  Last read position: */*
INFO	2024-07-29 18:32:31	MarkIlluminaAdapters	Read   138,000,000 records.  Elapsed time: 00:08:28s.  Time for last 1,000,000:    3s.  Last read position: */*
INFO	2024-07-29 18:32:34	MarkIlluminaAdapters	Read   139,000,000 records.  Elapsed time: 00:08:32s.  Time for last 1,000,000:    3s.  Last read position: */*
INFO	2024-07-29 18:32:38	MarkIlluminaAdapters	Read   140,000,000 records.  Elapsed time: 00:08:36s.  Time for last 1,000,000:    3s.  Last read position: */*
INFO	2024-07-29 18:32:42	MarkIlluminaAdapters	Read   141,000,000 records.  Elapsed time: 00:08:39s.  Time for last 1,000,000:    3s.  Last read position: */*
INFO	2024-07-29 18:32:46	MarkIlluminaAdapters	Read   142,000,000 records.  Elapsed time: 00:08:43s.  Time for last 1,000,000:    3s.  Last read position: */*
INFO	2024-07-29 18:32:49	MarkIlluminaAdapters	Read   143,000,000 records.  Elapsed time: 00:08:47s.  Time for last 1,000,000:    3s.  Last read position: */*
INFO	2024-07-29 18:32:53	MarkIlluminaAdapters	Read   144,000,000 records.  Elapsed time: 00:08:51s.  Time for last 1,000,000:    3s.  Last read position: */*
INFO	2024-07-29 18:32:57	MarkIlluminaAdapters	Read   145,000,000 records.  Elapsed time: 00:08:54s.  Time for last 1,000,000:    3s.  Last read position: */*
INFO	2024-07-29 18:33:01	MarkIlluminaAdapters	Read   146,000,000 records.  Elapsed time: 00:08:58s.  Time for last 1,000,000:    3s.  Last read position: */*
INFO	2024-07-29 18:33:04	MarkIlluminaAdapters	Read   147,000,000 records.  Elapsed time: 00:09:02s.  Time for last 1,000,000:    3s.  Last read position: */*
INFO	2024-07-29 18:33:08	MarkIlluminaAdapters	Read   148,000,000 records.  Elapsed time: 00:09:06s.  Time for last 1,000,000:    4s.  Last read position: */*
INFO	2024-07-29 18:33:12	MarkIlluminaAdapters	Read   149,000,000 records.  Elapsed time: 00:09:10s.  Time for last 1,000,000:    3s.  Last read position: */*
INFO	2024-07-29 18:33:16	MarkIlluminaAdapters	Read   150,000,000 records.  Elapsed time: 00:09:13s.  Time for last 1,000,000:    3s.  Last read position: */*
INFO	2024-07-29 18:33:20	MarkIlluminaAdapters	Read   151,000,000 records.  Elapsed time: 00:09:17s.  Time for last 1,000,000:    3s.  Last read position: */*
INFO	2024-07-29 18:33:23	MarkIlluminaAdapters	Read   152,000,000 records.  Elapsed time: 00:09:21s.  Time for last 1,000,000:    3s.  Last read position: */*
INFO	2024-07-29 18:33:27	MarkIlluminaAdapters	Read   153,000,000 records.  Elapsed time: 00:09:25s.  Time for last 1,000,000:    3s.  Last read position: */*
INFO	2024-07-29 18:33:31	MarkIlluminaAdapters	Read   154,000,000 records.  Elapsed time: 00:09:28s.  Time for last 1,000,000:    3s.  Last read position: */*
INFO	2024-07-29 18:33:35	MarkIlluminaAdapters	Read   155,000,000 records.  Elapsed time: 00:09:32s.  Time for last 1,000,000:    3s.  Last read position: */*
INFO	2024-07-29 18:33:38	MarkIlluminaAdapters	Read   156,000,000 records.  Elapsed time: 00:09:36s.  Time for last 1,000,000:    3s.  Last read position: */*
INFO	2024-07-29 18:33:42	MarkIlluminaAdapters	Read   157,000,000 records.  Elapsed time: 00:09:40s.  Time for last 1,000,000:    3s.  Last read position: */*
INFO	2024-07-29 18:33:46	MarkIlluminaAdapters	Read   158,000,000 records.  Elapsed time: 00:09:43s.  Time for last 1,000,000:    3s.  Last read position: */*
INFO	2024-07-29 18:33:50	MarkIlluminaAdapters	Read   159,000,000 records.  Elapsed time: 00:09:47s.  Time for last 1,000,000:    3s.  Last read position: */*
INFO	2024-07-29 18:33:53	MarkIlluminaAdapters	Read   160,000,000 records.  Elapsed time: 00:09:51s.  Time for last 1,000,000:    3s.  Last read position: */*
INFO	2024-07-29 18:33:57	MarkIlluminaAdapters	Read   161,000,000 records.  Elapsed time: 00:09:55s.  Time for last 1,000,000:    3s.  Last read position: */*
INFO	2024-07-29 18:34:01	MarkIlluminaAdapters	Read   162,000,000 records.  Elapsed time: 00:09:58s.  Time for last 1,000,000:    3s.  Last read position: */*
INFO	2024-07-29 18:34:05	MarkIlluminaAdapters	Read   163,000,000 records.  Elapsed time: 00:10:02s.  Time for last 1,000,000:    3s.  Last read position: */*
INFO	2024-07-29 18:34:08	MarkIlluminaAdapters	Read   164,000,000 records.  Elapsed time: 00:10:06s.  Time for last 1,000,000:    3s.  Last read position: */*
INFO	2024-07-29 18:34:12	MarkIlluminaAdapters	Read   165,000,000 records.  Elapsed time: 00:10:10s.  Time for last 1,000,000:    4s.  Last read position: */*
INFO	2024-07-29 18:34:16	MarkIlluminaAdapters	Read   166,000,000 records.  Elapsed time: 00:10:14s.  Time for last 1,000,000:    3s.  Last read position: */*
INFO	2024-07-29 18:34:20	MarkIlluminaAdapters	Read   167,000,000 records.  Elapsed time: 00:10:17s.  Time for last 1,000,000:    3s.  Last read position: */*
INFO	2024-07-29 18:34:23	MarkIlluminaAdapters	Read   168,000,000 records.  Elapsed time: 00:10:21s.  Time for last 1,000,000:    3s.  Last read position: */*
INFO	2024-07-29 18:34:27	MarkIlluminaAdapters	Read   169,000,000 records.  Elapsed time: 00:10:25s.  Time for last 1,000,000:    3s.  Last read position: */*
INFO	2024-07-29 18:34:31	MarkIlluminaAdapters	Read   170,000,000 records.  Elapsed time: 00:10:28s.  Time for last 1,000,000:    3s.  Last read position: */*
INFO	2024-07-29 18:34:35	MarkIlluminaAdapters	Read   171,000,000 records.  Elapsed time: 00:10:32s.  Time for last 1,000,000:    3s.  Last read position: */*
INFO	2024-07-29 18:34:38	MarkIlluminaAdapters	Read   172,000,000 records.  Elapsed time: 00:10:36s.  Time for last 1,000,000:    3s.  Last read position: */*
INFO	2024-07-29 18:34:42	MarkIlluminaAdapters	Read   173,000,000 records.  Elapsed time: 00:10:40s.  Time for last 1,000,000:    3s.  Last read position: */*
INFO	2024-07-29 18:34:46	MarkIlluminaAdapters	Read   174,000,000 records.  Elapsed time: 00:10:43s.  Time for last 1,000,000:    3s.  Last read position: */*
INFO	2024-07-29 18:34:50	MarkIlluminaAdapters	Read   175,000,000 records.  Elapsed time: 00:10:47s.  Time for last 1,000,000:    3s.  Last read position: */*
INFO	2024-07-29 18:34:53	MarkIlluminaAdapters	Read   176,000,000 records.  Elapsed time: 00:10:51s.  Time for last 1,000,000:    3s.  Last read position: */*
INFO	2024-07-29 18:34:57	MarkIlluminaAdapters	Read   177,000,000 records.  Elapsed time: 00:10:55s.  Time for last 1,000,000:    3s.  Last read position: */*
INFO	2024-07-29 18:35:01	MarkIlluminaAdapters	Read   178,000,000 records.  Elapsed time: 00:10:58s.  Time for last 1,000,000:    3s.  Last read position: */*
INFO	2024-07-29 18:35:04	MarkIlluminaAdapters	Read   179,000,000 records.  Elapsed time: 00:11:02s.  Time for last 1,000,000:    3s.  Last read position: */*
INFO	2024-07-29 18:35:08	MarkIlluminaAdapters	Read   180,000,000 records.  Elapsed time: 00:11:06s.  Time for last 1,000,000:    3s.  Last read position: */*
INFO	2024-07-29 18:35:12	MarkIlluminaAdapters	Read   181,000,000 records.  Elapsed time: 00:11:10s.  Time for last 1,000,000:    3s.  Last read position: */*
INFO	2024-07-29 18:35:16	MarkIlluminaAdapters	Read   182,000,000 records.  Elapsed time: 00:11:13s.  Time for last 1,000,000:    3s.  Last read position: */*
INFO	2024-07-29 18:35:20	MarkIlluminaAdapters	Read   183,000,000 records.  Elapsed time: 00:11:17s.  Time for last 1,000,000:    3s.  Last read position: */*
INFO	2024-07-29 18:35:23	MarkIlluminaAdapters	Read   184,000,000 records.  Elapsed time: 00:11:21s.  Time for last 1,000,000:    3s.  Last read position: */*
INFO	2024-07-29 18:35:27	MarkIlluminaAdapters	Read   185,000,000 records.  Elapsed time: 00:11:25s.  Time for last 1,000,000:    3s.  Last read position: */*
INFO	2024-07-29 18:35:31	MarkIlluminaAdapters	Read   186,000,000 records.  Elapsed time: 00:11:28s.  Time for last 1,000,000:    3s.  Last read position: */*
INFO	2024-07-29 18:35:35	MarkIlluminaAdapters	Read   187,000,000 records.  Elapsed time: 00:11:32s.  Time for last 1,000,000:    3s.  Last read position: */*
INFO	2024-07-29 18:35:38	MarkIlluminaAdapters	Read   188,000,000 records.  Elapsed time: 00:11:36s.  Time for last 1,000,000:    3s.  Last read position: */*
INFO	2024-07-29 18:35:43	MarkIlluminaAdapters	Read   189,000,000 records.  Elapsed time: 00:11:40s.  Time for last 1,000,000:    4s.  Last read position: */*
INFO	2024-07-29 18:35:46	MarkIlluminaAdapters	Read   190,000,000 records.  Elapsed time: 00:11:44s.  Time for last 1,000,000:    3s.  Last read position: */*
INFO	2024-07-29 18:35:50	MarkIlluminaAdapters	Read   191,000,000 records.  Elapsed time: 00:11:48s.  Time for last 1,000,000:    3s.  Last read position: */*
INFO	2024-07-29 18:35:54	MarkIlluminaAdapters	Read   192,000,000 records.  Elapsed time: 00:11:51s.  Time for last 1,000,000:    3s.  Last read position: */*
[Mon Jul 29 18:35:54 GMT 2024] picard.illumina.MarkIlluminaAdapters done. Elapsed time: 11.88 minutes.
Runtime.totalMemory()=1224736768
Tool returned:
0
Using GATK jar /gatk/gatk-package-4.6.0.0-local.jar
Running:
    java -Dsamjdk.use_async_io_read_samtools=false -Dsamjdk.use_async_io_write_samtools=true -Dsamjdk.use_async_io_write_tribble=false -Dsamjdk.compression_level=2 -jar /gatk/gatk-package-4.6.0.0-local.jar MarkIlluminaAdapters --I /coh_labs/dits/rayyan/Data/C083-000002/AnalysisData2/C083-000002_GermlineDNA_fastqtosam.bam --O /coh_labs/dits/rayyan/Data/C083-000002/AnalysisData2/C083-000002_GermlineDNA_markilluminaadapters.bam --M /coh_labs/dits/rayyan/Data/C083-000002/AnalysisData2/C083-000002_GermlineDNA_markilluminaadapters_metrics.txt
