22:58:44.955 INFO  NativeLibraryLoader - Loading libgkl_compression.so from jar:file:/gatk/gatk-package-4.6.0.0-local.jar!/com/intel/gkl/native/libgkl_compression.so
[Mon Jul 29 22:58:44 GMT 2024] SamToFastq --INPUT /coh_labs/dits/rayyan/Data/C083-000002/AnalysisData2/C083-000002_GermlineDNA_markilluminaadapters.bam --FASTQ /coh_labs/dits/rayyan/Data/C083-000002/AnalysisData2/C083-000002_GermlineDNA_samtofastq_interleaved.fq --INTERLEAVE true --INCLUDE_NON_PF_READS true --CLIPPING_ATTRIBUTE XT --CLIPPING_ACTION 2 --OUTPUT_PER_RG false --COMPRESS_OUTPUTS_PER_RG false --RG_TAG PU --RE_REVERSE true --CLIPPING_MIN_LENGTH 0 --READ1_TRIM 0 --READ2_TRIM 0 --INCLUDE_NON_PRIMARY_ALIGNMENTS false --VERBOSITY INFO --QUIET false --VALIDATION_STRINGENCY STRICT --COMPRESSION_LEVEL 2 --MAX_RECORDS_IN_RAM 500000 --CREATE_INDEX false --CREATE_MD5_FILE false --help false --version false --showHidden false --USE_JDK_DEFLATER false --USE_JDK_INFLATER false
[Mon Jul 29 22:58:45 GMT 2024] Executing as raburajab@g-c-1-7-29 on Linux 4.18.0-305.3.1.el8_4.x86_64 amd64; OpenJDK 64-Bit Server VM 17.0.9+9-Ubuntu-122.04; Deflater: Intel; Inflater: Intel; Provider GCS is available; Picard version: Version:4.6.0.0
INFO	2024-07-29 22:58:51	SamToFastq	Processed     1,000,000 records.  Elapsed time: 00:00:06s.  Time for last 1,000,000:    6s.  Last read position: */*
INFO	2024-07-29 22:58:55	SamToFastq	Processed     2,000,000 records.  Elapsed time: 00:00:10s.  Time for last 1,000,000:    4s.  Last read position: */*
INFO	2024-07-29 22:58:57	SamToFastq	Processed     3,000,000 records.  Elapsed time: 00:00:12s.  Time for last 1,000,000:    1s.  Last read position: */*
INFO	2024-07-29 22:58:59	SamToFastq	Processed     4,000,000 records.  Elapsed time: 00:00:13s.  Time for last 1,000,000:    1s.  Last read position: */*
INFO	2024-07-29 22:59:00	SamToFastq	Processed     5,000,000 records.  Elapsed time: 00:00:15s.  Time for last 1,000,000:    1s.  Last read position: */*
INFO	2024-07-29 22:59:02	SamToFastq	Processed     6,000,000 records.  Elapsed time: 00:00:17s.  Time for last 1,000,000:    1s.  Last read position: */*
INFO	2024-07-29 22:59:04	SamToFastq	Processed     7,000,000 records.  Elapsed time: 00:00:19s.  Time for last 1,000,000:    1s.  Last read position: */*
INFO	2024-07-29 22:59:06	SamToFastq	Processed     8,000,000 records.  Elapsed time: 00:00:21s.  Time for last 1,000,000:    1s.  Last read position: */*
INFO	2024-07-29 22:59:08	SamToFastq	Processed     9,000,000 records.  Elapsed time: 00:00:22s.  Time for last 1,000,000:    1s.  Last read position: */*
INFO	2024-07-29 22:59:09	SamToFastq	Processed    10,000,000 records.  Elapsed time: 00:00:24s.  Time for last 1,000,000:    1s.  Last read position: */*
INFO	2024-07-29 22:59:11	SamToFastq	Processed    11,000,000 records.  Elapsed time: 00:00:26s.  Time for last 1,000,000:    1s.  Last read position: */*
INFO	2024-07-29 22:59:13	SamToFastq	Processed    12,000,000 records.  Elapsed time: 00:00:28s.  Time for last 1,000,000:    1s.  Last read position: */*
INFO	2024-07-29 22:59:15	SamToFastq	Processed    13,000,000 records.  Elapsed time: 00:00:30s.  Time for last 1,000,000:    2s.  Last read position: */*
INFO	2024-07-29 22:59:17	SamToFastq	Processed    14,000,000 records.  Elapsed time: 00:00:32s.  Time for last 1,000,000:    2s.  Last read position: */*
INFO	2024-07-29 22:59:21	SamToFastq	Processed    15,000,000 records.  Elapsed time: 00:00:36s.  Time for last 1,000,000:    3s.  Last read position: */*
INFO	2024-07-29 22:59:23	SamToFastq	Processed    16,000,000 records.  Elapsed time: 00:00:38s.  Time for last 1,000,000:    2s.  Last read position: */*
INFO	2024-07-29 22:59:25	SamToFastq	Processed    17,000,000 records.  Elapsed time: 00:00:40s.  Time for last 1,000,000:    1s.  Last read position: */*
INFO	2024-07-29 22:59:27	SamToFastq	Processed    18,000,000 records.  Elapsed time: 00:00:42s.  Time for last 1,000,000:    1s.  Last read position: */*
INFO	2024-07-29 22:59:29	SamToFastq	Processed    19,000,000 records.  Elapsed time: 00:00:44s.  Time for last 1,000,000:    1s.  Last read position: */*
INFO	2024-07-29 22:59:31	SamToFastq	Processed    20,000,000 records.  Elapsed time: 00:00:46s.  Time for last 1,000,000:    1s.  Last read position: */*
INFO	2024-07-29 22:59:33	SamToFastq	Processed    21,000,000 records.  Elapsed time: 00:00:48s.  Time for last 1,000,000:    1s.  Last read position: */*
INFO	2024-07-29 22:59:35	SamToFastq	Processed    22,000,000 records.  Elapsed time: 00:00:50s.  Time for last 1,000,000:    1s.  Last read position: */*
INFO	2024-07-29 22:59:37	SamToFastq	Processed    23,000,000 records.  Elapsed time: 00:00:51s.  Time for last 1,000,000:    1s.  Last read position: */*
INFO	2024-07-29 22:59:38	SamToFastq	Processed    24,000,000 records.  Elapsed time: 00:00:53s.  Time for last 1,000,000:    1s.  Last read position: */*
INFO	2024-07-29 22:59:40	SamToFastq	Processed    25,000,000 records.  Elapsed time: 00:00:55s.  Time for last 1,000,000:    1s.  Last read position: */*
INFO	2024-07-29 22:59:42	SamToFastq	Processed    26,000,000 records.  Elapsed time: 00:00:57s.  Time for last 1,000,000:    1s.  Last read position: */*
INFO	2024-07-29 22:59:44	SamToFastq	Processed    27,000,000 records.  Elapsed time: 00:00:59s.  Time for last 1,000,000:    1s.  Last read position: */*
INFO	2024-07-29 22:59:46	SamToFastq	Processed    28,000,000 records.  Elapsed time: 00:01:01s.  Time for last 1,000,000:    1s.  Last read position: */*
INFO	2024-07-29 22:59:48	SamToFastq	Processed    29,000,000 records.  Elapsed time: 00:01:03s.  Time for last 1,000,000:    1s.  Last read position: */*
INFO	2024-07-29 22:59:50	SamToFastq	Processed    30,000,000 records.  Elapsed time: 00:01:05s.  Time for last 1,000,000:    1s.  Last read position: */*
INFO	2024-07-29 22:59:52	SamToFastq	Processed    31,000,000 records.  Elapsed time: 00:01:07s.  Time for last 1,000,000:    1s.  Last read position: */*
INFO	2024-07-29 22:59:54	SamToFastq	Processed    32,000,000 records.  Elapsed time: 00:01:08s.  Time for last 1,000,000:    1s.  Last read position: */*
INFO	2024-07-29 22:59:57	SamToFastq	Processed    33,000,000 records.  Elapsed time: 00:01:12s.  Time for last 1,000,000:    3s.  Last read position: */*
INFO	2024-07-29 22:59:59	SamToFastq	Processed    34,000,000 records.  Elapsed time: 00:01:13s.  Time for last 1,000,000:    1s.  Last read position: */*
INFO	2024-07-29 23:00:01	SamToFastq	Processed    35,000,000 records.  Elapsed time: 00:01:15s.  Time for last 1,000,000:    1s.  Last read position: */*
INFO	2024-07-29 23:00:02	SamToFastq	Processed    36,000,000 records.  Elapsed time: 00:01:17s.  Time for last 1,000,000:    1s.  Last read position: */*
INFO	2024-07-29 23:00:05	SamToFastq	Processed    37,000,000 records.  Elapsed time: 00:01:19s.  Time for last 1,000,000:    2s.  Last read position: */*
INFO	2024-07-29 23:00:07	SamToFastq	Processed    38,000,000 records.  Elapsed time: 00:01:21s.  Time for last 1,000,000:    1s.  Last read position: */*
INFO	2024-07-29 23:00:08	SamToFastq	Processed    39,000,000 records.  Elapsed time: 00:01:23s.  Time for last 1,000,000:    1s.  Last read position: */*
INFO	2024-07-29 23:00:10	SamToFastq	Processed    40,000,000 records.  Elapsed time: 00:01:25s.  Time for last 1,000,000:    1s.  Last read position: */*
INFO	2024-07-29 23:00:12	SamToFastq	Processed    41,000,000 records.  Elapsed time: 00:01:27s.  Time for last 1,000,000:    1s.  Last read position: */*
INFO	2024-07-29 23:00:14	SamToFastq	Processed    42,000,000 records.  Elapsed time: 00:01:29s.  Time for last 1,000,000:    1s.  Last read position: */*
INFO	2024-07-29 23:00:16	SamToFastq	Processed    43,000,000 records.  Elapsed time: 00:01:31s.  Time for last 1,000,000:    1s.  Last read position: */*
INFO	2024-07-29 23:00:18	SamToFastq	Processed    44,000,000 records.  Elapsed time: 00:01:33s.  Time for last 1,000,000:    1s.  Last read position: */*
INFO	2024-07-29 23:00:20	SamToFastq	Processed    45,000,000 records.  Elapsed time: 00:01:35s.  Time for last 1,000,000:    1s.  Last read position: */*
INFO	2024-07-29 23:00:22	SamToFastq	Processed    46,000,000 records.  Elapsed time: 00:01:36s.  Time for last 1,000,000:    1s.  Last read position: */*
INFO	2024-07-29 23:00:23	SamToFastq	Processed    47,000,000 records.  Elapsed time: 00:01:38s.  Time for last 1,000,000:    1s.  Last read position: */*
INFO	2024-07-29 23:00:25	SamToFastq	Processed    48,000,000 records.  Elapsed time: 00:01:40s.  Time for last 1,000,000:    1s.  Last read position: */*
INFO	2024-07-29 23:00:27	SamToFastq	Processed    49,000,000 records.  Elapsed time: 00:01:42s.  Time for last 1,000,000:    1s.  Last read position: */*
INFO	2024-07-29 23:00:29	SamToFastq	Processed    50,000,000 records.  Elapsed time: 00:01:44s.  Time for last 1,000,000:    1s.  Last read position: */*
INFO	2024-07-29 23:00:31	SamToFastq	Processed    51,000,000 records.  Elapsed time: 00:01:46s.  Time for last 1,000,000:    1s.  Last read position: */*
INFO	2024-07-29 23:00:33	SamToFastq	Processed    52,000,000 records.  Elapsed time: 00:01:48s.  Time for last 1,000,000:    1s.  Last read position: */*
INFO	2024-07-29 23:00:35	SamToFastq	Processed    53,000,000 records.  Elapsed time: 00:01:50s.  Time for last 1,000,000:    1s.  Last read position: */*
INFO	2024-07-29 23:00:38	SamToFastq	Processed    54,000,000 records.  Elapsed time: 00:01:53s.  Time for last 1,000,000:    3s.  Last read position: */*
INFO	2024-07-29 23:00:40	SamToFastq	Processed    55,000,000 records.  Elapsed time: 00:01:55s.  Time for last 1,000,000:    1s.  Last read position: */*
INFO	2024-07-29 23:00:42	SamToFastq	Processed    56,000,000 records.  Elapsed time: 00:01:57s.  Time for last 1,000,000:    1s.  Last read position: */*
INFO	2024-07-29 23:00:44	SamToFastq	Processed    57,000,000 records.  Elapsed time: 00:01:58s.  Time for last 1,000,000:    1s.  Last read position: */*
INFO	2024-07-29 23:00:46	SamToFastq	Processed    58,000,000 records.  Elapsed time: 00:02:00s.  Time for last 1,000,000:    1s.  Last read position: */*
INFO	2024-07-29 23:00:47	SamToFastq	Processed    59,000,000 records.  Elapsed time: 00:02:02s.  Time for last 1,000,000:    1s.  Last read position: */*
INFO	2024-07-29 23:00:49	SamToFastq	Processed    60,000,000 records.  Elapsed time: 00:02:04s.  Time for last 1,000,000:    1s.  Last read position: */*
INFO	2024-07-29 23:00:51	SamToFastq	Processed    61,000,000 records.  Elapsed time: 00:02:06s.  Time for last 1,000,000:    1s.  Last read position: */*
INFO	2024-07-29 23:00:53	SamToFastq	Processed    62,000,000 records.  Elapsed time: 00:02:08s.  Time for last 1,000,000:    1s.  Last read position: */*
INFO	2024-07-29 23:00:55	SamToFastq	Processed    63,000,000 records.  Elapsed time: 00:02:10s.  Time for last 1,000,000:    1s.  Last read position: */*
INFO	2024-07-29 23:00:57	SamToFastq	Processed    64,000,000 records.  Elapsed time: 00:02:12s.  Time for last 1,000,000:    1s.  Last read position: */*
INFO	2024-07-29 23:00:59	SamToFastq	Processed    65,000,000 records.  Elapsed time: 00:02:14s.  Time for last 1,000,000:    1s.  Last read position: */*
INFO	2024-07-29 23:01:01	SamToFastq	Processed    66,000,000 records.  Elapsed time: 00:02:16s.  Time for last 1,000,000:    1s.  Last read position: */*
INFO	2024-07-29 23:01:03	SamToFastq	Processed    67,000,000 records.  Elapsed time: 00:02:17s.  Time for last 1,000,000:    1s.  Last read position: */*
INFO	2024-07-29 23:01:05	SamToFastq	Processed    68,000,000 records.  Elapsed time: 00:02:19s.  Time for last 1,000,000:    1s.  Last read position: */*
INFO	2024-07-29 23:01:08	SamToFastq	Processed    69,000,000 records.  Elapsed time: 00:02:23s.  Time for last 1,000,000:    3s.  Last read position: */*
INFO	2024-07-29 23:01:10	SamToFastq	Processed    70,000,000 records.  Elapsed time: 00:02:25s.  Time for last 1,000,000:    1s.  Last read position: */*
INFO	2024-07-29 23:01:12	SamToFastq	Processed    71,000,000 records.  Elapsed time: 00:02:27s.  Time for last 1,000,000:    1s.  Last read position: */*
INFO	2024-07-29 23:01:14	SamToFastq	Processed    72,000,000 records.  Elapsed time: 00:02:28s.  Time for last 1,000,000:    1s.  Last read position: */*
INFO	2024-07-29 23:01:16	SamToFastq	Processed    73,000,000 records.  Elapsed time: 00:02:30s.  Time for last 1,000,000:    1s.  Last read position: */*
INFO	2024-07-29 23:01:17	SamToFastq	Processed    74,000,000 records.  Elapsed time: 00:02:32s.  Time for last 1,000,000:    1s.  Last read position: */*
INFO	2024-07-29 23:01:19	SamToFastq	Processed    75,000,000 records.  Elapsed time: 00:02:34s.  Time for last 1,000,000:    1s.  Last read position: */*
INFO	2024-07-29 23:01:21	SamToFastq	Processed    76,000,000 records.  Elapsed time: 00:02:36s.  Time for last 1,000,000:    1s.  Last read position: */*
INFO	2024-07-29 23:01:23	SamToFastq	Processed    77,000,000 records.  Elapsed time: 00:02:38s.  Time for last 1,000,000:    1s.  Last read position: */*
INFO	2024-07-29 23:01:25	SamToFastq	Processed    78,000,000 records.  Elapsed time: 00:02:40s.  Time for last 1,000,000:    1s.  Last read position: */*
INFO	2024-07-29 23:01:27	SamToFastq	Processed    79,000,000 records.  Elapsed time: 00:02:42s.  Time for last 1,000,000:    1s.  Last read position: */*
INFO	2024-07-29 23:01:29	SamToFastq	Processed    80,000,000 records.  Elapsed time: 00:02:44s.  Time for last 1,000,000:    1s.  Last read position: */*
INFO	2024-07-29 23:01:31	SamToFastq	Processed    81,000,000 records.  Elapsed time: 00:02:46s.  Time for last 1,000,000:    1s.  Last read position: */*
INFO	2024-07-29 23:01:33	SamToFastq	Processed    82,000,000 records.  Elapsed time: 00:02:47s.  Time for last 1,000,000:    1s.  Last read position: */*
INFO	2024-07-29 23:01:35	SamToFastq	Processed    83,000,000 records.  Elapsed time: 00:02:49s.  Time for last 1,000,000:    1s.  Last read position: */*
INFO	2024-07-29 23:01:36	SamToFastq	Processed    84,000,000 records.  Elapsed time: 00:02:51s.  Time for last 1,000,000:    1s.  Last read position: */*
INFO	2024-07-29 23:01:40	SamToFastq	Processed    85,000,000 records.  Elapsed time: 00:02:55s.  Time for last 1,000,000:    3s.  Last read position: */*
INFO	2024-07-29 23:01:42	SamToFastq	Processed    86,000,000 records.  Elapsed time: 00:02:57s.  Time for last 1,000,000:    1s.  Last read position: */*
INFO	2024-07-29 23:01:44	SamToFastq	Processed    87,000,000 records.  Elapsed time: 00:02:58s.  Time for last 1,000,000:    1s.  Last read position: */*
INFO	2024-07-29 23:01:46	SamToFastq	Processed    88,000,000 records.  Elapsed time: 00:03:00s.  Time for last 1,000,000:    1s.  Last read position: */*
INFO	2024-07-29 23:01:47	SamToFastq	Processed    89,000,000 records.  Elapsed time: 00:03:02s.  Time for last 1,000,000:    1s.  Last read position: */*
INFO	2024-07-29 23:01:49	SamToFastq	Processed    90,000,000 records.  Elapsed time: 00:03:04s.  Time for last 1,000,000:    1s.  Last read position: */*
INFO	2024-07-29 23:01:51	SamToFastq	Processed    91,000,000 records.  Elapsed time: 00:03:06s.  Time for last 1,000,000:    1s.  Last read position: */*
INFO	2024-07-29 23:01:53	SamToFastq	Processed    92,000,000 records.  Elapsed time: 00:03:08s.  Time for last 1,000,000:    1s.  Last read position: */*
INFO	2024-07-29 23:01:55	SamToFastq	Processed    93,000,000 records.  Elapsed time: 00:03:10s.  Time for last 1,000,000:    1s.  Last read position: */*
INFO	2024-07-29 23:01:57	SamToFastq	Processed    94,000,000 records.  Elapsed time: 00:03:12s.  Time for last 1,000,000:    1s.  Last read position: */*
INFO	2024-07-29 23:01:59	SamToFastq	Processed    95,000,000 records.  Elapsed time: 00:03:14s.  Time for last 1,000,000:    1s.  Last read position: */*
INFO	2024-07-29 23:02:01	SamToFastq	Processed    96,000,000 records.  Elapsed time: 00:03:16s.  Time for last 1,000,000:    1s.  Last read position: */*
INFO	2024-07-29 23:02:04	SamToFastq	Processed    97,000,000 records.  Elapsed time: 00:03:19s.  Time for last 1,000,000:    3s.  Last read position: */*
INFO	2024-07-29 23:02:06	SamToFastq	Processed    98,000,000 records.  Elapsed time: 00:03:20s.  Time for last 1,000,000:    1s.  Last read position: */*
INFO	2024-07-29 23:02:08	SamToFastq	Processed    99,000,000 records.  Elapsed time: 00:03:22s.  Time for last 1,000,000:    1s.  Last read position: */*
INFO	2024-07-29 23:02:09	SamToFastq	Processed   100,000,000 records.  Elapsed time: 00:03:24s.  Time for last 1,000,000:    1s.  Last read position: */*
INFO	2024-07-29 23:02:11	SamToFastq	Processed   101,000,000 records.  Elapsed time: 00:03:26s.  Time for last 1,000,000:    1s.  Last read position: */*
INFO	2024-07-29 23:02:13	SamToFastq	Processed   102,000,000 records.  Elapsed time: 00:03:28s.  Time for last 1,000,000:    1s.  Last read position: */*
INFO	2024-07-29 23:02:15	SamToFastq	Processed   103,000,000 records.  Elapsed time: 00:03:30s.  Time for last 1,000,000:    1s.  Last read position: */*
INFO	2024-07-29 23:02:17	SamToFastq	Processed   104,000,000 records.  Elapsed time: 00:03:32s.  Time for last 1,000,000:    1s.  Last read position: */*
INFO	2024-07-29 23:02:19	SamToFastq	Processed   105,000,000 records.  Elapsed time: 00:03:34s.  Time for last 1,000,000:    1s.  Last read position: */*
INFO	2024-07-29 23:02:22	SamToFastq	Processed   106,000,000 records.  Elapsed time: 00:03:37s.  Time for last 1,000,000:    2s.  Last read position: */*
INFO	2024-07-29 23:02:24	SamToFastq	Processed   107,000,000 records.  Elapsed time: 00:03:39s.  Time for last 1,000,000:    1s.  Last read position: */*
INFO	2024-07-29 23:02:26	SamToFastq	Processed   108,000,000 records.  Elapsed time: 00:03:41s.  Time for last 1,000,000:    1s.  Last read position: */*
INFO	2024-07-29 23:02:28	SamToFastq	Processed   109,000,000 records.  Elapsed time: 00:03:43s.  Time for last 1,000,000:    1s.  Last read position: */*
INFO	2024-07-29 23:02:30	SamToFastq	Processed   110,000,000 records.  Elapsed time: 00:03:44s.  Time for last 1,000,000:    1s.  Last read position: */*
INFO	2024-07-29 23:02:32	SamToFastq	Processed   111,000,000 records.  Elapsed time: 00:03:46s.  Time for last 1,000,000:    1s.  Last read position: */*
INFO	2024-07-29 23:02:33	SamToFastq	Processed   112,000,000 records.  Elapsed time: 00:03:48s.  Time for last 1,000,000:    1s.  Last read position: */*
INFO	2024-07-29 23:02:35	SamToFastq	Processed   113,000,000 records.  Elapsed time: 00:03:50s.  Time for last 1,000,000:    1s.  Last read position: */*
INFO	2024-07-29 23:02:37	SamToFastq	Processed   114,000,000 records.  Elapsed time: 00:03:52s.  Time for last 1,000,000:    1s.  Last read position: */*
INFO	2024-07-29 23:02:39	SamToFastq	Processed   115,000,000 records.  Elapsed time: 00:03:54s.  Time for last 1,000,000:    1s.  Last read position: */*
INFO	2024-07-29 23:02:41	SamToFastq	Processed   116,000,000 records.  Elapsed time: 00:03:56s.  Time for last 1,000,000:    1s.  Last read position: */*
INFO	2024-07-29 23:02:43	SamToFastq	Processed   117,000,000 records.  Elapsed time: 00:03:58s.  Time for last 1,000,000:    1s.  Last read position: */*
INFO	2024-07-29 23:02:45	SamToFastq	Processed   118,000,000 records.  Elapsed time: 00:04:00s.  Time for last 1,000,000:    1s.  Last read position: */*
INFO	2024-07-29 23:02:48	SamToFastq	Processed   119,000,000 records.  Elapsed time: 00:04:03s.  Time for last 1,000,000:    3s.  Last read position: */*
INFO	2024-07-29 23:02:50	SamToFastq	Processed   120,000,000 records.  Elapsed time: 00:04:05s.  Time for last 1,000,000:    1s.  Last read position: */*
INFO	2024-07-29 23:02:52	SamToFastq	Processed   121,000,000 records.  Elapsed time: 00:04:07s.  Time for last 1,000,000:    1s.  Last read position: */*
INFO	2024-07-29 23:02:54	SamToFastq	Processed   122,000,000 records.  Elapsed time: 00:04:09s.  Time for last 1,000,000:    1s.  Last read position: */*
INFO	2024-07-29 23:02:56	SamToFastq	Processed   123,000,000 records.  Elapsed time: 00:04:10s.  Time for last 1,000,000:    1s.  Last read position: */*
INFO	2024-07-29 23:02:58	SamToFastq	Processed   124,000,000 records.  Elapsed time: 00:04:13s.  Time for last 1,000,000:    2s.  Last read position: */*
INFO	2024-07-29 23:03:00	SamToFastq	Processed   125,000,000 records.  Elapsed time: 00:04:15s.  Time for last 1,000,000:    1s.  Last read position: */*
INFO	2024-07-29 23:03:02	SamToFastq	Processed   126,000,000 records.  Elapsed time: 00:04:17s.  Time for last 1,000,000:    1s.  Last read position: */*
INFO	2024-07-29 23:03:04	SamToFastq	Processed   127,000,000 records.  Elapsed time: 00:04:19s.  Time for last 1,000,000:    1s.  Last read position: */*
INFO	2024-07-29 23:03:06	SamToFastq	Processed   128,000,000 records.  Elapsed time: 00:04:21s.  Time for last 1,000,000:    1s.  Last read position: */*
INFO	2024-07-29 23:03:08	SamToFastq	Processed   129,000,000 records.  Elapsed time: 00:04:22s.  Time for last 1,000,000:    1s.  Last read position: */*
INFO	2024-07-29 23:03:10	SamToFastq	Processed   130,000,000 records.  Elapsed time: 00:04:24s.  Time for last 1,000,000:    1s.  Last read position: */*
INFO	2024-07-29 23:03:11	SamToFastq	Processed   131,000,000 records.  Elapsed time: 00:04:26s.  Time for last 1,000,000:    1s.  Last read position: */*
INFO	2024-07-29 23:03:13	SamToFastq	Processed   132,000,000 records.  Elapsed time: 00:04:28s.  Time for last 1,000,000:    1s.  Last read position: */*
INFO	2024-07-29 23:03:15	SamToFastq	Processed   133,000,000 records.  Elapsed time: 00:04:30s.  Time for last 1,000,000:    1s.  Last read position: */*
INFO	2024-07-29 23:03:17	SamToFastq	Processed   134,000,000 records.  Elapsed time: 00:04:32s.  Time for last 1,000,000:    1s.  Last read position: */*
INFO	2024-07-29 23:03:19	SamToFastq	Processed   135,000,000 records.  Elapsed time: 00:04:34s.  Time for last 1,000,000:    1s.  Last read position: */*
INFO	2024-07-29 23:03:21	SamToFastq	Processed   136,000,000 records.  Elapsed time: 00:04:36s.  Time for last 1,000,000:    1s.  Last read position: */*
INFO	2024-07-29 23:03:23	SamToFastq	Processed   137,000,000 records.  Elapsed time: 00:04:38s.  Time for last 1,000,000:    1s.  Last read position: */*
INFO	2024-07-29 23:03:26	SamToFastq	Processed   138,000,000 records.  Elapsed time: 00:04:41s.  Time for last 1,000,000:    3s.  Last read position: */*
INFO	2024-07-29 23:03:28	SamToFastq	Processed   139,000,000 records.  Elapsed time: 00:04:43s.  Time for last 1,000,000:    1s.  Last read position: */*
INFO	2024-07-29 23:03:30	SamToFastq	Processed   140,000,000 records.  Elapsed time: 00:04:45s.  Time for last 1,000,000:    1s.  Last read position: */*
INFO	2024-07-29 23:03:32	SamToFastq	Processed   141,000,000 records.  Elapsed time: 00:04:47s.  Time for last 1,000,000:    1s.  Last read position: */*
INFO	2024-07-29 23:03:34	SamToFastq	Processed   142,000,000 records.  Elapsed time: 00:04:49s.  Time for last 1,000,000:    1s.  Last read position: */*
INFO	2024-07-29 23:03:36	SamToFastq	Processed   143,000,000 records.  Elapsed time: 00:04:50s.  Time for last 1,000,000:    1s.  Last read position: */*
INFO	2024-07-29 23:03:38	SamToFastq	Processed   144,000,000 records.  Elapsed time: 00:04:52s.  Time for last 1,000,000:    1s.  Last read position: */*
INFO	2024-07-29 23:03:39	SamToFastq	Processed   145,000,000 records.  Elapsed time: 00:04:54s.  Time for last 1,000,000:    1s.  Last read position: */*
INFO	2024-07-29 23:03:41	SamToFastq	Processed   146,000,000 records.  Elapsed time: 00:04:56s.  Time for last 1,000,000:    1s.  Last read position: */*
INFO	2024-07-29 23:03:43	SamToFastq	Processed   147,000,000 records.  Elapsed time: 00:04:58s.  Time for last 1,000,000:    1s.  Last read position: */*
INFO	2024-07-29 23:03:45	SamToFastq	Processed   148,000,000 records.  Elapsed time: 00:05:00s.  Time for last 1,000,000:    1s.  Last read position: */*
INFO	2024-07-29 23:03:47	SamToFastq	Processed   149,000,000 records.  Elapsed time: 00:05:02s.  Time for last 1,000,000:    1s.  Last read position: */*
INFO	2024-07-29 23:03:49	SamToFastq	Processed   150,000,000 records.  Elapsed time: 00:05:04s.  Time for last 1,000,000:    1s.  Last read position: */*
INFO	2024-07-29 23:03:51	SamToFastq	Processed   151,000,000 records.  Elapsed time: 00:05:06s.  Time for last 1,000,000:    1s.  Last read position: */*
INFO	2024-07-29 23:03:53	SamToFastq	Processed   152,000,000 records.  Elapsed time: 00:05:08s.  Time for last 1,000,000:    1s.  Last read position: */*
INFO	2024-07-29 23:03:56	SamToFastq	Processed   153,000,000 records.  Elapsed time: 00:05:11s.  Time for last 1,000,000:    3s.  Last read position: */*
INFO	2024-07-29 23:03:58	SamToFastq	Processed   154,000,000 records.  Elapsed time: 00:05:13s.  Time for last 1,000,000:    1s.  Last read position: */*
INFO	2024-07-29 23:04:00	SamToFastq	Processed   155,000,000 records.  Elapsed time: 00:05:15s.  Time for last 1,000,000:    1s.  Last read position: */*
INFO	2024-07-29 23:04:02	SamToFastq	Processed   156,000,000 records.  Elapsed time: 00:05:17s.  Time for last 1,000,000:    1s.  Last read position: */*
INFO	2024-07-29 23:04:04	SamToFastq	Processed   157,000,000 records.  Elapsed time: 00:05:18s.  Time for last 1,000,000:    1s.  Last read position: */*
INFO	2024-07-29 23:04:06	SamToFastq	Processed   158,000,000 records.  Elapsed time: 00:05:20s.  Time for last 1,000,000:    1s.  Last read position: */*
INFO	2024-07-29 23:04:08	SamToFastq	Processed   159,000,000 records.  Elapsed time: 00:05:22s.  Time for last 1,000,000:    1s.  Last read position: */*
INFO	2024-07-29 23:04:09	SamToFastq	Processed   160,000,000 records.  Elapsed time: 00:05:24s.  Time for last 1,000,000:    1s.  Last read position: */*
INFO	2024-07-29 23:04:11	SamToFastq	Processed   161,000,000 records.  Elapsed time: 00:05:26s.  Time for last 1,000,000:    1s.  Last read position: */*
INFO	2024-07-29 23:04:13	SamToFastq	Processed   162,000,000 records.  Elapsed time: 00:05:28s.  Time for last 1,000,000:    1s.  Last read position: */*
INFO	2024-07-29 23:04:15	SamToFastq	Processed   163,000,000 records.  Elapsed time: 00:05:30s.  Time for last 1,000,000:    1s.  Last read position: */*
INFO	2024-07-29 23:04:17	SamToFastq	Processed   164,000,000 records.  Elapsed time: 00:05:32s.  Time for last 1,000,000:    1s.  Last read position: */*
INFO	2024-07-29 23:04:19	SamToFastq	Processed   165,000,000 records.  Elapsed time: 00:05:34s.  Time for last 1,000,000:    1s.  Last read position: */*
INFO	2024-07-29 23:04:21	SamToFastq	Processed   166,000,000 records.  Elapsed time: 00:05:36s.  Time for last 1,000,000:    1s.  Last read position: */*
INFO	2024-07-29 23:04:23	SamToFastq	Processed   167,000,000 records.  Elapsed time: 00:05:37s.  Time for last 1,000,000:    1s.  Last read position: */*
INFO	2024-07-29 23:04:25	SamToFastq	Processed   168,000,000 records.  Elapsed time: 00:05:39s.  Time for last 1,000,000:    1s.  Last read position: */*
INFO	2024-07-29 23:04:27	SamToFastq	Processed   169,000,000 records.  Elapsed time: 00:05:41s.  Time for last 1,000,000:    1s.  Last read position: */*
INFO	2024-07-29 23:04:29	SamToFastq	Processed   170,000,000 records.  Elapsed time: 00:05:43s.  Time for last 1,000,000:    1s.  Last read position: */*
INFO	2024-07-29 23:04:30	SamToFastq	Processed   171,000,000 records.  Elapsed time: 00:05:45s.  Time for last 1,000,000:    1s.  Last read position: */*
INFO	2024-07-29 23:04:32	SamToFastq	Processed   172,000,000 records.  Elapsed time: 00:05:47s.  Time for last 1,000,000:    1s.  Last read position: */*
INFO	2024-07-29 23:04:34	SamToFastq	Processed   173,000,000 records.  Elapsed time: 00:05:49s.  Time for last 1,000,000:    1s.  Last read position: */*
INFO	2024-07-29 23:04:36	SamToFastq	Processed   174,000,000 records.  Elapsed time: 00:05:51s.  Time for last 1,000,000:    1s.  Last read position: */*
INFO	2024-07-29 23:04:38	SamToFastq	Processed   175,000,000 records.  Elapsed time: 00:05:53s.  Time for last 1,000,000:    1s.  Last read position: */*
INFO	2024-07-29 23:04:40	SamToFastq	Processed   176,000,000 records.  Elapsed time: 00:05:55s.  Time for last 1,000,000:    1s.  Last read position: */*
INFO	2024-07-29 23:04:42	SamToFastq	Processed   177,000,000 records.  Elapsed time: 00:05:57s.  Time for last 1,000,000:    1s.  Last read position: */*
INFO	2024-07-29 23:04:44	SamToFastq	Processed   178,000,000 records.  Elapsed time: 00:05:59s.  Time for last 1,000,000:    1s.  Last read position: */*
INFO	2024-07-29 23:04:46	SamToFastq	Processed   179,000,000 records.  Elapsed time: 00:06:00s.  Time for last 1,000,000:    1s.  Last read position: */*
INFO	2024-07-29 23:04:48	SamToFastq	Processed   180,000,000 records.  Elapsed time: 00:06:02s.  Time for last 1,000,000:    1s.  Last read position: */*
INFO	2024-07-29 23:04:49	SamToFastq	Processed   181,000,000 records.  Elapsed time: 00:06:04s.  Time for last 1,000,000:    1s.  Last read position: */*
INFO	2024-07-29 23:04:51	SamToFastq	Processed   182,000,000 records.  Elapsed time: 00:06:06s.  Time for last 1,000,000:    1s.  Last read position: */*
INFO	2024-07-29 23:04:53	SamToFastq	Processed   183,000,000 records.  Elapsed time: 00:06:08s.  Time for last 1,000,000:    1s.  Last read position: */*
INFO	2024-07-29 23:04:55	SamToFastq	Processed   184,000,000 records.  Elapsed time: 00:06:10s.  Time for last 1,000,000:    1s.  Last read position: */*
INFO	2024-07-29 23:04:59	SamToFastq	Processed   185,000,000 records.  Elapsed time: 00:06:13s.  Time for last 1,000,000:    3s.  Last read position: */*
INFO	2024-07-29 23:05:00	SamToFastq	Processed   186,000,000 records.  Elapsed time: 00:06:15s.  Time for last 1,000,000:    1s.  Last read position: */*
INFO	2024-07-29 23:05:02	SamToFastq	Processed   187,000,000 records.  Elapsed time: 00:06:17s.  Time for last 1,000,000:    1s.  Last read position: */*
INFO	2024-07-29 23:05:04	SamToFastq	Processed   188,000,000 records.  Elapsed time: 00:06:19s.  Time for last 1,000,000:    1s.  Last read position: */*
INFO	2024-07-29 23:05:06	SamToFastq	Processed   189,000,000 records.  Elapsed time: 00:06:21s.  Time for last 1,000,000:    1s.  Last read position: */*
INFO	2024-07-29 23:05:08	SamToFastq	Processed   190,000,000 records.  Elapsed time: 00:06:23s.  Time for last 1,000,000:    1s.  Last read position: */*
INFO	2024-07-29 23:05:10	SamToFastq	Processed   191,000,000 records.  Elapsed time: 00:06:25s.  Time for last 1,000,000:    1s.  Last read position: */*
INFO	2024-07-29 23:05:12	SamToFastq	Processed   192,000,000 records.  Elapsed time: 00:06:27s.  Time for last 1,000,000:    1s.  Last read position: */*
[Mon Jul 29 23:05:13 GMT 2024] picard.sam.SamToFastq done. Elapsed time: 6.48 minutes.
Runtime.totalMemory()=1224736768
Tool returned:
0
Using GATK jar /gatk/gatk-package-4.6.0.0-local.jar
Running:
    java -Dsamjdk.use_async_io_read_samtools=false -Dsamjdk.use_async_io_write_samtools=true -Dsamjdk.use_async_io_write_tribble=false -Dsamjdk.compression_level=2 -jar /gatk/gatk-package-4.6.0.0-local.jar SamToFastq --I /coh_labs/dits/rayyan/Data/C083-000002/AnalysisData2/C083-000002_GermlineDNA_markilluminaadapters.bam --FASTQ /coh_labs/dits/rayyan/Data/C083-000002/AnalysisData2/C083-000002_GermlineDNA_samtofastq_interleaved.fq --CLIPPING_ATTRIBUTE XT --CLIPPING_ACTION 2 --INTERLEAVE true --NON_PF true
