21:43:31.420 INFO  NativeLibraryLoader - Loading libgkl_compression.so from jar:file:/gatk/gatk-package-4.6.0.0-local.jar!/com/intel/gkl/native/libgkl_compression.so
21:43:31.573 INFO  GenotypeGVCFs - ------------------------------------------------------------
21:43:31.577 INFO  GenotypeGVCFs - The Genome Analysis Toolkit (GATK) v4.6.0.0
21:43:31.578 INFO  GenotypeGVCFs - For support and documentation go to https://software.broadinstitute.org/gatk/
21:43:31.578 INFO  GenotypeGVCFs - Executing as raburajab@g-c-1-6-28 on Linux v4.18.0-305.3.1.el8_4.x86_64 amd64
21:43:31.578 INFO  GenotypeGVCFs - Java runtime: OpenJDK 64-Bit Server VM v17.0.9+9-Ubuntu-122.04
21:43:31.578 INFO  GenotypeGVCFs - Start Date/Time: July 31, 2024 at 9:43:31 PM GMT
21:43:31.578 INFO  GenotypeGVCFs - ------------------------------------------------------------
21:43:31.578 INFO  GenotypeGVCFs - ------------------------------------------------------------
21:43:31.579 INFO  GenotypeGVCFs - HTSJDK Version: 4.1.1
21:43:31.579 INFO  GenotypeGVCFs - Picard Version: 3.2.0
21:43:31.579 INFO  GenotypeGVCFs - Built for Spark Version: 3.5.0
21:43:31.579 INFO  GenotypeGVCFs - HTSJDK Defaults.COMPRESSION_LEVEL : 2
21:43:31.579 INFO  GenotypeGVCFs - HTSJDK Defaults.USE_ASYNC_IO_READ_FOR_SAMTOOLS : false
21:43:31.579 INFO  GenotypeGVCFs - HTSJDK Defaults.USE_ASYNC_IO_WRITE_FOR_SAMTOOLS : true
21:43:31.579 INFO  GenotypeGVCFs - HTSJDK Defaults.USE_ASYNC_IO_WRITE_FOR_TRIBBLE : false
21:43:31.579 INFO  GenotypeGVCFs - Deflater: IntelDeflater
21:43:31.579 INFO  GenotypeGVCFs - Inflater: IntelInflater
21:43:31.579 INFO  GenotypeGVCFs - GCS max retries/reopens: 20
21:43:31.580 INFO  GenotypeGVCFs - Requester pays: disabled
21:43:31.580 INFO  GenotypeGVCFs - Initializing engine
21:43:31.851 INFO  FeatureManager - Using codec VCFCodec to read file file:///coh_labs/dits/rayyan/Data/C083-000002/AnalysisData2/C083-000002_GermlineDNA_haplotypecaller.g.vcf.gz
21:43:32.124 INFO  GenotypeGVCFs - Done initializing engine
21:43:32.182 INFO  ProgressMeter - Starting traversal
21:43:32.183 INFO  ProgressMeter -        Current Locus  Elapsed Minutes    Variants Processed  Variants/Minute
21:43:32.230 WARN  ReferenceConfidenceVariantContextMerger - Detected invalid annotations: When trying to merge variant contexts at location chr1:13273 the annotation MLEAC=[1, 0] was not a numerical value and was ignored
21:43:32.267 WARN  InbreedingCoeff - InbreedingCoeff will not be calculated at position chr1:13273 and possibly subsequent; at least 10 samples must have called genotypes
21:43:42.185 INFO  ProgressMeter -        chr1:99508800              0.2               1159000        6953304.7
21:43:52.191 INFO  ProgressMeter -         chr2:1238448              0.3               2478000        7431027.6
21:44:02.201 INFO  ProgressMeter -       chr2:168930981              0.5               3759000        7513491.9
21:44:12.204 INFO  ProgressMeter -        chr3:85704936              0.7               5148000        7717948.1
21:44:22.209 INFO  ProgressMeter -        chr4:78448457              0.8               6549000        7854715.5
21:44:32.214 INFO  ProgressMeter -       chr5:104359191              1.0               7864000        7859939.0
21:44:42.218 INFO  ProgressMeter -        chr6:83591351              1.2               9222000        7900621.1
21:44:52.222 INFO  ProgressMeter -        chr7:98050674              1.3              10650000        7983707.7
21:45:02.225 INFO  ProgressMeter -       chr8:123962858              1.5              12066000        8040247.9
21:45:12.226 INFO  ProgressMeter -       chr10:18695477              1.7              13483000        8086403.7
21:45:22.228 INFO  ProgressMeter -       chr11:47319940              1.8              14910000        8129401.6
21:45:32.229 INFO  ProgressMeter -       chr12:53510097              2.0              16306000        8149943.8
21:45:42.268 INFO  ProgressMeter -       chr14:16048947              2.2              17723000        8174501.3
21:45:52.273 INFO  ProgressMeter -       chr15:74625649              2.3              19163000        8207438.1
21:46:02.275 INFO  ProgressMeter -        chr17:6206279              2.5              20584000        8228608.0
21:46:12.276 INFO  ProgressMeter -       chr18:42117614              2.7              22057000        8266570.1
21:46:22.277 INFO  ProgressMeter -       chr19:55985712              2.8              23468000        8278246.1
21:46:32.280 INFO  ProgressMeter -       chr22:39680149              3.0              24838000        8274920.0
21:46:40.398 INFO  ProgressMeter -     HLA-A*34:02:01:1              3.1              25944421        8270675.9
21:46:40.398 INFO  ProgressMeter - Traversal complete. Processed 25944421 total variants in 3.1 minutes.
21:46:40.443 INFO  GenotypeGVCFs - Shutting down engine
[July 31, 2024 at 9:46:40 PM GMT] org.broadinstitute.hellbender.tools.walkers.GenotypeGVCFs done. Elapsed time: 3.15 minutes.
Runtime.totalMemory()=1224736768
Using GATK jar /gatk/gatk-package-4.6.0.0-local.jar
Running:
    java -Dsamjdk.use_async_io_read_samtools=false -Dsamjdk.use_async_io_write_samtools=true -Dsamjdk.use_async_io_write_tribble=false -Dsamjdk.compression_level=2 -jar /gatk/gatk-package-4.6.0.0-local.jar GenotypeGVCFs --R /coh_labs/dits/rayyan/References/GATK_assembly38/Homo_sapiens_assembly38.fasta --V /coh_labs/dits/rayyan/Data/C083-000002/AnalysisData2/C083-000002_GermlineDNA_haplotypecaller.g.vcf.gz --O /coh_labs/dits/rayyan/Data/C083-000002/AnalysisData2/C083-000002_GermlineDNA_genotype.vcf.gz
