05:51:59.075 INFO  NativeLibraryLoader - Loading libgkl_compression.so from jar:file:/gatk/gatk-package-4.6.0.0-local.jar!/com/intel/gkl/native/libgkl_compression.so
[Tue Jul 30 05:51:59 GMT 2024] MergeBamAlignment --UNMAPPED_BAM /coh_labs/dits/rayyan/Data/C083-000002/AnalysisData2/C083-000002_GermlineDNA_markilluminaadapters.bam --ALIGNED_BAM /coh_labs/dits/rayyan/Data/C083-000002/AnalysisData2/C083-000002_GermlineDNA_bwamem.sam --OUTPUT /coh_labs/dits/rayyan/Data/C083-000002/AnalysisData2/C083-000002_GermlineDNA_mergebamalignment.bam --CLIP_ADAPTERS false --MAX_INSERTIONS_OR_DELETIONS -1 --ATTRIBUTES_TO_RETAIN XS --PRIMARY_ALIGNMENT_STRATEGY MostDistant --CLIP_OVERLAPPING_READS true --INCLUDE_SECONDARY_ALIGNMENTS true --ADD_MATE_CIGAR true --CREATE_INDEX true --REFERENCE_SEQUENCE /coh_labs/dits/rayyan/References/GATK_assembly38/Homo_sapiens_assembly38.fasta --ADD_PG_TAG_TO_READS true --PAIRED_RUN true --IS_BISULFITE_SEQUENCE false --ALIGNED_READS_ONLY false --ATTRIBUTES_TO_REVERSE OQ --ATTRIBUTES_TO_REVERSE U2 --ATTRIBUTES_TO_REVERSE_COMPLEMENT E2 --ATTRIBUTES_TO_REVERSE_COMPLEMENT SQ --READ1_TRIM 0 --READ2_TRIM 0 --ALIGNER_PROPER_PAIR_FLAGS false --SORT_ORDER coordinate --HARD_CLIP_OVERLAPPING_READS false --UNMAP_CONTAMINANT_READS false --MIN_UNCLIPPED_BASES 32 --MATCHING_DICTIONARY_TAGS M5 --MATCHING_DICTIONARY_TAGS LN --UNMAPPED_READ_STRATEGY DO_NOT_CHANGE --VERBOSITY INFO --QUIET false --VALIDATION_STRINGENCY STRICT --COMPRESSION_LEVEL 2 --MAX_RECORDS_IN_RAM 500000 --CREATE_MD5_FILE false --help false --version false --showHidden false --USE_JDK_DEFLATER false --USE_JDK_INFLATER false
[Tue Jul 30 05:51:59 GMT 2024] Executing as raburajab@g-c-1-7-28 on Linux 4.18.0-305.3.1.el8_4.x86_64 amd64; OpenJDK 64-Bit Server VM 17.0.9+9-Ubuntu-122.04; Deflater: Intel; Inflater: Intel; Provider GCS is available; Picard version: Version:4.6.0.0
INFO	2024-07-30 05:51:59	SamAlignmentMerger	Processing SAM file(s): [/coh_labs/dits/rayyan/Data/C083-000002/AnalysisData2/C083-000002_GermlineDNA_bwamem.sam]
INFO	2024-07-30 05:52:10	AbstractAlignmentMerger	Merged     1,000,000 records.  Elapsed time: 00:00:11s.  Time for last 1,000,000:   11s.  Last read position: chr8:12,138,688.  Last read name: A01891:52:HF2TWDSX5:1:1120:32325:22153
INFO	2024-07-30 05:52:20	AbstractAlignmentMerger	Merged     2,000,000 records.  Elapsed time: 00:00:21s.  Time for last 1,000,000:    9s.  Last read position: chr19:8,957,940.  Last read name: A01891:52:HF2TWDSX5:1:1140:21124:13088
INFO	2024-07-30 05:52:28	AbstractAlignmentMerger	Merged     3,000,000 records.  Elapsed time: 00:00:29s.  Time for last 1,000,000:    8s.  Last read position: chr5:149,845,583.  Last read name: A01891:52:HF2TWDSX5:1:1160:32407:25457
INFO	2024-07-30 05:52:37	AbstractAlignmentMerger	Merged     4,000,000 records.  Elapsed time: 00:00:37s.  Time for last 1,000,000:    8s.  Last read position: chr11:559,471.  Last read name: A01891:52:HF2TWDSX5:1:1201:5801:25160
INFO	2024-07-30 05:52:45	AbstractAlignmentMerger	Merged     5,000,000 records.  Elapsed time: 00:00:46s.  Time for last 1,000,000:    8s.  Last read position: chr16:29,050,503.  Last read name: A01891:52:HF2TWDSX5:1:1220:2202:3615
INFO	2024-07-30 05:52:54	AbstractAlignmentMerger	Merged     6,000,000 records.  Elapsed time: 00:00:54s.  Time for last 1,000,000:    8s.  Last read position: chr17:2,300,361.  Last read name: A01891:52:HF2TWDSX5:1:1238:4924:34444
INFO	2024-07-30 05:53:02	AbstractAlignmentMerger	Merged     7,000,000 records.  Elapsed time: 00:01:02s.  Time for last 1,000,000:    8s.  Last read position: chr17:40,389,524.  Last read name: A01891:52:HF2TWDSX5:1:1257:13150:15374
INFO	2024-07-30 05:53:10	AbstractAlignmentMerger	Merged     8,000,000 records.  Elapsed time: 00:01:11s.  Time for last 1,000,000:    8s.  Last read position: chr22:27,799,953.  Last read name: A01891:52:HF2TWDSX5:1:1275:18096:35149
INFO	2024-07-30 05:53:18	AbstractAlignmentMerger	Merged     9,000,000 records.  Elapsed time: 00:01:19s.  Time for last 1,000,000:    8s.  Last read position: chr1:110,340,223.  Last read name: A01891:52:HF2TWDSX5:1:1316:1145:22983
INFO	2024-07-30 05:53:26	AbstractAlignmentMerger	Merged    10,000,000 records.  Elapsed time: 00:01:27s.  Time for last 1,000,000:    8s.  Last read position: chr17:35,444,663.  Last read name: A01891:52:HF2TWDSX5:1:1334:26350:19633
INFO	2024-07-30 05:53:35	AbstractAlignmentMerger	Merged    11,000,000 records.  Elapsed time: 00:01:36s.  Time for last 1,000,000:    8s.  Last read position: chr10:873,054.  Last read name: A01891:52:HF2TWDSX5:1:1352:6027:13025
INFO	2024-07-30 05:53:43	AbstractAlignmentMerger	Merged    12,000,000 records.  Elapsed time: 00:01:44s.  Time for last 1,000,000:    8s.  Last read position: chr13:20,788,558.  Last read name: A01891:52:HF2TWDSX5:1:1371:21612:13964
INFO	2024-07-30 05:53:51	AbstractAlignmentMerger	Merged    13,000,000 records.  Elapsed time: 00:01:52s.  Time for last 1,000,000:    8s.  Last read position: chr7:137,015,985.  Last read name: A01891:52:HF2TWDSX5:1:1412:11831:16939
INFO	2024-07-30 05:53:59	AbstractAlignmentMerger	Merged    14,000,000 records.  Elapsed time: 00:02:00s.  Time for last 1,000,000:    8s.  Last read position: chr1:15,456,754.  Last read name: A01891:52:HF2TWDSX5:1:1430:29794:13636
INFO	2024-07-30 05:54:07	AbstractAlignmentMerger	Merged    15,000,000 records.  Elapsed time: 00:02:08s.  Time for last 1,000,000:    8s.  Last read position: chr3:85,210,892.  Last read name: A01891:52:HF2TWDSX5:1:1449:1678:34616
INFO	2024-07-30 05:54:15	AbstractAlignmentMerger	Merged    16,000,000 records.  Elapsed time: 00:02:16s.  Time for last 1,000,000:    8s.  Last read position: chr1:54,709,087.  Last read name: A01891:52:HF2TWDSX5:1:1468:1334:35336
INFO	2024-07-30 05:54:24	AbstractAlignmentMerger	Merged    17,000,000 records.  Elapsed time: 00:02:24s.  Time for last 1,000,000:    8s.  Last read position: chr10:114,657,976.  Last read name: A01891:52:HF2TWDSX5:1:1509:10999:36667
INFO	2024-07-30 05:54:32	AbstractAlignmentMerger	Merged    18,000,000 records.  Elapsed time: 00:02:33s.  Time for last 1,000,000:    8s.  Last read position: chr12:20,721,742.  Last read name: A01891:52:HF2TWDSX5:1:1527:32000:26349
INFO	2024-07-30 05:54:40	AbstractAlignmentMerger	Merged    19,000,000 records.  Elapsed time: 00:02:41s.  Time for last 1,000,000:    8s.  Last read position: chr21:42,219,968.  Last read name: A01891:52:HF2TWDSX5:1:1546:25012:28588
INFO	2024-07-30 05:54:49	AbstractAlignmentMerger	Merged    20,000,000 records.  Elapsed time: 00:02:49s.  Time for last 1,000,000:    8s.  Last read position: chr18:669,120.  Last read name: A01891:52:HF2TWDSX5:1:1565:6641:8547
INFO	2024-07-30 05:54:57	AbstractAlignmentMerger	Merged    21,000,000 records.  Elapsed time: 00:02:57s.  Time for last 1,000,000:    8s.  Last read position: chr3:14,574,289.  Last read name: A01891:52:HF2TWDSX5:1:1607:13295:10833
INFO	2024-07-30 05:55:05	AbstractAlignmentMerger	Merged    22,000,000 records.  Elapsed time: 00:03:06s.  Time for last 1,000,000:    8s.  Last read position: chr12:21,019,337.  Last read name: A01891:52:HF2TWDSX5:1:1626:20898:2769
INFO	2024-07-30 05:55:13	AbstractAlignmentMerger	Merged    23,000,000 records.  Elapsed time: 00:03:14s.  Time for last 1,000,000:    8s.  Last read position: chr19:38,815,851.  Last read name: A01891:52:HF2TWDSX5:1:1645:24261:16110
INFO	2024-07-30 05:55:21	AbstractAlignmentMerger	Merged    24,000,000 records.  Elapsed time: 00:03:22s.  Time for last 1,000,000:    8s.  Last read position: chr11:102,322,560.  Last read name: A01891:52:HF2TWDSX5:1:1664:32551:30279
INFO	2024-07-30 05:55:29	AbstractAlignmentMerger	Merged    25,000,000 records.  Elapsed time: 00:03:30s.  Time for last 1,000,000:    8s.  Last read position: chr12:123,162,805.  Last read name: A01891:52:HF2TWDSX5:1:2106:19027:27085
INFO	2024-07-30 05:55:38	AbstractAlignmentMerger	Merged    26,000,000 records.  Elapsed time: 00:03:38s.  Time for last 1,000,000:    8s.  Last read position: chr11:6,404,743.  Last read name: A01891:52:HF2TWDSX5:1:2126:4580:11678
INFO	2024-07-30 05:55:46	AbstractAlignmentMerger	Merged    27,000,000 records.  Elapsed time: 00:03:47s.  Time for last 1,000,000:    8s.  Last read position: chr17:54,968,351.  Last read name: A01891:52:HF2TWDSX5:1:2146:3134:16595
INFO	2024-07-30 05:55:54	AbstractAlignmentMerger	Merged    28,000,000 records.  Elapsed time: 00:03:55s.  Time for last 1,000,000:    8s.  Last read position: chrX:49,034,548.  Last read name: A01891:52:HF2TWDSX5:1:2167:20518:10410
INFO	2024-07-30 05:56:02	AbstractAlignmentMerger	Merged    29,000,000 records.  Elapsed time: 00:04:03s.  Time for last 1,000,000:    8s.  Last read position: chr9:5,079,141.  Last read name: A01891:52:HF2TWDSX5:1:2208:25626:18944
INFO	2024-07-30 05:56:11	AbstractAlignmentMerger	Merged    30,000,000 records.  Elapsed time: 00:04:11s.  Time for last 1,000,000:    8s.  Last read position: chr19:35,939,626.  Last read name: A01891:52:HF2TWDSX5:1:2227:18819:26318
INFO	2024-07-30 05:56:19	AbstractAlignmentMerger	Merged    31,000,000 records.  Elapsed time: 00:04:19s.  Time for last 1,000,000:    8s.  Last read position: chr1:231,265,191.  Last read name: A01891:52:HF2TWDSX5:1:2245:32615:3020
INFO	2024-07-30 05:56:28	AbstractAlignmentMerger	Merged    32,000,000 records.  Elapsed time: 00:04:28s.  Time for last 1,000,000:    8s.  Last read position: chr12:49,185,623.  Last read name: A01891:52:HF2TWDSX5:1:2264:11605:28479
INFO	2024-07-30 05:56:36	AbstractAlignmentMerger	Merged    33,000,000 records.  Elapsed time: 00:04:36s.  Time for last 1,000,000:    8s.  Last read position: chr15:63,064,971.  Last read name: A01891:52:HF2TWDSX5:1:2304:26241:23641
INFO	2024-07-30 05:56:45	AbstractAlignmentMerger	Merged    34,000,000 records.  Elapsed time: 00:04:45s.  Time for last 1,000,000:    8s.  Last read position: chr16:70,276,439.  Last read name: A01891:52:HF2TWDSX5:1:2323:4137:8594
INFO	2024-07-30 05:56:53	AbstractAlignmentMerger	Merged    35,000,000 records.  Elapsed time: 00:04:54s.  Time for last 1,000,000:    8s.  Last read position: chr10:101,006,416.  Last read name: A01891:52:HF2TWDSX5:1:2342:29315:24549
INFO	2024-07-30 05:57:01	AbstractAlignmentMerger	Merged    36,000,000 records.  Elapsed time: 00:05:02s.  Time for last 1,000,000:    8s.  Last read position: chr11:73,977,819.  Last read name: A01891:52:HF2TWDSX5:1:2361:24921:28557
INFO	2024-07-30 05:57:10	AbstractAlignmentMerger	Merged    37,000,000 records.  Elapsed time: 00:05:11s.  Time for last 1,000,000:    8s.  Last read position: chr3:10,819,669.  Last read name: A01891:52:HF2TWDSX5:1:2402:26313:25426
INFO	2024-07-30 05:57:18	AbstractAlignmentMerger	Merged    38,000,000 records.  Elapsed time: 00:05:19s.  Time for last 1,000,000:    8s.  Last read position: chr2:241,721,573.  Last read name: A01891:52:HF2TWDSX5:1:2421:31421:33833
INFO	2024-07-30 05:57:26	AbstractAlignmentMerger	Merged    39,000,000 records.  Elapsed time: 00:05:27s.  Time for last 1,000,000:    8s.  Last read position: chr11:62,995,954.  Last read name: A01891:52:HF2TWDSX5:1:2440:30816:13088
INFO	2024-07-30 05:57:34	AbstractAlignmentMerger	Merged    40,000,000 records.  Elapsed time: 00:05:35s.  Time for last 1,000,000:    8s.  Last read position: chr3:50,275,547.  Last read name: A01891:52:HF2TWDSX5:1:2459:7762:20290
INFO	2024-07-30 05:57:42	AbstractAlignmentMerger	Merged    41,000,000 records.  Elapsed time: 00:05:43s.  Time for last 1,000,000:    8s.  Last read position: chr8:144,442,023.  Last read name: A01891:52:HF2TWDSX5:1:2501:28546:5306
INFO	2024-07-30 05:57:51	AbstractAlignmentMerger	Merged    42,000,000 records.  Elapsed time: 00:05:52s.  Time for last 1,000,000:    8s.  Last read position: chr14:75,049,179.  Last read name: A01891:52:HF2TWDSX5:1:2521:11333:2018
INFO	2024-07-30 05:57:59	AbstractAlignmentMerger	Merged    43,000,000 records.  Elapsed time: 00:06:00s.  Time for last 1,000,000:    8s.  Last read position: chr5:141,225,269.  Last read name: A01891:52:HF2TWDSX5:1:2540:20103:2957
INFO	2024-07-30 05:58:08	AbstractAlignmentMerger	Merged    44,000,000 records.  Elapsed time: 00:06:08s.  Time for last 1,000,000:    8s.  Last read position: chr17:38,014,251.  Last read name: A01891:52:HF2TWDSX5:1:2560:17951:19930
INFO	2024-07-30 05:58:16	AbstractAlignmentMerger	Merged    45,000,000 records.  Elapsed time: 00:06:16s.  Time for last 1,000,000:    8s.  Last read position: chr6:30,075,573.  Last read name: A01891:52:HF2TWDSX5:1:2602:25590:19132
INFO	2024-07-30 05:58:24	AbstractAlignmentMerger	Merged    46,000,000 records.  Elapsed time: 00:06:25s.  Time for last 1,000,000:    8s.  Last read position: chr11:4,908,047.  Last read name: A01891:52:HF2TWDSX5:1:2622:21323:33849
INFO	2024-07-30 05:58:32	AbstractAlignmentMerger	Merged    47,000,000 records.  Elapsed time: 00:06:33s.  Time for last 1,000,000:    8s.  Last read position: chr5:66,164,621.  Last read name: A01891:52:HF2TWDSX5:1:2641:9489:28541
INFO	2024-07-30 05:58:40	AbstractAlignmentMerger	Merged    48,000,000 records.  Elapsed time: 00:06:41s.  Time for last 1,000,000:    8s.  Last read position: chr8:8,339,560.  Last read name: A01891:52:HF2TWDSX5:1:2661:30355:26788
INFO	2024-07-30 05:58:48	AbstractAlignmentMerger	Merged    49,000,000 records.  Elapsed time: 00:06:49s.  Time for last 1,000,000:    8s.  Last read position: chr2:182,994,737.  Last read name: A01891:52:HF2TWDSX5:2:1103:22779:2456
INFO	2024-07-30 05:58:57	AbstractAlignmentMerger	Merged    50,000,000 records.  Elapsed time: 00:06:57s.  Time for last 1,000,000:    8s.  Last read position: chr15:82,681,529.  Last read name: A01891:52:HF2TWDSX5:2:1122:28800:22467
INFO	2024-07-30 05:59:05	AbstractAlignmentMerger	Merged    51,000,000 records.  Elapsed time: 00:07:06s.  Time for last 1,000,000:    8s.  Last read position: chr20:41,029,430.  Last read name: A01891:52:HF2TWDSX5:2:1141:8467:24236
INFO	2024-07-30 05:59:13	AbstractAlignmentMerger	Merged    52,000,000 records.  Elapsed time: 00:07:14s.  Time for last 1,000,000:    8s.  Last read position: chr9:136,336,062.  Last read name: A01891:52:HF2TWDSX5:2:1161:2591:4852
INFO	2024-07-30 05:59:21	AbstractAlignmentMerger	Merged    53,000,000 records.  Elapsed time: 00:07:22s.  Time for last 1,000,000:    8s.  Last read position: chr12:63,805,253.  Last read name: A01891:52:HF2TWDSX5:2:1202:8929:36401
INFO	2024-07-30 05:59:30	AbstractAlignmentMerger	Merged    54,000,000 records.  Elapsed time: 00:07:30s.  Time for last 1,000,000:    8s.  Last read position: chr10:119,136,521.  Last read name: A01891:52:HF2TWDSX5:2:1221:7374:3928
INFO	2024-07-30 05:59:38	AbstractAlignmentMerger	Merged    55,000,000 records.  Elapsed time: 00:07:39s.  Time for last 1,000,000:    8s.  Last read position: chr6:148,546,093.  Last read name: A01891:52:HF2TWDSX5:2:1240:30915:31172
INFO	2024-07-30 05:59:47	AbstractAlignmentMerger	Merged    56,000,000 records.  Elapsed time: 00:07:48s.  Time for last 1,000,000:    9s.  Last read position: chr14:19,713,732.  Last read name: A01891:52:HF2TWDSX5:2:1259:29215:7435
INFO	2024-07-30 05:59:56	AbstractAlignmentMerger	Merged    57,000,000 records.  Elapsed time: 00:07:57s.  Time for last 1,000,000:    8s.  Last read position: chr7:92,493,048.  Last read name: A01891:52:HF2TWDSX5:2:1278:26946:31563
INFO	2024-07-30 06:00:05	AbstractAlignmentMerger	Merged    58,000,000 records.  Elapsed time: 00:08:06s.  Time for last 1,000,000:    9s.  Last read position: chr1:204,447,242.  Last read name: A01891:52:HF2TWDSX5:2:1319:26675:25645
INFO	2024-07-30 06:00:15	AbstractAlignmentMerger	Merged    59,000,000 records.  Elapsed time: 00:08:16s.  Time for last 1,000,000:   10s.  Last read position: chr18:50,917,340.  Last read name: A01891:52:HF2TWDSX5:2:1338:19696:34413
INFO	2024-07-30 06:00:24	AbstractAlignmentMerger	Merged    60,000,000 records.  Elapsed time: 00:08:24s.  Time for last 1,000,000:    8s.  Last read position: chr7:23,585,720.  Last read name: A01891:52:HF2TWDSX5:2:1357:10393:16329
INFO	2024-07-30 06:00:33	AbstractAlignmentMerger	Merged    61,000,000 records.  Elapsed time: 00:08:33s.  Time for last 1,000,000:    9s.  Last read position: chr16:46,688,876.  Last read name: A01891:52:HF2TWDSX5:2:1375:30391:29575
INFO	2024-07-30 06:00:41	AbstractAlignmentMerger	Merged    62,000,000 records.  Elapsed time: 00:08:42s.  Time for last 1,000,000:    8s.  Last read position: chr7:75,415,587.  Last read name: A01891:52:HF2TWDSX5:2:1416:3866:6684
INFO	2024-07-30 06:00:50	AbstractAlignmentMerger	Merged    63,000,000 records.  Elapsed time: 00:08:51s.  Time for last 1,000,000:    9s.  Last read position: chr16:29,464,428.  Last read name: A01891:52:HF2TWDSX5:2:1435:29261:26710
INFO	2024-07-30 06:01:00	AbstractAlignmentMerger	Merged    64,000,000 records.  Elapsed time: 00:09:01s.  Time for last 1,000,000:    9s.  Last read position: chr1:145,872,785.  Last read name: A01891:52:HF2TWDSX5:2:1454:22516:18067
INFO	2024-07-30 06:01:09	AbstractAlignmentMerger	Merged    65,000,000 records.  Elapsed time: 00:09:10s.  Time for last 1,000,000:    9s.  Last read position: chr3:138,228,910.  Last read name: A01891:52:HF2TWDSX5:2:1473:18231:15875
INFO	2024-07-30 06:01:18	AbstractAlignmentMerger	Merged    66,000,000 records.  Elapsed time: 00:09:19s.  Time for last 1,000,000:    8s.  Last read position: chr16:31,126,941.  Last read name: A01891:52:HF2TWDSX5:2:1514:19949:4601
INFO	2024-07-30 06:01:27	AbstractAlignmentMerger	Merged    67,000,000 records.  Elapsed time: 00:09:28s.  Time for last 1,000,000:    9s.  Last read position: chr6:148,513,909.  Last read name: A01891:52:HF2TWDSX5:2:1533:21106:4006
INFO	2024-07-30 06:01:36	AbstractAlignmentMerger	Merged    68,000,000 records.  Elapsed time: 00:09:37s.  Time for last 1,000,000:    8s.  Last read position: chr12:122,473,788.  Last read name: A01891:52:HF2TWDSX5:2:1552:19000:31454
INFO	2024-07-30 06:01:44	AbstractAlignmentMerger	Merged    69,000,000 records.  Elapsed time: 00:09:45s.  Time for last 1,000,000:    8s.  Last read position: chr4:84,860,378.  Last read name: A01891:52:HF2TWDSX5:2:1571:11695:6433
INFO	2024-07-30 06:01:54	AbstractAlignmentMerger	Merged    70,000,000 records.  Elapsed time: 00:09:54s.  Time for last 1,000,000:    9s.  Last read position: chrX:84,468,664.  Last read name: A01891:52:HF2TWDSX5:2:1612:24695:4742
INFO	2024-07-30 06:02:02	AbstractAlignmentMerger	Merged    71,000,000 records.  Elapsed time: 00:10:03s.  Time for last 1,000,000:    8s.  Last read position: chr3:129,436,649.  Last read name: A01891:52:HF2TWDSX5:2:1632:26268:16861
INFO	2024-07-30 06:02:10	AbstractAlignmentMerger	Merged    72,000,000 records.  Elapsed time: 00:10:11s.  Time for last 1,000,000:    8s.  Last read position: chr10:73,797,141.  Last read name: A01891:52:HF2TWDSX5:2:1652:16758:17174
INFO	2024-07-30 06:02:19	AbstractAlignmentMerger	Merged    73,000,000 records.  Elapsed time: 00:10:20s.  Time for last 1,000,000:    8s.  Last read position: chr9:4,662,905.  Last read name: A01891:52:HF2TWDSX5:2:1671:23900:13416
INFO	2024-07-30 06:02:28	AbstractAlignmentMerger	Merged    74,000,000 records.  Elapsed time: 00:10:28s.  Time for last 1,000,000:    8s.  Last read position: chr5:6,739,806.  Last read name: A01891:52:HF2TWDSX5:2:2112:8684:21950
INFO	2024-07-30 06:02:37	AbstractAlignmentMerger	Merged    75,000,000 records.  Elapsed time: 00:10:37s.  Time for last 1,000,000:    9s.  Last read position: chr18:45,967,175.  Last read name: A01891:52:HF2TWDSX5:2:2132:25952:19664
INFO	2024-07-30 06:02:45	AbstractAlignmentMerger	Merged    76,000,000 records.  Elapsed time: 00:10:46s.  Time for last 1,000,000:    8s.  Last read position: chr8:41,715,682.  Last read name: A01891:52:HF2TWDSX5:2:2152:14172:3208
INFO	2024-07-30 06:02:54	AbstractAlignmentMerger	Merged    77,000,000 records.  Elapsed time: 00:10:55s.  Time for last 1,000,000:    8s.  Last read position: chr20:3,864,205.  Last read name: A01891:52:HF2TWDSX5:2:2171:7563:14653
INFO	2024-07-30 06:03:03	AbstractAlignmentMerger	Merged    78,000,000 records.  Elapsed time: 00:11:04s.  Time for last 1,000,000:    9s.  Last read position: chr5:150,079,949.  Last read name: A01891:52:HF2TWDSX5:2:2213:2564:20964
