18:49:07.016 INFO  NativeLibraryLoader - Loading libgkl_compression.so from jar:file:/gatk/gatk-package-4.6.0.0-local.jar!/com/intel/gkl/native/libgkl_compression.so
18:49:07.159 INFO  FilterVariantTranches - ------------------------------------------------------------
18:49:07.162 INFO  FilterVariantTranches - The Genome Analysis Toolkit (GATK) v4.6.0.0
18:49:07.162 INFO  FilterVariantTranches - For support and documentation go to https://software.broadinstitute.org/gatk/
18:49:07.162 INFO  FilterVariantTranches - Executing as raburajab@g-c-1-7-23 on Linux v4.18.0-305.3.1.el8_4.x86_64 amd64
18:49:07.162 INFO  FilterVariantTranches - Java runtime: OpenJDK 64-Bit Server VM v17.0.9+9-Ubuntu-122.04
18:49:07.163 INFO  FilterVariantTranches - Start Date/Time: August 2, 2024 at 6:49:06 PM GMT
18:49:07.163 INFO  FilterVariantTranches - ------------------------------------------------------------
18:49:07.163 INFO  FilterVariantTranches - ------------------------------------------------------------
18:49:07.163 INFO  FilterVariantTranches - HTSJDK Version: 4.1.1
18:49:07.163 INFO  FilterVariantTranches - Picard Version: 3.2.0
18:49:07.163 INFO  FilterVariantTranches - Built for Spark Version: 3.5.0
18:49:07.164 INFO  FilterVariantTranches - HTSJDK Defaults.COMPRESSION_LEVEL : 2
18:49:07.164 INFO  FilterVariantTranches - HTSJDK Defaults.USE_ASYNC_IO_READ_FOR_SAMTOOLS : false
18:49:07.164 INFO  FilterVariantTranches - HTSJDK Defaults.USE_ASYNC_IO_WRITE_FOR_SAMTOOLS : true
18:49:07.164 INFO  FilterVariantTranches - HTSJDK Defaults.USE_ASYNC_IO_WRITE_FOR_TRIBBLE : false
18:49:07.164 INFO  FilterVariantTranches - Deflater: IntelDeflater
18:49:07.164 INFO  FilterVariantTranches - Inflater: IntelInflater
18:49:07.164 INFO  FilterVariantTranches - GCS max retries/reopens: 20
18:49:07.164 INFO  FilterVariantTranches - Requester pays: disabled
18:49:07.165 INFO  FilterVariantTranches - Initializing engine
18:49:07.277 INFO  FeatureManager - Using codec VCFCodec to read file file:///coh_labs/dits/rayyan/References/GATK_knownvariants/hapmap_3.3.hg38.vcf.gz
18:49:07.411 INFO  FeatureManager - Using codec VCFCodec to read file file:///coh_labs/dits/rayyan/References/GATK_knownvariants/Mills_and_1000G_gold_standard.indels.hg38.vcf.gz
18:49:07.525 INFO  FeatureManager - Using codec VCFCodec to read file file:///coh_labs/dits/rayyan/Data/C083-000002/AnalysisData2/C083-000002_GermlineDNA_CNNannotated.vcf
18:49:07.720 INFO  FilterVariantTranches - Done initializing engine
18:49:07.758 INFO  ProgressMeter - Starting traversal
18:49:07.758 INFO  ProgressMeter -        Current Locus  Elapsed Minutes    Variants Processed  Variants/Minute
18:49:07.759 INFO  FilterVariantTranches - Starting pass 0 through the variants
18:49:17.460 INFO  FilterVariantTranches - Finished pass 0 through the variants
18:49:17.460 INFO  FilterVariantTranches - Found 269030 SNPs and 51644 indels with INFO score key:CNN_2D.
18:49:17.460 INFO  FilterVariantTranches - Found 83351 SNPs and 18235 indels in the resources.
18:49:17.506 INFO  FilterVariantTranches - Starting pass 1 through the variants
18:49:17.761 INFO  ProgressMeter -       chr1:166016830              0.2                340000        2039796.0
18:49:20.305 INFO  FilterVariantTranches - Finished pass 1 through the variants
18:49:20.306 INFO  FilterVariantTranches - No variants filtered by: AllowAllVariantsVariantFilter
18:49:20.308 INFO  FilterVariantTranches - 0 read(s) filtered by: AllowAllReadsReadFilter 

18:49:20.308 INFO  ProgressMeter - chrUn_KI270744v1:33528              0.2                641612        3067467.7
18:49:20.308 INFO  ProgressMeter - Traversal complete. Processed 641612 total variants in 0.2 minutes.
18:49:20.308 INFO  FilterVariantTranches - Filtered 26562 SNPs out of 269030 and filtered 1279 indels out of 51644 with INFO score: CNN_2D.
18:49:20.525 INFO  FilterVariantTranches - Shutting down engine
[August 2, 2024 at 6:49:20 PM GMT] org.broadinstitute.hellbender.tools.walkers.vqsr.FilterVariantTranches done. Elapsed time: 0.23 minutes.
Runtime.totalMemory()=1291845632
Using GATK jar /gatk/gatk-package-4.6.0.0-local.jar
Running:
    java -Dsamjdk.use_async_io_read_samtools=false -Dsamjdk.use_async_io_write_samtools=true -Dsamjdk.use_async_io_write_tribble=false -Dsamjdk.compression_level=2 -jar /gatk/gatk-package-4.6.0.0-local.jar FilterVariantTranches -V /coh_labs/dits/rayyan/Data/C083-000002/AnalysisData2/C083-000002_GermlineDNA_CNNannotated.vcf --resource /coh_labs/dits/rayyan/References/GATK_knownvariants/hapmap_3.3.hg38.vcf.gz --resource /coh_labs/dits/rayyan/References/GATK_knownvariants/Mills_and_1000G_gold_standard.indels.hg38.vcf.gz --info-key CNN_2D --snp-tranche 99.95 --indel-tranche 99.4 --invalidate-previous-filters -O /coh_labs/dits/rayyan/Data/C083-000002/AnalysisData2/C083-000002_GermlineDNA_filteredvariants.vcf
