23:38:14.806 INFO  NativeLibraryLoader - Loading libgkl_compression.so from jar:file:/gatk/gatk-package-4.6.0.0-local.jar!/com/intel/gkl/native/libgkl_compression.so
23:38:14.947 INFO  VariantsToTable - ------------------------------------------------------------
23:38:14.950 INFO  VariantsToTable - The Genome Analysis Toolkit (GATK) v4.6.0.0
23:38:14.951 INFO  VariantsToTable - For support and documentation go to https://software.broadinstitute.org/gatk/
23:38:14.951 INFO  VariantsToTable - Executing as raburajab@g-c-1-7-26 on Linux v4.18.0-305.3.1.el8_4.x86_64 amd64
23:38:14.951 INFO  VariantsToTable - Java runtime: OpenJDK 64-Bit Server VM v17.0.9+9-Ubuntu-122.04
23:38:14.951 INFO  VariantsToTable - Start Date/Time: August 4, 2024 at 11:38:14 PM GMT
23:38:14.951 INFO  VariantsToTable - ------------------------------------------------------------
23:38:14.951 INFO  VariantsToTable - ------------------------------------------------------------
23:38:14.951 INFO  VariantsToTable - HTSJDK Version: 4.1.1
23:38:14.952 INFO  VariantsToTable - Picard Version: 3.2.0
23:38:14.952 INFO  VariantsToTable - Built for Spark Version: 3.5.0
23:38:14.952 INFO  VariantsToTable - HTSJDK Defaults.COMPRESSION_LEVEL : 2
23:38:14.952 INFO  VariantsToTable - HTSJDK Defaults.USE_ASYNC_IO_READ_FOR_SAMTOOLS : false
23:38:14.952 INFO  VariantsToTable - HTSJDK Defaults.USE_ASYNC_IO_WRITE_FOR_SAMTOOLS : true
23:38:14.952 INFO  VariantsToTable - HTSJDK Defaults.USE_ASYNC_IO_WRITE_FOR_TRIBBLE : false
23:38:14.952 INFO  VariantsToTable - Deflater: IntelDeflater
23:38:14.952 INFO  VariantsToTable - Inflater: IntelInflater
23:38:14.952 INFO  VariantsToTable - GCS max retries/reopens: 20
23:38:14.952 INFO  VariantsToTable - Requester pays: disabled
23:38:14.953 INFO  VariantsToTable - Initializing engine
23:38:15.058 INFO  FeatureManager - Using codec VCFCodec to read file file:///coh_labs/dits/rayyan/Data/C083-000002/AnalysisData2/C083-000002_GermlineDNA_funcotator.vcf
23:38:15.236 INFO  VariantsToTable - Done initializing engine
23:38:15.239 WARN  VariantsToTable - No fields were specified. All fields declared in the VCF header will be included in the output table.
23:38:15.241 WARN  VariantsToTable - Allele-specific fields will only be split if splitting multi-allelic variants is specified (`--split-multi-allelic` or `-SMA`
23:38:15.242 INFO  ProgressMeter - Starting traversal
23:38:15.242 INFO  ProgressMeter -        Current Locus  Elapsed Minutes    Variants Processed  Variants/Minute
23:38:19.659 INFO  ProgressMeter - chrUn_KI270519v1:80044              0.1                320806        4359764.4
23:38:19.659 INFO  ProgressMeter - Traversal complete. Processed 320806 total variants in 0.1 minutes.
23:38:19.659 INFO  VariantsToTable - Shutting down engine
[August 4, 2024 at 11:38:19 PM GMT] org.broadinstitute.hellbender.tools.walkers.variantutils.VariantsToTable done. Elapsed time: 0.08 minutes.
Runtime.totalMemory()=1224736768
Using GATK jar /gatk/gatk-package-4.6.0.0-local.jar
Running:
    java -Dsamjdk.use_async_io_read_samtools=false -Dsamjdk.use_async_io_write_samtools=true -Dsamjdk.use_async_io_write_tribble=false -Dsamjdk.compression_level=2 -jar /gatk/gatk-package-4.6.0.0-local.jar VariantsToTable -V /coh_labs/dits/rayyan/Data/C083-000002/AnalysisData2/C083-000002_GermlineDNA_funcotator.vcf -O /coh_labs/dits/rayyan/Data/C083-000002/AnalysisData2/C083-000002_GermlineDNA_funcotator_output.table
