19:54:55.623 INFO  NativeLibraryLoader - Loading libgkl_compression.so from jar:file:/gatk/gatk-package-4.6.0.0-local.jar!/com/intel/gkl/native/libgkl_compression.so
19:54:55.679 INFO  FuncotatorDataSourceDownloader - ------------------------------------------------------------
19:54:55.686 INFO  FuncotatorDataSourceDownloader - The Genome Analysis Toolkit (GATK) v4.6.0.0
19:54:55.686 INFO  FuncotatorDataSourceDownloader - For support and documentation go to https://software.broadinstitute.org/gatk/
19:54:55.686 INFO  FuncotatorDataSourceDownloader - Executing as raburajab@g-h-1-8-17 on Linux v4.18.0-305.3.1.el8_4.x86_64 amd64
19:54:55.686 INFO  FuncotatorDataSourceDownloader - Java runtime: OpenJDK 64-Bit Server VM v17.0.9+9-Ubuntu-122.04
19:54:55.686 INFO  FuncotatorDataSourceDownloader - Start Date/Time: August 16, 2024 at 7:54:55 PM GMT
19:54:55.686 INFO  FuncotatorDataSourceDownloader - ------------------------------------------------------------
19:54:55.686 INFO  FuncotatorDataSourceDownloader - ------------------------------------------------------------
19:54:55.687 INFO  FuncotatorDataSourceDownloader - HTSJDK Version: 4.1.1
19:54:55.687 INFO  FuncotatorDataSourceDownloader - Picard Version: 3.2.0
19:54:55.687 INFO  FuncotatorDataSourceDownloader - Built for Spark Version: 3.5.0
19:54:55.687 INFO  FuncotatorDataSourceDownloader - HTSJDK Defaults.COMPRESSION_LEVEL : 2
19:54:55.687 INFO  FuncotatorDataSourceDownloader - HTSJDK Defaults.USE_ASYNC_IO_READ_FOR_SAMTOOLS : false
19:54:55.687 INFO  FuncotatorDataSourceDownloader - HTSJDK Defaults.USE_ASYNC_IO_WRITE_FOR_SAMTOOLS : true
19:54:55.687 INFO  FuncotatorDataSourceDownloader - HTSJDK Defaults.USE_ASYNC_IO_WRITE_FOR_TRIBBLE : false
19:54:55.687 INFO  FuncotatorDataSourceDownloader - Deflater: IntelDeflater
19:54:55.687 INFO  FuncotatorDataSourceDownloader - Inflater: IntelInflater
19:54:55.687 INFO  FuncotatorDataSourceDownloader - GCS max retries/reopens: 20
19:54:55.687 INFO  FuncotatorDataSourceDownloader - Requester pays: disabled
19:54:55.688 INFO  FuncotatorDataSourceDownloader - Initializing engine
19:54:55.688 INFO  FuncotatorDataSourceDownloader - Done initializing engine
19:54:55.688 INFO  FuncotatorDataSourceDownloader - HG38_Somatic data sources selected.
19:54:55.697 INFO  FuncotatorDataSourceDownloader - Collecting expected checksum...
19:54:56.759 INFO  FuncotatorDataSourceDownloader - Collection complete!
19:54:57.015 INFO  NioFileCopierWithProgressMeter - Initiating copy from gs://broad-public-datasets/funcotator/funcotator_dataSources.v1.8.hg38.20230908s.tar.gz to file:///coh_labs/dits/rayyan/Projects/GATK-pipeline/GATK_somatic/funcotator_dataSources.v1.8.hg38.20230908s.tar.gz
19:54:57.017 INFO  NioFileCopierWithProgressMeter - File size: 16682388402 bytes (15 GB).
19:54:57.018 INFO  NioFileCopierWithProgressMeter - Please wait.  This could take a while...
19:54:58.524 INFO  NioFileCopierWithProgressMeter -     Transfer:  0.25% complete.  Est. time remaining: 11:38.260 (@23272.73 kbps)
19:54:59.455 INFO  NioFileCopierWithProgressMeter -     Transfer:  0.50% complete.  Est. time remaining: 08:02.948 (@33563.56 kbps)
19:55:00.039 INFO  NioFileCopierWithProgressMeter -     Transfer:  0.75% complete.  Est. time remaining: 05:53.064 (@45794.80 kbps)
19:55:01.244 INFO  NioFileCopierWithProgressMeter -     Transfer:  1.00% complete.  Est. time remaining: 06:16.424 (@42844.03 kbps)
19:55:01.821 INFO  NioFileCopierWithProgressMeter -     Transfer:  1.25% complete.  Est. time remaining: 05:34.170 (@48141.89 kbps)
19:55:02.680 INFO  NioFileCopierWithProgressMeter -     Transfer:  1.50% complete.  Est. time remaining: 05:33.850 (@48065.47 kbps)
19:55:03.379 INFO  NioFileCopierWithProgressMeter -     Transfer:  1.75% complete.  Est. time remaining: 05:22.812 (@49582.11 kbps)
19:55:03.888 INFO  NioFileCopierWithProgressMeter -     Transfer:  2.00% complete.  Est. time remaining: 04:58.612 (@53463.08 kbps)
19:55:04.553 INFO  NioFileCopierWithProgressMeter -     Transfer:  2.25% complete.  Est. time remaining: 04:53.785 (@54205.47 kbps)
19:55:05.230 INFO  NioFileCopierWithProgressMeter -     Transfer:  2.50% complete.  Est. time remaining: 04:49.665 (@54835.15 kbps)
19:55:06.207 INFO  NioFileCopierWithProgressMeter -     Transfer:  2.75% complete.  Est. time remaining: 04:39.393 (@56704.59 kbps)
19:55:06.699 INFO  NioFileCopierWithProgressMeter -     Transfer:  3.00% complete.  Est. time remaining: 04:20.494 (@60661.31 kbps)
19:55:07.136 INFO  NioFileCopierWithProgressMeter -     Transfer:  3.25% complete.  Est. time remaining: 04:10.054 (@63030.08 kbps)
19:55:07.585 INFO  NioFileCopierWithProgressMeter -     Transfer:  3.50% complete.  Est. time remaining: 03:49.352 (@68545.20 kbps)
19:55:08.152 INFO  NioFileCopierWithProgressMeter -     Transfer:  3.75% complete.  Est. time remaining: 03:47.789 (@68835.85 kbps)
19:55:08.670 INFO  NioFileCopierWithProgressMeter -     Transfer:  4.00% complete.  Est. time remaining: 03:37.239 (@71990.14 kbps)
19:55:09.670 INFO  NioFileCopierWithProgressMeter -     Transfer:  4.25% complete.  Est. time remaining: 03:42.139 (@70217.95 kbps)
19:55:10.622 INFO  NioFileCopierWithProgressMeter -     Transfer:  4.50% complete.  Est. time remaining: 03:54.471 (@66354.33 kbps)
19:55:11.157 INFO  NioFileCopierWithProgressMeter -     Transfer:  4.75% complete.  Est. time remaining: 03:48.208 (@67995.94 kbps)
19:55:11.857 INFO  NioFileCopierWithProgressMeter -     Transfer:  5.00% complete.  Est. time remaining: 03:48.245 (@67805.52 kbps)
19:55:12.348 INFO  NioFileCopierWithProgressMeter -     Transfer:  5.25% complete.  Est. time remaining: 03:34.525 (@71950.96 kbps)
19:55:12.788 INFO  NioFileCopierWithProgressMeter -     Transfer:  5.50% complete.  Est. time remaining: 03:31.119 (@72917.89 kbps)
19:55:13.235 INFO  NioFileCopierWithProgressMeter -     Transfer:  5.75% complete.  Est. time remaining: 03:31.850 (@72477.66 kbps)
19:55:13.940 INFO  NioFileCopierWithProgressMeter -     Transfer:  6.00% complete.  Est. time remaining: 03:40.713 (@69381.55 kbps)
19:55:14.494 INFO  NioFileCopierWithProgressMeter -     Transfer:  6.25% complete.  Est. time remaining: 03:39.587 (@69551.07 kbps)
19:55:15.143 INFO  NioFileCopierWithProgressMeter -     Transfer:  6.50% complete.  Est. time remaining: 03:44.160 (@67949.42 kbps)
19:55:15.654 INFO  NioFileCopierWithProgressMeter -     Transfer:  6.75% complete.  Est. time remaining: 03:31.970 (@71668.69 kbps)
19:55:16.138 INFO  NioFileCopierWithProgressMeter -     Transfer:  7.00% complete.  Est. time remaining: 03:19.482 (@75949.65 kbps)
19:55:16.563 INFO  NioFileCopierWithProgressMeter -     Transfer:  7.25% complete.  Est. time remaining: 03:13.885 (@77931.22 kbps)
19:55:17.037 INFO  NioFileCopierWithProgressMeter -     Transfer:  7.50% complete.  Est. time remaining: 03:06.653 (@80731.04 kbps)
19:55:17.628 INFO  NioFileCopierWithProgressMeter -     Transfer:  7.75% complete.  Est. time remaining: 03:09.886 (@79146.24 kbps)
19:55:18.284 INFO  NioFileCopierWithProgressMeter -     Transfer:  8.00% complete.  Est. time remaining: 03:16.973 (@76090.59 kbps)
19:55:18.869 INFO  NioFileCopierWithProgressMeter -     Transfer:  8.25% complete.  Est. time remaining: 03:21.608 (@74138.04 kbps)
19:55:19.311 INFO  NioFileCopierWithProgressMeter -     Transfer:  8.50% complete.  Est. time remaining: 03:12.119 (@77586.82 kbps)
19:55:19.886 INFO  NioFileCopierWithProgressMeter -     Transfer:  8.75% complete.  Est. time remaining: 03:12.229 (@77329.21 kbps)
19:55:20.584 INFO  NioFileCopierWithProgressMeter -     Transfer:  9.00% complete.  Est. time remaining: 03:13.190 (@76737.92 kbps)
19:55:21.113 INFO  NioFileCopierWithProgressMeter -     Transfer:  9.25% complete.  Est. time remaining: 03:12.838 (@76665.57 kbps)
19:55:21.710 INFO  NioFileCopierWithProgressMeter -     Transfer:  9.50% complete.  Est. time remaining: 03:16.453 (@75046.21 kbps)
19:55:22.327 INFO  NioFileCopierWithProgressMeter -     Transfer:  9.75% complete.  Est. time remaining: 03:24.062 (@72047.14 kbps)
19:55:22.885 INFO  NioFileCopierWithProgressMeter -     Transfer:  10.00% complete.  Est. time remaining: 03:27.805 (@70557.36 kbps)
19:55:23.593 INFO  NioFileCopierWithProgressMeter -     Transfer:  10.25% complete.  Est. time remaining: 03:30.119 (@69585.31 kbps)
19:55:24.179 INFO  NioFileCopierWithProgressMeter -     Transfer:  10.50% complete.  Est. time remaining: 03:27.337 (@70321.63 kbps)
19:55:24.639 INFO  NioFileCopierWithProgressMeter -     Transfer:  10.75% complete.  Est. time remaining: 03:21.254 (@72243.67 kbps)
19:55:25.349 INFO  NioFileCopierWithProgressMeter -     Transfer:  11.00% complete.  Est. time remaining: 03:30.873 (@68753.85 kbps)
19:55:26.350 INFO  NioFileCopierWithProgressMeter -     Transfer:  11.25% complete.  Est. time remaining: 03:40.364 (@65611.56 kbps)
19:55:27.067 INFO  NioFileCopierWithProgressMeter -     Transfer:  11.50% complete.  Est. time remaining: 03:39.796 (@65594.56 kbps)
19:55:27.734 INFO  NioFileCopierWithProgressMeter -     Transfer:  11.75% complete.  Est. time remaining: 03:44.626 (@64001.80 kbps)
19:55:28.231 INFO  NioFileCopierWithProgressMeter -     Transfer:  12.00% complete.  Est. time remaining: 03:39.257 (@65382.27 kbps)
19:55:28.725 INFO  NioFileCopierWithProgressMeter -     Transfer:  12.25% complete.  Est. time remaining: 03:33.864 (@66844.31 kbps)
19:55:29.269 INFO  NioFileCopierWithProgressMeter -     Transfer:  12.50% complete.  Est. time remaining: 03:32.110 (@67203.88 kbps)
19:55:29.850 INFO  NioFileCopierWithProgressMeter -     Transfer:  12.75% complete.  Est. time remaining: 03:27.557 (@68480.64 kbps)
19:55:30.323 INFO  NioFileCopierWithProgressMeter -     Transfer:  13.00% complete.  Est. time remaining: 03:22.033 (@70150.50 kbps)
19:55:30.877 INFO  NioFileCopierWithProgressMeter -     Transfer:  13.25% complete.  Est. time remaining: 03:25.901 (@68633.62 kbps)
19:55:31.452 INFO  NioFileCopierWithProgressMeter -     Transfer:  13.50% complete.  Est. time remaining: 03:21.848 (@69813.96 kbps)
19:55:31.966 INFO  NioFileCopierWithProgressMeter -     Transfer:  13.75% complete.  Est. time remaining: 03:10.419 (@73789.23 kbps)
19:55:32.489 INFO  NioFileCopierWithProgressMeter -     Transfer:  14.00% complete.  Est. time remaining: 03:04.563 (@75908.28 kbps)
19:55:33.054 INFO  NioFileCopierWithProgressMeter -     Transfer:  14.25% complete.  Est. time remaining: 03:01.396 (@77007.69 kbps)
19:55:33.714 INFO  NioFileCopierWithProgressMeter -     Transfer:  14.50% complete.  Est. time remaining: 03:06.151 (@74826.33 kbps)
19:55:34.209 INFO  NioFileCopierWithProgressMeter -     Transfer:  14.75% complete.  Est. time remaining: 03:05.173 (@75000.47 kbps)
19:55:34.790 INFO  NioFileCopierWithProgressMeter -     Transfer:  15.00% complete.  Est. time remaining: 03:05.784 (@74533.13 kbps)
19:55:35.324 INFO  NioFileCopierWithProgressMeter -     Transfer:  15.25% complete.  Est. time remaining: 03:03.700 (@75155.86 kbps)
19:55:35.838 INFO  NioFileCopierWithProgressMeter -     Transfer:  15.50% complete.  Est. time remaining: 03:05.363 (@74265.89 kbps)
19:55:36.341 INFO  NioFileCopierWithProgressMeter -     Transfer:  15.75% complete.  Est. time remaining: 03:02.998 (@75002.16 kbps)
19:55:36.928 INFO  NioFileCopierWithProgressMeter -     Transfer:  16.00% complete.  Est. time remaining: 03:02.373 (@75034.43 kbps)
19:55:37.419 INFO  NioFileCopierWithProgressMeter -     Transfer:  16.25% complete.  Est. time remaining: 03:00.927 (@75407.72 kbps)
19:55:37.991 INFO  NioFileCopierWithProgressMeter -     Transfer:  16.50% complete.  Est. time remaining: 03:01.973 (@74749.36 kbps)
19:55:38.436 INFO  NioFileCopierWithProgressMeter -     Transfer:  16.75% complete.  Est. time remaining: 02:57.346 (@76474.18 kbps)
19:55:38.997 INFO  NioFileCopierWithProgressMeter -     Transfer:  17.00% complete.  Est. time remaining: 02:53.958 (@77728.38 kbps)
19:55:39.433 INFO  NioFileCopierWithProgressMeter -     Transfer:  17.25% complete.  Est. time remaining: 02:50.968 (@78848.13 kbps)
19:55:40.362 INFO  NioFileCopierWithProgressMeter -     Transfer:  17.50% complete.  Est. time remaining: 02:56.383 (@76195.10 kbps)
19:55:40.900 INFO  NioFileCopierWithProgressMeter -     Transfer:  17.75% complete.  Est. time remaining: 02:56.433 (@75947.17 kbps)
19:55:41.481 INFO  NioFileCopierWithProgressMeter -     Transfer:  18.00% complete.  Est. time remaining: 02:57.548 (@75239.59 kbps)
19:55:42.210 INFO  NioFileCopierWithProgressMeter -     Transfer:  18.25% complete.  Est. time remaining: 03:03.149 (@72715.10 kbps)
19:55:42.776 INFO  NioFileCopierWithProgressMeter -     Transfer:  18.50% complete.  Est. time remaining: 03:01.967 (@72962.09 kbps)
19:55:43.431 INFO  NioFileCopierWithProgressMeter -     Transfer:  18.75% complete.  Est. time remaining: 03:06.727 (@70882.93 kbps)
19:55:43.967 INFO  NioFileCopierWithProgressMeter -     Transfer:  19.00% complete.  Est. time remaining: 03:05.438 (@71160.29 kbps)
19:55:44.395 INFO  NioFileCopierWithProgressMeter -     Transfer:  19.25% complete.  Est. time remaining: 03:03.270 (@71778.42 kbps)
19:55:45.089 INFO  NioFileCopierWithProgressMeter -     Transfer:  19.50% complete.  Est. time remaining: 03:06.366 (@70366.15 kbps)
19:55:45.719 INFO  NioFileCopierWithProgressMeter -     Transfer:  19.75% complete.  Est. time remaining: 03:13.720 (@67483.58 kbps)
19:55:46.243 INFO  NioFileCopierWithProgressMeter -     Transfer:  20.00% complete.  Est. time remaining: 03:04.315 (@70710.48 kbps)
19:55:46.796 INFO  NioFileCopierWithProgressMeter -     Transfer:  20.25% complete.  Est. time remaining: 03:03.814 (@70680.48 kbps)
19:55:47.410 INFO  NioFileCopierWithProgressMeter -     Transfer:  20.50% complete.  Est. time remaining: 03:04.225 (@70300.31 kbps)
19:55:48.008 INFO  NioFileCopierWithProgressMeter -     Transfer:  20.75% complete.  Est. time remaining: 03:00.453 (@71542.62 kbps)
19:55:48.482 INFO  NioFileCopierWithProgressMeter -     Transfer:  21.00% complete.  Est. time remaining: 02:56.373 (@72965.49 kbps)
19:55:48.952 INFO  NioFileCopierWithProgressMeter -     Transfer:  21.25% complete.  Est. time remaining: 02:50.602 (@75199.52 kbps)
19:55:49.456 INFO  NioFileCopierWithProgressMeter -     Transfer:  21.50% complete.  Est. time remaining: 02:48.506 (@75891.91 kbps)
19:55:49.917 INFO  NioFileCopierWithProgressMeter -     Transfer:  21.75% complete.  Est. time remaining: 02:49.503 (@75203.75 kbps)
19:55:50.735 INFO  NioFileCopierWithProgressMeter -     Transfer:  22.00% complete.  Est. time remaining: 02:50.993 (@74309.07 kbps)
19:55:51.263 INFO  NioFileCopierWithProgressMeter -     Transfer:  22.25% complete.  Est. time remaining: 02:48.045 (@75375.14 kbps)
19:55:51.756 INFO  NioFileCopierWithProgressMeter -     Transfer:  22.50% complete.  Est. time remaining: 02:46.020 (@76047.51 kbps)
19:55:52.319 INFO  NioFileCopierWithProgressMeter -     Transfer:  22.75% complete.  Est. time remaining: 02:45.740 (@75928.89 kbps)
19:55:53.168 INFO  NioFileCopierWithProgressMeter -     Transfer:  23.00% complete.  Est. time remaining: 02:49.343 (@74071.50 kbps)
19:55:53.857 INFO  NioFileCopierWithProgressMeter -     Transfer:  23.25% complete.  Est. time remaining: 02:51.246 (@73015.18 kbps)
19:55:54.531 INFO  NioFileCopierWithProgressMeter -     Transfer:  23.50% complete.  Est. time remaining: 02:56.944 (@70432.71 kbps)
19:55:55.078 INFO  NioFileCopierWithProgressMeter -     Transfer:  23.75% complete.  Est. time remaining: 02:58.890 (@69437.52 kbps)
19:55:55.698 INFO  NioFileCopierWithProgressMeter -     Transfer:  24.00% complete.  Est. time remaining: 03:02.335 (@67900.83 kbps)
19:55:56.266 INFO  NioFileCopierWithProgressMeter -     Transfer:  24.25% complete.  Est. time remaining: 03:06.379 (@66207.75 kbps)
19:55:57.305 INFO  NioFileCopierWithProgressMeter -     Transfer:  24.50% complete.  Est. time remaining: 03:09.100 (@65044.11 kbps)
19:55:58.147 INFO  NioFileCopierWithProgressMeter -     Transfer:  24.75% complete.  Est. time remaining: 03:16.656 (@62336.51 kbps)
19:55:58.798 INFO  NioFileCopierWithProgressMeter -     Transfer:  25.00% complete.  Est. time remaining: 03:22.551 (@60320.06 kbps)
19:55:59.353 INFO  NioFileCopierWithProgressMeter -     Transfer:  25.25% complete.  Est. time remaining: 03:21.520 (@60425.30 kbps)
19:55:59.856 INFO  NioFileCopierWithProgressMeter -     Transfer:  25.50% complete.  Est. time remaining: 03:11.012 (@63540.36 kbps)
19:56:00.383 INFO  NioFileCopierWithProgressMeter -     Transfer:  25.75% complete.  Est. time remaining: 03:04.608 (@65522.79 kbps)
19:56:01.040 INFO  NioFileCopierWithProgressMeter -     Transfer:  26.00% complete.  Est. time remaining: 03:03.516 (@65689.54 kbps)
19:56:01.678 INFO  NioFileCopierWithProgressMeter -     Transfer:  26.25% complete.  Est. time remaining: 03:05.955 (@64607.77 kbps)
19:56:02.141 INFO  NioFileCopierWithProgressMeter -     Transfer:  26.50% complete.  Est. time remaining: 02:59.110 (@66847.97 kbps)
19:56:02.646 INFO  NioFileCopierWithProgressMeter -     Transfer:  26.75% complete.  Est. time remaining: 02:56.630 (@67560.51 kbps)
19:56:03.315 INFO  NioFileCopierWithProgressMeter -     Transfer:  27.00% complete.  Est. time remaining: 02:50.280 (@69839.39 kbps)
19:56:04.202 INFO  NioFileCopierWithProgressMeter -     Transfer:  27.25% complete.  Est. time remaining: 02:50.297 (@69592.02 kbps)
19:56:04.647 INFO  NioFileCopierWithProgressMeter -     Transfer:  27.50% complete.  Est. time remaining: 02:42.891 (@72504.65 kbps)
19:56:05.474 INFO  NioFileCopierWithProgressMeter -     Transfer:  27.75% complete.  Est. time remaining: 02:48.278 (@69946.02 kbps)
19:56:06.113 INFO  NioFileCopierWithProgressMeter -     Transfer:  28.00% complete.  Est. time remaining: 02:51.442 (@68416.47 kbps)
19:56:06.932 INFO  NioFileCopierWithProgressMeter -     Transfer:  28.25% complete.  Est. time remaining: 02:58.078 (@65636.73 kbps)
19:56:07.461 INFO  NioFileCopierWithProgressMeter -     Transfer:  28.50% complete.  Est. time remaining: 02:53.492 (@67135.74 kbps)
19:56:08.132 INFO  NioFileCopierWithProgressMeter -     Transfer:  28.75% complete.  Est. time remaining: 02:53.699 (@66820.00 kbps)
19:56:08.704 INFO  NioFileCopierWithProgressMeter -     Transfer:  29.00% complete.  Est. time remaining: 02:58.037 (@64967.40 kbps)
19:56:09.282 INFO  NioFileCopierWithProgressMeter -     Transfer:  29.25% complete.  Est. time remaining: 02:59.723 (@64130.09 kbps)
19:56:09.863 INFO  NioFileCopierWithProgressMeter -     Transfer:  29.50% complete.  Est. time remaining: 02:56.532 (@65057.43 kbps)
19:56:10.301 INFO  NioFileCopierWithProgressMeter -     Transfer:  29.75% complete.  Est. time remaining: 02:43.933 (@69807.41 kbps)
19:56:10.821 INFO  NioFileCopierWithProgressMeter -     Transfer:  30.00% complete.  Est. time remaining: 02:46.972 (@68297.71 kbps)
19:56:11.506 INFO  NioFileCopierWithProgressMeter -     Transfer:  30.25% complete.  Est. time remaining: 02:43.630 (@69442.41 kbps)
19:56:11.996 INFO  NioFileCopierWithProgressMeter -     Transfer:  30.50% complete.  Est. time remaining: 02:38.551 (@71408.67 kbps)
19:56:12.580 INFO  NioFileCopierWithProgressMeter -     Transfer:  30.75% complete.  Est. time remaining: 02:33.634 (@73427.06 kbps)
19:56:13.307 INFO  NioFileCopierWithProgressMeter -     Transfer:  31.00% complete.  Est. time remaining: 02:37.929 (@71177.41 kbps)
19:56:14.091 INFO  NioFileCopierWithProgressMeter -     Transfer:  31.25% complete.  Est. time remaining: 02:39.323 (@70297.58 kbps)
19:56:14.517 INFO  NioFileCopierWithProgressMeter -     Transfer:  31.50% complete.  Est. time remaining: 02:32.987 (@72941.18 kbps)
19:56:15.551 INFO  NioFileCopierWithProgressMeter -     Transfer:  31.75% complete.  Est. time remaining: 02:39.249 (@69815.99 kbps)
19:56:16.316 INFO  NioFileCopierWithProgressMeter -     Transfer:  32.00% complete.  Est. time remaining: 02:42.612 (@68120.33 kbps)
19:56:16.947 INFO  NioFileCopierWithProgressMeter -     Transfer:  32.25% complete.  Est. time remaining: 02:49.578 (@65086.37 kbps)
19:56:17.545 INFO  NioFileCopierWithProgressMeter -     Transfer:  32.50% complete.  Est. time remaining: 02:51.141 (@64252.55 kbps)
19:56:18.238 INFO  NioFileCopierWithProgressMeter -     Transfer:  32.75% complete.  Est. time remaining: 02:50.664 (@64192.06 kbps)
19:56:18.677 INFO  NioFileCopierWithProgressMeter -     Transfer:  33.00% complete.  Est. time remaining: 02:47.536 (@65146.08 kbps)
19:56:19.161 INFO  NioFileCopierWithProgressMeter -     Transfer:  33.25% complete.  Est. time remaining: 02:43.799 (@66388.67 kbps)
19:56:19.970 INFO  NioFileCopierWithProgressMeter -     Transfer:  33.50% complete.  Est. time remaining: 02:44.246 (@65958.45 kbps)
19:56:20.763 INFO  NioFileCopierWithProgressMeter -     Transfer:  33.75% complete.  Est. time remaining: 02:43.773 (@65899.16 kbps)
19:56:21.319 INFO  NioFileCopierWithProgressMeter -     Transfer:  34.00% complete.  Est. time remaining: 02:48.938 (@63641.69 kbps)
19:56:21.950 INFO  NioFileCopierWithProgressMeter -     Transfer:  34.25% complete.  Est. time remaining: 02:41.835 (@66181.97 kbps)
19:56:22.614 INFO  NioFileCopierWithProgressMeter -     Transfer:  34.50% complete.  Est. time remaining: 02:39.617 (@66851.25 kbps)
19:56:23.244 INFO  NioFileCopierWithProgressMeter -     Transfer:  34.75% complete.  Est. time remaining: 02:38.619 (@67013.79 kbps)
19:56:23.703 INFO  NioFileCopierWithProgressMeter -     Transfer:  35.00% complete.  Est. time remaining: 02:33.289 (@69076.56 kbps)
19:56:24.245 INFO  NioFileCopierWithProgressMeter -     Transfer:  35.25% complete.  Est. time remaining: 02:29.130 (@70728.65 kbps)
19:56:25.285 INFO  NioFileCopierWithProgressMeter -     Transfer:  35.50% complete.  Est. time remaining: 02:41.059 (@65242.05 kbps)
19:56:25.984 INFO  NioFileCopierWithProgressMeter -     Transfer:  35.75% complete.  Est. time remaining: 02:46.558 (@62841.92 kbps)
19:56:27.243 INFO  NioFileCopierWithProgressMeter -     Transfer:  36.00% complete.  Est. time remaining: 02:50.819 (@61034.84 kbps)
19:56:27.743 INFO  NioFileCopierWithProgressMeter -     Transfer:  36.25% complete.  Est. time remaining: 02:42.108 (@64061.65 kbps)
19:56:28.248 INFO  NioFileCopierWithProgressMeter -     Transfer:  36.50% complete.  Est. time remaining: 02:40.165 (@64589.59 kbps)
19:56:28.794 INFO  NioFileCopierWithProgressMeter -     Transfer:  36.75% complete.  Est. time remaining: 02:37.098 (@65589.83 kbps)
19:56:29.307 INFO  NioFileCopierWithProgressMeter -     Transfer:  37.00% complete.  Est. time remaining: 02:31.896 (@67566.30 kbps)
19:56:29.785 INFO  NioFileCopierWithProgressMeter -     Transfer:  37.25% complete.  Est. time remaining: 02:26.798 (@69633.75 kbps)
19:56:30.504 INFO  NioFileCopierWithProgressMeter -     Transfer:  37.50% complete.  Est. time remaining: 02:33.297 (@66414.74 kbps)
19:56:31.443 INFO  NioFileCopierWithProgressMeter -     Transfer:  37.75% complete.  Est. time remaining: 02:40.725 (@63096.61 kbps)
19:56:32.337 INFO  NioFileCopierWithProgressMeter -     Transfer:  38.00% complete.  Est. time remaining: 02:38.226 (@63834.57 kbps)
19:56:32.981 INFO  NioFileCopierWithProgressMeter -     Transfer:  38.25% complete.  Est. time remaining: 02:36.378 (@64326.62 kbps)
19:56:33.650 INFO  NioFileCopierWithProgressMeter -     Transfer:  38.50% complete.  Est. time remaining: 02:29.077 (@67202.40 kbps)
19:56:34.605 INFO  NioFileCopierWithProgressMeter -     Transfer:  38.75% complete.  Est. time remaining: 02:37.906 (@63192.18 kbps)
19:56:35.139 INFO  NioFileCopierWithProgressMeter -     Transfer:  39.00% complete.  Est. time remaining: 02:37.851 (@62954.47 kbps)
19:56:35.817 INFO  NioFileCopierWithProgressMeter -     Transfer:  39.25% complete.  Est. time remaining: 02:40.911 (@61502.86 kbps)
19:56:36.486 INFO  NioFileCopierWithProgressMeter -     Transfer:  39.50% complete.  Est. time remaining: 02:45.265 (@59634.60 kbps)
19:56:37.211 INFO  NioFileCopierWithProgressMeter -     Transfer:  39.75% complete.  Est. time remaining: 02:53.050 (@56715.22 kbps)
19:56:37.760 INFO  NioFileCopierWithProgressMeter -     Transfer:  40.00% complete.  Est. time remaining: 02:47.705 (@58284.80 kbps)
19:56:38.486 INFO  NioFileCopierWithProgressMeter -     Transfer:  40.25% complete.  Est. time remaining: 02:43.115 (@59673.64 kbps)
19:56:38.959 INFO  NioFileCopierWithProgressMeter -     Transfer:  40.50% complete.  Est. time remaining: 02:32.039 (@63751.60 kbps)
19:56:39.771 INFO  NioFileCopierWithProgressMeter -     Transfer:  40.75% complete.  Est. time remaining: 02:34.572 (@62441.91 kbps)
19:56:40.253 INFO  NioFileCopierWithProgressMeter -     Transfer:  41.00% complete.  Est. time remaining: 02:28.760 (@64612.87 kbps)
19:56:40.706 INFO  NioFileCopierWithProgressMeter -     Transfer:  41.25% complete.  Est. time remaining: 02:17.763 (@69473.04 kbps)
19:56:41.384 INFO  NioFileCopierWithProgressMeter -     Transfer:  41.50% complete.  Est. time remaining: 02:20.468 (@67843.92 kbps)
19:56:41.845 INFO  NioFileCopierWithProgressMeter -     Transfer:  41.75% complete.  Est. time remaining: 02:14.254 (@70678.73 kbps)
19:56:42.556 INFO  NioFileCopierWithProgressMeter -     Transfer:  42.00% complete.  Est. time remaining: 02:14.364 (@70316.01 kbps)
19:56:43.224 INFO  NioFileCopierWithProgressMeter -     Transfer:  42.25% complete.  Est. time remaining: 02:13.174 (@70644.80 kbps)
19:56:43.848 INFO  NioFileCopierWithProgressMeter -     Transfer:  42.50% complete.  Est. time remaining: 02:13.940 (@69934.58 kbps)
19:56:44.460 INFO  NioFileCopierWithProgressMeter -     Transfer:  42.75% complete.  Est. time remaining: 02:11.380 (@70985.52 kbps)
19:56:45.501 INFO  NioFileCopierWithProgressMeter -     Transfer:  43.00% complete.  Est. time remaining: 02:20.123 (@66264.36 kbps)
19:56:46.180 INFO  NioFileCopierWithProgressMeter -     Transfer:  43.25% complete.  Est. time remaining: 02:17.774 (@67104.07 kbps)
19:56:46.707 INFO  NioFileCopierWithProgressMeter -     Transfer:  43.50% complete.  Est. time remaining: 02:18.257 (@66573.67 kbps)
19:56:47.349 INFO  NioFileCopierWithProgressMeter -     Transfer:  43.75% complete.  Est. time remaining: 02:23.374 (@63911.79 kbps)
19:56:47.852 INFO  NioFileCopierWithProgressMeter -     Transfer:  44.00% complete.  Est. time remaining: 02:18.189 (@66013.63 kbps)
19:56:48.449 INFO  NioFileCopierWithProgressMeter -     Transfer:  44.25% complete.  Est. time remaining: 02:22.292 (@63829.27 kbps)
19:56:48.941 INFO  NioFileCopierWithProgressMeter -     Transfer:  44.50% complete.  Est. time remaining: 02:16.196 (@66385.46 kbps)
19:56:49.514 INFO  NioFileCopierWithProgressMeter -     Transfer:  44.75% complete.  Est. time remaining: 02:13.231 (@67555.36 kbps)
19:56:50.174 INFO  NioFileCopierWithProgressMeter -     Transfer:  45.00% complete.  Est. time remaining: 02:13.313 (@67206.73 kbps)
19:56:50.704 INFO  NioFileCopierWithProgressMeter -     Transfer:  45.25% complete.  Est. time remaining: 02:10.690 (@68242.22 kbps)
19:56:51.221 INFO  NioFileCopierWithProgressMeter -     Transfer:  45.50% complete.  Est. time remaining: 02:03.240 (@72043.30 kbps)
19:56:51.677 INFO  NioFileCopierWithProgressMeter -     Transfer:  45.75% complete.  Est. time remaining: 01:57.623 (@75135.49 kbps)
19:56:52.279 INFO  NioFileCopierWithProgressMeter -     Transfer:  46.00% complete.  Est. time remaining: 01:58.606 (@74167.18 kbps)
19:56:53.021 INFO  NioFileCopierWithProgressMeter -     Transfer:  46.25% complete.  Est. time remaining: 01:59.427 (@73314.78 kbps)
19:56:53.542 INFO  NioFileCopierWithProgressMeter -     Transfer:  46.50% complete.  Est. time remaining: 01:59.638 (@72851.64 kbps)
19:56:54.210 INFO  NioFileCopierWithProgressMeter -     Transfer:  46.75% complete.  Est. time remaining: 02:00.013 (@72282.70 kbps)
19:56:54.735 INFO  NioFileCopierWithProgressMeter -     Transfer:  47.00% complete.  Est. time remaining: 02:00.292 (@71774.30 kbps)
19:56:55.182 INFO  NioFileCopierWithProgressMeter -     Transfer:  47.25% complete.  Est. time remaining: 01:56.420 (@73809.81 kbps)
19:56:55.759 INFO  NioFileCopierWithProgressMeter -     Transfer:  47.50% complete.  Est. time remaining: 01:54.495 (@74693.12 kbps)
19:56:56.302 INFO  NioFileCopierWithProgressMeter -     Transfer:  47.75% complete.  Est. time remaining: 01:54.512 (@74333.08 kbps)
19:56:57.012 INFO  NioFileCopierWithProgressMeter -     Transfer:  48.00% complete.  Est. time remaining: 01:57.064 (@72362.56 kbps)
19:56:57.768 INFO  NioFileCopierWithProgressMeter -     Transfer:  48.25% complete.  Est. time remaining: 02:02.521 (@68805.27 kbps)
19:56:58.483 INFO  NioFileCopierWithProgressMeter -     Transfer:  48.50% complete.  Est. time remaining: 02:03.862 (@67729.96 kbps)
19:56:59.079 INFO  NioFileCopierWithProgressMeter -     Transfer:  48.75% complete.  Est. time remaining: 02:01.154 (@68914.22 kbps)
19:56:59.728 INFO  NioFileCopierWithProgressMeter -     Transfer:  49.00% complete.  Est. time remaining: 02:03.002 (@67545.47 kbps)
19:57:00.154 INFO  NioFileCopierWithProgressMeter -     Transfer:  49.25% complete.  Est. time remaining: 01:56.394 (@71028.76 kbps)
19:57:00.619 INFO  NioFileCopierWithProgressMeter -     Transfer:  49.50% complete.  Est. time remaining: 01:54.192 (@72039.55 kbps)
19:57:01.570 INFO  NioFileCopierWithProgressMeter -     Transfer:  49.75% complete.  Est. time remaining: 02:01.866 (@67167.27 kbps)
19:57:02.341 INFO  NioFileCopierWithProgressMeter -     Transfer:  50.00% complete.  Est. time remaining: 02:04.838 (@65248.25 kbps)
19:57:02.973 INFO  NioFileCopierWithProgressMeter -     Transfer:  50.25% complete.  Est. time remaining: 02:05.902 (@64371.27 kbps)
19:57:03.400 INFO  NioFileCopierWithProgressMeter -     Transfer:  50.50% complete.  Est. time remaining: 01:58.243 (@68194.76 kbps)
19:57:03.891 INFO  NioFileCopierWithProgressMeter -     Transfer:  50.75% complete.  Est. time remaining: 01:52.789 (@71128.78 kbps)
19:57:04.553 INFO  NioFileCopierWithProgressMeter -     Transfer:  51.00% complete.  Est. time remaining: 01:51.750 (@71432.74 kbps)
19:57:05.151 INFO  NioFileCopierWithProgressMeter -     Transfer:  51.25% complete.  Est. time remaining: 01:50.945 (@71581.78 kbps)
19:57:05.717 INFO  NioFileCopierWithProgressMeter -     Transfer:  51.50% complete.  Est. time remaining: 01:48.964 (@72507.28 kbps)
19:57:06.752 INFO  NioFileCopierWithProgressMeter -     Transfer:  51.75% complete.  Est. time remaining: 01:57.567 (@66853.57 kbps)
19:57:07.445 INFO  NioFileCopierWithProgressMeter -     Transfer:  52.00% complete.  Est. time remaining: 02:02.589 (@63788.75 kbps)
19:57:08.143 INFO  NioFileCopierWithProgressMeter -     Transfer:  52.25% complete.  Est. time remaining: 01:59.042 (@65345.37 kbps)
19:57:08.649 INFO  NioFileCopierWithProgressMeter -     Transfer:  52.50% complete.  Est. time remaining: 01:53.332 (@68276.49 kbps)
19:57:09.432 INFO  NioFileCopierWithProgressMeter -     Transfer:  52.75% complete.  Est. time remaining: 01:54.851 (@67016.37 kbps)
19:57:10.027 INFO  NioFileCopierWithProgressMeter -     Transfer:  53.00% complete.  Est. time remaining: 01:59.052 (@64307.90 kbps)
19:57:10.627 INFO  NioFileCopierWithProgressMeter -     Transfer:  53.25% complete.  Est. time remaining: 02:01.631 (@62615.83 kbps)
19:57:11.167 INFO  NioFileCopierWithProgressMeter -     Transfer:  53.50% complete.  Est. time remaining: 01:58.024 (@64182.46 kbps)
19:57:11.766 INFO  NioFileCopierWithProgressMeter -     Transfer:  53.75% complete.  Est. time remaining: 01:57.428 (@64159.55 kbps)
19:57:12.852 INFO  NioFileCopierWithProgressMeter -     Transfer:  54.00% complete.  Est. time remaining: 02:03.450 (@60697.92 kbps)
19:57:13.796 INFO  NioFileCopierWithProgressMeter -     Transfer:  54.25% complete.  Est. time remaining: 02:02.250 (@60967.11 kbps)
19:57:14.317 INFO  NioFileCopierWithProgressMeter -     Transfer:  54.50% complete.  Est. time remaining: 01:57.503 (@63081.26 kbps)
19:57:14.922 INFO  NioFileCopierWithProgressMeter -     Transfer:  54.75% complete.  Est. time remaining: 01:55.207 (@63983.31 kbps)
19:57:15.650 INFO  NioFileCopierWithProgressMeter -     Transfer:  55.00% complete.  Est. time remaining: 01:59.195 (@61498.80 kbps)
19:57:16.323 INFO  NioFileCopierWithProgressMeter -     Transfer:  55.25% complete.  Est. time remaining: 01:56.887 (@62362.87 kbps)
19:57:16.775 INFO  NioFileCopierWithProgressMeter -     Transfer:  55.50% complete.  Est. time remaining: 01:52.685 (@64333.83 kbps)
19:57:17.403 INFO  NioFileCopierWithProgressMeter -     Transfer:  55.75% complete.  Est. time remaining: 01:52.301 (@64189.01 kbps)
19:57:17.978 INFO  NioFileCopierWithProgressMeter -     Transfer:  56.00% complete.  Est. time remaining: 01:52.497 (@63713.23 kbps)
19:57:18.453 INFO  NioFileCopierWithProgressMeter -     Transfer:  56.25% complete.  Est. time remaining: 01:48.775 (@65516.52 kbps)
19:57:18.990 INFO  NioFileCopierWithProgressMeter -     Transfer:  56.50% complete.  Est. time remaining: 01:42.440 (@69178.27 kbps)
19:57:19.735 INFO  NioFileCopierWithProgressMeter -     Transfer:  56.75% complete.  Est. time remaining: 01:40.005 (@70453.14 kbps)
19:57:20.473 INFO  NioFileCopierWithProgressMeter -     Transfer:  57.00% complete.  Est. time remaining: 01:42.819 (@68126.35 kbps)
19:57:21.493 INFO  NioFileCopierWithProgressMeter -     Transfer:  57.25% complete.  Est. time remaining: 01:46.519 (@65375.73 kbps)
19:57:21.965 INFO  NioFileCopierWithProgressMeter -     Transfer:  57.50% complete.  Est. time remaining: 01:41.170 (@68427.33 kbps)
19:57:22.574 INFO  NioFileCopierWithProgressMeter -     Transfer:  57.75% complete.  Est. time remaining: 01:39.895 (@68900.51 kbps)
19:57:23.041 INFO  NioFileCopierWithProgressMeter -     Transfer:  58.00% complete.  Est. time remaining: 01:39.395 (@68835.22 kbps)
19:57:23.489 INFO  NioFileCopierWithProgressMeter -     Transfer:  58.25% complete.  Est. time remaining: 01:35.149 (@71476.24 kbps)
19:57:24.170 INFO  NioFileCopierWithProgressMeter -     Transfer:  58.50% complete.  Est. time remaining: 01:36.067 (@70367.44 kbps)
19:57:24.873 INFO  NioFileCopierWithProgressMeter -     Transfer:  58.75% complete.  Est. time remaining: 01:39.694 (@67406.89 kbps)
19:57:25.461 INFO  NioFileCopierWithProgressMeter -     Transfer:  59.00% complete.  Est. time remaining: 01:39.765 (@66947.87 kbps)
19:57:25.912 INFO  NioFileCopierWithProgressMeter -     Transfer:  59.25% complete.  Est. time remaining: 01:34.125 (@70524.53 kbps)
19:57:26.590 INFO  NioFileCopierWithProgressMeter -     Transfer:  59.50% complete.  Est. time remaining: 01:32.897 (@71015.70 kbps)
19:57:27.144 INFO  NioFileCopierWithProgressMeter -     Transfer:  59.75% complete.  Est. time remaining: 01:28.351 (@74217.77 kbps)
19:57:27.679 INFO  NioFileCopierWithProgressMeter -     Transfer:  60.00% complete.  Est. time remaining: 01:29.007 (@73210.22 kbps)
19:57:28.246 INFO  NioFileCopierWithProgressMeter -     Transfer:  60.25% complete.  Est. time remaining: 01:27.663 (@73865.78 kbps)
19:57:28.965 INFO  NioFileCopierWithProgressMeter -     Transfer:  60.50% complete.  Est. time remaining: 01:30.895 (@70788.77 kbps)
19:57:29.492 INFO  NioFileCopierWithProgressMeter -     Transfer:  60.75% complete.  Est. time remaining: 01:32.127 (@69397.76 kbps)
19:57:30.045 INFO  NioFileCopierWithProgressMeter -     Transfer:  61.00% complete.  Est. time remaining: 01:29.969 (@70617.86 kbps)
19:57:30.682 INFO  NioFileCopierWithProgressMeter -     Transfer:  61.25% complete.  Est. time remaining: 01:28.451 (@71367.20 kbps)
19:57:31.144 INFO  NioFileCopierWithProgressMeter -     Transfer:  61.50% complete.  Est. time remaining: 01:25.590 (@73274.38 kbps)
19:57:31.865 INFO  NioFileCopierWithProgressMeter -     Transfer:  61.75% complete.  Est. time remaining: 01:29.169 (@69873.34 kbps)
19:57:32.547 INFO  NioFileCopierWithProgressMeter -     Transfer:  62.00% complete.  Est. time remaining: 01:28.823 (@69696.36 kbps)
19:57:33.052 INFO  NioFileCopierWithProgressMeter -     Transfer:  62.25% complete.  Est. time remaining: 01:27.124 (@70585.55 kbps)
19:57:33.843 INFO  NioFileCopierWithProgressMeter -     Transfer:  62.50% complete.  Est. time remaining: 01:29.702 (@68099.95 kbps)
19:57:34.310 INFO  NioFileCopierWithProgressMeter -     Transfer:  62.75% complete.  Est. time remaining: 01:27.098 (@69665.66 kbps)
19:57:34.825 INFO  NioFileCopierWithProgressMeter -     Transfer:  63.00% complete.  Est. time remaining: 01:23.814 (@71906.37 kbps)
19:57:35.269 INFO  NioFileCopierWithProgressMeter -     Transfer:  63.25% complete.  Est. time remaining: 01:21.845 (@73148.97 kbps)
19:57:35.694 INFO  NioFileCopierWithProgressMeter -     Transfer:  63.50% complete.  Est. time remaining: 01:18.699 (@75551.83 kbps)
19:57:36.177 INFO  NioFileCopierWithProgressMeter -     Transfer:  63.75% complete.  Est. time remaining: 01:16.075 (@77619.62 kbps)
19:57:36.636 INFO  NioFileCopierWithProgressMeter -     Transfer:  64.00% complete.  Est. time remaining: 01:15.510 (@77658.33 kbps)
19:57:37.271 INFO  NioFileCopierWithProgressMeter -     Transfer:  64.25% complete.  Est. time remaining: 01:14.403 (@78276.39 kbps)
19:57:38.061 INFO  NioFileCopierWithProgressMeter -     Transfer:  64.50% complete.  Est. time remaining: 01:14.527 (@77596.88 kbps)
19:57:38.523 INFO  NioFileCopierWithProgressMeter -     Transfer:  64.75% complete.  Est. time remaining: 01:13.268 (@78371.02 kbps)
19:57:39.016 INFO  NioFileCopierWithProgressMeter -     Transfer:  65.00% complete.  Est. time remaining: 01:09.957 (@81494.53 kbps)
19:57:39.725 INFO  NioFileCopierWithProgressMeter -     Transfer:  65.25% complete.  Est. time remaining: 01:12.260 (@78345.51 kbps)
19:57:40.432 INFO  NioFileCopierWithProgressMeter -     Transfer:  65.50% complete.  Est. time remaining: 01:13.763 (@76193.81 kbps)
19:57:41.154 INFO  NioFileCopierWithProgressMeter -     Transfer:  65.75% complete.  Est. time remaining: 01:16.592 (@72844.19 kbps)
19:57:41.715 INFO  NioFileCopierWithProgressMeter -     Transfer:  66.00% complete.  Est. time remaining: 01:18.520 (@70533.92 kbps)
19:57:42.414 INFO  NioFileCopierWithProgressMeter -     Transfer:  66.25% complete.  Est. time remaining: 01:20.968 (@67895.79 kbps)
19:57:43.049 INFO  NioFileCopierWithProgressMeter -     Transfer:  66.50% complete.  Est. time remaining: 01:23.612 (@65271.10 kbps)
19:57:43.566 INFO  NioFileCopierWithProgressMeter -     Transfer:  66.75% complete.  Est. time remaining: 01:20.970 (@66894.67 kbps)
19:57:44.164 INFO  NioFileCopierWithProgressMeter -     Transfer:  67.00% complete.  Est. time remaining: 01:18.407 (@68559.36 kbps)
19:57:44.974 INFO  NioFileCopierWithProgressMeter -     Transfer:  67.25% complete.  Est. time remaining: 01:22.403 (@64737.37 kbps)
19:57:45.410 INFO  NioFileCopierWithProgressMeter -     Transfer:  67.50% complete.  Est. time remaining: 01:20.725 (@65588.69 kbps)
19:57:45.882 INFO  NioFileCopierWithProgressMeter -     Transfer:  67.75% complete.  Est. time remaining: 01:16.534 (@68644.40 kbps)
19:57:46.398 INFO  NioFileCopierWithProgressMeter -     Transfer:  68.00% complete.  Est. time remaining: 01:13.646 (@70780.69 kbps)
19:57:46.984 INFO  NioFileCopierWithProgressMeter -     Transfer:  68.25% complete.  Est. time remaining: 01:11.725 (@72105.16 kbps)
19:57:47.384 INFO  NioFileCopierWithProgressMeter -     Transfer:  68.50% complete.  Est. time remaining: 01:08.371 (@75043.46 kbps)
19:57:47.980 INFO  NioFileCopierWithProgressMeter -     Transfer:  68.75% complete.  Est. time remaining: 01:07.077 (@75895.59 kbps)
19:57:48.615 INFO  NioFileCopierWithProgressMeter -     Transfer:  69.00% complete.  Est. time remaining: 01:06.405 (@76046.93 kbps)
19:57:49.510 INFO  NioFileCopierWithProgressMeter -     Transfer:  69.25% complete.  Est. time remaining: 01:08.898 (@72700.84 kbps)
19:57:50.033 INFO  NioFileCopierWithProgressMeter -     Transfer:  69.50% complete.  Est. time remaining: 01:07.410 (@73698.08 kbps)
19:57:50.696 INFO  NioFileCopierWithProgressMeter -     Transfer:  69.75% complete.  Est. time remaining: 01:06.000 (@74667.67 kbps)
19:57:51.176 INFO  NioFileCopierWithProgressMeter -     Transfer:  70.00% complete.  Est. time remaining: 01:05.989 (@74059.18 kbps)
19:57:51.810 INFO  NioFileCopierWithProgressMeter -     Transfer:  70.25% complete.  Est. time remaining: 01:07.473 (@71823.36 kbps)
19:57:52.407 INFO  NioFileCopierWithProgressMeter -     Transfer:  70.50% complete.  Est. time remaining: 01:07.921 (@70746.35 kbps)
19:57:53.065 INFO  NioFileCopierWithProgressMeter -     Transfer:  70.75% complete.  Est. time remaining: 01:08.069 (@69990.98 kbps)
19:57:53.716 INFO  NioFileCopierWithProgressMeter -     Transfer:  71.00% complete.  Est. time remaining: 01:11.732 (@65859.88 kbps)
19:57:54.207 INFO  NioFileCopierWithProgressMeter -     Transfer:  71.25% complete.  Est. time remaining: 01:09.392 (@67490.11 kbps)
19:57:54.805 INFO  NioFileCopierWithProgressMeter -     Transfer:  71.50% complete.  Est. time remaining: 01:08.370 (@67900.69 kbps)
19:57:55.370 INFO  NioFileCopierWithProgressMeter -     Transfer:  71.75% complete.  Est. time remaining: 01:05.188 (@70586.56 kbps)
19:57:55.795 INFO  NioFileCopierWithProgressMeter -     Transfer:  72.00% complete.  Est. time remaining: 01:03.233 (@72136.52 kbps)
19:57:56.374 INFO  NioFileCopierWithProgressMeter -     Transfer:  72.25% complete.  Est. time remaining: 01:01.774 (@73178.16 kbps)
19:57:56.916 INFO  NioFileCopierWithProgressMeter -     Transfer:  72.50% complete.  Est. time remaining: 01:02.045 (@72198.18 kbps)
19:57:57.390 INFO  NioFileCopierWithProgressMeter -     Transfer:  72.75% complete.  Est. time remaining: 59.660 (@74397.23 kbps)
19:57:58.074 INFO  NioFileCopierWithProgressMeter -     Transfer:  73.00% complete.  Est. time remaining: 59.947 (@73374.86 kbps)
19:57:58.622 INFO  NioFileCopierWithProgressMeter -     Transfer:  73.25% complete.  Est. time remaining: 58.402 (@74614.91 kbps)
19:57:59.166 INFO  NioFileCopierWithProgressMeter -     Transfer:  73.50% complete.  Est. time remaining: 56.781 (@76023.62 kbps)
19:57:59.686 INFO  NioFileCopierWithProgressMeter -     Transfer:  73.75% complete.  Est. time remaining: 56.577 (@75573.57 kbps)
19:58:00.372 INFO  NioFileCopierWithProgressMeter -     Transfer:  74.00% complete.  Est. time remaining: 56.703 (@74683.44 kbps)
19:58:00.866 INFO  NioFileCopierWithProgressMeter -     Transfer:  74.25% complete.  Est. time remaining: 55.545 (@75521.64 kbps)
19:58:01.323 INFO  NioFileCopierWithProgressMeter -     Transfer:  74.50% complete.  Est. time remaining: 55.320 (@75087.73 kbps)
19:58:01.860 INFO  NioFileCopierWithProgressMeter -     Transfer:  74.75% complete.  Est. time remaining: 54.364 (@75655.26 kbps)
19:58:02.340 INFO  NioFileCopierWithProgressMeter -     Transfer:  75.00% complete.  Est. time remaining: 53.134 (@76635.24 kbps)
19:58:02.775 INFO  NioFileCopierWithProgressMeter -     Transfer:  75.25% complete.  Est. time remaining: 52.258 (@77156.31 kbps)
19:58:03.355 INFO  NioFileCopierWithProgressMeter -     Transfer:  75.50% complete.  Est. time remaining: 50.920 (@78379.78 kbps)
19:58:04.230 INFO  NioFileCopierWithProgressMeter -     Transfer:  75.75% complete.  Est. time remaining: 52.256 (@75591.83 kbps)
19:58:04.691 INFO  NioFileCopierWithProgressMeter -     Transfer:  76.00% complete.  Est. time remaining: 50.799 (@76952.90 kbps)
19:58:05.476 INFO  NioFileCopierWithProgressMeter -     Transfer:  76.25% complete.  Est. time remaining: 52.077 (@74278.63 kbps)
19:58:06.120 INFO  NioFileCopierWithProgressMeter -     Transfer:  76.50% complete.  Est. time remaining: 51.373 (@74518.67 kbps)
19:58:06.676 INFO  NioFileCopierWithProgressMeter -     Transfer:  76.75% complete.  Est. time remaining: 51.320 (@73798.25 kbps)
19:58:07.372 INFO  NioFileCopierWithProgressMeter -     Transfer:  77.00% complete.  Est. time remaining: 52.974 (@70720.50 kbps)
19:58:07.871 INFO  NioFileCopierWithProgressMeter -     Transfer:  77.25% complete.  Est. time remaining: 51.966 (@71303.61 kbps)
19:58:08.494 INFO  NioFileCopierWithProgressMeter -     Transfer:  77.50% complete.  Est. time remaining: 52.997 (@69162.74 kbps)
19:58:09.104 INFO  NioFileCopierWithProgressMeter -     Transfer:  77.75% complete.  Est. time remaining: 54.334 (@66707.83 kbps)
19:58:09.597 INFO  NioFileCopierWithProgressMeter -     Transfer:  78.00% complete.  Est. time remaining: 52.721 (@67970.96 kbps)
19:58:10.161 INFO  NioFileCopierWithProgressMeter -     Transfer:  78.25% complete.  Est. time remaining: 50.216 (@70546.87 kbps)
19:58:10.863 INFO  NioFileCopierWithProgressMeter -     Transfer:  78.50% complete.  Est. time remaining: 51.887 (@67485.61 kbps)
19:58:11.513 INFO  NioFileCopierWithProgressMeter -     Transfer:  78.75% complete.  Est. time remaining: 50.600 (@68411.77 kbps)
19:58:12.055 INFO  NioFileCopierWithProgressMeter -     Transfer:  79.00% complete.  Est. time remaining: 49.027 (@69772.05 kbps)
19:58:12.556 INFO  NioFileCopierWithProgressMeter -     Transfer:  79.25% complete.  Est. time remaining: 47.894 (@70567.52 kbps)
19:58:13.184 INFO  NioFileCopierWithProgressMeter -     Transfer:  79.50% complete.  Est. time remaining: 46.890 (@71204.75 kbps)
19:58:13.627 INFO  NioFileCopierWithProgressMeter -     Transfer:  79.75% complete.  Est. time remaining: 45.821 (@71994.75 kbps)
19:58:14.308 INFO  NioFileCopierWithProgressMeter -     Transfer:  80.00% complete.  Est. time remaining: 45.496 (@71608.01 kbps)
19:58:15.153 INFO  NioFileCopierWithProgressMeter -     Transfer:  80.25% complete.  Est. time remaining: 46.131 (@69735.31 kbps)
19:58:15.709 INFO  NioFileCopierWithProgressMeter -     Transfer:  80.50% complete.  Est. time remaining: 46.178 (@68777.01 kbps)
19:58:16.261 INFO  NioFileCopierWithProgressMeter -     Transfer:  80.75% complete.  Est. time remaining: 45.615 (@68749.39 kbps)
19:58:16.768 INFO  NioFileCopierWithProgressMeter -     Transfer:  81.00% complete.  Est. time remaining: 43.592 (@71001.17 kbps)
19:58:17.335 INFO  NioFileCopierWithProgressMeter -     Transfer:  81.25% complete.  Est. time remaining: 42.370 (@72081.15 kbps)
19:58:17.878 INFO  NioFileCopierWithProgressMeter -     Transfer:  81.50% complete.  Est. time remaining: 41.818 (@72053.26 kbps)
19:58:18.408 INFO  NioFileCopierWithProgressMeter -     Transfer:  81.75% complete.  Est. time remaining: 41.508 (@71605.92 kbps)
19:58:18.941 INFO  NioFileCopierWithProgressMeter -     Transfer:  82.00% complete.  Est. time remaining: 40.395 (@72590.39 kbps)
19:58:19.589 INFO  NioFileCopierWithProgressMeter -     Transfer:  82.25% complete.  Est. time remaining: 41.365 (@69896.48 kbps)
19:58:20.051 INFO  NioFileCopierWithProgressMeter -     Transfer:  82.50% complete.  Est. time remaining: 39.186 (@72738.75 kbps)
19:58:20.550 INFO  NioFileCopierWithProgressMeter -     Transfer:  82.75% complete.  Est. time remaining: 36.920 (@76094.09 kbps)
19:58:21.034 INFO  NioFileCopierWithProgressMeter -     Transfer:  83.00% complete.  Est. time remaining: 35.969 (@76995.51 kbps)
19:58:21.714 INFO  NioFileCopierWithProgressMeter -     Transfer:  83.25% complete.  Est. time remaining: 35.999 (@75793.12 kbps)
19:58:22.394 INFO  NioFileCopierWithProgressMeter -     Transfer:  83.50% complete.  Est. time remaining: 36.450 (@73730.66 kbps)
19:58:23.036 INFO  NioFileCopierWithProgressMeter -     Transfer:  83.75% complete.  Est. time remaining: 36.311 (@72886.74 kbps)
19:58:23.644 INFO  NioFileCopierWithProgressMeter -     Transfer:  84.00% complete.  Est. time remaining: 36.143 (@72091.40 kbps)
19:58:24.341 INFO  NioFileCopierWithProgressMeter -     Transfer:  84.25% complete.  Est. time remaining: 36.604 (@70092.80 kbps)
19:58:24.860 INFO  NioFileCopierWithProgressMeter -     Transfer:  84.50% complete.  Est. time remaining: 35.823 (@70478.13 kbps)
19:58:25.454 INFO  NioFileCopierWithProgressMeter -     Transfer:  84.75% complete.  Est. time remaining: 34.951 (@71064.40 kbps)
19:58:26.052 INFO  NioFileCopierWithProgressMeter -     Transfer:  85.00% complete.  Est. time remaining: 35.378 (@69048.09 kbps)
19:58:26.476 INFO  NioFileCopierWithProgressMeter -     Transfer:  85.25% complete.  Est. time remaining: 34.189 (@70280.81 kbps)
19:58:27.042 INFO  NioFileCopierWithProgressMeter -     Transfer:  85.50% complete.  Est. time remaining: 34.107 (@69249.24 kbps)
19:58:27.573 INFO  NioFileCopierWithProgressMeter -     Transfer:  85.75% complete.  Est. time remaining: 32.714 (@70945.14 kbps)
19:58:28.101 INFO  NioFileCopierWithProgressMeter -     Transfer:  86.00% complete.  Est. time remaining: 31.374 (@72670.31 kbps)
19:58:28.718 INFO  NioFileCopierWithProgressMeter -     Transfer:  86.25% complete.  Est. time remaining: 30.697 (@72939.60 kbps)
19:58:29.159 INFO  NioFileCopierWithProgressMeter -     Transfer:  86.50% complete.  Est. time remaining: 29.225 (@75247.44 kbps)
19:58:29.642 INFO  NioFileCopierWithProgressMeter -     Transfer:  86.75% complete.  Est. time remaining: 27.662 (@78015.67 kbps)
19:58:30.076 INFO  NioFileCopierWithProgressMeter -     Transfer:  87.00% complete.  Est. time remaining: 26.610 (@79561.36 kbps)
19:58:30.586 INFO  NioFileCopierWithProgressMeter -     Transfer:  87.25% complete.  Est. time remaining: 25.727 (@80701.26 kbps)
19:58:31.407 INFO  NioFileCopierWithProgressMeter -     Transfer:  87.50% complete.  Est. time remaining: 25.868 (@78716.07 kbps)
19:58:32.054 INFO  NioFileCopierWithProgressMeter -     Transfer:  87.75% complete.  Est. time remaining: 26.391 (@75605.69 kbps)
19:58:32.587 INFO  NioFileCopierWithProgressMeter -     Transfer:  88.00% complete.  Est. time remaining: 25.697 (@76053.75 kbps)
19:58:33.087 INFO  NioFileCopierWithProgressMeter -     Transfer:  88.25% complete.  Est. time remaining: 25.000 (@76533.86 kbps)
19:58:33.580 INFO  NioFileCopierWithProgressMeter -     Transfer:  88.50% complete.  Est. time remaining: 24.364 (@76893.36 kbps)
19:58:34.025 INFO  NioFileCopierWithProgressMeter -     Transfer:  88.75% complete.  Est. time remaining: 23.065 (@79448.50 kbps)
19:58:34.474 INFO  NioFileCopierWithProgressMeter -     Transfer:  89.00% complete.  Est. time remaining: 22.525 (@79535.58 kbps)
19:58:35.216 INFO  NioFileCopierWithProgressMeter -     Transfer:  89.25% complete.  Est. time remaining: 22.866 (@76557.87 kbps)
19:58:35.867 INFO  NioFileCopierWithProgressMeter -     Transfer:  89.50% complete.  Est. time remaining: 23.285 (@73421.62 kbps)
19:58:36.384 INFO  NioFileCopierWithProgressMeter -     Transfer:  89.75% complete.  Est. time remaining: 22.841 (@73099.03 kbps)
19:58:36.868 INFO  NioFileCopierWithProgressMeter -     Transfer:  90.00% complete.  Est. time remaining: 21.231 (@76715.05 kbps)
19:58:37.348 INFO  NioFileCopierWithProgressMeter -     Transfer:  90.25% complete.  Est. time remaining: 20.119 (@78917.63 kbps)
19:58:38.052 INFO  NioFileCopierWithProgressMeter -     Transfer:  90.50% complete.  Est. time remaining: 20.075 (@77051.01 kbps)
19:58:38.546 INFO  NioFileCopierWithProgressMeter -     Transfer:  90.75% complete.  Est. time remaining: 19.588 (@76926.80 kbps)
19:58:39.020 INFO  NioFileCopierWithProgressMeter -     Transfer:  91.00% complete.  Est. time remaining: 18.922 (@77469.35 kbps)
19:58:39.452 INFO  NioFileCopierWithProgressMeter -     Transfer:  91.25% complete.  Est. time remaining: 18.323 (@77768.33 kbps)
19:58:39.917 INFO  NioFileCopierWithProgressMeter -     Transfer:  91.50% complete.  Est. time remaining: 17.868 (@77453.06 kbps)
19:58:40.538 INFO  NioFileCopierWithProgressMeter -     Transfer:  91.75% complete.  Est. time remaining: 17.102 (@78528.66 kbps)
19:58:41.240 INFO  NioFileCopierWithProgressMeter -     Transfer:  92.00% complete.  Est. time remaining: 16.724 (@77916.01 kbps)
19:58:41.887 INFO  NioFileCopierWithProgressMeter -     Transfer:  92.25% complete.  Est. time remaining: 16.493 (@76522.20 kbps)
19:58:42.341 INFO  NioFileCopierWithProgressMeter -     Transfer:  92.50% complete.  Est. time remaining: 15.842 (@77083.81 kbps)
19:58:42.972 INFO  NioFileCopierWithProgressMeter -     Transfer:  92.75% complete.  Est. time remaining: 15.727 (@75041.76 kbps)
19:58:43.461 INFO  NioFileCopierWithProgressMeter -     Transfer:  93.00% complete.  Est. time remaining: 14.734 (@77390.45 kbps)
19:58:44.068 INFO  NioFileCopierWithProgressMeter -     Transfer:  93.25% complete.  Est. time remaining: 14.452 (@76065.32 kbps)
19:58:44.625 INFO  NioFileCopierWithProgressMeter -     Transfer:  93.50% complete.  Est. time remaining: 14.157 (@74759.38 kbps)
19:58:45.140 INFO  NioFileCopierWithProgressMeter -     Transfer:  93.75% complete.  Est. time remaining: 13.894 (@73224.77 kbps)
19:58:45.719 INFO  NioFileCopierWithProgressMeter -     Transfer:  94.00% complete.  Est. time remaining: 13.710 (@71294.59 kbps)
19:58:46.339 INFO  NioFileCopierWithProgressMeter -     Transfer:  94.25% complete.  Est. time remaining: 13.131 (@71315.91 kbps)
19:58:47.111 INFO  NioFileCopierWithProgressMeter -     Transfer:  94.50% complete.  Est. time remaining: 12.625 (@70932.72 kbps)
19:58:47.669 INFO  NioFileCopierWithProgressMeter -     Transfer:  94.75% complete.  Est. time remaining: 11.876 (@71955.64 kbps)
19:58:48.245 INFO  NioFileCopierWithProgressMeter -     Transfer:  95.00% complete.  Est. time remaining: 11.619 (@70024.81 kbps)
19:58:48.786 INFO  NioFileCopierWithProgressMeter -     Transfer:  95.25% complete.  Est. time remaining: 10.910 (@70915.41 kbps)
19:58:49.223 INFO  NioFileCopierWithProgressMeter -     Transfer:  95.50% complete.  Est. time remaining: 10.156 (@72143.03 kbps)
19:58:49.879 INFO  NioFileCopierWithProgressMeter -     Transfer:  95.75% complete.  Est. time remaining: 09.656 (@71637.39 kbps)
19:58:50.372 INFO  NioFileCopierWithProgressMeter -     Transfer:  96.00% complete.  Est. time remaining: 08.963 (@72608.92 kbps)
19:58:50.947 INFO  NioFileCopierWithProgressMeter -     Transfer:  96.25% complete.  Est. time remaining: 08.533 (@71585.44 kbps)
19:58:51.528 INFO  NioFileCopierWithProgressMeter -     Transfer:  96.50% complete.  Est. time remaining: 07.943 (@71750.09 kbps)
19:58:52.266 INFO  NioFileCopierWithProgressMeter -     Transfer:  96.75% complete.  Est. time remaining: 07.482 (@70690.64 kbps)
19:58:52.698 INFO  NioFileCopierWithProgressMeter -     Transfer:  97.00% complete.  Est. time remaining: 06.516 (@74888.42 kbps)
19:58:53.186 INFO  NioFileCopierWithProgressMeter -     Transfer:  97.25% complete.  Est. time remaining: 05.887 (@75928.18 kbps)
19:58:53.606 INFO  NioFileCopierWithProgressMeter -     Transfer:  97.50% complete.  Est. time remaining: 05.196 (@78348.33 kbps)
19:58:54.426 INFO  NioFileCopierWithProgressMeter -     Transfer:  97.75% complete.  Est. time remaining: 04.820 (@75961.57 kbps)
19:58:55.095 INFO  NioFileCopierWithProgressMeter -     Transfer:  98.00% complete.  Est. time remaining: 04.473 (@72689.65 kbps)
19:58:55.819 INFO  NioFileCopierWithProgressMeter -     Transfer:  98.25% complete.  Est. time remaining: 03.942 (@72101.49 kbps)
19:58:56.532 INFO  NioFileCopierWithProgressMeter -     Transfer:  98.50% complete.  Est. time remaining: 03.521 (@69377.41 kbps)
19:58:56.974 INFO  NioFileCopierWithProgressMeter -     Transfer:  98.75% complete.  Est. time remaining: 02.835 (@71720.00 kbps)
19:58:57.565 INFO  NioFileCopierWithProgressMeter -     Transfer:  99.00% complete.  Est. time remaining: 02.267 (@71600.31 kbps)
19:58:57.987 INFO  NioFileCopierWithProgressMeter -     Transfer:  99.25% complete.  Est. time remaining: 01.602 (@75748.80 kbps)
19:58:58.457 INFO  NioFileCopierWithProgressMeter -     Transfer:  99.50% complete.  Est. time remaining: 01.073 (@74960.22 kbps)
19:58:58.998 INFO  NioFileCopierWithProgressMeter -     Transfer:  99.75% complete.  Est. time remaining: 00.547 (@73962.33 kbps)
19:58:59.693 INFO  NioFileCopierWithProgressMeter -     Transfer:  100.00% complete.  Est. time remaining: 00.000 (@70260.55 kbps)
19:59:00.288 INFO  NioFileCopierWithProgressMeter - Download Complete! - Total elapsed time: 243s
19:59:00.288 INFO  FuncotatorDataSourceDownloader - Integrity check on downloaded data sources succeeded.
19:59:00.290 INFO  IOUtils - Extracting data from archive: file:///coh_labs/dits/rayyan/Projects/GATK-pipeline/GATK_somatic/funcotator_dataSources.v1.8.hg38.20230908s.tar.gz
19:59:01.402 INFO  IOUtils - Extracting file: funcotator_dataSources.v1.8.hg38.20230908s/
19:59:01.404 INFO  IOUtils - Extracting file: funcotator_dataSources.v1.8.hg38.20230908s/cosmic_fusion/
19:59:01.406 INFO  IOUtils - Extracting file: funcotator_dataSources.v1.8.hg38.20230908s/cosmic_fusion/hg38/
19:59:01.408 INFO  IOUtils - Extracting file: funcotator_dataSources.v1.8.hg38.20230908s/cosmic_fusion/hg38/cosmic_fusion.config
19:59:01.419 INFO  IOUtils - Extracting file: funcotator_dataSources.v1.8.hg38.20230908s/cosmic_fusion/hg38/cosmic_fusion.tsv
19:59:01.422 INFO  IOUtils - Extracting file: funcotator_dataSources.v1.8.hg38.20230908s/cosmic_fusion/metadata.txt
19:59:01.423 INFO  IOUtils - Extracting file: funcotator_dataSources.v1.8.hg38.20230908s/gencode/
19:59:01.424 INFO  IOUtils - Extracting file: funcotator_dataSources.v1.8.hg38.20230908s/gencode/hg38/
19:59:01.426 INFO  IOUtils - Extracting file: funcotator_dataSources.v1.8.hg38.20230908s/gencode/hg38/gencode.v43.annotation.REORDERED.gtf.idx
19:59:01.432 INFO  IOUtils - Extracting file: funcotator_dataSources.v1.8.hg38.20230908s/gencode/hg38/gencode.v43.pc_transcripts.dict
19:59:01.572 INFO  IOUtils - Extracting file: funcotator_dataSources.v1.8.hg38.20230908s/gencode/hg38/gencode.v43.annotation.REORDERED.gtf
19:59:05.204 INFO  IOUtils - Extracting file: funcotator_dataSources.v1.8.hg38.20230908s/gencode/hg38/gencode.v43.pc_transcripts.fa
19:59:06.288 INFO  IOUtils - Extracting file: funcotator_dataSources.v1.8.hg38.20230908s/gencode/hg38/gencode.config
19:59:06.290 INFO  IOUtils - Extracting file: funcotator_dataSources.v1.8.hg38.20230908s/gencode/hg38/gencode.v43.pc_transcripts.fa.fai
19:59:06.380 INFO  IOUtils - Extracting file: funcotator_dataSources.v1.8.hg38.20230908s/gencode_xrefseq/
19:59:06.381 INFO  IOUtils - Extracting file: funcotator_dataSources.v1.8.hg38.20230908s/gencode_xrefseq/hg38/
19:59:06.382 INFO  IOUtils - Extracting file: funcotator_dataSources.v1.8.hg38.20230908s/gencode_xrefseq/hg38/gencode_xrefseq_v110_38.tsv
19:59:06.424 INFO  IOUtils - Extracting file: funcotator_dataSources.v1.8.hg38.20230908s/gencode_xrefseq/hg38/gencode_xrefseq.config
19:59:06.426 INFO  IOUtils - Extracting file: funcotator_dataSources.v1.8.hg38.20230908s/clinvar/
19:59:06.427 INFO  IOUtils - Extracting file: funcotator_dataSources.v1.8.hg38.20230908s/clinvar/hg38/
19:59:06.428 INFO  IOUtils - Extracting file: funcotator_dataSources.v1.8.hg38.20230908s/clinvar/hg38/clinvar_vcf.config
19:59:06.431 INFO  IOUtils - Extracting file: funcotator_dataSources.v1.8.hg38.20230908s/clinvar/hg38/clinvar_20230717_hg38.vcf
19:59:08.986 INFO  IOUtils - Extracting file: funcotator_dataSources.v1.8.hg38.20230908s/clinvar/hg38/clinvar_20230717_hg38.vcf.idx
19:59:09.017 INFO  IOUtils - Extracting file: funcotator_dataSources.v1.8.hg38.20230908s/oreganno/
19:59:09.018 INFO  IOUtils - Extracting file: funcotator_dataSources.v1.8.hg38.20230908s/oreganno/hg38/
19:59:09.019 INFO  IOUtils - Extracting file: funcotator_dataSources.v1.8.hg38.20230908s/oreganno/hg38/oreganno.config
19:59:09.021 INFO  IOUtils - Extracting file: funcotator_dataSources.v1.8.hg38.20230908s/oreganno/hg38/oreganno.tsv.idx
19:59:09.036 INFO  IOUtils - Extracting file: funcotator_dataSources.v1.8.hg38.20230908s/oreganno/hg38/oreganno.tsv
19:59:09.836 INFO  IOUtils - Extracting file: funcotator_dataSources.v1.8.hg38.20230908s/achilles/
19:59:09.837 INFO  IOUtils - Extracting file: funcotator_dataSources.v1.8.hg38.20230908s/achilles/hg38/
19:59:09.840 INFO  IOUtils - Extracting file: funcotator_dataSources.v1.8.hg38.20230908s/achilles/hg38/achilles.config
19:59:09.842 INFO  IOUtils - Extracting file: funcotator_dataSources.v1.8.hg38.20230908s/achilles/hg38/achilles_lineage_results.import.txt
19:59:09.844 INFO  IOUtils - Extracting file: funcotator_dataSources.v1.8.hg38.20230908s/simple_uniprot/
19:59:09.846 INFO  IOUtils - Extracting file: funcotator_dataSources.v1.8.hg38.20230908s/simple_uniprot/hg38/
19:59:09.847 INFO  IOUtils - Extracting file: funcotator_dataSources.v1.8.hg38.20230908s/simple_uniprot/hg38/simple_uniprot_Dec012014.tsv
19:59:09.891 INFO  IOUtils - Extracting file: funcotator_dataSources.v1.8.hg38.20230908s/simple_uniprot/hg38/simple_uniprot.config
19:59:09.893 INFO  IOUtils - Extracting file: funcotator_dataSources.v1.8.hg38.20230908s/clinvar_hgmd/
19:59:09.894 INFO  IOUtils - Extracting file: funcotator_dataSources.v1.8.hg38.20230908s/dna_repair_genes/
19:59:09.895 INFO  IOUtils - Extracting file: funcotator_dataSources.v1.8.hg38.20230908s/dbsnp/
19:59:09.895 INFO  IOUtils - Extracting file: funcotator_dataSources.v1.8.hg38.20230908s/dbsnp/hg38/
19:59:09.897 INFO  IOUtils - Extracting file: funcotator_dataSources.v1.8.hg38.20230908s/dbsnp/hg38/hg38_All_20180418.vcf.gz
20:00:36.848 INFO  IOUtils - Extracting file: funcotator_dataSources.v1.8.hg38.20230908s/dbsnp/hg38/dbSNP.config
20:00:36.852 INFO  IOUtils - Extracting file: funcotator_dataSources.v1.8.hg38.20230908s/dbsnp/hg38/hg38_All_20180418.vcf.gz.tbi
20:00:36.887 INFO  IOUtils - Extracting file: funcotator_dataSources.v1.8.hg38.20230908s/transcriptList.exact_uniprot_matches.AKT1_CRLF2_FGFR1.txt
20:00:36.892 INFO  IOUtils - Extracting file: funcotator_dataSources.v1.8.hg38.20230908s/template.config
20:00:36.895 INFO  IOUtils - Extracting file: funcotator_dataSources.v1.8.hg38.20230908s/README.txt
20:00:36.897 INFO  IOUtils - Extracting file: funcotator_dataSources.v1.8.hg38.20230908s/hgnc/
20:00:36.898 INFO  IOUtils - Extracting file: funcotator_dataSources.v1.8.hg38.20230908s/hgnc/hg38/
20:00:36.899 INFO  IOUtils - Extracting file: funcotator_dataSources.v1.8.hg38.20230908s/hgnc/hg38/hgnc.config
20:00:36.901 INFO  IOUtils - Extracting file: funcotator_dataSources.v1.8.hg38.20230908s/hgnc/hg38/hgnc_download_Jun282023.tsv
20:00:36.973 INFO  IOUtils - Extracting file: funcotator_dataSources.v1.8.hg38.20230908s/cosmic_tissue/
20:00:36.974 INFO  IOUtils - Extracting file: funcotator_dataSources.v1.8.hg38.20230908s/cosmic_tissue/hg38/
20:00:36.975 INFO  IOUtils - Extracting file: funcotator_dataSources.v1.8.hg38.20230908s/cosmic_tissue/hg38/cosmic_tissue.tsv
20:00:37.003 INFO  IOUtils - Extracting file: funcotator_dataSources.v1.8.hg38.20230908s/cosmic_tissue/hg38/cosmic_tissue.config
20:00:37.005 INFO  IOUtils - Extracting file: funcotator_dataSources.v1.8.hg38.20230908s/cosmic_tissue/metadata.txt
20:00:37.007 INFO  IOUtils - Extracting file: funcotator_dataSources.v1.8.hg38.20230908s/familial/
20:00:37.008 INFO  IOUtils - Extracting file: funcotator_dataSources.v1.8.hg38.20230908s/familial/hg38/
20:00:37.009 INFO  IOUtils - Extracting file: funcotator_dataSources.v1.8.hg38.20230908s/familial/hg38/familial.config
20:00:37.012 INFO  IOUtils - Extracting file: funcotator_dataSources.v1.8.hg38.20230908s/familial/hg38/Familial_Cancer_Genes.no_dupes.tsv
20:00:37.014 INFO  IOUtils - Extracting file: funcotator_dataSources.v1.8.hg38.20230908s/MANIFEST.txt
20:00:37.015 INFO  IOUtils - Extracting file: funcotator_dataSources.v1.8.hg38.20230908s/cosmic/
20:00:37.016 INFO  IOUtils - Extracting file: funcotator_dataSources.v1.8.hg38.20230908s/cosmic/hg38/
20:00:37.018 INFO  IOUtils - Extracting file: funcotator_dataSources.v1.8.hg38.20230908s/cosmic/hg38/Cosmic.db
20:00:43.802 INFO  IOUtils - Extracting file: funcotator_dataSources.v1.8.hg38.20230908s/cosmic/hg38/cosmic.config
20:00:43.804 INFO  IOUtils - Extracting file: funcotator_dataSources.v1.8.hg38.20230908s/cosmic/metadata.txt
20:00:43.806 INFO  IOUtils - Extracting file: funcotator_dataSources.v1.8.hg38.20230908s/gnomAD_exome.tar.gz
20:00:43.808 INFO  IOUtils - Extracting file: funcotator_dataSources.v1.8.hg38.20230908s/gnomAD_genome.tar.gz
20:00:43.809 INFO  IOUtils - Extracting file: funcotator_dataSources.v1.8.hg38.20230908s/gencode_xhgnc/
20:00:43.810 INFO  IOUtils - Extracting file: funcotator_dataSources.v1.8.hg38.20230908s/gencode_xhgnc/hg38/
20:00:43.811 INFO  IOUtils - Extracting file: funcotator_dataSources.v1.8.hg38.20230908s/gencode_xhgnc/hg38/gencode_xhgnc_v110_38.tsv
20:00:43.919 INFO  IOUtils - Extracting file: funcotator_dataSources.v1.8.hg38.20230908s/gencode_xhgnc/hg38/gencode_xhgnc.config
20:00:43.921 INFO  FuncotatorDataSourceDownloader - Shutting down engine
[August 16, 2024 at 8:00:43 PM GMT] org.broadinstitute.hellbender.tools.funcotator.FuncotatorDataSourceDownloader done. Elapsed time: 5.81 minutes.
Runtime.totalMemory()=285212672
Tool returned:
true
Using GATK jar /gatk/gatk-package-4.6.0.0-local.jar
Running:
    java -Dsamjdk.use_async_io_read_samtools=false -Dsamjdk.use_async_io_write_samtools=true -Dsamjdk.use_async_io_write_tribble=false -Dsamjdk.compression_level=2 -jar /gatk/gatk-package-4.6.0.0-local.jar FuncotatorDataSourceDownloader --somatic --hg38 --validate-integrity --extract-after-download
