23:02:29.979 INFO  NativeLibraryLoader - Loading libgkl_compression.so from jar:file:/gatk/gatk-package-4.2.0.0-local.jar!/com/intel/gkl/native/libgkl_compression.so
Aug 07, 2024 11:02:30 PM shaded.cloud_nio.com.google.auth.oauth2.ComputeEngineCredentials runningOnComputeEngine
INFO: Failed to detect whether we are running on Google Compute Engine.
23:02:30.284 INFO  FilterVariantTranches - ------------------------------------------------------------
23:02:30.285 INFO  FilterVariantTranches - The Genome Analysis Toolkit (GATK) v4.2.0.0
23:02:30.285 INFO  FilterVariantTranches - For support and documentation go to https://software.broadinstitute.org/gatk/
23:02:30.285 INFO  FilterVariantTranches - Executing as raburajab@g-c-1-4-06 on Linux v4.18.0-305.3.1.el8_4.x86_64 amd64
23:02:30.285 INFO  FilterVariantTranches - Java runtime: OpenJDK 64-Bit Server VM v1.8.0_242-8u242-b08-0ubuntu3~18.04-b08
23:02:30.285 INFO  FilterVariantTranches - Start Date/Time: August 7, 2024 11:02:29 PM GMT
23:02:30.285 INFO  FilterVariantTranches - ------------------------------------------------------------
23:02:30.285 INFO  FilterVariantTranches - ------------------------------------------------------------
23:02:30.285 INFO  FilterVariantTranches - HTSJDK Version: 2.24.0
23:02:30.285 INFO  FilterVariantTranches - Picard Version: 2.25.0
23:02:30.285 INFO  FilterVariantTranches - Built for Spark Version: 2.4.5
23:02:30.285 INFO  FilterVariantTranches - HTSJDK Defaults.COMPRESSION_LEVEL : 2
23:02:30.285 INFO  FilterVariantTranches - HTSJDK Defaults.USE_ASYNC_IO_READ_FOR_SAMTOOLS : false
23:02:30.285 INFO  FilterVariantTranches - HTSJDK Defaults.USE_ASYNC_IO_WRITE_FOR_SAMTOOLS : true
23:02:30.285 INFO  FilterVariantTranches - HTSJDK Defaults.USE_ASYNC_IO_WRITE_FOR_TRIBBLE : false
23:02:30.286 INFO  FilterVariantTranches - Deflater: IntelDeflater
23:02:30.286 INFO  FilterVariantTranches - Inflater: IntelInflater
23:02:30.286 INFO  FilterVariantTranches - GCS max retries/reopens: 20
23:02:30.286 INFO  FilterVariantTranches - Requester pays: disabled
23:02:30.286 INFO  FilterVariantTranches - Initializing engine
23:02:30.517 INFO  FeatureManager - Using codec VCFCodec to read file file:///coh_labs/dits/rayyan/References/GATK_knownvariants/hapmap_3.3.hg38.vcf.gz
23:02:30.658 INFO  FeatureManager - Using codec VCFCodec to read file file:///coh_labs/dits/rayyan/References/GATK_knownvariants/Mills_and_1000G_gold_standard.indels.hg38.vcf.gz
23:02:30.765 INFO  FeatureManager - Using codec VCFCodec to read file file:///coh_labs/dits/rayyan/Data/C083-000002/AnalysisData_germline/C083-000002_GermlineDNA_CNNannotated.vcf
23:02:30.916 INFO  FilterVariantTranches - Done initializing engine
23:02:30.958 INFO  ProgressMeter - Starting traversal
23:02:30.958 INFO  ProgressMeter -        Current Locus  Elapsed Minutes    Variants Processed  Variants/Minute
23:02:30.958 INFO  FilterVariantTranches - Starting pass 0 through the variants
23:02:40.963 INFO  ProgressMeter -       chr15:66564645              0.2                233000        1397441.0
23:02:43.124 INFO  FilterVariantTranches - Finished pass 0 through the variants
23:02:43.124 INFO  FilterVariantTranches - Found 269030 SNPs and 51644 indels with INFO score key:CNN_2D.
23:02:43.125 INFO  FilterVariantTranches - Found 83351 SNPs and 18235 indels in the resources.
23:02:43.155 INFO  FilterVariantTranches - Starting pass 1 through the variants
23:02:46.310 INFO  FilterVariantTranches - Finished pass 1 through the variants
23:02:46.310 INFO  FilterVariantTranches - No variants filtered by: AllowAllVariantsVariantFilter
23:02:46.311 INFO  FilterVariantTranches - 0 read(s) filtered by: AllowAllReadsReadFilter 

23:02:46.311 INFO  ProgressMeter - chrUn_KI270744v1:33528              0.3                641612        2507439.6
23:02:46.311 INFO  ProgressMeter - Traversal complete. Processed 641612 total variants in 0.3 minutes.
23:02:46.311 INFO  FilterVariantTranches - Filtered 26562 SNPs out of 269030 and filtered 1279 indels out of 51644 with INFO score: CNN_2D.
23:02:46.561 INFO  FilterVariantTranches - Shutting down engine
[August 7, 2024 11:02:46 PM GMT] org.broadinstitute.hellbender.tools.walkers.vqsr.FilterVariantTranches done. Elapsed time: 0.28 minutes.
Runtime.totalMemory()=8251244544
Using GATK jar /gatk/gatk-package-4.2.0.0-local.jar
Running:
    java -Dsamjdk.use_async_io_read_samtools=false -Dsamjdk.use_async_io_write_samtools=true -Dsamjdk.use_async_io_write_tribble=false -Dsamjdk.compression_level=2 -jar /gatk/gatk-package-4.2.0.0-local.jar FilterVariantTranches -V /coh_labs/dits/rayyan/Data/C083-000002/AnalysisData_germline/C083-000002_GermlineDNA_CNNannotated.vcf --resource /coh_labs/dits/rayyan/References/GATK_knownvariants/hapmap_3.3.hg38.vcf.gz --resource /coh_labs/dits/rayyan/References/GATK_knownvariants/Mills_and_1000G_gold_standard.indels.hg38.vcf.gz --info-key CNN_2D --snp-tranche 99.95 --indel-tranche 99.4 --invalidate-previous-filters -O /coh_labs/dits/rayyan/Data/C083-000002/AnalysisData_germline/C083-000002_GermlineDNA_filtervarianttranches_42.vcf
