17:46:26.896 INFO  NativeLibraryLoader - Loading libgkl_compression.so from jar:file:/gatk/gatk-package-4.2.0.0-local.jar!/com/intel/gkl/native/libgkl_compression.so
Aug 02, 2024 5:46:27 PM shaded.cloud_nio.com.google.auth.oauth2.ComputeEngineCredentials runningOnComputeEngine
INFO: Failed to detect whether we are running on Google Compute Engine.
17:46:27.033 INFO  CNNScoreVariants - ------------------------------------------------------------
17:46:27.033 INFO  CNNScoreVariants - The Genome Analysis Toolkit (GATK) v4.2.0.0
17:46:27.033 INFO  CNNScoreVariants - For support and documentation go to https://software.broadinstitute.org/gatk/
17:46:27.033 INFO  CNNScoreVariants - Executing as raburajab@g-c-1-7-23 on Linux v4.18.0-305.3.1.el8_4.x86_64 amd64
17:46:27.033 INFO  CNNScoreVariants - Java runtime: OpenJDK 64-Bit Server VM v1.8.0_242-8u242-b08-0ubuntu3~18.04-b08
17:46:27.034 INFO  CNNScoreVariants - Start Date/Time: August 2, 2024 5:46:26 PM GMT
17:46:27.034 INFO  CNNScoreVariants - ------------------------------------------------------------
17:46:27.034 INFO  CNNScoreVariants - ------------------------------------------------------------
17:46:27.034 INFO  CNNScoreVariants - HTSJDK Version: 2.24.0
17:46:27.034 INFO  CNNScoreVariants - Picard Version: 2.25.0
17:46:27.034 INFO  CNNScoreVariants - Built for Spark Version: 2.4.5
17:46:27.034 INFO  CNNScoreVariants - HTSJDK Defaults.COMPRESSION_LEVEL : 2
17:46:27.034 INFO  CNNScoreVariants - HTSJDK Defaults.USE_ASYNC_IO_READ_FOR_SAMTOOLS : false
17:46:27.034 INFO  CNNScoreVariants - HTSJDK Defaults.USE_ASYNC_IO_WRITE_FOR_SAMTOOLS : true
17:46:27.034 INFO  CNNScoreVariants - HTSJDK Defaults.USE_ASYNC_IO_WRITE_FOR_TRIBBLE : false
17:46:27.034 INFO  CNNScoreVariants - Deflater: IntelDeflater
17:46:27.034 INFO  CNNScoreVariants - Inflater: IntelInflater
17:46:27.034 INFO  CNNScoreVariants - GCS max retries/reopens: 20
17:46:27.034 INFO  CNNScoreVariants - Requester pays: disabled
17:46:27.034 INFO  CNNScoreVariants - Initializing engine
17:46:27.365 INFO  FeatureManager - Using codec VCFCodec to read file file:///coh_labs/dits/rayyan/Data/C083-000002/AnalysisData2/C083-000002_GermlineDNA_haplotypecaller-single.vcf.gz
17:46:27.510 INFO  CNNScoreVariants - Done initializing engine
17:46:27.511 INFO  NativeLibraryLoader - Loading libgkl_utils.so from jar:file:/gatk/gatk-package-4.2.0.0-local.jar!/com/intel/gkl/native/libgkl_utils.so
17:46:34.154 INFO  CNNScoreVariants - Using key:CNN_2D for CNN architecture:/tmp/small_2d.5326294750980523934.json and weights:/tmp/small_2d.8428520924731383921.hd5
17:46:34.763 INFO  ProgressMeter - Starting traversal
17:46:34.764 INFO  ProgressMeter -        Current Locus  Elapsed Minutes    Variants Processed  Variants/Minute
17:46:34.766 INFO  CNNScoreVariants - Starting pass 0 through the variants
17:46:50.261 INFO  ProgressMeter -         chr1:9930235              0.3                  2000           7744.4
17:47:11.269 INFO  ProgressMeter -        chr1:16681956              0.6                  4000           6574.6
17:47:23.594 INFO  ProgressMeter -        chr1:20621912              0.8                  5000           6143.8
17:47:34.611 INFO  ProgressMeter -        chr1:24307684              1.0                  6000           6015.3
17:47:53.894 INFO  ProgressMeter -        chr1:38991621              1.3                  8000           6066.0
17:47:58.587 WARN  CNNScoreVariants - No reads at contig:chr1 site:40089286
17:48:12.454 INFO  ProgressMeter -        chr1:54612300              1.6                 10000           6141.9
17:48:31.277 INFO  ProgressMeter -        chr1:78893058              1.9                 12000           6179.6
17:48:48.868 INFO  ProgressMeter -       chr1:107617279              2.2                 14000           6263.8
17:49:07.568 INFO  ProgressMeter -       chr1:146984772              2.5                 16000           6282.6
17:49:28.260 INFO  ProgressMeter -       chr1:156932467              2.9                 18000           6224.9
17:49:39.354 INFO  ProgressMeter -       chr1:163325888              3.1                 19000           6175.8
17:49:49.413 INFO  ProgressMeter -       chr1:173885521              3.2                 20000           6164.9
17:50:03.976 INFO  ProgressMeter -       chr1:200456305              3.5                 22000           6309.4
17:50:17.697 WARN  CNNScoreVariants - No reads at contig:chr1 site:207510827
17:50:22.233 INFO  ProgressMeter -       chr1:212616304              3.8                 24000           6330.5
17:50:32.483 INFO  ProgressMeter -       chr1:224134282              4.0                 25000           6310.0
17:50:52.214 INFO  ProgressMeter -       chr1:236649376              4.3                 27000           6292.5
17:51:09.176 INFO  ProgressMeter -         chr2:1541338              4.6                 29000           6340.8
17:51:20.311 INFO  ProgressMeter -        chr2:16024982              4.8                 30000           6303.7
17:51:37.768 INFO  ProgressMeter -        chr2:33840017              5.1                 32000           6336.6
17:51:46.205 WARN  CNNScoreVariants - No reads at contig:chr2 site:42594272
17:51:54.578 INFO  ProgressMeter -        chr2:55319150              5.3                 34000           6378.7
17:52:12.763 INFO  ProgressMeter -        chr2:80305022              5.6                 36000           6390.6
17:52:34.201 INFO  ProgressMeter -       chr2:100904711              6.0                 38000           6343.3
17:52:44.428 INFO  ProgressMeter -       chr2:111926082              6.2                 39000           6330.1
17:53:02.668 INFO  ProgressMeter -       chr2:132038164              6.5                 41000           6341.8
17:53:13.278 INFO  ProgressMeter -       chr2:150525718              6.6                 42000           6323.5
17:53:17.257 WARN  CNNScoreVariants - No reads at contig:chr2 site:158058451
17:53:26.228 INFO  ProgressMeter -       chr2:172996728              6.9                 44000           6416.1
17:53:44.487 INFO  ProgressMeter -       chr2:197277022              7.2                 46000           6422.7
17:54:01.896 INFO  ProgressMeter -       chr2:217672832              7.5                 48000           6441.1
17:54:21.415 INFO  ProgressMeter -       chr2:232847339              7.8                 50000           6428.8
17:54:41.409 INFO  ProgressMeter -         chr3:6462351              8.1                 52000           6411.2
17:55:00.200 INFO  ProgressMeter -        chr3:25146515              8.4                 54000           6410.3
17:55:17.905 INFO  ProgressMeter -        chr3:44901279              8.7                 56000           6422.7
17:55:28.572 INFO  ProgressMeter -        chr3:50350952              8.9                 57000           6406.8
17:55:38.773 INFO  ProgressMeter -        chr3:57503864              9.1                 58000           6397.0
17:55:57.543 INFO  ProgressMeter -        chr3:89472681              9.4                 60000           6396.8
17:56:07.716 INFO  ProgressMeter -       chr3:108219737              9.5                 61000           6388.0
17:56:26.176 INFO  ProgressMeter -       chr3:125990370              9.9                 63000           6391.5
17:56:36.370 INFO  ProgressMeter -       chr3:133758366             10.0                 64000           6382.9
17:56:45.839 WARN  CNNScoreVariants - No reads at contig:chr3 site:148796090
17:56:50.160 INFO  ProgressMeter -       chr3:160062182             10.3                 66000           6434.9
17:57:06.490 INFO  ProgressMeter -       chr3:186078976             10.5                 68000           6458.5
17:57:26.293 INFO  ProgressMeter -       chr3:197599835             10.9                 70000           6446.4
17:57:38.723 INFO  ProgressMeter -         chr4:4056966             11.1                 71000           6416.1
17:57:49.640 INFO  ProgressMeter -         chr4:9723720             11.2                 72000           6401.2
17:58:08.274 INFO  ProgressMeter -        chr4:39765036             11.6                 74000           6402.2
17:58:24.856 INFO  ProgressMeter -        chr4:68048749             11.8                 76000           6421.7
17:58:43.205 INFO  ProgressMeter -        chr4:86799317             12.1                 78000           6424.7
17:59:00.807 INFO  ProgressMeter -       chr4:118689648             12.4                 80000           6434.0
17:59:17.941 INFO  ProgressMeter -       chr4:149519319             12.7                 82000           6446.7
17:59:34.845 INFO  ProgressMeter -       chr4:177714573             13.0                 84000           6460.9
17:59:47.429 WARN  CNNScoreVariants - No reads at contig:chr5 site:507368
17:59:48.022 INFO  ProgressMeter -         chr5:1235789             13.2                 86000           6504.8
17:59:51.681 WARN  CNNScoreVariants - No reads at contig:chr5 site:4274911
17:59:58.436 INFO  ProgressMeter -        chr5:13859698             13.4                 87000           6495.2
18:00:15.014 INFO  ProgressMeter -        chr5:40691563             13.7                 89000           6510.2
18:00:32.396 INFO  ProgressMeter -        chr5:72432095             14.0                 91000           6518.4
18:00:49.965 INFO  ProgressMeter -       chr5:102291710             14.3                 93000           6524.8
18:01:07.263 INFO  ProgressMeter -       chr5:136365072             14.5                 95000           6533.0
18:01:26.683 INFO  ProgressMeter -       chr5:154889342             14.9                 97000           6525.3
18:01:32.008 WARN  CNNScoreVariants - No reads at contig:chr5 site:160303086
18:01:45.236 INFO  ProgressMeter -       chr5:178209989             15.2                 99000           6524.1
18:02:03.845 INFO  ProgressMeter -        chr6:10930709             15.5                101000           6522.6
18:02:19.991 INFO  ProgressMeter -        chr6:29676856             15.8                103000           6538.1
18:02:32.077 INFO  ProgressMeter -        chr6:30346830             16.0                104000           6518.2
18:02:47.833 INFO  ProgressMeter -        chr6:32098400             16.2                105000           6474.4
18:03:00.333 INFO  ProgressMeter -        chr6:32637489             16.4                106000           6453.1
18:03:20.435 INFO  ProgressMeter -        chr6:39782048             16.8                108000           6443.5
18:03:40.056 INFO  ProgressMeter -        chr6:57602060             17.1                110000           6437.2
18:03:57.323 INFO  ProgressMeter -        chr6:89961701             17.4                112000           6445.7
18:04:13.992 INFO  ProgressMeter -       chr6:121365162             17.7                114000           6457.5
18:04:23.089 WARN  CNNScoreVariants - No reads at contig:chr6 site:138735589
18:04:32.069 INFO  ProgressMeter -       chr6:150163118             18.0                116000           6460.6
18:04:49.020 INFO  ProgressMeter -       chr6:167040031             18.2                118000           6470.1
18:05:08.145 INFO  ProgressMeter -         chr7:6520900             18.6                120000           6466.8
18:05:27.696 INFO  ProgressMeter -        chr7:29064251             18.9                122000           6461.1
18:05:44.873 INFO  ProgressMeter -        chr7:50492695             19.2                124000           6469.0
18:06:04.337 INFO  ProgressMeter -        chr7:69394747             19.5                126000           6463.9
18:06:21.721 INFO  ProgressMeter -        chr7:87554038             19.8                128000           6470.3
18:06:39.810 INFO  ProgressMeter -       chr7:101476847             20.1                130000           6472.8
18:06:50.049 INFO  ProgressMeter -       chr7:109304686             20.3                131000           6467.6
18:07:08.341 INFO  ProgressMeter -       chr7:137655400             20.6                133000           6469.0
18:07:26.666 WARN  CNNScoreVariants - No reads at contig:chr7 site:153471817
18:07:26.668 INFO  ProgressMeter -       chr7:153623391             20.9                135000           6470.1
18:07:45.319 INFO  ProgressMeter -        chr8:11546260             21.2                137000           6469.6
18:07:55.389 INFO  ProgressMeter -        chr8:17722009             21.3                138000           6465.6
18:08:14.150 INFO  ProgressMeter -        chr8:37742502             21.7                140000           6464.6
18:08:31.137 INFO  ProgressMeter -        chr8:66759272             21.9                142000           6472.3
18:08:48.457 INFO  ProgressMeter -        chr8:98190359             22.2                144000           6478.3
18:09:06.203 INFO  ProgressMeter -       chr8:130780361             22.5                146000           6482.0
18:09:26.717 INFO  ProgressMeter -          chr9:791456             22.9                148000           6472.5
18:09:37.665 INFO  ProgressMeter -        chr9:13316677             23.0                149000           6464.7
18:09:50.535 INFO  ProgressMeter -        chr9:36394231             23.3                151000           6491.0
18:10:00.934 INFO  ProgressMeter -        chr9:62868556             23.4                152000           6485.7
18:10:00.956 WARN  CNNScoreVariants - No reads at contig:chr9 site:63694737
18:10:11.671 INFO  ProgressMeter -        chr9:73169348             23.6                153000           6478.9
18:10:21.151 WARN  CNNScoreVariants - No reads at contig:chr9 site:82817730
18:10:30.647 INFO  ProgressMeter -        chr9:94732068             23.9                155000           6476.9
18:10:50.268 WARN  CNNScoreVariants - No reads at contig:chr9 site:110446305
18:10:50.365 INFO  ProgressMeter -       chr9:112481906             24.3                157000           6471.6
18:11:09.054 INFO  ProgressMeter -       chr9:128807899             24.6                159000           6470.9
18:11:19.178 INFO  ProgressMeter -       chr9:132242354             24.7                160000           6467.2
18:11:29.985 INFO  ProgressMeter -       chr9:136430122             24.9                161000           6460.6
18:11:42.120 INFO  ProgressMeter -        chr10:3172803             25.1                162000           6448.4
18:12:00.446 INFO  ProgressMeter -       chr10:18484397             25.4                164000           6449.6
18:12:19.136 INFO  ProgressMeter -       chr10:38117233             25.7                166000           6449.2
18:12:39.151 INFO  ProgressMeter -       chr10:59352215             26.1                168000           6443.4
18:12:57.272 INFO  ProgressMeter -       chr10:78086161             26.4                170000           6445.5
18:13:11.900 INFO  ProgressMeter -       chr10:97656546             26.6                172000           6461.6
18:13:31.511 INFO  ProgressMeter -      chr10:116631552             26.9                174000           6457.4
18:13:50.172 INFO  ProgressMeter -      chr10:133238058             27.3                176000           6457.1
18:14:04.097 INFO  ProgressMeter -        chr11:1096105             27.5                177000           6439.0
18:14:16.517 INFO  ProgressMeter -        chr11:5602868             27.7                178000           6426.9
18:14:28.776 INFO  ProgressMeter -       chr11:10515177             27.9                179000           6415.7
18:14:39.791 INFO  ProgressMeter -       chr11:19165279             28.1                180000           6409.4
18:14:58.357 INFO  ProgressMeter -       chr11:45915716             28.4                182000           6410.0
18:15:20.000 INFO  ProgressMeter -       chr11:63164012             28.8                184000           6399.1
18:15:30.687 INFO  ProgressMeter -       chr11:67402789             28.9                185000           6394.3
18:15:42.149 INFO  ProgressMeter -       chr11:72822666             29.1                186000           6386.7
18:16:01.170 INFO  ProgressMeter -       chr11:99201313             29.4                188000           6385.8
18:16:15.237 WARN  CNNScoreVariants - No reads at contig:chr11 site:117595059
18:16:19.985 INFO  ProgressMeter -      chr11:118408930             29.8                190000           6385.8
18:16:30.123 INFO  ProgressMeter -      chr11:125672895             29.9                191000           6383.1
18:16:40.451 INFO  ProgressMeter -         chr12:325492             30.1                192000           6379.8
18:16:56.225 INFO  ProgressMeter -        chr12:9305929             30.4                194000           6390.5
18:17:08.241 INFO  ProgressMeter -       chr12:13001856             30.6                195000           6381.3
18:17:20.309 INFO  ProgressMeter -       chr12:24932936             30.8                196000           6372.1
18:17:40.019 INFO  ProgressMeter -       chr12:46361329             31.1                198000           6369.1
18:17:50.722 INFO  ProgressMeter -       chr12:51770005             31.3                199000           6364.7
18:18:01.467 INFO  ProgressMeter -       chr12:55906751             31.4                200000           6360.3
18:18:12.949 INFO  ProgressMeter -       chr12:65739014             31.6                201000           6353.4
18:18:27.145 WARN  CNNScoreVariants - No reads at contig:chr12 site:85723308
18:18:31.886 INFO  ProgressMeter -       chr12:95980836             32.0                203000           6353.3
18:18:50.453 INFO  ProgressMeter -      chr12:112907362             32.3                205000           6354.3
18:19:10.396 INFO  ProgressMeter -      chr12:124723641             32.6                207000           6350.9
18:19:20.310 WARN  CNNScoreVariants - No reads at contig:chr13 site:18213167
18:19:30.622 INFO  ProgressMeter -       chr13:21400260             32.9                209000           6346.6
18:19:48.470 INFO  ProgressMeter -       chr13:36126217             33.2                211000           6350.0
18:19:54.772 WARN  CNNScoreVariants - No reads at contig:chr13 site:43639831
18:19:59.163 INFO  ProgressMeter -       chr13:45713882             33.4                212000           6346.0
18:20:13.151 INFO  ProgressMeter -       chr13:81882397             33.6                214000           6361.5
18:20:16.696 WARN  CNNScoreVariants - No reads at contig:chr13 site:85341031
18:20:16.740 WARN  CNNScoreVariants - No reads at contig:chr13 site:92646930
18:20:29.344 INFO  ProgressMeter -      chr13:112499303             33.9                216000           6369.9
18:20:51.185 INFO  ProgressMeter -       chr14:27430853             34.3                218000           6360.6
18:21:01.963 WARN  CNNScoreVariants - No reads at contig:chr14 site:39293030
18:21:01.970 INFO  ProgressMeter -       chr14:39314838             34.5                219000           6356.4
18:21:19.722 INFO  ProgressMeter -       chr14:64521396             34.7                221000           6359.8
18:21:39.293 INFO  ProgressMeter -       chr14:77720973             35.1                223000           6357.7
18:21:53.019 WARN  CNNScoreVariants - No reads at contig:chr14 site:93396777
18:21:57.539 INFO  ProgressMeter -       chr14:99692696             35.4                225000           6359.6
18:22:20.500 INFO  ProgressMeter -       chr15:22769542             35.8                227000           6347.5
18:22:33.187 INFO  ProgressMeter -       chr15:30144573             36.0                228000           6338.0
18:22:52.373 INFO  ProgressMeter -       chr15:42539368             36.3                230000           6337.2
18:23:03.268 INFO  ProgressMeter -       chr15:52135852             36.5                231000           6333.1
18:23:21.829 INFO  ProgressMeter -       chr15:66564645             36.8                233000           6334.2
18:23:36.515 INFO  ProgressMeter -       chr15:81338080             37.0                235000           6346.3
18:23:47.475 INFO  ProgressMeter -       chr15:89314834             37.2                236000           6342.1
18:23:57.801 INFO  ProgressMeter -       chr15:97066234             37.4                237000           6339.6
18:24:08.425 INFO  ProgressMeter -         chr16:790378             37.6                238000           6336.4
18:24:19.785 INFO  ProgressMeter -        chr16:3399138             37.8                239000           6331.1
18:24:31.801 INFO  ProgressMeter -        chr16:8644784             38.0                240000           6324.0
18:24:50.900 INFO  ProgressMeter -       chr16:20948295             38.3                242000           6323.7
18:25:01.076 INFO  ProgressMeter -       chr16:28374350             38.4                243000           6321.8
18:25:11.345 INFO  ProgressMeter -       chr16:34585800             38.6                244000           6319.7
18:25:11.407 WARN  CNNScoreVariants - No reads at contig:chr16 site:34594704
18:25:22.135 INFO  ProgressMeter -       chr16:55820602             38.8                245000           6316.1
18:25:32.390 INFO  ProgressMeter -       chr16:63560407             39.0                246000           6314.1
18:25:42.996 INFO  ProgressMeter -       chr16:70344910             39.1                247000           6311.1
18:25:54.046 INFO  ProgressMeter -       chr16:74917808             39.3                248000           6307.0
18:26:04.494 INFO  ProgressMeter -       chr16:81216159             39.5                249000           6304.5
18:26:14.497 INFO  ProgressMeter -       chr16:87392391             39.7                250000           6303.2
18:26:25.596 INFO  ProgressMeter -         chr17:388402             39.8                251000           6299.1
18:26:36.518 INFO  ProgressMeter -        chr17:3581886             40.0                252000           6295.4
18:26:47.163 INFO  ProgressMeter -        chr17:6463608             40.2                253000           6292.5
18:26:58.630 INFO  ProgressMeter -        chr17:9484661             40.4                254000           6287.5
18:26:58.906 WARN  CNNScoreVariants - No reads at contig:chr17 site:11021484
18:27:09.143 INFO  ProgressMeter -       chr17:15737501             40.6                255000           6285.0
18:27:24.878 INFO  ProgressMeter -       chr17:29736585             40.8                257000           6293.6
18:27:36.924 INFO  ProgressMeter -       chr17:37449741             41.0                258000           6287.2
18:27:47.598 INFO  ProgressMeter -       chr17:41567795             41.2                259000           6284.3
18:27:58.795 INFO  ProgressMeter -       chr17:46014357             41.4                260000           6280.1
18:28:10.505 INFO  ProgressMeter -       chr17:53152191             41.6                261000           6274.7
18:28:29.595 INFO  ProgressMeter -       chr17:68205704             41.9                263000           6274.8
18:28:48.666 INFO  ProgressMeter -       chr17:78277204             42.2                265000           6274.9
18:28:59.559 INFO  ProgressMeter -       chr17:81645356             42.4                266000           6271.6
18:29:10.984 INFO  ProgressMeter -        chr18:3155438             42.6                267000           6267.1
18:29:30.776 INFO  ProgressMeter -       chr18:23861520             42.9                269000           6265.5
18:29:48.993 INFO  ProgressMeter -       chr18:57034004             43.2                271000           6267.8
18:30:06.601 INFO  ProgressMeter -         chr19:422579             43.5                273000           6271.4
18:30:17.015 INFO  ProgressMeter -        chr19:1880587             43.7                274000           6269.4
18:30:29.210 INFO  ProgressMeter -        chr19:3861798             43.9                275000           6263.2
18:30:40.267 INFO  ProgressMeter -        chr19:6480462             44.1                276000           6259.7
18:30:50.755 WARN  CNNScoreVariants - No reads at contig:chr19 site:8898518
18:30:56.377 INFO  ProgressMeter -       chr19:10588662             44.4                278000           6266.9
18:31:09.112 INFO  ProgressMeter -       chr19:14441706             44.6                279000           6259.5
18:31:19.452 INFO  ProgressMeter -       chr19:17221249             44.7                280000           6257.7
18:31:31.231 INFO  ProgressMeter -       chr19:20353724             44.9                281000           6252.6
18:31:41.858 INFO  ProgressMeter -       chr19:32991998             45.1                282000           6250.2
18:31:51.157 WARN  CNNScoreVariants - No reads at contig:chr19 site:36162939
18:32:02.296 INFO  ProgressMeter -       chr19:41025463             45.5                284000           6247.4
18:32:15.569 INFO  ProgressMeter -       chr19:45271422             45.7                285000           6239.0
18:32:27.758 INFO  ProgressMeter -       chr19:48319248             45.9                286000           6233.2
18:32:37.960 INFO  ProgressMeter -       chr19:50218141             46.1                287000           6231.9
18:32:50.427 INFO  ProgressMeter -       chr19:52731979             46.3                288000           6225.5
18:33:02.505 INFO  ProgressMeter -       chr19:54345351             46.5                289000           6220.1
18:33:17.023 INFO  ProgressMeter -       chr19:55139186             46.7                290000           6209.3
18:33:31.625 INFO  ProgressMeter -       chr19:57494300             46.9                291000           6198.4
18:33:43.190 INFO  ProgressMeter -        chr20:2709737             47.1                292000           6194.3
18:33:53.909 INFO  ProgressMeter -       chr20:10108099             47.3                293000           6192.0
18:34:11.584 INFO  ProgressMeter -       chr20:32431221             47.6                295000           6195.7
18:34:21.612 INFO  ProgressMeter -       chr20:38895843             47.8                296000           6195.0
18:34:39.847 INFO  ProgressMeter -       chr20:56763996             48.1                298000           6197.4
18:34:55.796 INFO  ProgressMeter -       chr21:10756097             48.4                300000           6204.7
18:35:14.100 INFO  ProgressMeter -       chr21:36138136             48.7                302000           6206.9
18:35:33.550 INFO  ProgressMeter -       chr21:46284982             49.0                304000           6206.6
18:35:44.929 INFO  ProgressMeter -       chr22:17351653             49.2                305000           6203.0
18:36:05.516 INFO  ProgressMeter -       chr22:25354906             49.5                307000           6200.5
18:36:16.199 INFO  ProgressMeter -       chr22:31679553             49.7                308000           6198.4
18:36:26.324 INFO  ProgressMeter -       chr22:37303127             49.9                309000           6197.4
18:36:45.664 INFO  ProgressMeter -       chr22:46554148             50.2                311000           6197.5
18:37:05.580 INFO  ProgressMeter -        chrX:10212840             50.5                313000           6196.4
18:37:20.956 INFO  ProgressMeter -        chrX:64235197             50.8                315000           6204.5
18:37:38.326 INFO  ProgressMeter -       chrX:135944155             51.1                317000           6208.5
18:37:57.750 INFO  ProgressMeter - chr14_GL000225v1_random:169073             51.4                319000           6208.3
18:38:12.052 INFO  CNNScoreVariants - Finished pass 0 through the variants
18:38:20.071 INFO  CNNScoreVariants - Starting pass 1 through the variants
18:38:20.091 INFO  ProgressMeter -         chr1:1083795             51.8                321000           6202.2
18:38:23.106 INFO  CNNScoreVariants - Finished pass 1 through the variants
18:38:23.106 INFO  CNNScoreVariants - No variants filtered by: AllowAllVariantsVariantFilter
18:38:23.106 INFO  CNNScoreVariants - 0 read(s) filtered by: WellformedReadFilter 
2689678 read(s) filtered by: ReadGroupBlackListReadFilter 
2689678 total reads filtered
18:38:23.106 INFO  ProgressMeter - chrUn_KI270744v1:33528             51.8                641612          12385.0
18:38:23.106 INFO  ProgressMeter - Traversal complete. Processed 641612 total variants in 51.8 minutes.
18:38:23.106 INFO  CNNScoreVariants - Done scoring variants with CNN.
18:38:23.331 INFO  CNNScoreVariants - Shutting down engine
[August 2, 2024 6:38:23 PM GMT] org.broadinstitute.hellbender.tools.walkers.vqsr.CNNScoreVariants done. Elapsed time: 51.94 minutes.
Runtime.totalMemory()=2043674624
Using GATK jar /gatk/gatk-package-4.2.0.0-local.jar
Running:
    java -Dsamjdk.use_async_io_read_samtools=false -Dsamjdk.use_async_io_write_samtools=true -Dsamjdk.use_async_io_write_tribble=false -Dsamjdk.compression_level=2 -jar /gatk/gatk-package-4.2.0.0-local.jar CNNScoreVariants -I /coh_labs/dits/rayyan/Data/C083-000002/AnalysisData2/C083-000002_GermlineDNA_haplotypecaller-aligned.bam -V /coh_labs/dits/rayyan/Data/C083-000002/AnalysisData2/C083-000002_GermlineDNA_haplotypecaller-single.vcf.gz -R /coh_labs/dits/rayyan/References/GATK_assembly38/Homo_sapiens_assembly38.fasta -O /coh_labs/dits/rayyan/Data/C083-000002/AnalysisData2/C083-000002_GermlineDNA_CNNannotated.vcf -tensor-type read_tensor
