17:55:22.023 INFO  NativeLibraryLoader - Loading libgkl_compression.so from jar:file:/gatk/gatk-package-4.6.0.0-local.jar!/com/intel/gkl/native/libgkl_compression.so
[Mon Jul 29 17:55:22 GMT 2024] FastqToSam --FASTQ /coh_labs/dits/rayyan/Data/C083-000002/FastqFiles/C083-000002_WF00054603_h034885-01D-01L_GermlineDNA_R1_001.fastq.gz --FASTQ2 /coh_labs/dits/rayyan/Data/C083-000002/FastqFiles/C083-000002_WF00054603_h034885-01D-01L_GermlineDNA_R2_001.fastq.gz --OUTPUT /coh_labs/dits/rayyan/Data/C083-000002/AnalysisData2/C083-000002_GermlineDNA_fastqtosam.bam --SAMPLE_NAME C083-000002_GermlineDNA --USE_SEQUENTIAL_FASTQS false --READ_GROUP_NAME A --SORT_ORDER queryname --MIN_Q 0 --MAX_Q 93 --STRIP_UNPAIRED_MATE_NUMBER false --ALLOW_AND_IGNORE_EMPTY_LINES false --ALLOW_EMPTY_FASTQ false --VERBOSITY INFO --QUIET false --VALIDATION_STRINGENCY STRICT --COMPRESSION_LEVEL 2 --MAX_RECORDS_IN_RAM 500000 --CREATE_INDEX false --CREATE_MD5_FILE false --help false --version false --showHidden false --USE_JDK_DEFLATER false --USE_JDK_INFLATER false
[Mon Jul 29 17:55:22 GMT 2024] Executing as raburajab@g-c-1-7-22 on Linux 4.18.0-305.3.1.el8_4.x86_64 amd64; OpenJDK 64-Bit Server VM 17.0.9+9-Ubuntu-122.04; Deflater: Intel; Inflater: Intel; Provider GCS is available; Picard version: Version:4.6.0.0
INFO	2024-07-29 17:55:22	FastqToSam	Auto-detected quality format as: Standard.
INFO	2024-07-29 17:55:26	FastqToSam	Processed     1,000,000 records.  Elapsed time: 00:00:04s.  Time for last 1,000,000:    4s.  Last read position: */*
INFO	2024-07-29 17:55:31	FastqToSam	Processed     2,000,000 records.  Elapsed time: 00:00:08s.  Time for last 1,000,000:    4s.  Last read position: */*
INFO	2024-07-29 17:55:35	FastqToSam	Processed     3,000,000 records.  Elapsed time: 00:00:13s.  Time for last 1,000,000:    4s.  Last read position: */*
INFO	2024-07-29 17:55:39	FastqToSam	Processed     4,000,000 records.  Elapsed time: 00:00:17s.  Time for last 1,000,000:    4s.  Last read position: */*
INFO	2024-07-29 17:55:43	FastqToSam	Processed     5,000,000 records.  Elapsed time: 00:00:21s.  Time for last 1,000,000:    3s.  Last read position: */*
INFO	2024-07-29 17:55:47	FastqToSam	Processed     6,000,000 records.  Elapsed time: 00:00:25s.  Time for last 1,000,000:    3s.  Last read position: */*
INFO	2024-07-29 17:55:50	FastqToSam	Processed     7,000,000 records.  Elapsed time: 00:00:28s.  Time for last 1,000,000:    3s.  Last read position: */*
INFO	2024-07-29 17:55:54	FastqToSam	Processed     8,000,000 records.  Elapsed time: 00:00:31s.  Time for last 1,000,000:    3s.  Last read position: */*
INFO	2024-07-29 17:55:58	FastqToSam	Processed     9,000,000 records.  Elapsed time: 00:00:35s.  Time for last 1,000,000:    3s.  Last read position: */*
INFO	2024-07-29 17:56:01	FastqToSam	Processed    10,000,000 records.  Elapsed time: 00:00:39s.  Time for last 1,000,000:    3s.  Last read position: */*
INFO	2024-07-29 17:56:05	FastqToSam	Processed    11,000,000 records.  Elapsed time: 00:00:42s.  Time for last 1,000,000:    3s.  Last read position: */*
INFO	2024-07-29 17:56:08	FastqToSam	Processed    12,000,000 records.  Elapsed time: 00:00:46s.  Time for last 1,000,000:    3s.  Last read position: */*
INFO	2024-07-29 17:56:12	FastqToSam	Processed    13,000,000 records.  Elapsed time: 00:00:50s.  Time for last 1,000,000:    3s.  Last read position: */*
INFO	2024-07-29 17:56:16	FastqToSam	Processed    14,000,000 records.  Elapsed time: 00:00:53s.  Time for last 1,000,000:    3s.  Last read position: */*
INFO	2024-07-29 17:56:19	FastqToSam	Processed    15,000,000 records.  Elapsed time: 00:00:57s.  Time for last 1,000,000:    3s.  Last read position: */*
INFO	2024-07-29 17:56:23	FastqToSam	Processed    16,000,000 records.  Elapsed time: 00:01:01s.  Time for last 1,000,000:    3s.  Last read position: */*
INFO	2024-07-29 17:56:27	FastqToSam	Processed    17,000,000 records.  Elapsed time: 00:01:04s.  Time for last 1,000,000:    3s.  Last read position: */*
INFO	2024-07-29 17:56:30	FastqToSam	Processed    18,000,000 records.  Elapsed time: 00:01:08s.  Time for last 1,000,000:    3s.  Last read position: */*
INFO	2024-07-29 17:56:34	FastqToSam	Processed    19,000,000 records.  Elapsed time: 00:01:11s.  Time for last 1,000,000:    3s.  Last read position: */*
INFO	2024-07-29 17:56:37	FastqToSam	Processed    20,000,000 records.  Elapsed time: 00:01:15s.  Time for last 1,000,000:    3s.  Last read position: */*
INFO	2024-07-29 17:56:41	FastqToSam	Processed    21,000,000 records.  Elapsed time: 00:01:18s.  Time for last 1,000,000:    3s.  Last read position: */*
INFO	2024-07-29 17:56:44	FastqToSam	Processed    22,000,000 records.  Elapsed time: 00:01:22s.  Time for last 1,000,000:    3s.  Last read position: */*
INFO	2024-07-29 17:56:48	FastqToSam	Processed    23,000,000 records.  Elapsed time: 00:01:25s.  Time for last 1,000,000:    3s.  Last read position: */*
INFO	2024-07-29 17:56:51	FastqToSam	Processed    24,000,000 records.  Elapsed time: 00:01:29s.  Time for last 1,000,000:    3s.  Last read position: */*
INFO	2024-07-29 17:56:55	FastqToSam	Processed    25,000,000 records.  Elapsed time: 00:01:33s.  Time for last 1,000,000:    3s.  Last read position: */*
INFO	2024-07-29 17:56:58	FastqToSam	Processed    26,000,000 records.  Elapsed time: 00:01:36s.  Time for last 1,000,000:    3s.  Last read position: */*
INFO	2024-07-29 17:57:02	FastqToSam	Processed    27,000,000 records.  Elapsed time: 00:01:40s.  Time for last 1,000,000:    3s.  Last read position: */*
INFO	2024-07-29 17:57:06	FastqToSam	Processed    28,000,000 records.  Elapsed time: 00:01:44s.  Time for last 1,000,000:    3s.  Last read position: */*
INFO	2024-07-29 17:57:10	FastqToSam	Processed    29,000,000 records.  Elapsed time: 00:01:47s.  Time for last 1,000,000:    3s.  Last read position: */*
INFO	2024-07-29 17:57:13	FastqToSam	Processed    30,000,000 records.  Elapsed time: 00:01:51s.  Time for last 1,000,000:    3s.  Last read position: */*
INFO	2024-07-29 17:57:17	FastqToSam	Processed    31,000,000 records.  Elapsed time: 00:01:54s.  Time for last 1,000,000:    3s.  Last read position: */*
INFO	2024-07-29 17:57:20	FastqToSam	Processed    32,000,000 records.  Elapsed time: 00:01:58s.  Time for last 1,000,000:    3s.  Last read position: */*
INFO	2024-07-29 17:57:24	FastqToSam	Processed    33,000,000 records.  Elapsed time: 00:02:02s.  Time for last 1,000,000:    3s.  Last read position: */*
INFO	2024-07-29 17:57:27	FastqToSam	Processed    34,000,000 records.  Elapsed time: 00:02:05s.  Time for last 1,000,000:    3s.  Last read position: */*
INFO	2024-07-29 17:57:31	FastqToSam	Processed    35,000,000 records.  Elapsed time: 00:02:09s.  Time for last 1,000,000:    3s.  Last read position: */*
INFO	2024-07-29 17:57:34	FastqToSam	Processed    36,000,000 records.  Elapsed time: 00:02:12s.  Time for last 1,000,000:    3s.  Last read position: */*
INFO	2024-07-29 17:57:38	FastqToSam	Processed    37,000,000 records.  Elapsed time: 00:02:16s.  Time for last 1,000,000:    3s.  Last read position: */*
INFO	2024-07-29 17:57:42	FastqToSam	Processed    38,000,000 records.  Elapsed time: 00:02:19s.  Time for last 1,000,000:    3s.  Last read position: */*
INFO	2024-07-29 17:57:45	FastqToSam	Processed    39,000,000 records.  Elapsed time: 00:02:23s.  Time for last 1,000,000:    3s.  Last read position: */*
INFO	2024-07-29 17:57:49	FastqToSam	Processed    40,000,000 records.  Elapsed time: 00:02:27s.  Time for last 1,000,000:    3s.  Last read position: */*
INFO	2024-07-29 17:57:52	FastqToSam	Processed    41,000,000 records.  Elapsed time: 00:02:30s.  Time for last 1,000,000:    3s.  Last read position: */*
INFO	2024-07-29 17:57:56	FastqToSam	Processed    42,000,000 records.  Elapsed time: 00:02:34s.  Time for last 1,000,000:    3s.  Last read position: */*
INFO	2024-07-29 17:57:59	FastqToSam	Processed    43,000,000 records.  Elapsed time: 00:02:37s.  Time for last 1,000,000:    3s.  Last read position: */*
INFO	2024-07-29 17:58:03	FastqToSam	Processed    44,000,000 records.  Elapsed time: 00:02:41s.  Time for last 1,000,000:    3s.  Last read position: */*
INFO	2024-07-29 17:58:07	FastqToSam	Processed    45,000,000 records.  Elapsed time: 00:02:44s.  Time for last 1,000,000:    3s.  Last read position: */*
INFO	2024-07-29 17:58:10	FastqToSam	Processed    46,000,000 records.  Elapsed time: 00:02:48s.  Time for last 1,000,000:    3s.  Last read position: */*
INFO	2024-07-29 17:58:14	FastqToSam	Processed    47,000,000 records.  Elapsed time: 00:02:52s.  Time for last 1,000,000:    3s.  Last read position: */*
INFO	2024-07-29 17:58:18	FastqToSam	Processed    48,000,000 records.  Elapsed time: 00:02:55s.  Time for last 1,000,000:    3s.  Last read position: */*
INFO	2024-07-29 17:58:21	FastqToSam	Processed    49,000,000 records.  Elapsed time: 00:02:59s.  Time for last 1,000,000:    3s.  Last read position: */*
INFO	2024-07-29 17:58:25	FastqToSam	Processed    50,000,000 records.  Elapsed time: 00:03:02s.  Time for last 1,000,000:    3s.  Last read position: */*
INFO	2024-07-29 17:58:28	FastqToSam	Processed    51,000,000 records.  Elapsed time: 00:03:06s.  Time for last 1,000,000:    3s.  Last read position: */*
INFO	2024-07-29 17:58:32	FastqToSam	Processed    52,000,000 records.  Elapsed time: 00:03:10s.  Time for last 1,000,000:    3s.  Last read position: */*
INFO	2024-07-29 17:58:36	FastqToSam	Processed    53,000,000 records.  Elapsed time: 00:03:13s.  Time for last 1,000,000:    3s.  Last read position: */*
INFO	2024-07-29 17:58:39	FastqToSam	Processed    54,000,000 records.  Elapsed time: 00:03:17s.  Time for last 1,000,000:    3s.  Last read position: */*
INFO	2024-07-29 17:58:43	FastqToSam	Processed    55,000,000 records.  Elapsed time: 00:03:20s.  Time for last 1,000,000:    3s.  Last read position: */*
INFO	2024-07-29 17:58:46	FastqToSam	Processed    56,000,000 records.  Elapsed time: 00:03:24s.  Time for last 1,000,000:    3s.  Last read position: */*
INFO	2024-07-29 17:58:50	FastqToSam	Processed    57,000,000 records.  Elapsed time: 00:03:28s.  Time for last 1,000,000:    3s.  Last read position: */*
INFO	2024-07-29 17:58:54	FastqToSam	Processed    58,000,000 records.  Elapsed time: 00:03:31s.  Time for last 1,000,000:    3s.  Last read position: */*
INFO	2024-07-29 17:58:57	FastqToSam	Processed    59,000,000 records.  Elapsed time: 00:03:35s.  Time for last 1,000,000:    3s.  Last read position: */*
INFO	2024-07-29 17:59:01	FastqToSam	Processed    60,000,000 records.  Elapsed time: 00:03:39s.  Time for last 1,000,000:    3s.  Last read position: */*
INFO	2024-07-29 17:59:04	FastqToSam	Processed    61,000,000 records.  Elapsed time: 00:03:42s.  Time for last 1,000,000:    3s.  Last read position: */*
INFO	2024-07-29 17:59:08	FastqToSam	Processed    62,000,000 records.  Elapsed time: 00:03:46s.  Time for last 1,000,000:    3s.  Last read position: */*
INFO	2024-07-29 17:59:11	FastqToSam	Processed    63,000,000 records.  Elapsed time: 00:03:49s.  Time for last 1,000,000:    3s.  Last read position: */*
INFO	2024-07-29 17:59:15	FastqToSam	Processed    64,000,000 records.  Elapsed time: 00:03:53s.  Time for last 1,000,000:    3s.  Last read position: */*
INFO	2024-07-29 17:59:19	FastqToSam	Processed    65,000,000 records.  Elapsed time: 00:03:56s.  Time for last 1,000,000:    3s.  Last read position: */*
INFO	2024-07-29 17:59:22	FastqToSam	Processed    66,000,000 records.  Elapsed time: 00:04:00s.  Time for last 1,000,000:    3s.  Last read position: */*
INFO	2024-07-29 17:59:26	FastqToSam	Processed    67,000,000 records.  Elapsed time: 00:04:03s.  Time for last 1,000,000:    3s.  Last read position: */*
INFO	2024-07-29 17:59:29	FastqToSam	Processed    68,000,000 records.  Elapsed time: 00:04:07s.  Time for last 1,000,000:    3s.  Last read position: */*
INFO	2024-07-29 17:59:33	FastqToSam	Processed    69,000,000 records.  Elapsed time: 00:04:11s.  Time for last 1,000,000:    3s.  Last read position: */*
INFO	2024-07-29 17:59:36	FastqToSam	Processed    70,000,000 records.  Elapsed time: 00:04:14s.  Time for last 1,000,000:    3s.  Last read position: */*
INFO	2024-07-29 17:59:40	FastqToSam	Processed    71,000,000 records.  Elapsed time: 00:04:18s.  Time for last 1,000,000:    3s.  Last read position: */*
INFO	2024-07-29 17:59:43	FastqToSam	Processed    72,000,000 records.  Elapsed time: 00:04:21s.  Time for last 1,000,000:    3s.  Last read position: */*
INFO	2024-07-29 17:59:47	FastqToSam	Processed    73,000,000 records.  Elapsed time: 00:04:25s.  Time for last 1,000,000:    3s.  Last read position: */*
INFO	2024-07-29 17:59:51	FastqToSam	Processed    74,000,000 records.  Elapsed time: 00:04:29s.  Time for last 1,000,000:    3s.  Last read position: */*
INFO	2024-07-29 17:59:54	FastqToSam	Processed    75,000,000 records.  Elapsed time: 00:04:32s.  Time for last 1,000,000:    3s.  Last read position: */*
INFO	2024-07-29 17:59:58	FastqToSam	Processed    76,000,000 records.  Elapsed time: 00:04:36s.  Time for last 1,000,000:    3s.  Last read position: */*
INFO	2024-07-29 18:00:02	FastqToSam	Processed    77,000,000 records.  Elapsed time: 00:04:39s.  Time for last 1,000,000:    3s.  Last read position: */*
INFO	2024-07-29 18:00:05	FastqToSam	Processed    78,000,000 records.  Elapsed time: 00:04:43s.  Time for last 1,000,000:    3s.  Last read position: */*
INFO	2024-07-29 18:00:09	FastqToSam	Processed    79,000,000 records.  Elapsed time: 00:04:47s.  Time for last 1,000,000:    3s.  Last read position: */*
INFO	2024-07-29 18:00:12	FastqToSam	Processed    80,000,000 records.  Elapsed time: 00:04:50s.  Time for last 1,000,000:    3s.  Last read position: */*
INFO	2024-07-29 18:00:16	FastqToSam	Processed    81,000,000 records.  Elapsed time: 00:04:54s.  Time for last 1,000,000:    3s.  Last read position: */*
INFO	2024-07-29 18:00:20	FastqToSam	Processed    82,000,000 records.  Elapsed time: 00:04:57s.  Time for last 1,000,000:    3s.  Last read position: */*
INFO	2024-07-29 18:00:23	FastqToSam	Processed    83,000,000 records.  Elapsed time: 00:05:01s.  Time for last 1,000,000:    3s.  Last read position: */*
INFO	2024-07-29 18:00:27	FastqToSam	Processed    84,000,000 records.  Elapsed time: 00:05:05s.  Time for last 1,000,000:    3s.  Last read position: */*
INFO	2024-07-29 18:00:31	FastqToSam	Processed    85,000,000 records.  Elapsed time: 00:05:08s.  Time for last 1,000,000:    3s.  Last read position: */*
INFO	2024-07-29 18:00:34	FastqToSam	Processed    86,000,000 records.  Elapsed time: 00:05:12s.  Time for last 1,000,000:    3s.  Last read position: */*
INFO	2024-07-29 18:00:38	FastqToSam	Processed    87,000,000 records.  Elapsed time: 00:05:16s.  Time for last 1,000,000:    3s.  Last read position: */*
INFO	2024-07-29 18:00:41	FastqToSam	Processed    88,000,000 records.  Elapsed time: 00:05:19s.  Time for last 1,000,000:    3s.  Last read position: */*
INFO	2024-07-29 18:00:45	FastqToSam	Processed    89,000,000 records.  Elapsed time: 00:05:23s.  Time for last 1,000,000:    3s.  Last read position: */*
INFO	2024-07-29 18:00:48	FastqToSam	Processed    90,000,000 records.  Elapsed time: 00:05:26s.  Time for last 1,000,000:    3s.  Last read position: */*
INFO	2024-07-29 18:00:52	FastqToSam	Processed    91,000,000 records.  Elapsed time: 00:05:30s.  Time for last 1,000,000:    3s.  Last read position: */*
INFO	2024-07-29 18:00:56	FastqToSam	Processed    92,000,000 records.  Elapsed time: 00:05:33s.  Time for last 1,000,000:    3s.  Last read position: */*
INFO	2024-07-29 18:00:59	FastqToSam	Processed    93,000,000 records.  Elapsed time: 00:05:37s.  Time for last 1,000,000:    3s.  Last read position: */*
INFO	2024-07-29 18:01:03	FastqToSam	Processed    94,000,000 records.  Elapsed time: 00:05:41s.  Time for last 1,000,000:    3s.  Last read position: */*
INFO	2024-07-29 18:01:07	FastqToSam	Processed    95,000,000 records.  Elapsed time: 00:05:44s.  Time for last 1,000,000:    3s.  Last read position: */*
INFO	2024-07-29 18:01:10	FastqToSam	Processed    96,000,000 records.  Elapsed time: 00:05:48s.  Time for last 1,000,000:    3s.  Last read position: */*
INFO	2024-07-29 18:01:14	FastqToSam	Processed    97,000,000 records.  Elapsed time: 00:05:52s.  Time for last 1,000,000:    3s.  Last read position: */*
INFO	2024-07-29 18:01:18	FastqToSam	Processed    98,000,000 records.  Elapsed time: 00:05:55s.  Time for last 1,000,000:    3s.  Last read position: */*
INFO	2024-07-29 18:01:21	FastqToSam	Processed    99,000,000 records.  Elapsed time: 00:05:59s.  Time for last 1,000,000:    3s.  Last read position: */*
INFO	2024-07-29 18:01:25	FastqToSam	Processed   100,000,000 records.  Elapsed time: 00:06:02s.  Time for last 1,000,000:    3s.  Last read position: */*
INFO	2024-07-29 18:01:28	FastqToSam	Processed   101,000,000 records.  Elapsed time: 00:06:06s.  Time for last 1,000,000:    3s.  Last read position: */*
INFO	2024-07-29 18:01:32	FastqToSam	Processed   102,000,000 records.  Elapsed time: 00:06:10s.  Time for last 1,000,000:    3s.  Last read position: */*
INFO	2024-07-29 18:01:35	FastqToSam	Processed   103,000,000 records.  Elapsed time: 00:06:13s.  Time for last 1,000,000:    3s.  Last read position: */*
INFO	2024-07-29 18:01:39	FastqToSam	Processed   104,000,000 records.  Elapsed time: 00:06:17s.  Time for last 1,000,000:    3s.  Last read position: */*
INFO	2024-07-29 18:01:43	FastqToSam	Processed   105,000,000 records.  Elapsed time: 00:06:20s.  Time for last 1,000,000:    3s.  Last read position: */*
INFO	2024-07-29 18:01:46	FastqToSam	Processed   106,000,000 records.  Elapsed time: 00:06:24s.  Time for last 1,000,000:    3s.  Last read position: */*
INFO	2024-07-29 18:01:50	FastqToSam	Processed   107,000,000 records.  Elapsed time: 00:06:27s.  Time for last 1,000,000:    3s.  Last read position: */*
INFO	2024-07-29 18:01:53	FastqToSam	Processed   108,000,000 records.  Elapsed time: 00:06:31s.  Time for last 1,000,000:    3s.  Last read position: */*
INFO	2024-07-29 18:01:57	FastqToSam	Processed   109,000,000 records.  Elapsed time: 00:06:34s.  Time for last 1,000,000:    3s.  Last read position: */*
INFO	2024-07-29 18:02:00	FastqToSam	Processed   110,000,000 records.  Elapsed time: 00:06:38s.  Time for last 1,000,000:    3s.  Last read position: */*
INFO	2024-07-29 18:02:04	FastqToSam	Processed   111,000,000 records.  Elapsed time: 00:06:41s.  Time for last 1,000,000:    3s.  Last read position: */*
INFO	2024-07-29 18:02:07	FastqToSam	Processed   112,000,000 records.  Elapsed time: 00:06:45s.  Time for last 1,000,000:    3s.  Last read position: */*
INFO	2024-07-29 18:02:11	FastqToSam	Processed   113,000,000 records.  Elapsed time: 00:06:48s.  Time for last 1,000,000:    3s.  Last read position: */*
INFO	2024-07-29 18:02:14	FastqToSam	Processed   114,000,000 records.  Elapsed time: 00:06:52s.  Time for last 1,000,000:    3s.  Last read position: */*
INFO	2024-07-29 18:02:18	FastqToSam	Processed   115,000,000 records.  Elapsed time: 00:06:55s.  Time for last 1,000,000:    3s.  Last read position: */*
INFO	2024-07-29 18:02:21	FastqToSam	Processed   116,000,000 records.  Elapsed time: 00:06:59s.  Time for last 1,000,000:    3s.  Last read position: */*
INFO	2024-07-29 18:02:25	FastqToSam	Processed   117,000,000 records.  Elapsed time: 00:07:03s.  Time for last 1,000,000:    3s.  Last read position: */*
INFO	2024-07-29 18:02:28	FastqToSam	Processed   118,000,000 records.  Elapsed time: 00:07:06s.  Time for last 1,000,000:    3s.  Last read position: */*
INFO	2024-07-29 18:02:32	FastqToSam	Processed   119,000,000 records.  Elapsed time: 00:07:10s.  Time for last 1,000,000:    3s.  Last read position: */*
INFO	2024-07-29 18:02:36	FastqToSam	Processed   120,000,000 records.  Elapsed time: 00:07:13s.  Time for last 1,000,000:    3s.  Last read position: */*
INFO	2024-07-29 18:02:39	FastqToSam	Processed   121,000,000 records.  Elapsed time: 00:07:17s.  Time for last 1,000,000:    3s.  Last read position: */*
INFO	2024-07-29 18:02:43	FastqToSam	Processed   122,000,000 records.  Elapsed time: 00:07:21s.  Time for last 1,000,000:    3s.  Last read position: */*
INFO	2024-07-29 18:02:46	FastqToSam	Processed   123,000,000 records.  Elapsed time: 00:07:24s.  Time for last 1,000,000:    3s.  Last read position: */*
INFO	2024-07-29 18:02:50	FastqToSam	Processed   124,000,000 records.  Elapsed time: 00:07:28s.  Time for last 1,000,000:    3s.  Last read position: */*
INFO	2024-07-29 18:02:54	FastqToSam	Processed   125,000,000 records.  Elapsed time: 00:07:32s.  Time for last 1,000,000:    3s.  Last read position: */*
INFO	2024-07-29 18:02:58	FastqToSam	Processed   126,000,000 records.  Elapsed time: 00:07:35s.  Time for last 1,000,000:    3s.  Last read position: */*
INFO	2024-07-29 18:03:01	FastqToSam	Processed   127,000,000 records.  Elapsed time: 00:07:39s.  Time for last 1,000,000:    3s.  Last read position: */*
INFO	2024-07-29 18:03:05	FastqToSam	Processed   128,000,000 records.  Elapsed time: 00:07:42s.  Time for last 1,000,000:    3s.  Last read position: */*
INFO	2024-07-29 18:03:09	FastqToSam	Processed   129,000,000 records.  Elapsed time: 00:07:46s.  Time for last 1,000,000:    3s.  Last read position: */*
INFO	2024-07-29 18:03:12	FastqToSam	Processed   130,000,000 records.  Elapsed time: 00:07:50s.  Time for last 1,000,000:    3s.  Last read position: */*
INFO	2024-07-29 18:03:16	FastqToSam	Processed   131,000,000 records.  Elapsed time: 00:07:53s.  Time for last 1,000,000:    3s.  Last read position: */*
INFO	2024-07-29 18:03:19	FastqToSam	Processed   132,000,000 records.  Elapsed time: 00:07:57s.  Time for last 1,000,000:    3s.  Last read position: */*
INFO	2024-07-29 18:03:23	FastqToSam	Processed   133,000,000 records.  Elapsed time: 00:08:01s.  Time for last 1,000,000:    3s.  Last read position: */*
INFO	2024-07-29 18:03:26	FastqToSam	Processed   134,000,000 records.  Elapsed time: 00:08:04s.  Time for last 1,000,000:    3s.  Last read position: */*
INFO	2024-07-29 18:03:30	FastqToSam	Processed   135,000,000 records.  Elapsed time: 00:08:08s.  Time for last 1,000,000:    3s.  Last read position: */*
INFO	2024-07-29 18:03:33	FastqToSam	Processed   136,000,000 records.  Elapsed time: 00:08:11s.  Time for last 1,000,000:    3s.  Last read position: */*
INFO	2024-07-29 18:03:37	FastqToSam	Processed   137,000,000 records.  Elapsed time: 00:08:15s.  Time for last 1,000,000:    3s.  Last read position: */*
INFO	2024-07-29 18:03:40	FastqToSam	Processed   138,000,000 records.  Elapsed time: 00:08:18s.  Time for last 1,000,000:    3s.  Last read position: */*
INFO	2024-07-29 18:03:44	FastqToSam	Processed   139,000,000 records.  Elapsed time: 00:08:22s.  Time for last 1,000,000:    3s.  Last read position: */*
INFO	2024-07-29 18:03:48	FastqToSam	Processed   140,000,000 records.  Elapsed time: 00:08:25s.  Time for last 1,000,000:    3s.  Last read position: */*
INFO	2024-07-29 18:03:51	FastqToSam	Processed   141,000,000 records.  Elapsed time: 00:08:29s.  Time for last 1,000,000:    3s.  Last read position: */*
INFO	2024-07-29 18:03:55	FastqToSam	Processed   142,000,000 records.  Elapsed time: 00:08:33s.  Time for last 1,000,000:    3s.  Last read position: */*
INFO	2024-07-29 18:03:59	FastqToSam	Processed   143,000,000 records.  Elapsed time: 00:08:36s.  Time for last 1,000,000:    3s.  Last read position: */*
INFO	2024-07-29 18:04:02	FastqToSam	Processed   144,000,000 records.  Elapsed time: 00:08:40s.  Time for last 1,000,000:    3s.  Last read position: */*
INFO	2024-07-29 18:04:06	FastqToSam	Processed   145,000,000 records.  Elapsed time: 00:08:44s.  Time for last 1,000,000:    3s.  Last read position: */*
INFO	2024-07-29 18:04:10	FastqToSam	Processed   146,000,000 records.  Elapsed time: 00:08:47s.  Time for last 1,000,000:    3s.  Last read position: */*
INFO	2024-07-29 18:04:14	FastqToSam	Processed   147,000,000 records.  Elapsed time: 00:08:51s.  Time for last 1,000,000:    3s.  Last read position: */*
INFO	2024-07-29 18:04:17	FastqToSam	Processed   148,000,000 records.  Elapsed time: 00:08:55s.  Time for last 1,000,000:    3s.  Last read position: */*
INFO	2024-07-29 18:04:21	FastqToSam	Processed   149,000,000 records.  Elapsed time: 00:08:59s.  Time for last 1,000,000:    3s.  Last read position: */*
INFO	2024-07-29 18:04:24	FastqToSam	Processed   150,000,000 records.  Elapsed time: 00:09:02s.  Time for last 1,000,000:    3s.  Last read position: */*
INFO	2024-07-29 18:04:28	FastqToSam	Processed   151,000,000 records.  Elapsed time: 00:09:06s.  Time for last 1,000,000:    3s.  Last read position: */*
INFO	2024-07-29 18:04:32	FastqToSam	Processed   152,000,000 records.  Elapsed time: 00:09:10s.  Time for last 1,000,000:    3s.  Last read position: */*
INFO	2024-07-29 18:04:35	FastqToSam	Processed   153,000,000 records.  Elapsed time: 00:09:13s.  Time for last 1,000,000:    3s.  Last read position: */*
INFO	2024-07-29 18:04:39	FastqToSam	Processed   154,000,000 records.  Elapsed time: 00:09:17s.  Time for last 1,000,000:    3s.  Last read position: */*
INFO	2024-07-29 18:04:43	FastqToSam	Processed   155,000,000 records.  Elapsed time: 00:09:21s.  Time for last 1,000,000:    3s.  Last read position: */*
INFO	2024-07-29 18:04:47	FastqToSam	Processed   156,000,000 records.  Elapsed time: 00:09:24s.  Time for last 1,000,000:    3s.  Last read position: */*
INFO	2024-07-29 18:04:50	FastqToSam	Processed   157,000,000 records.  Elapsed time: 00:09:28s.  Time for last 1,000,000:    3s.  Last read position: */*
INFO	2024-07-29 18:04:54	FastqToSam	Processed   158,000,000 records.  Elapsed time: 00:09:31s.  Time for last 1,000,000:    3s.  Last read position: */*
INFO	2024-07-29 18:04:57	FastqToSam	Processed   159,000,000 records.  Elapsed time: 00:09:35s.  Time for last 1,000,000:    3s.  Last read position: */*
INFO	2024-07-29 18:05:01	FastqToSam	Processed   160,000,000 records.  Elapsed time: 00:09:39s.  Time for last 1,000,000:    3s.  Last read position: */*
INFO	2024-07-29 18:05:04	FastqToSam	Processed   161,000,000 records.  Elapsed time: 00:09:42s.  Time for last 1,000,000:    3s.  Last read position: */*
INFO	2024-07-29 18:05:08	FastqToSam	Processed   162,000,000 records.  Elapsed time: 00:09:46s.  Time for last 1,000,000:    3s.  Last read position: */*
INFO	2024-07-29 18:05:11	FastqToSam	Processed   163,000,000 records.  Elapsed time: 00:09:49s.  Time for last 1,000,000:    3s.  Last read position: */*
INFO	2024-07-29 18:05:15	FastqToSam	Processed   164,000,000 records.  Elapsed time: 00:09:53s.  Time for last 1,000,000:    3s.  Last read position: */*
INFO	2024-07-29 18:05:19	FastqToSam	Processed   165,000,000 records.  Elapsed time: 00:09:56s.  Time for last 1,000,000:    3s.  Last read position: */*
INFO	2024-07-29 18:05:22	FastqToSam	Processed   166,000,000 records.  Elapsed time: 00:10:00s.  Time for last 1,000,000:    3s.  Last read position: */*
INFO	2024-07-29 18:05:26	FastqToSam	Processed   167,000,000 records.  Elapsed time: 00:10:04s.  Time for last 1,000,000:    3s.  Last read position: */*
INFO	2024-07-29 18:05:30	FastqToSam	Processed   168,000,000 records.  Elapsed time: 00:10:07s.  Time for last 1,000,000:    3s.  Last read position: */*
INFO	2024-07-29 18:05:33	FastqToSam	Processed   169,000,000 records.  Elapsed time: 00:10:11s.  Time for last 1,000,000:    3s.  Last read position: */*
INFO	2024-07-29 18:05:37	FastqToSam	Processed   170,000,000 records.  Elapsed time: 00:10:14s.  Time for last 1,000,000:    3s.  Last read position: */*
INFO	2024-07-29 18:05:41	FastqToSam	Processed   171,000,000 records.  Elapsed time: 00:10:18s.  Time for last 1,000,000:    3s.  Last read position: */*
INFO	2024-07-29 18:05:44	FastqToSam	Processed   172,000,000 records.  Elapsed time: 00:10:22s.  Time for last 1,000,000:    3s.  Last read position: */*
INFO	2024-07-29 18:05:48	FastqToSam	Processed   173,000,000 records.  Elapsed time: 00:10:26s.  Time for last 1,000,000:    3s.  Last read position: */*
INFO	2024-07-29 18:05:52	FastqToSam	Processed   174,000,000 records.  Elapsed time: 00:10:30s.  Time for last 1,000,000:    3s.  Last read position: */*
INFO	2024-07-29 18:05:55	FastqToSam	Processed   175,000,000 records.  Elapsed time: 00:10:33s.  Time for last 1,000,000:    3s.  Last read position: */*
INFO	2024-07-29 18:05:59	FastqToSam	Processed   176,000,000 records.  Elapsed time: 00:10:37s.  Time for last 1,000,000:    3s.  Last read position: */*
INFO	2024-07-29 18:06:02	FastqToSam	Processed   177,000,000 records.  Elapsed time: 00:10:40s.  Time for last 1,000,000:    3s.  Last read position: */*
INFO	2024-07-29 18:06:06	FastqToSam	Processed   178,000,000 records.  Elapsed time: 00:10:44s.  Time for last 1,000,000:    3s.  Last read position: */*
INFO	2024-07-29 18:06:10	FastqToSam	Processed   179,000,000 records.  Elapsed time: 00:10:47s.  Time for last 1,000,000:    3s.  Last read position: */*
INFO	2024-07-29 18:06:13	FastqToSam	Processed   180,000,000 records.  Elapsed time: 00:10:51s.  Time for last 1,000,000:    3s.  Last read position: */*
INFO	2024-07-29 18:06:17	FastqToSam	Processed   181,000,000 records.  Elapsed time: 00:10:55s.  Time for last 1,000,000:    3s.  Last read position: */*
INFO	2024-07-29 18:06:21	FastqToSam	Processed   182,000,000 records.  Elapsed time: 00:10:58s.  Time for last 1,000,000:    3s.  Last read position: */*
INFO	2024-07-29 18:06:24	FastqToSam	Processed   183,000,000 records.  Elapsed time: 00:11:02s.  Time for last 1,000,000:    3s.  Last read position: */*
INFO	2024-07-29 18:06:28	FastqToSam	Processed   184,000,000 records.  Elapsed time: 00:11:06s.  Time for last 1,000,000:    3s.  Last read position: */*
INFO	2024-07-29 18:06:31	FastqToSam	Processed   185,000,000 records.  Elapsed time: 00:11:09s.  Time for last 1,000,000:    3s.  Last read position: */*
INFO	2024-07-29 18:06:35	FastqToSam	Processed   186,000,000 records.  Elapsed time: 00:11:13s.  Time for last 1,000,000:    3s.  Last read position: */*
INFO	2024-07-29 18:06:38	FastqToSam	Processed   187,000,000 records.  Elapsed time: 00:11:16s.  Time for last 1,000,000:    3s.  Last read position: */*
INFO	2024-07-29 18:06:42	FastqToSam	Processed   188,000,000 records.  Elapsed time: 00:11:20s.  Time for last 1,000,000:    3s.  Last read position: */*
INFO	2024-07-29 18:06:45	FastqToSam	Processed   189,000,000 records.  Elapsed time: 00:11:23s.  Time for last 1,000,000:    3s.  Last read position: */*
INFO	2024-07-29 18:06:49	FastqToSam	Processed   190,000,000 records.  Elapsed time: 00:11:27s.  Time for last 1,000,000:    3s.  Last read position: */*
INFO	2024-07-29 18:06:53	FastqToSam	Processed   191,000,000 records.  Elapsed time: 00:11:30s.  Time for last 1,000,000:    3s.  Last read position: */*
INFO	2024-07-29 18:06:56	FastqToSam	Processed   192,000,000 records.  Elapsed time: 00:11:34s.  Time for last 1,000,000:    3s.  Last read position: */*
INFO	2024-07-29 18:06:57	FastqToSam	Processed 96061854 fastq reads
[Mon Jul 29 18:10:59 GMT 2024] picard.sam.FastqToSam done. Elapsed time: 15.63 minutes.
Runtime.totalMemory()=620756992
Tool returned:
0
Using GATK jar /gatk/gatk-package-4.6.0.0-local.jar
Running:
    java -Dsamjdk.use_async_io_read_samtools=false -Dsamjdk.use_async_io_write_samtools=true -Dsamjdk.use_async_io_write_tribble=false -Dsamjdk.compression_level=2 -jar /gatk/gatk-package-4.6.0.0-local.jar FastqToSam --FASTQ /coh_labs/dits/rayyan/Data/C083-000002/FastqFiles/C083-000002_WF00054603_h034885-01D-01L_GermlineDNA_R1_001.fastq.gz --FASTQ2 /coh_labs/dits/rayyan/Data/C083-000002/FastqFiles/C083-000002_WF00054603_h034885-01D-01L_GermlineDNA_R2_001.fastq.gz --OUTPUT /coh_labs/dits/rayyan/Data/C083-000002/AnalysisData2/C083-000002_GermlineDNA_fastqtosam.bam --SAMPLE_NAME C083-000002_GermlineDNA
