05:24:03.129 INFO  NativeLibraryLoader - Loading libgkl_compression.so from jar:file:/gatk/gatk-package-4.2.6.1-local.jar!/com/intel/gkl/native/libgkl_compression.so
[Wed Jul 24 05:24:03 GMT 2024] AddOrReplaceReadGroups --INPUT C083-000002_GermlineDNA_markedduplicates.bam --OUTPUT C083-000002_GermlineDNA_markedduplicates-addRG.bam --RGLB lib1 --RGPL ILLUMINA --RGPU unit1 --RGSM sample --CREATE_INDEX true --RGID 1 --VERBOSITY INFO --QUIET false --VALIDATION_STRINGENCY STRICT --COMPRESSION_LEVEL 2 --MAX_RECORDS_IN_RAM 500000 --CREATE_MD5_FILE false --GA4GH_CLIENT_SECRETS client_secrets.json --help false --version false --showHidden false --USE_JDK_DEFLATER false --USE_JDK_INFLATER false
[Wed Jul 24 05:24:03 GMT 2024] Executing as raburajab@g-h-1-8-01 on Linux 4.18.0-305.3.1.el8_4.x86_64 amd64; OpenJDK 64-Bit Server VM 1.8.0_242-8u242-b08-0ubuntu3~18.04-b08; Deflater: Intel; Inflater: Intel; Provider GCS is available; Picard version: Version:4.2.6.1
INFO	2024-07-24 05:24:03	AddOrReplaceReadGroups	Created read-group ID=1 PL=ILLUMINA LB=lib1 SM=sample

INFO	2024-07-24 05:24:06	AddOrReplaceReadGroups	Processed     1,000,000 records.  Elapsed time: 00:00:03s.  Time for last 1,000,000:    3s.  Last read position: chr1:6,462,513
INFO	2024-07-24 05:24:09	AddOrReplaceReadGroups	Processed     2,000,000 records.  Elapsed time: 00:00:05s.  Time for last 1,000,000:    2s.  Last read position: chr1:13,246,835
INFO	2024-07-24 05:24:11	AddOrReplaceReadGroups	Processed     3,000,000 records.  Elapsed time: 00:00:08s.  Time for last 1,000,000:    2s.  Last read position: chr1:18,720,375
INFO	2024-07-24 05:24:14	AddOrReplaceReadGroups	Processed     4,000,000 records.  Elapsed time: 00:00:11s.  Time for last 1,000,000:    2s.  Last read position: chr1:25,809,783
INFO	2024-07-24 05:24:17	AddOrReplaceReadGroups	Processed     5,000,000 records.  Elapsed time: 00:00:13s.  Time for last 1,000,000:    2s.  Last read position: chr1:33,493,273
INFO	2024-07-24 05:24:19	AddOrReplaceReadGroups	Processed     6,000,000 records.  Elapsed time: 00:00:16s.  Time for last 1,000,000:    2s.  Last read position: chr1:43,223,899
INFO	2024-07-24 05:24:22	AddOrReplaceReadGroups	Processed     7,000,000 records.  Elapsed time: 00:00:19s.  Time for last 1,000,000:    2s.  Last read position: chr1:52,993,425
INFO	2024-07-24 05:24:25	AddOrReplaceReadGroups	Processed     8,000,000 records.  Elapsed time: 00:00:21s.  Time for last 1,000,000:    2s.  Last read position: chr1:77,725,608
INFO	2024-07-24 05:24:27	AddOrReplaceReadGroups	Processed     9,000,000 records.  Elapsed time: 00:00:24s.  Time for last 1,000,000:    2s.  Last read position: chr1:103,689,211
INFO	2024-07-24 05:24:30	AddOrReplaceReadGroups	Processed    10,000,000 records.  Elapsed time: 00:00:27s.  Time for last 1,000,000:    2s.  Last read position: chr1:117,623,548
INFO	2024-07-24 05:24:33	AddOrReplaceReadGroups	Processed    11,000,000 records.  Elapsed time: 00:00:29s.  Time for last 1,000,000:    2s.  Last read position: chr1:147,179,072
INFO	2024-07-24 05:24:36	AddOrReplaceReadGroups	Processed    12,000,000 records.  Elapsed time: 00:00:33s.  Time for last 1,000,000:    3s.  Last read position: chr1:152,305,865
INFO	2024-07-24 05:24:39	AddOrReplaceReadGroups	Processed    13,000,000 records.  Elapsed time: 00:00:36s.  Time for last 1,000,000:    2s.  Last read position: chr1:156,293,534
INFO	2024-07-24 05:24:42	AddOrReplaceReadGroups	Processed    14,000,000 records.  Elapsed time: 00:00:39s.  Time for last 1,000,000:    2s.  Last read position: chr1:161,984,027
INFO	2024-07-24 05:24:45	AddOrReplaceReadGroups	Processed    15,000,000 records.  Elapsed time: 00:00:41s.  Time for last 1,000,000:    2s.  Last read position: chr1:180,197,310
INFO	2024-07-24 05:24:47	AddOrReplaceReadGroups	Processed    16,000,000 records.  Elapsed time: 00:00:44s.  Time for last 1,000,000:    2s.  Last read position: chr1:202,386,489
INFO	2024-07-24 05:24:50	AddOrReplaceReadGroups	Processed    17,000,000 records.  Elapsed time: 00:00:46s.  Time for last 1,000,000:    2s.  Last read position: chr1:213,015,595
INFO	2024-07-24 05:24:52	AddOrReplaceReadGroups	Processed    18,000,000 records.  Elapsed time: 00:00:49s.  Time for last 1,000,000:    2s.  Last read position: chr1:229,602,833
INFO	2024-07-24 05:24:55	AddOrReplaceReadGroups	Processed    19,000,000 records.  Elapsed time: 00:00:51s.  Time for last 1,000,000:    2s.  Last read position: chr1:248,239,540
INFO	2024-07-24 05:24:57	AddOrReplaceReadGroups	Processed    20,000,000 records.  Elapsed time: 00:00:54s.  Time for last 1,000,000:    2s.  Last read position: chr2:25,955,454
INFO	2024-07-24 05:25:00	AddOrReplaceReadGroups	Processed    21,000,000 records.  Elapsed time: 00:00:57s.  Time for last 1,000,000:    2s.  Last read position: chr2:36,578,654
INFO	2024-07-24 05:25:03	AddOrReplaceReadGroups	Processed    22,000,000 records.  Elapsed time: 00:00:59s.  Time for last 1,000,000:    2s.  Last read position: chr2:61,203,108
INFO	2024-07-24 05:25:05	AddOrReplaceReadGroups	Processed    23,000,000 records.  Elapsed time: 00:01:02s.  Time for last 1,000,000:    2s.  Last read position: chr2:74,874,394
INFO	2024-07-24 05:25:08	AddOrReplaceReadGroups	Processed    24,000,000 records.  Elapsed time: 00:01:05s.  Time for last 1,000,000:    3s.  Last read position: chr2:95,904,871
INFO	2024-07-24 05:25:11	AddOrReplaceReadGroups	Processed    25,000,000 records.  Elapsed time: 00:01:08s.  Time for last 1,000,000:    2s.  Last read position: chr2:107,310,242
INFO	2024-07-24 05:25:13	AddOrReplaceReadGroups	Processed    26,000,000 records.  Elapsed time: 00:01:10s.  Time for last 1,000,000:    2s.  Last read position: chr2:115,672,890
INFO	2024-07-24 05:25:16	AddOrReplaceReadGroups	Processed    27,000,000 records.  Elapsed time: 00:01:13s.  Time for last 1,000,000:    2s.  Last read position: chr2:134,466,155
INFO	2024-07-24 05:25:19	AddOrReplaceReadGroups	Processed    28,000,000 records.  Elapsed time: 00:01:15s.  Time for last 1,000,000:    2s.  Last read position: chr2:165,140,602
INFO	2024-07-24 05:25:21	AddOrReplaceReadGroups	Processed    29,000,000 records.  Elapsed time: 00:01:18s.  Time for last 1,000,000:    2s.  Last read position: chr2:178,645,894
INFO	2024-07-24 05:25:24	AddOrReplaceReadGroups	Processed    30,000,000 records.  Elapsed time: 00:01:20s.  Time for last 1,000,000:    2s.  Last read position: chr2:200,856,850
INFO	2024-07-24 05:25:26	AddOrReplaceReadGroups	Processed    31,000,000 records.  Elapsed time: 00:01:23s.  Time for last 1,000,000:    2s.  Last read position: chr2:218,642,163
INFO	2024-07-24 05:25:29	AddOrReplaceReadGroups	Processed    32,000,000 records.  Elapsed time: 00:01:25s.  Time for last 1,000,000:    2s.  Last read position: chr2:231,735,102
INFO	2024-07-24 05:25:31	AddOrReplaceReadGroups	Processed    33,000,000 records.  Elapsed time: 00:01:28s.  Time for last 1,000,000:    2s.  Last read position: chr2:241,801,901
INFO	2024-07-24 05:25:34	AddOrReplaceReadGroups	Processed    34,000,000 records.  Elapsed time: 00:01:31s.  Time for last 1,000,000:    2s.  Last read position: chr3:15,712,146
INFO	2024-07-24 05:25:37	AddOrReplaceReadGroups	Processed    35,000,000 records.  Elapsed time: 00:01:33s.  Time for last 1,000,000:    2s.  Last read position: chr3:41,205,138
INFO	2024-07-24 05:25:40	AddOrReplaceReadGroups	Processed    36,000,000 records.  Elapsed time: 00:01:37s.  Time for last 1,000,000:    3s.  Last read position: chr3:48,432,491
INFO	2024-07-24 05:25:43	AddOrReplaceReadGroups	Processed    37,000,000 records.  Elapsed time: 00:01:39s.  Time for last 1,000,000:    2s.  Last read position: chr3:52,345,523
INFO	2024-07-24 05:25:45	AddOrReplaceReadGroups	Processed    38,000,000 records.  Elapsed time: 00:01:42s.  Time for last 1,000,000:    2s.  Last read position: chr3:70,987,949
INFO	2024-07-24 05:25:48	AddOrReplaceReadGroups	Processed    39,000,000 records.  Elapsed time: 00:01:44s.  Time for last 1,000,000:    2s.  Last read position: chr3:113,959,624
INFO	2024-07-24 05:25:50	AddOrReplaceReadGroups	Processed    40,000,000 records.  Elapsed time: 00:01:47s.  Time for last 1,000,000:    2s.  Last read position: chr3:129,401,751
INFO	2024-07-24 05:25:53	AddOrReplaceReadGroups	Processed    41,000,000 records.  Elapsed time: 00:01:49s.  Time for last 1,000,000:    2s.  Last read position: chr3:148,987,435
INFO	2024-07-24 05:25:55	AddOrReplaceReadGroups	Processed    42,000,000 records.  Elapsed time: 00:01:52s.  Time for last 1,000,000:    2s.  Last read position: chr3:181,712,764
INFO	2024-07-24 05:25:58	AddOrReplaceReadGroups	Processed    43,000,000 records.  Elapsed time: 00:01:55s.  Time for last 1,000,000:    2s.  Last read position: chr3:195,306,531
INFO	2024-07-24 05:26:01	AddOrReplaceReadGroups	Processed    44,000,000 records.  Elapsed time: 00:01:57s.  Time for last 1,000,000:    2s.  Last read position: chr4:1,901,180
INFO	2024-07-24 05:26:03	AddOrReplaceReadGroups	Processed    45,000,000 records.  Elapsed time: 00:02:00s.  Time for last 1,000,000:    2s.  Last read position: chr4:9,254,151
INFO	2024-07-24 05:26:06	AddOrReplaceReadGroups	Processed    46,000,000 records.  Elapsed time: 00:02:02s.  Time for last 1,000,000:    2s.  Last read position: chr4:38,773,766
INFO	2024-07-24 05:26:09	AddOrReplaceReadGroups	Processed    47,000,000 records.  Elapsed time: 00:02:05s.  Time for last 1,000,000:    3s.  Last read position: chr4:68,647,164
INFO	2024-07-24 05:26:11	AddOrReplaceReadGroups	Processed    48,000,000 records.  Elapsed time: 00:02:08s.  Time for last 1,000,000:    2s.  Last read position: chr4:87,616,236
INFO	2024-07-24 05:26:14	AddOrReplaceReadGroups	Processed    49,000,000 records.  Elapsed time: 00:02:11s.  Time for last 1,000,000:    2s.  Last read position: chr4:119,261,645
INFO	2024-07-24 05:26:17	AddOrReplaceReadGroups	Processed    50,000,000 records.  Elapsed time: 00:02:13s.  Time for last 1,000,000:    2s.  Last read position: chr4:154,584,544
INFO	2024-07-24 05:26:19	AddOrReplaceReadGroups	Processed    51,000,000 records.  Elapsed time: 00:02:16s.  Time for last 1,000,000:    2s.  Last read position: chr5:422,619
INFO	2024-07-24 05:26:22	AddOrReplaceReadGroups	Processed    52,000,000 records.  Elapsed time: 00:02:19s.  Time for last 1,000,000:    2s.  Last read position: chr5:35,026,914
INFO	2024-07-24 05:26:25	AddOrReplaceReadGroups	Processed    53,000,000 records.  Elapsed time: 00:02:21s.  Time for last 1,000,000:    2s.  Last read position: chr5:68,273,369
INFO	2024-07-24 05:26:27	AddOrReplaceReadGroups	Processed    54,000,000 records.  Elapsed time: 00:02:24s.  Time for last 1,000,000:    2s.  Last read position: chr5:94,931,906
INFO	2024-07-24 05:26:30	AddOrReplaceReadGroups	Processed    55,000,000 records.  Elapsed time: 00:02:27s.  Time for last 1,000,000:    2s.  Last read position: chr5:132,640,739
INFO	2024-07-24 05:26:33	AddOrReplaceReadGroups	Processed    56,000,000 records.  Elapsed time: 00:02:29s.  Time for last 1,000,000:    2s.  Last read position: chr5:141,136,780
INFO	2024-07-24 05:26:35	AddOrReplaceReadGroups	Processed    57,000,000 records.  Elapsed time: 00:02:32s.  Time for last 1,000,000:    2s.  Last read position: chr5:149,832,894
INFO	2024-07-24 05:26:38	AddOrReplaceReadGroups	Processed    58,000,000 records.  Elapsed time: 00:02:34s.  Time for last 1,000,000:    2s.  Last read position: chr5:172,044,969
INFO	2024-07-24 05:26:41	AddOrReplaceReadGroups	Processed    59,000,000 records.  Elapsed time: 00:02:38s.  Time for last 1,000,000:    3s.  Last read position: chr5:181,324,290
INFO	2024-07-24 05:26:44	AddOrReplaceReadGroups	Processed    60,000,000 records.  Elapsed time: 00:02:40s.  Time for last 1,000,000:    2s.  Last read position: chr6:26,250,339
INFO	2024-07-24 05:26:46	AddOrReplaceReadGroups	Processed    61,000,000 records.  Elapsed time: 00:02:43s.  Time for last 1,000,000:    2s.  Last read position: chr6:31,717,660
INFO	2024-07-24 05:26:49	AddOrReplaceReadGroups	Processed    62,000,000 records.  Elapsed time: 00:02:45s.  Time for last 1,000,000:    2s.  Last read position: chr6:35,117,375
INFO	2024-07-24 05:26:51	AddOrReplaceReadGroups	Processed    63,000,000 records.  Elapsed time: 00:02:48s.  Time for last 1,000,000:    2s.  Last read position: chr6:43,513,549
INFO	2024-07-24 05:26:54	AddOrReplaceReadGroups	Processed    64,000,000 records.  Elapsed time: 00:02:51s.  Time for last 1,000,000:    2s.  Last read position: chr6:73,466,191
INFO	2024-07-24 05:26:57	AddOrReplaceReadGroups	Processed    65,000,000 records.  Elapsed time: 00:02:53s.  Time for last 1,000,000:    2s.  Last read position: chr6:108,324,067
INFO	2024-07-24 05:26:59	AddOrReplaceReadGroups	Processed    66,000,000 records.  Elapsed time: 00:02:56s.  Time for last 1,000,000:    2s.  Last read position: chr6:131,723,975
INFO	2024-07-24 05:27:02	AddOrReplaceReadGroups	Processed    67,000,000 records.  Elapsed time: 00:02:59s.  Time for last 1,000,000:    2s.  Last read position: chr6:152,310,699
INFO	2024-07-24 05:27:04	AddOrReplaceReadGroups	Processed    68,000,000 records.  Elapsed time: 00:03:01s.  Time for last 1,000,000:    2s.  Last read position: chr6:169,751,673
INFO	2024-07-24 05:27:07	AddOrReplaceReadGroups	Processed    69,000,000 records.  Elapsed time: 00:03:04s.  Time for last 1,000,000:    2s.  Last read position: chr7:13,937,423
INFO	2024-07-24 05:27:10	AddOrReplaceReadGroups	Processed    70,000,000 records.  Elapsed time: 00:03:06s.  Time for last 1,000,000:    2s.  Last read position: chr7:35,204,402
INFO	2024-07-24 05:27:13	AddOrReplaceReadGroups	Processed    71,000,000 records.  Elapsed time: 00:03:10s.  Time for last 1,000,000:    3s.  Last read position: chr7:55,167,292
INFO	2024-07-24 05:27:16	AddOrReplaceReadGroups	Processed    72,000,000 records.  Elapsed time: 00:03:12s.  Time for last 1,000,000:    2s.  Last read position: chr7:73,683,750
INFO	2024-07-24 05:27:18	AddOrReplaceReadGroups	Processed    73,000,000 records.  Elapsed time: 00:03:15s.  Time for last 1,000,000:    2s.  Last read position: chr7:92,144,889
INFO	2024-07-24 05:27:21	AddOrReplaceReadGroups	Processed    74,000,000 records.  Elapsed time: 00:03:18s.  Time for last 1,000,000:    2s.  Last read position: chr7:100,868,687
INFO	2024-07-24 05:27:24	AddOrReplaceReadGroups	Processed    75,000,000 records.  Elapsed time: 00:03:20s.  Time for last 1,000,000:    2s.  Last read position: chr7:105,389,321
INFO	2024-07-24 05:27:27	AddOrReplaceReadGroups	Processed    76,000,000 records.  Elapsed time: 00:03:23s.  Time for last 1,000,000:    2s.  Last read position: chr7:130,672,680
INFO	2024-07-24 05:27:30	AddOrReplaceReadGroups	Processed    77,000,000 records.  Elapsed time: 00:03:26s.  Time for last 1,000,000:    2s.  Last read position: chr7:143,720,290
INFO	2024-07-24 05:27:33	AddOrReplaceReadGroups	Processed    78,000,000 records.  Elapsed time: 00:03:29s.  Time for last 1,000,000:    2s.  Last read position: chr7:152,315,162
INFO	2024-07-24 05:27:36	AddOrReplaceReadGroups	Processed    79,000,000 records.  Elapsed time: 00:03:32s.  Time for last 1,000,000:    2s.  Last read position: chr8:17,245,145
INFO	2024-07-24 05:27:38	AddOrReplaceReadGroups	Processed    80,000,000 records.  Elapsed time: 00:03:35s.  Time for last 1,000,000:    2s.  Last read position: chr8:35,544,361
INFO	2024-07-24 05:27:41	AddOrReplaceReadGroups	Processed    81,000,000 records.  Elapsed time: 00:03:38s.  Time for last 1,000,000:    2s.  Last read position: chr8:52,657,302
INFO	2024-07-24 05:27:45	AddOrReplaceReadGroups	Processed    82,000,000 records.  Elapsed time: 00:03:42s.  Time for last 1,000,000:    3s.  Last read position: chr8:90,051,845
INFO	2024-07-24 05:27:48	AddOrReplaceReadGroups	Processed    83,000,000 records.  Elapsed time: 00:03:45s.  Time for last 1,000,000:    2s.  Last read position: chr8:123,134,117
INFO	2024-07-24 05:27:51	AddOrReplaceReadGroups	Processed    84,000,000 records.  Elapsed time: 00:03:48s.  Time for last 1,000,000:    3s.  Last read position: chr8:143,840,665
INFO	2024-07-24 05:27:54	AddOrReplaceReadGroups	Processed    85,000,000 records.  Elapsed time: 00:03:51s.  Time for last 1,000,000:    2s.  Last read position: chr9:8,518,145
INFO	2024-07-24 05:27:57	AddOrReplaceReadGroups	Processed    86,000,000 records.  Elapsed time: 00:03:53s.  Time for last 1,000,000:    2s.  Last read position: chr9:35,390,801
INFO	2024-07-24 05:27:59	AddOrReplaceReadGroups	Processed    87,000,000 records.  Elapsed time: 00:03:56s.  Time for last 1,000,000:    2s.  Last read position: chr9:65,283,726
INFO	2024-07-24 05:28:02	AddOrReplaceReadGroups	Processed    88,000,000 records.  Elapsed time: 00:03:59s.  Time for last 1,000,000:    2s.  Last read position: chr9:84,744,931
INFO	2024-07-24 05:28:04	AddOrReplaceReadGroups	Processed    89,000,000 records.  Elapsed time: 00:04:01s.  Time for last 1,000,000:    2s.  Last read position: chr9:96,818,139
INFO	2024-07-24 05:28:07	AddOrReplaceReadGroups	Processed    90,000,000 records.  Elapsed time: 00:04:04s.  Time for last 1,000,000:    2s.  Last read position: chr9:113,584,124
INFO	2024-07-24 05:28:10	AddOrReplaceReadGroups	Processed    91,000,000 records.  Elapsed time: 00:04:06s.  Time for last 1,000,000:    2s.  Last read position: chr9:128,257,245
INFO	2024-07-24 05:28:12	AddOrReplaceReadGroups	Processed    92,000,000 records.  Elapsed time: 00:04:09s.  Time for last 1,000,000:    2s.  Last read position: chr9:133,208,499
INFO	2024-07-24 05:28:16	AddOrReplaceReadGroups	Processed    93,000,000 records.  Elapsed time: 00:04:12s.  Time for last 1,000,000:    3s.  Last read position: chr9:137,353,037
INFO	2024-07-24 05:28:19	AddOrReplaceReadGroups	Processed    94,000,000 records.  Elapsed time: 00:04:15s.  Time for last 1,000,000:    2s.  Last read position: chr10:21,515,112
INFO	2024-07-24 05:28:22	AddOrReplaceReadGroups	Processed    95,000,000 records.  Elapsed time: 00:04:18s.  Time for last 1,000,000:    2s.  Last read position: chr10:45,699,005
INFO	2024-07-24 05:28:24	AddOrReplaceReadGroups	Processed    96,000,000 records.  Elapsed time: 00:04:21s.  Time for last 1,000,000:    2s.  Last read position: chr10:52,413,237
INFO	2024-07-24 05:28:27	AddOrReplaceReadGroups	Processed    97,000,000 records.  Elapsed time: 00:04:24s.  Time for last 1,000,000:    2s.  Last read position: chr10:73,698,081
INFO	2024-07-24 05:28:30	AddOrReplaceReadGroups	Processed    98,000,000 records.  Elapsed time: 00:04:26s.  Time for last 1,000,000:    2s.  Last read position: chr10:92,690,201
INFO	2024-07-24 05:28:32	AddOrReplaceReadGroups	Processed    99,000,000 records.  Elapsed time: 00:04:29s.  Time for last 1,000,000:    2s.  Last read position: chr10:102,421,389
INFO	2024-07-24 05:28:35	AddOrReplaceReadGroups	Processed   100,000,000 records.  Elapsed time: 00:04:32s.  Time for last 1,000,000:    2s.  Last read position: chr10:121,551,279
INFO	2024-07-24 05:28:38	AddOrReplaceReadGroups	Processed   101,000,000 records.  Elapsed time: 00:04:35s.  Time for last 1,000,000:    2s.  Last read position: chr11:414,831
INFO	2024-07-24 05:28:41	AddOrReplaceReadGroups	Processed   102,000,000 records.  Elapsed time: 00:04:38s.  Time for last 1,000,000:    2s.  Last read position: chr11:4,385,498
INFO	2024-07-24 05:28:44	AddOrReplaceReadGroups	Processed   103,000,000 records.  Elapsed time: 00:04:41s.  Time for last 1,000,000:    2s.  Last read position: chr11:14,867,494
INFO	2024-07-24 05:28:47	AddOrReplaceReadGroups	Processed   104,000,000 records.  Elapsed time: 00:04:44s.  Time for last 1,000,000:    3s.  Last read position: chr11:40,294,353
INFO	2024-07-24 05:28:50	AddOrReplaceReadGroups	Processed   105,000,000 records.  Elapsed time: 00:04:46s.  Time for last 1,000,000:    2s.  Last read position: chr11:58,267,289
INFO	2024-07-24 05:28:52	AddOrReplaceReadGroups	Processed   106,000,000 records.  Elapsed time: 00:04:49s.  Time for last 1,000,000:    2s.  Last read position: chr11:64,211,257
INFO	2024-07-24 05:28:55	AddOrReplaceReadGroups	Processed   107,000,000 records.  Elapsed time: 00:04:52s.  Time for last 1,000,000:    2s.  Last read position: chr11:66,850,177
INFO	2024-07-24 05:28:58	AddOrReplaceReadGroups	Processed   108,000,000 records.  Elapsed time: 00:04:54s.  Time for last 1,000,000:    2s.  Last read position: chr11:75,284,192
INFO	2024-07-24 05:29:00	AddOrReplaceReadGroups	Processed   109,000,000 records.  Elapsed time: 00:04:57s.  Time for last 1,000,000:    2s.  Last read position: chr11:99,956,965
INFO	2024-07-24 05:29:03	AddOrReplaceReadGroups	Processed   110,000,000 records.  Elapsed time: 00:04:59s.  Time for last 1,000,000:    2s.  Last read position: chr11:117,903,397
INFO	2024-07-24 05:29:05	AddOrReplaceReadGroups	Processed   111,000,000 records.  Elapsed time: 00:05:02s.  Time for last 1,000,000:    2s.  Last read position: chr11:125,953,396
INFO	2024-07-24 05:29:08	AddOrReplaceReadGroups	Processed   112,000,000 records.  Elapsed time: 00:05:04s.  Time for last 1,000,000:    2s.  Last read position: chr12:6,461,279
INFO	2024-07-24 05:29:10	AddOrReplaceReadGroups	Processed   113,000,000 records.  Elapsed time: 00:05:07s.  Time for last 1,000,000:    2s.  Last read position: chr12:11,870,544
INFO	2024-07-24 05:29:13	AddOrReplaceReadGroups	Processed   114,000,000 records.  Elapsed time: 00:05:10s.  Time for last 1,000,000:    2s.  Last read position: chr12:38,321,075
INFO	2024-07-24 05:29:16	AddOrReplaceReadGroups	Processed   115,000,000 records.  Elapsed time: 00:05:13s.  Time for last 1,000,000:    3s.  Last read position: chr12:49,600,155
INFO	2024-07-24 05:29:19	AddOrReplaceReadGroups	Processed   116,000,000 records.  Elapsed time: 00:05:15s.  Time for last 1,000,000:    2s.  Last read position: chr12:54,974,461
INFO	2024-07-24 05:29:21	AddOrReplaceReadGroups	Processed   117,000,000 records.  Elapsed time: 00:05:18s.  Time for last 1,000,000:    2s.  Last read position: chr12:63,644,452
INFO	2024-07-24 05:29:24	AddOrReplaceReadGroups	Processed   118,000,000 records.  Elapsed time: 00:05:21s.  Time for last 1,000,000:    2s.  Last read position: chr12:95,960,395
INFO	2024-07-24 05:29:27	AddOrReplaceReadGroups	Processed   119,000,000 records.  Elapsed time: 00:05:23s.  Time for last 1,000,000:    2s.  Last read position: chr12:111,456,068
INFO	2024-07-24 05:29:29	AddOrReplaceReadGroups	Processed   120,000,000 records.  Elapsed time: 00:05:26s.  Time for last 1,000,000:    2s.  Last read position: chr12:122,207,236
INFO	2024-07-24 05:29:32	AddOrReplaceReadGroups	Processed   121,000,000 records.  Elapsed time: 00:05:29s.  Time for last 1,000,000:    2s.  Last read position: chr13:18,177,896
INFO	2024-07-24 05:29:35	AddOrReplaceReadGroups	Processed   122,000,000 records.  Elapsed time: 00:05:31s.  Time for last 1,000,000:    2s.  Last read position: chr13:32,354,488
INFO	2024-07-24 05:29:37	AddOrReplaceReadGroups	Processed   123,000,000 records.  Elapsed time: 00:05:34s.  Time for last 1,000,000:    2s.  Last read position: chr13:50,843,529
INFO	2024-07-24 05:29:40	AddOrReplaceReadGroups	Processed   124,000,000 records.  Elapsed time: 00:05:36s.  Time for last 1,000,000:    2s.  Last read position: chr13:102,401,609
INFO	2024-07-24 05:29:42	AddOrReplaceReadGroups	Processed   125,000,000 records.  Elapsed time: 00:05:39s.  Time for last 1,000,000:    2s.  Last read position: chr14:21,087,181
INFO	2024-07-24 05:29:45	AddOrReplaceReadGroups	Processed   126,000,000 records.  Elapsed time: 00:05:41s.  Time for last 1,000,000:    2s.  Last read position: chr14:32,431,731
INFO	2024-07-24 05:29:48	AddOrReplaceReadGroups	Processed   127,000,000 records.  Elapsed time: 00:05:45s.  Time for last 1,000,000:    3s.  Last read position: chr14:60,648,967
INFO	2024-07-24 05:29:51	AddOrReplaceReadGroups	Processed   128,000,000 records.  Elapsed time: 00:05:48s.  Time for last 1,000,000:    2s.  Last read position: chr14:74,483,431
INFO	2024-07-24 05:29:54	AddOrReplaceReadGroups	Processed   129,000,000 records.  Elapsed time: 00:05:51s.  Time for last 1,000,000:    2s.  Last read position: chr14:94,442,710
INFO	2024-07-24 05:29:57	AddOrReplaceReadGroups	Processed   130,000,000 records.  Elapsed time: 00:05:54s.  Time for last 1,000,000:    2s.  Last read position: chr14:104,951,286
INFO	2024-07-24 05:30:00	AddOrReplaceReadGroups	Processed   131,000,000 records.  Elapsed time: 00:05:56s.  Time for last 1,000,000:    2s.  Last read position: chr15:21,439,930
INFO	2024-07-24 05:30:02	AddOrReplaceReadGroups	Processed   132,000,000 records.  Elapsed time: 00:05:59s.  Time for last 1,000,000:    2s.  Last read position: chr15:30,404,272
INFO	2024-07-24 05:30:05	AddOrReplaceReadGroups	Processed   133,000,000 records.  Elapsed time: 00:06:01s.  Time for last 1,000,000:    2s.  Last read position: chr15:41,559,214
INFO	2024-07-24 05:30:07	AddOrReplaceReadGroups	Processed   134,000,000 records.  Elapsed time: 00:06:04s.  Time for last 1,000,000:    2s.  Last read position: chr15:48,781,028
INFO	2024-07-24 05:30:10	AddOrReplaceReadGroups	Processed   135,000,000 records.  Elapsed time: 00:06:07s.  Time for last 1,000,000:    2s.  Last read position: chr15:65,093,051
INFO	2024-07-24 05:30:13	AddOrReplaceReadGroups	Processed   136,000,000 records.  Elapsed time: 00:06:09s.  Time for last 1,000,000:    2s.  Last read position: chr15:75,294,174
INFO	2024-07-24 05:30:15	AddOrReplaceReadGroups	Processed   137,000,000 records.  Elapsed time: 00:06:12s.  Time for last 1,000,000:    2s.  Last read position: chr15:84,620,597
INFO	2024-07-24 05:30:18	AddOrReplaceReadGroups	Processed   138,000,000 records.  Elapsed time: 00:06:14s.  Time for last 1,000,000:    2s.  Last read position: chr15:100,340,849
INFO	2024-07-24 05:30:21	AddOrReplaceReadGroups	Processed   139,000,000 records.  Elapsed time: 00:06:17s.  Time for last 1,000,000:    2s.  Last read position: chr16:2,070,625
INFO	2024-07-24 05:30:23	AddOrReplaceReadGroups	Processed   140,000,000 records.  Elapsed time: 00:06:20s.  Time for last 1,000,000:    2s.  Last read position: chr16:6,019,906
INFO	2024-07-24 05:30:26	AddOrReplaceReadGroups	Processed   141,000,000 records.  Elapsed time: 00:06:23s.  Time for last 1,000,000:    2s.  Last read position: chr16:16,369,519
INFO	2024-07-24 05:30:29	AddOrReplaceReadGroups	Processed   142,000,000 records.  Elapsed time: 00:06:25s.  Time for last 1,000,000:    2s.  Last read position: chr16:22,814,628
INFO	2024-07-24 05:30:31	AddOrReplaceReadGroups	Processed   143,000,000 records.  Elapsed time: 00:06:28s.  Time for last 1,000,000:    2s.  Last read position: chr16:29,664,546
INFO	2024-07-24 05:30:34	AddOrReplaceReadGroups	Processed   144,000,000 records.  Elapsed time: 00:06:30s.  Time for last 1,000,000:    2s.  Last read position: chr16:33,110,562
INFO	2024-07-24 05:30:36	AddOrReplaceReadGroups	Processed   145,000,000 records.  Elapsed time: 00:06:33s.  Time for last 1,000,000:    2s.  Last read position: chr16:58,012,884
INFO	2024-07-24 05:30:39	AddOrReplaceReadGroups	Processed   146,000,000 records.  Elapsed time: 00:06:36s.  Time for last 1,000,000:    2s.  Last read position: chr16:70,065,775
INFO	2024-07-24 05:30:42	AddOrReplaceReadGroups	Processed   147,000,000 records.  Elapsed time: 00:06:38s.  Time for last 1,000,000:    2s.  Last read position: chr16:84,033,284
INFO	2024-07-24 05:30:44	AddOrReplaceReadGroups	Processed   148,000,000 records.  Elapsed time: 00:06:41s.  Time for last 1,000,000:    2s.  Last read position: chr17:1,585,171
INFO	2024-07-24 05:30:47	AddOrReplaceReadGroups	Processed   149,000,000 records.  Elapsed time: 00:06:43s.  Time for last 1,000,000:    2s.  Last read position: chr17:6,815,937
INFO	2024-07-24 05:30:50	AddOrReplaceReadGroups	Processed   150,000,000 records.  Elapsed time: 00:06:46s.  Time for last 1,000,000:    3s.  Last read position: chr17:10,513,525
INFO	2024-07-24 05:30:52	AddOrReplaceReadGroups	Processed   151,000,000 records.  Elapsed time: 00:06:49s.  Time for last 1,000,000:    2s.  Last read position: chr17:19,343,682
INFO	2024-07-24 05:30:55	AddOrReplaceReadGroups	Processed   152,000,000 records.  Elapsed time: 00:06:52s.  Time for last 1,000,000:    2s.  Last read position: chr17:31,336,904
INFO	2024-07-24 05:30:58	AddOrReplaceReadGroups	Processed   153,000,000 records.  Elapsed time: 00:06:54s.  Time for last 1,000,000:    2s.  Last read position: chr17:38,058,593
INFO	2024-07-24 05:31:00	AddOrReplaceReadGroups	Processed   154,000,000 records.  Elapsed time: 00:06:57s.  Time for last 1,000,000:    2s.  Last read position: chr17:41,123,629
INFO	2024-07-24 05:31:03	AddOrReplaceReadGroups	Processed   155,000,000 records.  Elapsed time: 00:06:59s.  Time for last 1,000,000:    2s.  Last read position: chr17:43,104,614
INFO	2024-07-24 05:31:05	AddOrReplaceReadGroups	Processed   156,000,000 records.  Elapsed time: 00:07:02s.  Time for last 1,000,000:    2s.  Last read position: chr17:47,650,218
INFO	2024-07-24 05:31:08	AddOrReplaceReadGroups	Processed   157,000,000 records.  Elapsed time: 00:07:04s.  Time for last 1,000,000:    2s.  Last read position: chr17:58,520,804
INFO	2024-07-24 05:31:10	AddOrReplaceReadGroups	Processed   158,000,000 records.  Elapsed time: 00:07:07s.  Time for last 1,000,000:    2s.  Last read position: chr17:68,043,197
INFO	2024-07-24 05:31:13	AddOrReplaceReadGroups	Processed   159,000,000 records.  Elapsed time: 00:07:09s.  Time for last 1,000,000:    2s.  Last read position: chr17:76,737,329
INFO	2024-07-24 05:31:15	AddOrReplaceReadGroups	Processed   160,000,000 records.  Elapsed time: 00:07:12s.  Time for last 1,000,000:    2s.  Last read position: chr17:82,411,285
INFO	2024-07-24 05:31:18	AddOrReplaceReadGroups	Processed   161,000,000 records.  Elapsed time: 00:07:15s.  Time for last 1,000,000:    2s.  Last read position: chr18:23,527,762
INFO	2024-07-24 05:31:21	AddOrReplaceReadGroups	Processed   162,000,000 records.  Elapsed time: 00:07:17s.  Time for last 1,000,000:    2s.  Last read position: chr18:47,028,590
INFO	2024-07-24 05:31:23	AddOrReplaceReadGroups	Processed   163,000,000 records.  Elapsed time: 00:07:20s.  Time for last 1,000,000:    2s.  Last read position: chr18:76,968,669
INFO	2024-07-24 05:31:26	AddOrReplaceReadGroups	Processed   164,000,000 records.  Elapsed time: 00:07:22s.  Time for last 1,000,000:    2s.  Last read position: chr19:2,227,056
INFO	2024-07-24 05:31:28	AddOrReplaceReadGroups	Processed   165,000,000 records.  Elapsed time: 00:07:25s.  Time for last 1,000,000:    2s.  Last read position: chr19:6,669,943
INFO	2024-07-24 05:31:31	AddOrReplaceReadGroups	Processed   166,000,000 records.  Elapsed time: 00:07:27s.  Time for last 1,000,000:    2s.  Last read position: chr19:10,549,000
INFO	2024-07-24 05:31:33	AddOrReplaceReadGroups	Processed   167,000,000 records.  Elapsed time: 00:07:30s.  Time for last 1,000,000:    2s.  Last read position: chr19:14,563,982
INFO	2024-07-24 05:31:36	AddOrReplaceReadGroups	Processed   168,000,000 records.  Elapsed time: 00:07:33s.  Time for last 1,000,000:    2s.  Last read position: chr19:17,974,057
INFO	2024-07-24 05:31:39	AddOrReplaceReadGroups	Processed   169,000,000 records.  Elapsed time: 00:07:35s.  Time for last 1,000,000:    2s.  Last read position: chr19:29,942,572
INFO	2024-07-24 05:31:41	AddOrReplaceReadGroups	Processed   170,000,000 records.  Elapsed time: 00:07:38s.  Time for last 1,000,000:    2s.  Last read position: chr19:38,358,176
INFO	2024-07-24 05:31:44	AddOrReplaceReadGroups	Processed   171,000,000 records.  Elapsed time: 00:07:40s.  Time for last 1,000,000:    2s.  Last read position: chr19:41,721,068
INFO	2024-07-24 05:31:46	AddOrReplaceReadGroups	Processed   172,000,000 records.  Elapsed time: 00:07:43s.  Time for last 1,000,000:    2s.  Last read position: chr19:45,352,475
INFO	2024-07-24 05:31:49	AddOrReplaceReadGroups	Processed   173,000,000 records.  Elapsed time: 00:07:45s.  Time for last 1,000,000:    2s.  Last read position: chr19:49,133,994
INFO	2024-07-24 05:31:52	AddOrReplaceReadGroups	Processed   174,000,000 records.  Elapsed time: 00:07:48s.  Time for last 1,000,000:    2s.  Last read position: chr19:52,705,415
INFO	2024-07-24 05:31:54	AddOrReplaceReadGroups	Processed   175,000,000 records.  Elapsed time: 00:07:51s.  Time for last 1,000,000:    2s.  Last read position: chr19:55,789,122
INFO	2024-07-24 05:31:57	AddOrReplaceReadGroups	Processed   176,000,000 records.  Elapsed time: 00:07:53s.  Time for last 1,000,000:    2s.  Last read position: chr20:3,004,092
INFO	2024-07-24 05:31:59	AddOrReplaceReadGroups	Processed   177,000,000 records.  Elapsed time: 00:07:56s.  Time for last 1,000,000:    2s.  Last read position: chr20:30,695,861
INFO	2024-07-24 05:32:02	AddOrReplaceReadGroups	Processed   178,000,000 records.  Elapsed time: 00:07:58s.  Time for last 1,000,000:    2s.  Last read position: chr20:38,524,897
INFO	2024-07-24 05:32:04	AddOrReplaceReadGroups	Processed   179,000,000 records.  Elapsed time: 00:08:01s.  Time for last 1,000,000:    2s.  Last read position: chr20:50,891,954
INFO	2024-07-24 05:32:07	AddOrReplaceReadGroups	Processed   180,000,000 records.  Elapsed time: 00:08:04s.  Time for last 1,000,000:    2s.  Last read position: chr20:63,775,630
INFO	2024-07-24 05:32:10	AddOrReplaceReadGroups	Processed   181,000,000 records.  Elapsed time: 00:08:06s.  Time for last 1,000,000:    2s.  Last read position: chr21:34,841,230
INFO	2024-07-24 05:32:12	AddOrReplaceReadGroups	Processed   182,000,000 records.  Elapsed time: 00:08:09s.  Time for last 1,000,000:    2s.  Last read position: chr21:44,319,472
INFO	2024-07-24 05:32:15	AddOrReplaceReadGroups	Processed   183,000,000 records.  Elapsed time: 00:08:11s.  Time for last 1,000,000:    2s.  Last read position: chr22:19,848,413
INFO	2024-07-24 05:32:17	AddOrReplaceReadGroups	Processed   184,000,000 records.  Elapsed time: 00:08:14s.  Time for last 1,000,000:    2s.  Last read position: chr22:24,302,263
INFO	2024-07-24 05:32:20	AddOrReplaceReadGroups	Processed   185,000,000 records.  Elapsed time: 00:08:17s.  Time for last 1,000,000:    2s.  Last read position: chr22:32,436,059
INFO	2024-07-24 05:32:23	AddOrReplaceReadGroups	Processed   186,000,000 records.  Elapsed time: 00:08:19s.  Time for last 1,000,000:    2s.  Last read position: chr22:41,387,582
INFO	2024-07-24 05:32:25	AddOrReplaceReadGroups	Processed   187,000,000 records.  Elapsed time: 00:08:22s.  Time for last 1,000,000:    2s.  Last read position: chr22:50,549,399
INFO	2024-07-24 05:32:28	AddOrReplaceReadGroups	Processed   188,000,000 records.  Elapsed time: 00:08:25s.  Time for last 1,000,000:    2s.  Last read position: chrX:47,243,544
INFO	2024-07-24 05:32:30	AddOrReplaceReadGroups	Processed   189,000,000 records.  Elapsed time: 00:08:27s.  Time for last 1,000,000:    2s.  Last read position: chrX:71,122,709
INFO	2024-07-24 05:32:33	AddOrReplaceReadGroups	Processed   190,000,000 records.  Elapsed time: 00:08:30s.  Time for last 1,000,000:    2s.  Last read position: chrX:120,940,930
INFO	2024-07-24 05:32:36	AddOrReplaceReadGroups	Processed   191,000,000 records.  Elapsed time: 00:08:32s.  Time for last 1,000,000:    2s.  Last read position: chrY:5,100,100
INFO	2024-07-24 05:32:38	AddOrReplaceReadGroups	Processed   192,000,000 records.  Elapsed time: 00:08:35s.  Time for last 1,000,000:    2s.  Last read position: chr16_KI270728v1_random:126,533
[Wed Jul 24 05:32:41 GMT 2024] picard.sam.AddOrReplaceReadGroups done. Elapsed time: 8.64 minutes.
Runtime.totalMemory()=2064646144
Tool returned:
0
Using GATK jar /gatk/gatk-package-4.2.6.1-local.jar
Running:
    java -Dsamjdk.use_async_io_read_samtools=false -Dsamjdk.use_async_io_write_samtools=true -Dsamjdk.use_async_io_write_tribble=false -Dsamjdk.compression_level=2 -jar /gatk/gatk-package-4.2.6.1-local.jar AddOrReplaceReadGroups --I C083-000002_GermlineDNA_markedduplicates.bam --O C083-000002_GermlineDNA_markedduplicates-addRG.bam --RGLB lib1 --RGPL ILLUMINA --RGPU unit1 --RGSM sample --CREATE_INDEX true
