23:22:12.494 INFO  NativeLibraryLoader - Loading libgkl_compression.so from jar:file:/gatk/gatk-package-4.2.6.1-local.jar!/com/intel/gkl/native/libgkl_compression.so
[Sun Jul 21 23:22:12 GMT 2024] MergeBamAlignment --UNMAPPED_BAM /coh_labs/dits/rayyan/try/C083-000002_GermlineDNA_markilluminaadapters.bam --ALIGNED_BAM /coh_labs/dits/rayyan/try/C083-000002_GermlineDNA_bwamem.sam --OUTPUT /coh_labs/dits/rayyan/try/C083-000002_GermlineDNA_mergebamalignment.bam --CLIP_ADAPTERS false --MAX_INSERTIONS_OR_DELETIONS -1 --ATTRIBUTES_TO_RETAIN XS --PRIMARY_ALIGNMENT_STRATEGY MostDistant --CLIP_OVERLAPPING_READS true --INCLUDE_SECONDARY_ALIGNMENTS true --CREATE_INDEX true --REFERENCE_SEQUENCE /coh_labs/dits/rayyan/reference/GCF_000001405.40_GRCh38.p14_genomic.fna --ADD_PG_TAG_TO_READS true --PAIRED_RUN true --IS_BISULFITE_SEQUENCE false --ALIGNED_READS_ONLY false --ATTRIBUTES_TO_REVERSE OQ --ATTRIBUTES_TO_REVERSE U2 --ATTRIBUTES_TO_REVERSE_COMPLEMENT E2 --ATTRIBUTES_TO_REVERSE_COMPLEMENT SQ --READ1_TRIM 0 --READ2_TRIM 0 --ALIGNER_PROPER_PAIR_FLAGS false --SORT_ORDER coordinate --HARD_CLIP_OVERLAPPING_READS false --ADD_MATE_CIGAR true --UNMAP_CONTAMINANT_READS false --MIN_UNCLIPPED_BASES 32 --MATCHING_DICTIONARY_TAGS M5 --MATCHING_DICTIONARY_TAGS LN --UNMAPPED_READ_STRATEGY DO_NOT_CHANGE --VERBOSITY INFO --QUIET false --VALIDATION_STRINGENCY STRICT --COMPRESSION_LEVEL 2 --MAX_RECORDS_IN_RAM 500000 --CREATE_MD5_FILE false --GA4GH_CLIENT_SECRETS client_secrets.json --help false --version false --showHidden false --USE_JDK_DEFLATER false --USE_JDK_INFLATER false
[Sun Jul 21 23:22:12 GMT 2024] Executing as raburajab@g-c-1-7-23 on Linux 4.18.0-305.3.1.el8_4.x86_64 amd64; OpenJDK 64-Bit Server VM 1.8.0_242-8u242-b08-0ubuntu3~18.04-b08; Deflater: Intel; Inflater: Intel; Provider GCS is available; Picard version: Version:4.2.6.1
INFO	2024-07-21 23:22:12	SamAlignmentMerger	Processing SAM file(s): [/coh_labs/dits/rayyan/try/C083-000002_GermlineDNA_bwamem.sam]
INFO	2024-07-21 23:22:12	AbstractAlignmentMerger	Seen many non-increasing record positions. Printing Read-names as well.
INFO	2024-07-21 23:22:23	AbstractAlignmentMerger	Merged     1,000,000 records.  Elapsed time: 00:00:10s.  Time for last 1,000,000:   10s.  Last read position: NC_000009.12:68,303,797.  Last read name: A01891:52:HF2TWDSX5:1:1120:4526:18223
INFO	2024-07-21 23:22:31	AbstractAlignmentMerger	Merged     2,000,000 records.  Elapsed time: 00:00:18s.  Time for last 1,000,000:    8s.  Last read position: NC_000023.11:19,515,217.  Last read name: A01891:52:HF2TWDSX5:1:1140:24641:8406
INFO	2024-07-21 23:22:39	AbstractAlignmentMerger	Merged     3,000,000 records.  Elapsed time: 00:00:27s.  Time for last 1,000,000:    8s.  Last read position: NW_009646201.1:14,132.  Last read name: A01891:52:HF2TWDSX5:1:1160:7925:13025
INFO	2024-07-21 23:22:48	AbstractAlignmentMerger	Merged     4,000,000 records.  Elapsed time: 00:00:35s.  Time for last 1,000,000:    8s.  Last read position: NC_000002.12:69,327,016.  Last read name: A01891:52:HF2TWDSX5:1:1202:12319:13745
INFO	2024-07-21 23:22:56	AbstractAlignmentMerger	Merged     5,000,000 records.  Elapsed time: 00:00:44s.  Time for last 1,000,000:    8s.  Last read position: NC_000007.14:36,313,694.  Last read name: A01891:52:HF2TWDSX5:1:1220:29912:4194
INFO	2024-07-21 23:23:05	AbstractAlignmentMerger	Merged     6,000,000 records.  Elapsed time: 00:00:52s.  Time for last 1,000,000:    8s.  Last read position: NC_000011.10:45,650,267.  Last read name: A01891:52:HF2TWDSX5:1:1239:1479:7310
INFO	2024-07-21 23:23:14	AbstractAlignmentMerger	Merged     7,000,000 records.  Elapsed time: 00:01:01s.  Time for last 1,000,000:    9s.  Last read position: NC_000009.12:95,459,583.  Last read name: A01891:52:HF2TWDSX5:1:1257:23529:11240
INFO	2024-07-21 23:23:22	AbstractAlignmentMerger	Merged     8,000,000 records.  Elapsed time: 00:01:09s.  Time for last 1,000,000:    7s.  Last read position: NC_000021.9:5,078,059.  Last read name: A01891:52:HF2TWDSX5:1:1275:3025:6793
INFO	2024-07-21 23:23:30	AbstractAlignmentMerger	Merged     9,000,000 records.  Elapsed time: 00:01:17s.  Time for last 1,000,000:    7s.  Last read position: NW_025791755.1:136,781.  Last read name: A01891:52:HF2TWDSX5:1:1316:25762:34303
INFO	2024-07-21 23:23:38	AbstractAlignmentMerger	Merged    10,000,000 records.  Elapsed time: 00:01:25s.  Time for last 1,000,000:    8s.  Last read position: NC_000008.11:61,202,693.  Last read name: A01891:52:HF2TWDSX5:1:1335:12599:19022
INFO	2024-07-21 23:23:45	AbstractAlignmentMerger	Merged    11,000,000 records.  Elapsed time: 00:01:33s.  Time for last 1,000,000:    7s.  Last read position: NC_000023.11:138,857,594.  Last read name: A01891:52:HF2TWDSX5:1:1353:23583:8609
INFO	2024-07-21 23:23:53	AbstractAlignmentMerger	Merged    12,000,000 records.  Elapsed time: 00:01:41s.  Time for last 1,000,000:    7s.  Last read position: NC_000001.11:43,949,493.  Last read name: A01891:52:HF2TWDSX5:1:1372:1127:16470
INFO	2024-07-21 23:24:01	AbstractAlignmentMerger	Merged    13,000,000 records.  Elapsed time: 00:01:49s.  Time for last 1,000,000:    8s.  Last read position: NC_000009.12:76,240,683.  Last read name: A01891:52:HF2TWDSX5:1:1412:32154:18004
INFO	2024-07-21 23:24:09	AbstractAlignmentMerger	Merged    14,000,000 records.  Elapsed time: 00:01:57s.  Time for last 1,000,000:    7s.  Last read position: NC_000011.10:62,528,294.  Last read name: A01891:52:HF2TWDSX5:1:1431:22516:27555
INFO	2024-07-21 23:24:17	AbstractAlignmentMerger	Merged    15,000,000 records.  Elapsed time: 00:02:04s.  Time for last 1,000,000:    7s.  Last read position: NC_000004.12:9,220,514.  Last read name: A01891:52:HF2TWDSX5:1:1450:11107:11490
INFO	2024-07-21 23:24:25	AbstractAlignmentMerger	Merged    16,000,000 records.  Elapsed time: 00:02:12s.  Time for last 1,000,000:    7s.  Last read position: NC_000015.10:99,131,191.  Last read name: A01891:52:HF2TWDSX5:1:1468:9715:11678
INFO	2024-07-21 23:24:33	AbstractAlignmentMerger	Merged    17,000,000 records.  Elapsed time: 00:02:21s.  Time for last 1,000,000:    8s.  Last read position: NC_000016.10:67,297,455.  Last read name: A01891:52:HF2TWDSX5:1:1509:9299:20102
INFO	2024-07-21 23:24:42	AbstractAlignmentMerger	Merged    18,000,000 records.  Elapsed time: 00:02:30s.  Time for last 1,000,000:    9s.  Last read position: NC_000009.12:92,415,080.  Last read name: A01891:52:HF2TWDSX5:1:1528:31421:26882
INFO	2024-07-21 23:24:50	AbstractAlignmentMerger	Merged    19,000,000 records.  Elapsed time: 00:02:38s.  Time for last 1,000,000:    7s.  Last read position: NC_000002.12:178,117,916.  Last read name: A01891:52:HF2TWDSX5:1:1547:27154:22717
INFO	2024-07-21 23:24:59	AbstractAlignmentMerger	Merged    20,000,000 records.  Elapsed time: 00:02:47s.  Time for last 1,000,000:    9s.  Last read position: NC_000015.10:83,819,798.  Last read name: A01891:52:HF2TWDSX5:1:1567:10068:35305
INFO	2024-07-21 23:25:08	AbstractAlignmentMerger	Merged    21,000,000 records.  Elapsed time: 00:02:55s.  Time for last 1,000,000:    8s.  Last read position: NC_000003.12:49,018,391.  Last read name: A01891:52:HF2TWDSX5:1:1608:18602:29042
INFO	2024-07-21 23:25:16	AbstractAlignmentMerger	Merged    22,000,000 records.  Elapsed time: 00:03:03s.  Time for last 1,000,000:    7s.  Last read position: NC_000009.12:72,901,328.  Last read name: A01891:52:HF2TWDSX5:1:1627:27263:27915
INFO	2024-07-21 23:25:24	AbstractAlignmentMerger	Merged    23,000,000 records.  Elapsed time: 00:03:12s.  Time for last 1,000,000:    8s.  Last read position: NC_000011.10:17,720,353.  Last read name: A01891:52:HF2TWDSX5:1:1646:32696:23985
INFO	2024-07-21 23:25:32	AbstractAlignmentMerger	Merged    24,000,000 records.  Elapsed time: 00:03:19s.  Time for last 1,000,000:    7s.  Last read position: NT_187611.1:106,137.  Last read name: A01891:52:HF2TWDSX5:1:1666:13702:29731
INFO	2024-07-21 23:25:40	AbstractAlignmentMerger	Merged    25,000,000 records.  Elapsed time: 00:03:27s.  Time for last 1,000,000:    7s.  Last read position: NC_000019.10:34,772,347.  Last read name: A01891:52:HF2TWDSX5:1:2107:32606:6261
INFO	2024-07-21 23:25:48	AbstractAlignmentMerger	Merged    26,000,000 records.  Elapsed time: 00:03:35s.  Time for last 1,000,000:    7s.  Last read position: NC_000009.12:77,794,342.  Last read name: A01891:52:HF2TWDSX5:1:2128:20573:28761
INFO	2024-07-21 23:25:56	AbstractAlignmentMerger	Merged    27,000,000 records.  Elapsed time: 00:03:43s.  Time for last 1,000,000:    7s.  Last read position: NC_000017.11:42,289,926.  Last read name: A01891:52:HF2TWDSX5:1:2148:19009:14873
INFO	2024-07-21 23:26:05	AbstractAlignmentMerger	Merged    28,000,000 records.  Elapsed time: 00:03:52s.  Time for last 1,000,000:    9s.  Last read position: NC_000019.10:45,385,784.  Last read name: A01891:52:HF2TWDSX5:1:2168:7645:24314
INFO	2024-07-21 23:26:13	AbstractAlignmentMerger	Merged    29,000,000 records.  Elapsed time: 00:04:00s.  Time for last 1,000,000:    7s.  Last read position: NC_000019.10:12,276,015.  Last read name: A01891:52:HF2TWDSX5:1:2210:14434:16783
INFO	2024-07-21 23:26:22	AbstractAlignmentMerger	Merged    30,000,000 records.  Elapsed time: 00:04:09s.  Time for last 1,000,000:    8s.  Last read position: NC_000010.11:99,388,137.  Last read name: A01891:52:HF2TWDSX5:1:2228:8178:32158
INFO	2024-07-21 23:26:30	AbstractAlignmentMerger	Merged    31,000,000 records.  Elapsed time: 00:04:17s.  Time for last 1,000,000:    8s.  Last read position: NC_000009.12:77,316,252.  Last read name: A01891:52:HF2TWDSX5:1:2247:2257:26569
INFO	2024-07-21 23:26:38	AbstractAlignmentMerger	Merged    32,000,000 records.  Elapsed time: 00:04:25s.  Time for last 1,000,000:    7s.  Last read position: NC_000011.10:419,295.  Last read name: A01891:52:HF2TWDSX5:1:2265:32090:33927
INFO	2024-07-21 23:26:46	AbstractAlignmentMerger	Merged    33,000,000 records.  Elapsed time: 00:04:33s.  Time for last 1,000,000:    8s.  Last read position: NC_000008.11:38,414,685.  Last read name: A01891:52:HF2TWDSX5:1:2306:22770:27837
INFO	2024-07-21 23:26:54	AbstractAlignmentMerger	Merged    34,000,000 records.  Elapsed time: 00:04:41s.  Time for last 1,000,000:    7s.  Last read position: NC_000010.11:87,364,281.  Last read name: A01891:52:HF2TWDSX5:1:2325:30291:25144
INFO	2024-07-21 23:27:02	AbstractAlignmentMerger	Merged    35,000,000 records.  Elapsed time: 00:04:49s.  Time for last 1,000,000:    7s.  Last read position: NC_000017.11:58,320,513.  Last read name: A01891:52:HF2TWDSX5:1:2344:27254:7607
INFO	2024-07-21 23:27:10	AbstractAlignmentMerger	Merged    36,000,000 records.  Elapsed time: 00:04:57s.  Time for last 1,000,000:    7s.  Last read position: NC_000010.11:87,153,475.  Last read name: A01891:52:HF2TWDSX5:1:2363:24713:5901
INFO	2024-07-21 23:27:18	AbstractAlignmentMerger	Merged    37,000,000 records.  Elapsed time: 00:05:06s.  Time for last 1,000,000:    8s.  Last read position: NW_011332701.1:2,265,573.  Last read name: A01891:52:HF2TWDSX5:1:2404:2826:20165
INFO	2024-07-21 23:27:27	AbstractAlignmentMerger	Merged    38,000,000 records.  Elapsed time: 00:05:15s.  Time for last 1,000,000:    8s.  Last read position: NC_000001.11:54,178,968.  Last read name: A01891:52:HF2TWDSX5:1:2423:5086:28557
INFO	2024-07-21 23:27:35	AbstractAlignmentMerger	Merged    39,000,000 records.  Elapsed time: 00:05:22s.  Time for last 1,000,000:    7s.  Last read position: NC_000010.11:17,126,004.  Last read name: A01891:52:HF2TWDSX5:1:2442:6144:6089
INFO	2024-07-21 23:27:43	AbstractAlignmentMerger	Merged    40,000,000 records.  Elapsed time: 00:05:31s.  Time for last 1,000,000:    8s.  Last read position: NC_000003.12:170,281,980.  Last read name: A01891:52:HF2TWDSX5:1:2462:15709:10410
INFO	2024-07-21 23:27:51	AbstractAlignmentMerger	Merged    41,000,000 records.  Elapsed time: 00:05:39s.  Time for last 1,000,000:    7s.  Last read position: NC_000002.12:233,449,123.  Last read name: A01891:52:HF2TWDSX5:1:2503:8223:16078
INFO	2024-07-21 23:27:59	AbstractAlignmentMerger	Merged    42,000,000 records.  Elapsed time: 00:05:47s.  Time for last 1,000,000:    7s.  Last read position: NC_000003.12:101,398,853.  Last read name: A01891:52:HF2TWDSX5:1:2523:21513:28635
INFO	2024-07-21 23:28:07	AbstractAlignmentMerger	Merged    43,000,000 records.  Elapsed time: 00:05:55s.  Time for last 1,000,000:    8s.  Last read position: NC_000016.10:75,263,647.  Last read name: A01891:52:HF2TWDSX5:1:2542:32551:24142
INFO	2024-07-21 23:28:15	AbstractAlignmentMerger	Merged    44,000,000 records.  Elapsed time: 00:06:03s.  Time for last 1,000,000:    7s.  Last read position: NC_000001.11:116,384,234.  Last read name: A01891:52:HF2TWDSX5:1:2562:8621:10379
INFO	2024-07-21 23:28:24	AbstractAlignmentMerger	Merged    45,000,000 records.  Elapsed time: 00:06:12s.  Time for last 1,000,000:    8s.  Last read position: NC_000013.11:34,942,721.  Last read name: A01891:52:HF2TWDSX5:1:2605:14181:8359
INFO	2024-07-21 23:28:32	AbstractAlignmentMerger	Merged    46,000,000 records.  Elapsed time: 00:06:19s.  Time for last 1,000,000:    7s.  Last read position: NC_000001.11:21,721,625.  Last read name: A01891:52:HF2TWDSX5:1:2624:9796:21715
INFO	2024-07-21 23:28:41	AbstractAlignmentMerger	Merged    47,000,000 records.  Elapsed time: 00:06:28s.  Time for last 1,000,000:    8s.  Last read position: NC_000015.10:22,851,559.  Last read name: A01891:52:HF2TWDSX5:1:2644:2962:16892
INFO	2024-07-21 23:28:49	AbstractAlignmentMerger	Merged    48,000,000 records.  Elapsed time: 00:06:36s.  Time for last 1,000,000:    8s.  Last read position: NC_000009.12:96,388,432.  Last read name: A01891:52:HF2TWDSX5:1:2664:24325:19789
INFO	2024-07-21 23:28:57	AbstractAlignmentMerger	Merged    49,000,000 records.  Elapsed time: 00:06:44s.  Time for last 1,000,000:    7s.  Last read position: NC_000007.14:15,686,087.  Last read name: A01891:52:HF2TWDSX5:2:1106:15356:32002
INFO	2024-07-21 23:29:05	AbstractAlignmentMerger	Merged    50,000,000 records.  Elapsed time: 00:06:52s.  Time for last 1,000,000:    8s.  Last read position: NC_000009.12:61,193,352.  Last read name: A01891:52:HF2TWDSX5:2:1125:2347:36746
INFO	2024-07-21 23:29:13	AbstractAlignmentMerger	Merged    51,000,000 records.  Elapsed time: 00:07:00s.  Time for last 1,000,000:    7s.  Last read position: NC_000012.12:108,852,654.  Last read name: A01891:52:HF2TWDSX5:2:1144:5032:16250
INFO	2024-07-21 23:29:21	AbstractAlignmentMerger	Merged    52,000,000 records.  Elapsed time: 00:07:08s.  Time for last 1,000,000:    7s.  Last read position: NC_000016.10:89,798,970.  Last read name: A01891:52:HF2TWDSX5:2:1164:24948:18991
INFO	2024-07-21 23:29:29	AbstractAlignmentMerger	Merged    53,000,000 records.  Elapsed time: 00:07:16s.  Time for last 1,000,000:    7s.  Last read position: NC_000003.12:148,869,019.  Last read name: A01891:52:HF2TWDSX5:2:1205:6397:17394
INFO	2024-07-21 23:29:37	AbstractAlignmentMerger	Merged    54,000,000 records.  Elapsed time: 00:07:25s.  Time for last 1,000,000:    8s.  Last read position: NC_000016.10:31,086,626.  Last read name: A01891:52:HF2TWDSX5:2:1224:6171:20447
INFO	2024-07-21 23:29:46	AbstractAlignmentMerger	Merged    55,000,000 records.  Elapsed time: 00:07:33s.  Time for last 1,000,000:    8s.  Last read position: NC_000019.10:11,903,647.  Last read name: A01891:52:HF2TWDSX5:2:1243:31331:2581
INFO	2024-07-21 23:29:54	AbstractAlignmentMerger	Merged    56,000,000 records.  Elapsed time: 00:07:41s.  Time for last 1,000,000:    7s.  Last read position: NC_000006.12:33,320,076.  Last read name: A01891:52:HF2TWDSX5:2:1262:31584:13197
INFO	2024-07-21 23:30:02	AbstractAlignmentMerger	Merged    57,000,000 records.  Elapsed time: 00:07:50s.  Time for last 1,000,000:    8s.  Last read position: NC_000017.11:78,993,823.  Last read name: A01891:52:HF2TWDSX5:2:1303:31946:11913
INFO	2024-07-21 23:30:10	AbstractAlignmentMerger	Merged    58,000,000 records.  Elapsed time: 00:07:58s.  Time for last 1,000,000:    7s.  Last read position: NC_000004.12:55,877,701.  Last read name: A01891:52:HF2TWDSX5:2:1322:31828:31313
INFO	2024-07-21 23:30:18	AbstractAlignmentMerger	Merged    59,000,000 records.  Elapsed time: 00:08:06s.  Time for last 1,000,000:    7s.  Last read position: NC_000017.11:43,051,536.  Last read name: A01891:52:HF2TWDSX5:2:1341:25165:36119
INFO	2024-07-21 23:30:26	AbstractAlignmentMerger	Merged    60,000,000 records.  Elapsed time: 00:08:13s.  Time for last 1,000,000:    7s.  Last read position: NC_000017.11:62,062,993.  Last read name: A01891:52:HF2TWDSX5:2:1360:19009:22733
INFO	2024-07-21 23:30:34	AbstractAlignmentMerger	Merged    61,000,000 records.  Elapsed time: 00:08:21s.  Time for last 1,000,000:    7s.  Last read position: NC_000001.11:13,030,556.  Last read name: A01891:52:HF2TWDSX5:2:1401:11406:26193
INFO	2024-07-21 23:30:43	AbstractAlignmentMerger	Merged    62,000,000 records.  Elapsed time: 00:08:30s.  Time for last 1,000,000:    9s.  Last read position: NC_000001.11:26,697,307.  Last read name: A01891:52:HF2TWDSX5:2:1420:16911:36761
INFO	2024-07-21 23:30:51	AbstractAlignmentMerger	Merged    63,000,000 records.  Elapsed time: 00:08:38s.  Time for last 1,000,000:    7s.  Last read position: NC_000007.14:40,088,231.  Last read name: A01891:52:HF2TWDSX5:2:1439:13566:31970
INFO	2024-07-21 23:31:00	AbstractAlignmentMerger	Merged    64,000,000 records.  Elapsed time: 00:08:47s.  Time for last 1,000,000:    8s.  Last read position: NC_000009.12:86,319,644.  Last read name: A01891:52:HF2TWDSX5:2:1457:8305:27712
INFO	2024-07-21 23:31:08	AbstractAlignmentMerger	Merged    65,000,000 records.  Elapsed time: 00:08:55s.  Time for last 1,000,000:    8s.  Last read position: NC_000019.10:7,540,242.  Last read name: A01891:52:HF2TWDSX5:2:1476:4056:20102
INFO	2024-07-21 23:31:16	AbstractAlignmentMerger	Merged    66,000,000 records.  Elapsed time: 00:09:03s.  Time for last 1,000,000:    7s.  Last read position: NC_000005.10:119,175,246.  Last read name: A01891:52:HF2TWDSX5:2:1518:1081:2049
INFO	2024-07-21 23:31:24	AbstractAlignmentMerger	Merged    67,000,000 records.  Elapsed time: 00:09:11s.  Time for last 1,000,000:    8s.  Last read position: NC_000015.10:82,316,412.  Last read name: A01891:52:HF2TWDSX5:2:1537:13259:20290
INFO	2024-07-21 23:31:32	AbstractAlignmentMerger	Merged    68,000,000 records.  Elapsed time: 00:09:19s.  Time for last 1,000,000:    7s.  Last read position: NC_000014.9:69,152,746.  Last read name: A01891:52:HF2TWDSX5:2:1556:10818:19445
INFO	2024-07-21 23:31:40	AbstractAlignmentMerger	Merged    69,000,000 records.  Elapsed time: 00:09:27s.  Time for last 1,000,000:    7s.  Last read position: NC_000004.12:148,442,943.  Last read name: A01891:52:HF2TWDSX5:2:1574:4399:21950
INFO	2024-07-21 23:31:48	AbstractAlignmentMerger	Merged    70,000,000 records.  Elapsed time: 00:09:35s.  Time for last 1,000,000:    7s.  Last read position: NC_000007.14:117,130,548.  Last read name: A01891:52:HF2TWDSX5:2:1616:26558:16235
INFO	2024-07-21 23:31:57	AbstractAlignmentMerger	Merged    71,000,000 records.  Elapsed time: 00:09:44s.  Time for last 1,000,000:    9s.  Last read position: NC_000002.12:218,824,215.  Last read name: A01891:52:HF2TWDSX5:2:1636:31928:22435
INFO	2024-07-21 23:32:05	AbstractAlignmentMerger	Merged    72,000,000 records.  Elapsed time: 00:09:53s.  Time for last 1,000,000:    8s.  Last read position: NC_000019.10:49,395,233.  Last read name: A01891:52:HF2TWDSX5:2:1656:19370:2597
INFO	2024-07-21 23:32:13	AbstractAlignmentMerger	Merged    73,000,000 records.  Elapsed time: 00:10:00s.  Time for last 1,000,000:    7s.  Last read position: NC_000017.11:64,537,589.  Last read name: A01891:52:HF2TWDSX5:2:1675:2672:14575
INFO	2024-07-21 23:32:22	AbstractAlignmentMerger	Merged    74,000,000 records.  Elapsed time: 00:10:09s.  Time for last 1,000,000:    8s.  Last read position: NC_000001.11:178,445,492.  Last read name: A01891:52:HF2TWDSX5:2:2117:15239:12320
INFO	2024-07-21 23:32:30	AbstractAlignmentMerger	Merged    75,000,000 records.  Elapsed time: 00:10:17s.  Time for last 1,000,000:    8s.  Last read position: NC_000016.10:30,667,541.  Last read name: A01891:52:HF2TWDSX5:2:2136:3387:1720
INFO	2024-07-21 23:32:38	AbstractAlignmentMerger	Merged    76,000,000 records.  Elapsed time: 00:10:25s.  Time for last 1,000,000:    7s.  Last read position: NC_000009.12:37,440,863.  Last read name: A01891:52:HF2TWDSX5:2:2156:24894:19648
INFO	2024-07-21 23:32:46	AbstractAlignmentMerger	Merged    77,000,000 records.  Elapsed time: 00:10:33s.  Time for last 1,000,000:    7s.  Last read position: NC_000016.10:83,971,882.  Last read name: A01891:52:HF2TWDSX5:2:2176:18692:11005
INFO	2024-07-21 23:32:54	AbstractAlignmentMerger	Merged    78,000,000 records.  Elapsed time: 00:10:41s.  Time for last 1,000,000:    7s.  Last read position: NC_000009.12:97,716,642.  Last read name: A01891:52:HF2TWDSX5:2:2217:8232:22576
INFO	2024-07-21 23:33:03	AbstractAlignmentMerger	Merged    79,000,000 records.  Elapsed time: 00:10:50s.  Time for last 1,000,000:    9s.  Last read position: NC_000012.12:16,400,000.  Last read name: A01891:52:HF2TWDSX5:2:2237:1787:34867
INFO	2024-07-21 23:33:10	AbstractAlignmentMerger	Merged    80,000,000 records.  Elapsed time: 00:10:58s.  Time for last 1,000,000:    7s.  Last read position: NC_000016.10:1,240,437.  Last read name: A01891:52:HF2TWDSX5:2:2256:27859:10629
INFO	2024-07-21 23:33:19	AbstractAlignmentMerger	Merged    81,000,000 records.  Elapsed time: 00:11:06s.  Time for last 1,000,000:    8s.  Last read position: NC_000016.10:14,723,136.  Last read name: A01891:52:HF2TWDSX5:2:2276:15935:8641
INFO	2024-07-21 23:33:27	AbstractAlignmentMerger	Merged    82,000,000 records.  Elapsed time: 00:11:15s.  Time for last 1,000,000:    8s.  Last read position: NC_000010.11:110,582,019.  Last read name: A01891:52:HF2TWDSX5:2:2317:4182:30561
INFO	2024-07-21 23:33:35	AbstractAlignmentMerger	Merged    83,000,000 records.  Elapsed time: 00:11:23s.  Time for last 1,000,000:    7s.  Last read position: NC_000023.11:52,757,212.  Last read name: A01891:52:HF2TWDSX5:2:2337:11460:6464
INFO	2024-07-21 23:33:43	AbstractAlignmentMerger	Merged    84,000,000 records.  Elapsed time: 00:11:31s.  Time for last 1,000,000:    8s.  Last read position: NC_000019.10:52,798,868.  Last read name: A01891:52:HF2TWDSX5:2:2356:15221:23406
INFO	2024-07-21 23:33:51	AbstractAlignmentMerger	Merged    85,000,000 records.  Elapsed time: 00:11:39s.  Time for last 1,000,000:    7s.  Last read position: NC_000002.12:37,014,212.  Last read name: A01891:52:HF2TWDSX5:2:2375:17264:10567
INFO	2024-07-21 23:33:59	AbstractAlignmentMerger	Merged    86,000,000 records.  Elapsed time: 00:11:47s.  Time for last 1,000,000:    7s.  Last read position: NC_000001.11:201,785,247.  Last read name: A01891:52:HF2TWDSX5:2:2416:5005:1141
INFO	2024-07-21 23:34:08	AbstractAlignmentMerger	Merged    87,000,000 records.  Elapsed time: 00:11:55s.  Time for last 1,000,000:    8s.  Last read position: NC_000016.10:16,387,522.  Last read name: A01891:52:HF2TWDSX5:2:2435:9046:5729
INFO	2024-07-21 23:34:16	AbstractAlignmentMerger	Merged    88,000,000 records.  Elapsed time: 00:12:04s.  Time for last 1,000,000:    8s.  Last read position: NC_000017.11:10,364,303.  Last read name: A01891:52:HF2TWDSX5:2:2455:1190:33144
INFO	2024-07-21 23:34:25	AbstractAlignmentMerger	Merged    89,000,000 records.  Elapsed time: 00:12:13s.  Time for last 1,000,000:    8s.  Last read position: NC_000009.12:5,081,491.  Last read name: A01891:52:HF2TWDSX5:2:2474:17788:10347
INFO	2024-07-21 23:34:33	AbstractAlignmentMerger	Merged    90,000,000 records.  Elapsed time: 00:12:20s.  Time for last 1,000,000:    7s.  Last read position: NC_000011.10:69,295,593.  Last read name: A01891:52:HF2TWDSX5:2:2515:31611:28213
INFO	2024-07-21 23:34:42	AbstractAlignmentMerger	Merged    91,000,000 records.  Elapsed time: 00:12:29s.  Time for last 1,000,000:    8s.  Last read position: NC_000022.11:21,386,218.  Last read name: A01891:52:HF2TWDSX5:2:2534:9209:14841
INFO	2024-07-21 23:34:50	AbstractAlignmentMerger	Merged    92,000,000 records.  Elapsed time: 00:12:37s.  Time for last 1,000,000:    8s.  Last read position: NW_021160017.1:477,331.  Last read name: A01891:52:HF2TWDSX5:2:2554:10131:18662
INFO	2024-07-21 23:34:58	AbstractAlignmentMerger	Merged    93,000,000 records.  Elapsed time: 00:12:45s.  Time for last 1,000,000:    7s.  Last read position: NC_000006.12:135,195,502.  Last read name: A01891:52:HF2TWDSX5:2:2572:8811:1470
INFO	2024-07-21 23:35:06	AbstractAlignmentMerger	Merged    94,000,000 records.  Elapsed time: 00:12:53s.  Time for last 1,000,000:    8s.  Last read position: NC_000019.10:2,811,546.  Last read name: A01891:52:HF2TWDSX5:2:2614:5014:11898
INFO	2024-07-21 23:35:14	AbstractAlignmentMerger	Merged    95,000,000 records.  Elapsed time: 00:13:01s.  Time for last 1,000,000:    7s.  Last read position: NC_000002.12:185,764,515.  Last read name: A01891:52:HF2TWDSX5:2:2634:9426:20478
INFO	2024-07-21 23:35:23	AbstractAlignmentMerger	Merged    96,000,000 records.  Elapsed time: 00:13:10s.  Time for last 1,000,000:    9s.  Last read position: NC_000019.10:21,183,103.  Last read name: A01891:52:HF2TWDSX5:2:2654:32560:10160
INFO	2024-07-21 23:35:31	AbstractAlignmentMerger	Merged    97,000,000 records.  Elapsed time: 00:13:18s.  Time for last 1,000,000:    7s.  Last read position: NC_000009.12:133,443,397.  Last read name: A01891:52:HF2TWDSX5:2:2674:14461:12383
INFO	2024-07-21 23:35:39	AbstractAlignmentMerger	Merged    98,000,000 records.  Elapsed time: 00:13:27s.  Time for last 1,000,000:    8s.  Last read position: NC_000001.11:246,887,216.  Last read name: A01891:52:HF2TWDSX5:3:1116:19063:8359
INFO	2024-07-21 23:35:48	AbstractAlignmentMerger	Merged    99,000,000 records.  Elapsed time: 00:13:35s.  Time for last 1,000,000:    8s.  Last read position: NC_000013.11:52,449,993.  Last read name: A01891:52:HF2TWDSX5:3:1136:28818:7247
INFO	2024-07-21 23:35:55	AbstractAlignmentMerger	Merged   100,000,000 records.  Elapsed time: 00:13:43s.  Time for last 1,000,000:    7s.  Last read position: NC_000015.10:65,738,739.  Last read name: A01891:52:HF2TWDSX5:3:1156:26422:4069
INFO	2024-07-21 23:36:04	AbstractAlignmentMerger	Merged   101,000,000 records.  Elapsed time: 00:13:52s.  Time for last 1,000,000:    8s.  Last read position: NC_000001.11:156,768,017.  Last read name: A01891:52:HF2TWDSX5:3:1176:13584:7200
INFO	2024-07-21 23:36:12	AbstractAlignmentMerger	Merged   102,000,000 records.  Elapsed time: 00:14:00s.  Time for last 1,000,000:    8s.  Last read position: NC_000016.10:20,796,478.  Last read name: A01891:52:HF2TWDSX5:3:1217:7744:30279
INFO	2024-07-21 23:36:20	AbstractAlignmentMerger	Merged   103,000,000 records.  Elapsed time: 00:14:08s.  Time for last 1,000,000:    7s.  Last read position: NC_000012.12:26,065,099.  Last read name: A01891:52:HF2TWDSX5:3:1237:25943:13636
INFO	2024-07-21 23:36:28	AbstractAlignmentMerger	Merged   104,000,000 records.  Elapsed time: 00:14:15s.  Time for last 1,000,000:    7s.  Last read position: NC_000003.12:184,710,930.  Last read name: A01891:52:HF2TWDSX5:3:1256:5918:3443
INFO	2024-07-21 23:36:37	AbstractAlignmentMerger	Merged   105,000,000 records.  Elapsed time: 00:14:25s.  Time for last 1,000,000:    9s.  Last read position: NC_000017.11:69,182,731.  Last read name: A01891:52:HF2TWDSX5:3:1276:13756:20932
INFO	2024-07-21 23:36:46	AbstractAlignmentMerger	Merged   106,000,000 records.  Elapsed time: 00:14:33s.  Time for last 1,000,000:    8s.  Last read position: NC_000011.10:3,731,521.  Last read name: A01891:52:HF2TWDSX5:3:1317:17445:1235
INFO	2024-07-21 23:36:54	AbstractAlignmentMerger	Merged   107,000,000 records.  Elapsed time: 00:14:41s.  Time for last 1,000,000:    7s.  Last read position: NC_000012.12:132,687,656.  Last read name: A01891:52:HF2TWDSX5:3:1336:14696:3114
INFO	2024-07-21 23:37:02	AbstractAlignmentMerger	Merged   108,000,000 records.  Elapsed time: 00:14:50s.  Time for last 1,000,000:    8s.  Last read position: NC_000001.11:214,620,917.  Last read name: A01891:52:HF2TWDSX5:3:1355:12048:20071
INFO	2024-07-21 23:37:10	AbstractAlignmentMerger	Merged   109,000,000 records.  Elapsed time: 00:14:58s.  Time for last 1,000,000:    8s.  Last read position: NC_000019.10:57,912,101.  Last read name: A01891:52:HF2TWDSX5:3:1373:8205:1078
INFO	2024-07-21 23:37:18	AbstractAlignmentMerger	Merged   110,000,000 records.  Elapsed time: 00:15:06s.  Time for last 1,000,000:    7s.  Last read position: NC_000010.11:102,110,400.  Last read name: A01891:52:HF2TWDSX5:3:1414:29243:2848
INFO	2024-07-21 23:37:26	AbstractAlignmentMerger	Merged   111,000,000 records.  Elapsed time: 00:15:14s.  Time for last 1,000,000:    8s.  Last read position: NC_000009.12:124,911,872.  Last read name: A01891:52:HF2TWDSX5:3:1433:19714:21324
INFO	2024-07-21 23:37:34	AbstractAlignmentMerger	Merged   112,000,000 records.  Elapsed time: 00:15:21s.  Time for last 1,000,000:    7s.  Last read position: NT_187607.1:298,408.  Last read name: A01891:52:HF2TWDSX5:3:1452:11939:15812
INFO	2024-07-21 23:37:43	AbstractAlignmentMerger	Merged   113,000,000 records.  Elapsed time: 00:15:31s.  Time for last 1,000,000:    9s.  Last read position: NC_000001.11:207,523,658.  Last read name: A01891:52:HF2TWDSX5:3:1470:6985:5290
INFO	2024-07-21 23:37:51	AbstractAlignmentMerger	Merged   114,000,000 records.  Elapsed time: 00:15:39s.  Time for last 1,000,000:    7s.  Last read position: NC_000011.10:40,116,272.  Last read name: A01891:52:HF2TWDSX5:3:1511:3314:6887
INFO	2024-07-21 23:38:00	AbstractAlignmentMerger	Merged   115,000,000 records.  Elapsed time: 00:15:48s.  Time for last 1,000,000:    8s.  Last read position: NC_000012.12:117,210,599.  Last read name: A01891:52:HF2TWDSX5:3:1530:29640:25113
INFO	2024-07-21 23:38:09	AbstractAlignmentMerger	Merged   116,000,000 records.  Elapsed time: 00:15:57s.  Time for last 1,000,000:    9s.  Last read position: NC_000008.11:66,850,748.  Last read name: A01891:52:HF2TWDSX5:3:1550:14290:33661
INFO	2024-07-21 23:38:17	AbstractAlignmentMerger	Merged   117,000,000 records.  Elapsed time: 00:16:04s.  Time for last 1,000,000:    7s.  Last read position: NC_000019.10:49,995,127.  Last read name: A01891:52:HF2TWDSX5:3:1569:24017:11052
INFO	2024-07-21 23:38:25	AbstractAlignmentMerger	Merged   118,000,000 records.  Elapsed time: 00:16:13s.  Time for last 1,000,000:    8s.  Last read position: NC_000010.11:104,002,711.  Last read name: A01891:52:HF2TWDSX5:3:1610:4878:32863
INFO	2024-07-21 23:38:33	AbstractAlignmentMerger	Merged   119,000,000 records.  Elapsed time: 00:16:21s.  Time for last 1,000,000:    7s.  Last read position: NC_000005.10:177,370,892.  Last read name: A01891:52:HF2TWDSX5:3:1630:3757:14481
INFO	2024-07-21 23:38:41	AbstractAlignmentMerger	Merged   120,000,000 records.  Elapsed time: 00:16:28s.  Time for last 1,000,000:    7s.  Last read position: NC_000011.10:67,409,119.  Last read name: A01891:52:HF2TWDSX5:3:1650:4996:10802
INFO	2024-07-21 23:38:49	AbstractAlignmentMerger	Merged   121,000,000 records.  Elapsed time: 00:16:36s.  Time for last 1,000,000:    7s.  Last read position: NC_000011.10:12,508,603.  Last read name: A01891:52:HF2TWDSX5:3:1670:9670:22905
INFO	2024-07-21 23:38:58	AbstractAlignmentMerger	Merged   122,000,000 records.  Elapsed time: 00:16:45s.  Time for last 1,000,000:    9s.  Last read position: NC_000017.11:75,874,861.  Last read name: A01891:52:HF2TWDSX5:3:2113:19208:34444
INFO	2024-07-21 23:39:07	AbstractAlignmentMerger	Merged   123,000,000 records.  Elapsed time: 00:16:54s.  Time for last 1,000,000:    8s.  Last read position: NC_000006.12:152,331,148.  Last read name: A01891:52:HF2TWDSX5:3:2134:17228:35994
INFO	2024-07-21 23:39:15	AbstractAlignmentMerger	Merged   124,000,000 records.  Elapsed time: 00:17:02s.  Time for last 1,000,000:    7s.  Last read position: NC_000002.12:162,074,119.  Last read name: A01891:52:HF2TWDSX5:3:2154:1796:36855
INFO	2024-07-21 23:39:23	AbstractAlignmentMerger	Merged   125,000,000 records.  Elapsed time: 00:17:11s.  Time for last 1,000,000:    8s.  Last read position: NC_000008.11:22,617,659.  Last read name: A01891:52:HF2TWDSX5:3:2173:5701:4977
INFO	2024-07-21 23:39:31	AbstractAlignmentMerger	Merged   126,000,000 records.  Elapsed time: 00:17:19s.  Time for last 1,000,000:    8s.  Last read position: NC_000007.14:42,048,319.  Last read name: A01891:52:HF2TWDSX5:3:2215:5647:33160
INFO	2024-07-21 23:39:39	AbstractAlignmentMerger	Merged   127,000,000 records.  Elapsed time: 00:17:26s.  Time for last 1,000,000:    7s.  Last read position: NC_000009.12:22,447,009.  Last read name: A01891:52:HF2TWDSX5:3:2235:7789:14700
INFO	2024-07-21 23:39:47	AbstractAlignmentMerger	Merged   128,000,000 records.  Elapsed time: 00:17:34s.  Time for last 1,000,000:    7s.  Last read position: NC_000019.10:464,201.  Last read name: A01891:52:HF2TWDSX5:3:2255:20672:28902
INFO	2024-07-21 23:39:55	AbstractAlignmentMerger	Merged   129,000,000 records.  Elapsed time: 00:17:42s.  Time for last 1,000,000:    7s.  Last read position: NC_000016.10:33,360,762.  Last read name: A01891:52:HF2TWDSX5:3:2274:28212:27931
INFO	2024-07-21 23:40:05	AbstractAlignmentMerger	Merged   130,000,000 records.  Elapsed time: 00:17:52s.  Time for last 1,000,000:    9s.  Last read position: NC_000001.11:42,757,749.  Last read name: A01891:52:HF2TWDSX5:3:2316:10547:24048
INFO	2024-07-21 23:40:12	AbstractAlignmentMerger	Merged   131,000,000 records.  Elapsed time: 00:18:00s.  Time for last 1,000,000:    7s.  Last read position: NC_000015.10:99,221,540.  Last read name: A01891:52:HF2TWDSX5:3:2335:17210:8656
INFO	2024-07-21 23:40:21	AbstractAlignmentMerger	Merged   132,000,000 records.  Elapsed time: 00:18:09s.  Time for last 1,000,000:    8s.  Last read position: NC_000010.11:126,464,772.  Last read name: A01891:52:HF2TWDSX5:3:2354:1624:12571
INFO	2024-07-21 23:40:29	AbstractAlignmentMerger	Merged   133,000,000 records.  Elapsed time: 00:18:17s.  Time for last 1,000,000:    8s.  Last read position: NC_000001.11:155,135,696.  Last read name: A01891:52:HF2TWDSX5:3:2373:11134:30232
INFO	2024-07-21 23:40:37	AbstractAlignmentMerger	Merged   134,000,000 records.  Elapsed time: 00:18:25s.  Time for last 1,000,000:    7s.  Last read position: NC_000020.11:36,815,908.  Last read name: A01891:52:HF2TWDSX5:3:2413:9959:9408
INFO	2024-07-21 23:40:45	AbstractAlignmentMerger	Merged   135,000,000 records.  Elapsed time: 00:18:33s.  Time for last 1,000,000:    8s.  Last read position: NC_000012.12:6,531,159.  Last read name: A01891:52:HF2TWDSX5:3:2432:5873:26318
INFO	2024-07-21 23:40:53	AbstractAlignmentMerger	Merged   136,000,000 records.  Elapsed time: 00:18:41s.  Time for last 1,000,000:    7s.  Last read position: NC_000009.12:130,885,042.  Last read name: A01891:52:HF2TWDSX5:3:2451:4743:7545
INFO	2024-07-21 23:41:01	AbstractAlignmentMerger	Merged   137,000,000 records.  Elapsed time: 00:18:48s.  Time for last 1,000,000:    7s.  Last read position: NC_000012.12:93,441,897.  Last read name: A01891:52:HF2TWDSX5:3:2470:7473:3756
INFO	2024-07-21 23:41:09	AbstractAlignmentMerger	Merged   138,000,000 records.  Elapsed time: 00:18:56s.  Time for last 1,000,000:    7s.  Last read position: NC_000009.12:67,899,219.  Last read name: A01891:52:HF2TWDSX5:3:2512:15600:26725
INFO	2024-07-21 23:41:18	AbstractAlignmentMerger	Merged   139,000,000 records.  Elapsed time: 00:19:05s.  Time for last 1,000,000:    9s.  Last read position: NC_000004.12:99,048,714.  Last read name: A01891:52:HF2TWDSX5:3:2531:26015:27727
INFO	2024-07-21 23:41:27	AbstractAlignmentMerger	Merged   140,000,000 records.  Elapsed time: 00:19:14s.  Time for last 1,000,000:    8s.  Last read position: NC_000007.14:103,652,648.  Last read name: A01891:52:HF2TWDSX5:3:2551:29830:33051
INFO	2024-07-21 23:41:35	AbstractAlignmentMerger	Merged   141,000,000 records.  Elapsed time: 00:19:22s.  Time for last 1,000,000:    7s.  Last read position: NC_000017.11:42,569,423.  Last read name: A01891:52:HF2TWDSX5:3:2571:29884:32894
INFO	2024-07-21 23:41:43	AbstractAlignmentMerger	Merged   142,000,000 records.  Elapsed time: 00:19:30s.  Time for last 1,000,000:    8s.  Last read position: NC_000011.10:117,435,877.  Last read name: A01891:52:HF2TWDSX5:3:2613:4960:12179
INFO	2024-07-21 23:41:51	AbstractAlignmentMerger	Merged   143,000,000 records.  Elapsed time: 00:19:38s.  Time for last 1,000,000:    8s.  Last read position: NC_000006.12:152,321,844.  Last read name: A01891:52:HF2TWDSX5:3:2634:22263:17910
INFO	2024-07-21 23:41:59	AbstractAlignmentMerger	Merged   144,000,000 records.  Elapsed time: 00:19:46s.  Time for last 1,000,000:    7s.  Last read position: NC_000019.10:36,113,565.  Last read name: A01891:52:HF2TWDSX5:3:2655:13087:28072
INFO	2024-07-21 23:42:07	AbstractAlignmentMerger	Merged   145,000,000 records.  Elapsed time: 00:19:55s.  Time for last 1,000,000:    8s.  Last read position: NC_000002.12:178,611,054.  Last read name: A01891:52:HF2TWDSX5:3:2675:29649:14794
INFO	2024-07-21 23:42:15	AbstractAlignmentMerger	Merged   146,000,000 records.  Elapsed time: 00:20:03s.  Time for last 1,000,000:    7s.  Last read position: NC_000005.10:132,814,323.  Last read name: A01891:52:HF2TWDSX5:4:1117:4137:9283
INFO	2024-07-21 23:42:24	AbstractAlignmentMerger	Merged   147,000,000 records.  Elapsed time: 00:20:12s.  Time for last 1,000,000:    8s.  Last read position: NC_000016.10:21,404,552.  Last read name: A01891:52:HF2TWDSX5:4:1137:28754:16407
INFO	2024-07-21 23:42:32	AbstractAlignmentMerger	Merged   148,000,000 records.  Elapsed time: 00:20:20s.  Time for last 1,000,000:    7s.  Last read position: NC_000012.12:112,171,202.  Last read name: A01891:52:HF2TWDSX5:4:1157:25635:7467
INFO	2024-07-21 23:42:41	AbstractAlignmentMerger	Merged   149,000,000 records.  Elapsed time: 00:20:28s.  Time for last 1,000,000:    8s.  Last read position: NC_000003.12:186,077,605.  Last read name: A01891:52:HF2TWDSX5:4:1177:11496:7623
INFO	2024-07-21 23:42:49	AbstractAlignmentMerger	Merged   150,000,000 records.  Elapsed time: 00:20:37s.  Time for last 1,000,000:    8s.  Last read position: NC_000007.14:101,173,329.  Last read name: A01891:52:HF2TWDSX5:4:1218:31123:31814
INFO	2024-07-21 23:42:57	AbstractAlignmentMerger	Merged   151,000,000 records.  Elapsed time: 00:20:45s.  Time for last 1,000,000:    7s.  Last read position: NC_000001.11:117,681,371.  Last read name: A01891:52:HF2TWDSX5:4:1238:20112:33880
INFO	2024-07-21 23:43:05	AbstractAlignmentMerger	Merged   152,000,000 records.  Elapsed time: 00:20:53s.  Time for last 1,000,000:    8s.  Last read position: NT_167244.2:752,437.  Last read name: A01891:52:HF2TWDSX5:4:1258:19949:5697
INFO	2024-07-21 23:43:13	AbstractAlignmentMerger	Merged   153,000,000 records.  Elapsed time: 00:21:01s.  Time for last 1,000,000:    7s.  Last read position: NC_000012.12:124,968,828.  Last read name: A01891:52:HF2TWDSX5:4:1277:24795:24706
INFO	2024-07-21 23:43:21	AbstractAlignmentMerger	Merged   154,000,000 records.  Elapsed time: 00:21:09s.  Time for last 1,000,000:    7s.  Last read position: NC_000019.10:984,487.  Last read name: A01891:52:HF2TWDSX5:4:1318:19162:16078
INFO	2024-07-21 23:43:29	AbstractAlignmentMerger	Merged   155,000,000 records.  Elapsed time: 00:21:16s.  Time for last 1,000,000:    7s.  Last read position: NC_000006.12:43,012,329.  Last read name: A01891:52:HF2TWDSX5:4:1337:13358:26381
INFO	2024-07-21 23:43:38	AbstractAlignmentMerger	Merged   156,000,000 records.  Elapsed time: 00:21:25s.  Time for last 1,000,000:    8s.  Last read position: NC_000013.11:28,018,375.  Last read name: A01891:52:HF2TWDSX5:4:1356:16233:36401
INFO	2024-07-21 23:43:47	AbstractAlignmentMerger	Merged   157,000,000 records.  Elapsed time: 00:21:34s.  Time for last 1,000,000:    8s.  Last read position: NC_000017.11:50,548,998.  Last read name: A01891:52:HF2TWDSX5:4:1375:16911:9111
INFO	2024-07-21 23:43:54	AbstractAlignmentMerger	Merged   158,000,000 records.  Elapsed time: 00:21:42s.  Time for last 1,000,000:    7s.  Last read position: NC_000009.12:130,454,261.  Last read name: A01891:52:HF2TWDSX5:4:1416:23773:1517
INFO	2024-07-21 23:44:03	AbstractAlignmentMerger	Merged   159,000,000 records.  Elapsed time: 00:21:50s.  Time for last 1,000,000:    8s.  Last read position: NC_000018.10:56,695,135.  Last read name: A01891:52:HF2TWDSX5:4:1435:24252:12837
INFO	2024-07-21 23:44:11	AbstractAlignmentMerger	Merged   160,000,000 records.  Elapsed time: 00:21:58s.  Time for last 1,000,000:    7s.  Last read position: NC_000016.10:75,529,247.  Last read name: A01891:52:HF2TWDSX5:4:1454:22336:35352
INFO	2024-07-21 23:44:19	AbstractAlignmentMerger	Merged   161,000,000 records.  Elapsed time: 00:22:06s.  Time for last 1,000,000:    7s.  Last read position: NC_000001.11:184,796,040.  Last read name: A01891:52:HF2TWDSX5:4:1473:21531:1297
INFO	2024-07-21 23:44:27	AbstractAlignmentMerger	Merged   162,000,000 records.  Elapsed time: 00:22:14s.  Time for last 1,000,000:    7s.  Last read position: NC_000017.11:3,677,166.  Last read name: A01891:52:HF2TWDSX5:4:1514:9480:10676
INFO	2024-07-21 23:44:35	AbstractAlignmentMerger	Merged   163,000,000 records.  Elapsed time: 00:22:22s.  Time for last 1,000,000:    7s.  Last read position: NC_000001.11:201,794,469.  Last read name: A01891:52:HF2TWDSX5:4:1534:4137:3646
INFO	2024-07-21 23:44:44	AbstractAlignmentMerger	Merged   164,000,000 records.  Elapsed time: 00:22:31s.  Time for last 1,000,000:    8s.  Last read position: NC_000012.12:21,844,770.  Last read name: A01891:52:HF2TWDSX5:4:1553:3766:10770
INFO	2024-07-21 23:44:51	AbstractAlignmentMerger	Merged   165,000,000 records.  Elapsed time: 00:22:39s.  Time for last 1,000,000:    7s.  Last read position: NC_000001.11:77,725,664.  Last read name: A01891:52:HF2TWDSX5:4:1572:22507:2174
INFO	2024-07-21 23:45:00	AbstractAlignmentMerger	Merged   166,000,000 records.  Elapsed time: 00:22:48s.  Time for last 1,000,000:    8s.  Last read position: NC_000003.12:52,229,954.  Last read name: A01891:52:HF2TWDSX5:4:1614:30183:28025
INFO	2024-07-21 23:45:08	AbstractAlignmentMerger	Merged   167,000,000 records.  Elapsed time: 00:22:56s.  Time for last 1,000,000:    8s.  Last read position: NC_000003.12:75,420,994.  Last read name: A01891:52:HF2TWDSX5:4:1637:19343:34929
INFO	2024-07-21 23:45:16	AbstractAlignmentMerger	Merged   168,000,000 records.  Elapsed time: 00:23:04s.  Time for last 1,000,000:    7s.  Last read position: NC_000015.10:34,103,831.  Last read name: A01891:52:HF2TWDSX5:4:1657:1651:2848
INFO	2024-07-21 23:45:24	AbstractAlignmentMerger	Merged   169,000,000 records.  Elapsed time: 00:23:12s.  Time for last 1,000,000:    7s.  Last read position: NC_000016.10:14,644,456.  Last read name: A01891:52:HF2TWDSX5:4:1676:17092:31469
INFO	2024-07-21 23:45:32	AbstractAlignmentMerger	Merged   170,000,000 records.  Elapsed time: 00:23:20s.  Time for last 1,000,000:    7s.  Last read position: NC_000005.10:138,330,910.  Last read name: A01891:52:HF2TWDSX5:4:2119:2266:34820
INFO	2024-07-21 23:45:40	AbstractAlignmentMerger	Merged   171,000,000 records.  Elapsed time: 00:23:28s.  Time for last 1,000,000:    7s.  Last read position: NC_000001.11:19,117,344.  Last read name: A01891:52:HF2TWDSX5:4:2140:20916:20588
INFO	2024-07-21 23:45:48	AbstractAlignmentMerger	Merged   172,000,000 records.  Elapsed time: 00:23:35s.  Time for last 1,000,000:    7s.  Last read position: NC_000004.12:25,676,032.  Last read name: A01891:52:HF2TWDSX5:4:2160:9706:35430
INFO	2024-07-21 23:45:57	AbstractAlignmentMerger	Merged   173,000,000 records.  Elapsed time: 00:23:44s.  Time for last 1,000,000:    9s.  Last read position: NW_025791778.1:413,939.  Last read name: A01891:52:HF2TWDSX5:4:2203:18982:15765
INFO	2024-07-21 23:46:06	AbstractAlignmentMerger	Merged   174,000,000 records.  Elapsed time: 00:23:53s.  Time for last 1,000,000:    8s.  Last read position: NC_000012.12:123,622,634.  Last read name: A01891:52:HF2TWDSX5:4:2224:21034:4789
INFO	2024-07-21 23:46:14	AbstractAlignmentMerger	Merged   175,000,000 records.  Elapsed time: 00:24:01s.  Time for last 1,000,000:    7s.  Last read position: NC_000021.9:36,211,975.  Last read name: A01891:52:HF2TWDSX5:4:2245:21974:7639
INFO	2024-07-21 23:46:22	AbstractAlignmentMerger	Merged   176,000,000 records.  Elapsed time: 00:24:10s.  Time for last 1,000,000:    8s.  Last read position: NC_000010.11:97,582,409.  Last read name: A01891:52:HF2TWDSX5:4:2266:2745:25942
INFO	2024-07-21 23:46:30	AbstractAlignmentMerger	Merged   177,000,000 records.  Elapsed time: 00:24:17s.  Time for last 1,000,000:    7s.  Last read position: NC_000001.11:157,924,721.  Last read name: A01891:52:HF2TWDSX5:4:2308:11180:16877
INFO	2024-07-21 23:46:38	AbstractAlignmentMerger	Merged   178,000,000 records.  Elapsed time: 00:24:25s.  Time for last 1,000,000:    7s.  Last read position: NC_000007.14:100,996,324.  Last read name: A01891:52:HF2TWDSX5:4:2327:28248:30686
INFO	2024-07-21 23:46:46	AbstractAlignmentMerger	Merged   179,000,000 records.  Elapsed time: 00:24:33s.  Time for last 1,000,000:    7s.  Last read position: NC_000011.10:111,740,989.  Last read name: A01891:52:HF2TWDSX5:4:2347:19578:24721
INFO	2024-07-21 23:46:54	AbstractAlignmentMerger	Merged   180,000,000 records.  Elapsed time: 00:24:41s.  Time for last 1,000,000:    7s.  Last read position: NC_000023.11:49,596,582.  Last read name: A01891:52:HF2TWDSX5:4:2367:19913:23797
INFO	2024-07-21 23:47:03	AbstractAlignmentMerger	Merged   181,000,000 records.  Elapsed time: 00:24:50s.  Time for last 1,000,000:    8s.  Last read position: NC_000003.12:157,159,402.  Last read name: A01891:52:HF2TWDSX5:4:2409:15845:1877
INFO	2024-07-21 23:47:11	AbstractAlignmentMerger	Merged   182,000,000 records.  Elapsed time: 00:24:58s.  Time for last 1,000,000:    7s.  Last read position: NC_000012.12:49,330,657.  Last read name: A01891:52:HF2TWDSX5:4:2428:5457:26005
INFO	2024-07-21 23:47:19	AbstractAlignmentMerger	Merged   183,000,000 records.  Elapsed time: 00:25:07s.  Time for last 1,000,000:    8s.  Last read position: NC_000008.11:109,526,807.  Last read name: A01891:52:HF2TWDSX5:4:2448:20681:3959
INFO	2024-07-21 23:47:28	AbstractAlignmentMerger	Merged   184,000,000 records.  Elapsed time: 00:25:15s.  Time for last 1,000,000:    8s.  Last read position: NC_000009.12:101,424,905.  Last read name: A01891:52:HF2TWDSX5:4:2467:32099:33630
INFO	2024-07-21 23:47:36	AbstractAlignmentMerger	Merged   185,000,000 records.  Elapsed time: 00:25:23s.  Time for last 1,000,000:    7s.  Last read position: NC_000018.10:52,340,521.  Last read name: A01891:52:HF2TWDSX5:4:2509:28122:16689
INFO	2024-07-21 23:47:44	AbstractAlignmentMerger	Merged   186,000,000 records.  Elapsed time: 00:25:31s.  Time for last 1,000,000:    8s.  Last read position: NC_000001.11:64,837,850.  Last read name: A01891:52:HF2TWDSX5:4:2529:28926:12101
INFO	2024-07-21 23:47:52	AbstractAlignmentMerger	Merged   187,000,000 records.  Elapsed time: 00:25:39s.  Time for last 1,000,000:    7s.  Last read position: NC_000006.12:134,997,561.  Last read name: A01891:52:HF2TWDSX5:4:2548:29622:13557
INFO	2024-07-21 23:48:00	AbstractAlignmentMerger	Merged   188,000,000 records.  Elapsed time: 00:25:47s.  Time for last 1,000,000:    7s.  Last read position: NC_000009.12:42,184,893.  Last read name: A01891:52:HF2TWDSX5:4:2567:17761:18223
INFO	2024-07-21 23:48:08	AbstractAlignmentMerger	Merged   189,000,000 records.  Elapsed time: 00:25:55s.  Time for last 1,000,000:    7s.  Last read position: NC_000017.11:75,878,431.  Last read name: A01891:52:HF2TWDSX5:4:2609:17092:18630
INFO	2024-07-21 23:48:17	AbstractAlignmentMerger	Merged   190,000,000 records.  Elapsed time: 00:26:04s.  Time for last 1,000,000:    9s.  Last read position: NC_000008.11:73,788,773.  Last read name: A01891:52:HF2TWDSX5:4:2632:28818:23469
INFO	2024-07-21 23:48:26	AbstractAlignmentMerger	Merged   191,000,000 records.  Elapsed time: 00:26:13s.  Time for last 1,000,000:    8s.  Last read position: NC_000001.11:228,059,836.  Last read name: A01891:52:HF2TWDSX5:4:2653:1886:10144
INFO	2024-07-21 23:48:33	AbstractAlignmentMerger	Merged   192,000,000 records.  Elapsed time: 00:26:21s.  Time for last 1,000,000:    7s.  Last read position: NC_000003.12:9,705,747.  Last read name: A01891:52:HF2TWDSX5:4:2672:32687:28698
INFO	2024-07-21 23:49:03	AbstractAlignmentMerger	Written in coordinate order to output    10,000,000 records.  Elapsed time: 00:00:26s.  Time for last 10,000,000:   24s.  Last read position: NC_000001.11:143,885,108
INFO	2024-07-21 23:49:28	AbstractAlignmentMerger	Written in coordinate order to output    20,000,000 records.  Elapsed time: 00:00:51s.  Time for last 10,000,000:   25s.  Last read position: NC_000002.12:32,817,507
INFO	2024-07-21 23:49:54	AbstractAlignmentMerger	Written in coordinate order to output    30,000,000 records.  Elapsed time: 00:01:17s.  Time for last 10,000,000:   25s.  Last read position: NC_000002.12:219,004,378
INFO	2024-07-21 23:50:23	AbstractAlignmentMerger	Written in coordinate order to output    40,000,000 records.  Elapsed time: 00:01:45s.  Time for last 10,000,000:   28s.  Last read position: NC_000003.12:155,988,038
INFO	2024-07-21 23:50:50	AbstractAlignmentMerger	Written in coordinate order to output    50,000,000 records.  Elapsed time: 00:02:13s.  Time for last 10,000,000:   27s.  Last read position: NC_000005.10:23,527,232
INFO	2024-07-21 23:51:15	AbstractAlignmentMerger	Written in coordinate order to output    60,000,000 records.  Elapsed time: 00:02:38s.  Time for last 10,000,000:   24s.  Last read position: NC_000006.12:53,651,609
INFO	2024-07-21 23:51:40	AbstractAlignmentMerger	Written in coordinate order to output    70,000,000 records.  Elapsed time: 00:03:02s.  Time for last 10,000,000:   24s.  Last read position: NC_000007.14:100,106,259
INFO	2024-07-21 23:52:07	AbstractAlignmentMerger	Written in coordinate order to output    80,000,000 records.  Elapsed time: 00:03:30s.  Time for last 10,000,000:   27s.  Last read position: NC_000008.11:144,510,605
INFO	2024-07-21 23:52:32	AbstractAlignmentMerger	Written in coordinate order to output    90,000,000 records.  Elapsed time: 00:03:55s.  Time for last 10,000,000:   24s.  Last read position: NC_000010.11:34,343,422
INFO	2024-07-21 23:53:01	AbstractAlignmentMerger	Written in coordinate order to output   100,000,000 records.  Elapsed time: 00:04:24s.  Time for last 10,000,000:   29s.  Last read position: NC_000011.10:58,550,058
INFO	2024-07-21 23:53:32	AbstractAlignmentMerger	Written in coordinate order to output   110,000,000 records.  Elapsed time: 00:04:55s.  Time for last 10,000,000:   30s.  Last read position: NC_000012.12:51,190,408
INFO	2024-07-21 23:54:04	AbstractAlignmentMerger	Written in coordinate order to output   120,000,000 records.  Elapsed time: 00:05:26s.  Time for last 10,000,000:   31s.  Last read position: NC_000014.9:23,525,706
INFO	2024-07-21 23:54:29	AbstractAlignmentMerger	Written in coordinate order to output   130,000,000 records.  Elapsed time: 00:05:52s.  Time for last 10,000,000:   25s.  Last read position: NC_000015.10:86,522,780
INFO	2024-07-21 23:54:54	AbstractAlignmentMerger	Written in coordinate order to output   140,000,000 records.  Elapsed time: 00:06:17s.  Time for last 10,000,000:   25s.  Last read position: NC_000017.11:1,638,914
INFO	2024-07-21 23:55:20	AbstractAlignmentMerger	Written in coordinate order to output   150,000,000 records.  Elapsed time: 00:06:43s.  Time for last 10,000,000:   25s.  Last read position: NC_000017.11:77,307,163
INFO	2024-07-21 23:55:46	AbstractAlignmentMerger	Written in coordinate order to output   160,000,000 records.  Elapsed time: 00:07:09s.  Time for last 10,000,000:   25s.  Last read position: NC_000019.10:35,346,618
INFO	2024-07-21 23:56:13	AbstractAlignmentMerger	Written in coordinate order to output   170,000,000 records.  Elapsed time: 00:07:35s.  Time for last 10,000,000:   26s.  Last read position: NC_000020.11:63,692,756
INFO	2024-07-21 23:56:39	AbstractAlignmentMerger	Written in coordinate order to output   180,000,000 records.  Elapsed time: 00:08:02s.  Time for last 10,000,000:   26s.  Last read position: NC_000023.11:134,772,205
INFO	2024-07-21 23:57:05	AbstractAlignmentMerger	Written in coordinate order to output   190,000,000 records.  Elapsed time: 00:08:28s.  Time for last 10,000,000:   25s.  Last read position: NT_187649.1:15,764
INFO	2024-07-21 23:57:11	AbstractAlignmentMerger	Wrote 192020271 alignment records and 344383 unmapped reads.
[Sun Jul 21 23:57:11 GMT 2024] picard.sam.MergeBamAlignment done. Elapsed time: 34.99 minutes.
Runtime.totalMemory()=5367136256
Tool returned:
0
Using GATK jar /gatk/gatk-package-4.2.6.1-local.jar
Running:
    java -Dsamjdk.use_async_io_read_samtools=false -Dsamjdk.use_async_io_write_samtools=true -Dsamjdk.use_async_io_write_tribble=false -Dsamjdk.compression_level=2 -jar /gatk/gatk-package-4.2.6.1-local.jar MergeBamAlignment --R /coh_labs/dits/rayyan/reference/GCF_000001405.40_GRCh38.p14_genomic.fna --ALIGNED_BAM /coh_labs/dits/rayyan/try/C083-000002_GermlineDNA_bwamem.sam --UNMAPPED_BAM /coh_labs/dits/rayyan/try/C083-000002_GermlineDNA_markilluminaadapters.bam --OUTPUT /coh_labs/dits/rayyan/try/C083-000002_GermlineDNA_mergebamalignment.bam --CREATE_INDEX true --CLIP_ADAPTERS false --CLIP_OVERLAPPING_READS true --INCLUDE_SECONDARY_ALIGNMENTS true --MAX_INSERTIONS_OR_DELETIONS -1 --PRIMARY_ALIGNMENT_STRATEGY MostDistant --ATTRIBUTES_TO_RETAIN XS
