18:29:56.974 INFO  NativeLibraryLoader - Loading libgkl_compression.so from jar:file:/gatk/gatk-package-4.2.6.1-local.jar!/com/intel/gkl/native/libgkl_compression.so
[Fri Jul 19 18:29:57 GMT 2024] SamToFastq --INPUT /coh_labs/dits/rayyan/try/C083-000002_GermlineDNA_markilluminaadapters.bam --FASTQ /coh_labs/dits/rayyan/try/C083-000002_GermlineDNA_samtofastq_interleaved.fq --INTERLEAVE true --INCLUDE_NON_PF_READS true --CLIPPING_ATTRIBUTE XT --CLIPPING_ACTION 2 --OUTPUT_PER_RG false --COMPRESS_OUTPUTS_PER_RG false --RG_TAG PU --RE_REVERSE true --CLIPPING_MIN_LENGTH 0 --READ1_TRIM 0 --READ2_TRIM 0 --INCLUDE_NON_PRIMARY_ALIGNMENTS false --VERBOSITY INFO --QUIET false --VALIDATION_STRINGENCY STRICT --COMPRESSION_LEVEL 2 --MAX_RECORDS_IN_RAM 500000 --CREATE_INDEX false --CREATE_MD5_FILE false --GA4GH_CLIENT_SECRETS client_secrets.json --help false --version false --showHidden false --USE_JDK_DEFLATER false --USE_JDK_INFLATER false
[Fri Jul 19 18:29:57 GMT 2024] Executing as raburajab@g-c-1-7-28 on Linux 4.18.0-305.3.1.el8_4.x86_64 amd64; OpenJDK 64-Bit Server VM 1.8.0_242-8u242-b08-0ubuntu3~18.04-b08; Deflater: Intel; Inflater: Intel; Provider GCS is available; Picard version: Version:4.2.6.1
INFO	2024-07-19 18:30:01	SamToFastq	Processed     1,000,000 records.  Elapsed time: 00:00:03s.  Time for last 1,000,000:    3s.  Last read position: */*
INFO	2024-07-19 18:30:03	SamToFastq	Processed     2,000,000 records.  Elapsed time: 00:00:05s.  Time for last 1,000,000:    2s.  Last read position: */*
INFO	2024-07-19 18:30:05	SamToFastq	Processed     3,000,000 records.  Elapsed time: 00:00:07s.  Time for last 1,000,000:    2s.  Last read position: */*
INFO	2024-07-19 18:30:08	SamToFastq	Processed     4,000,000 records.  Elapsed time: 00:00:10s.  Time for last 1,000,000:    2s.  Last read position: */*
INFO	2024-07-19 18:30:10	SamToFastq	Processed     5,000,000 records.  Elapsed time: 00:00:12s.  Time for last 1,000,000:    2s.  Last read position: */*
INFO	2024-07-19 18:30:12	SamToFastq	Processed     6,000,000 records.  Elapsed time: 00:00:14s.  Time for last 1,000,000:    2s.  Last read position: */*
INFO	2024-07-19 18:30:14	SamToFastq	Processed     7,000,000 records.  Elapsed time: 00:00:16s.  Time for last 1,000,000:    2s.  Last read position: */*
INFO	2024-07-19 18:30:16	SamToFastq	Processed     8,000,000 records.  Elapsed time: 00:00:18s.  Time for last 1,000,000:    1s.  Last read position: */*
INFO	2024-07-19 18:30:18	SamToFastq	Processed     9,000,000 records.  Elapsed time: 00:00:20s.  Time for last 1,000,000:    2s.  Last read position: */*
INFO	2024-07-19 18:30:20	SamToFastq	Processed    10,000,000 records.  Elapsed time: 00:00:22s.  Time for last 1,000,000:    1s.  Last read position: */*
INFO	2024-07-19 18:30:22	SamToFastq	Processed    11,000,000 records.  Elapsed time: 00:00:24s.  Time for last 1,000,000:    1s.  Last read position: */*
INFO	2024-07-19 18:30:24	SamToFastq	Processed    12,000,000 records.  Elapsed time: 00:00:26s.  Time for last 1,000,000:    1s.  Last read position: */*
INFO	2024-07-19 18:30:26	SamToFastq	Processed    13,000,000 records.  Elapsed time: 00:00:28s.  Time for last 1,000,000:    1s.  Last read position: */*
INFO	2024-07-19 18:30:28	SamToFastq	Processed    14,000,000 records.  Elapsed time: 00:00:30s.  Time for last 1,000,000:    1s.  Last read position: */*
INFO	2024-07-19 18:30:30	SamToFastq	Processed    15,000,000 records.  Elapsed time: 00:00:32s.  Time for last 1,000,000:    1s.  Last read position: */*
INFO	2024-07-19 18:30:32	SamToFastq	Processed    16,000,000 records.  Elapsed time: 00:00:34s.  Time for last 1,000,000:    1s.  Last read position: */*
INFO	2024-07-19 18:30:34	SamToFastq	Processed    17,000,000 records.  Elapsed time: 00:00:36s.  Time for last 1,000,000:    1s.  Last read position: */*
INFO	2024-07-19 18:30:36	SamToFastq	Processed    18,000,000 records.  Elapsed time: 00:00:38s.  Time for last 1,000,000:    1s.  Last read position: */*
INFO	2024-07-19 18:30:38	SamToFastq	Processed    19,000,000 records.  Elapsed time: 00:00:40s.  Time for last 1,000,000:    1s.  Last read position: */*
INFO	2024-07-19 18:30:42	SamToFastq	Processed    20,000,000 records.  Elapsed time: 00:00:44s.  Time for last 1,000,000:    4s.  Last read position: */*
INFO	2024-07-19 18:30:44	SamToFastq	Processed    21,000,000 records.  Elapsed time: 00:00:46s.  Time for last 1,000,000:    1s.  Last read position: */*
INFO	2024-07-19 18:30:46	SamToFastq	Processed    22,000,000 records.  Elapsed time: 00:00:48s.  Time for last 1,000,000:    1s.  Last read position: */*
INFO	2024-07-19 18:30:48	SamToFastq	Processed    23,000,000 records.  Elapsed time: 00:00:50s.  Time for last 1,000,000:    1s.  Last read position: */*
INFO	2024-07-19 18:30:50	SamToFastq	Processed    24,000,000 records.  Elapsed time: 00:00:52s.  Time for last 1,000,000:    1s.  Last read position: */*
INFO	2024-07-19 18:30:52	SamToFastq	Processed    25,000,000 records.  Elapsed time: 00:00:54s.  Time for last 1,000,000:    1s.  Last read position: */*
INFO	2024-07-19 18:30:54	SamToFastq	Processed    26,000,000 records.  Elapsed time: 00:00:56s.  Time for last 1,000,000:    1s.  Last read position: */*
INFO	2024-07-19 18:30:56	SamToFastq	Processed    27,000,000 records.  Elapsed time: 00:00:58s.  Time for last 1,000,000:    1s.  Last read position: */*
INFO	2024-07-19 18:30:58	SamToFastq	Processed    28,000,000 records.  Elapsed time: 00:01:00s.  Time for last 1,000,000:    1s.  Last read position: */*
INFO	2024-07-19 18:31:00	SamToFastq	Processed    29,000,000 records.  Elapsed time: 00:01:02s.  Time for last 1,000,000:    1s.  Last read position: */*
INFO	2024-07-19 18:31:02	SamToFastq	Processed    30,000,000 records.  Elapsed time: 00:01:04s.  Time for last 1,000,000:    1s.  Last read position: */*
INFO	2024-07-19 18:31:04	SamToFastq	Processed    31,000,000 records.  Elapsed time: 00:01:06s.  Time for last 1,000,000:    1s.  Last read position: */*
INFO	2024-07-19 18:31:05	SamToFastq	Processed    32,000,000 records.  Elapsed time: 00:01:08s.  Time for last 1,000,000:    1s.  Last read position: */*
INFO	2024-07-19 18:31:07	SamToFastq	Processed    33,000,000 records.  Elapsed time: 00:01:10s.  Time for last 1,000,000:    1s.  Last read position: */*
INFO	2024-07-19 18:31:09	SamToFastq	Processed    34,000,000 records.  Elapsed time: 00:01:12s.  Time for last 1,000,000:    1s.  Last read position: */*
INFO	2024-07-19 18:31:14	SamToFastq	Processed    35,000,000 records.  Elapsed time: 00:01:16s.  Time for last 1,000,000:    4s.  Last read position: */*
INFO	2024-07-19 18:31:16	SamToFastq	Processed    36,000,000 records.  Elapsed time: 00:01:18s.  Time for last 1,000,000:    1s.  Last read position: */*
INFO	2024-07-19 18:31:18	SamToFastq	Processed    37,000,000 records.  Elapsed time: 00:01:20s.  Time for last 1,000,000:    1s.  Last read position: */*
INFO	2024-07-19 18:31:20	SamToFastq	Processed    38,000,000 records.  Elapsed time: 00:01:22s.  Time for last 1,000,000:    1s.  Last read position: */*
INFO	2024-07-19 18:31:22	SamToFastq	Processed    39,000,000 records.  Elapsed time: 00:01:24s.  Time for last 1,000,000:    1s.  Last read position: */*
INFO	2024-07-19 18:31:24	SamToFastq	Processed    40,000,000 records.  Elapsed time: 00:01:26s.  Time for last 1,000,000:    1s.  Last read position: */*
INFO	2024-07-19 18:31:26	SamToFastq	Processed    41,000,000 records.  Elapsed time: 00:01:28s.  Time for last 1,000,000:    1s.  Last read position: */*
INFO	2024-07-19 18:31:28	SamToFastq	Processed    42,000,000 records.  Elapsed time: 00:01:30s.  Time for last 1,000,000:    1s.  Last read position: */*
INFO	2024-07-19 18:31:30	SamToFastq	Processed    43,000,000 records.  Elapsed time: 00:01:32s.  Time for last 1,000,000:    1s.  Last read position: */*
INFO	2024-07-19 18:31:32	SamToFastq	Processed    44,000,000 records.  Elapsed time: 00:01:34s.  Time for last 1,000,000:    1s.  Last read position: */*
INFO	2024-07-19 18:31:34	SamToFastq	Processed    45,000,000 records.  Elapsed time: 00:01:36s.  Time for last 1,000,000:    1s.  Last read position: */*
INFO	2024-07-19 18:31:36	SamToFastq	Processed    46,000,000 records.  Elapsed time: 00:01:38s.  Time for last 1,000,000:    1s.  Last read position: */*
INFO	2024-07-19 18:31:38	SamToFastq	Processed    47,000,000 records.  Elapsed time: 00:01:40s.  Time for last 1,000,000:    1s.  Last read position: */*
INFO	2024-07-19 18:31:40	SamToFastq	Processed    48,000,000 records.  Elapsed time: 00:01:42s.  Time for last 1,000,000:    1s.  Last read position: */*
INFO	2024-07-19 18:31:43	SamToFastq	Processed    49,000,000 records.  Elapsed time: 00:01:45s.  Time for last 1,000,000:    3s.  Last read position: */*
INFO	2024-07-19 18:31:45	SamToFastq	Processed    50,000,000 records.  Elapsed time: 00:01:47s.  Time for last 1,000,000:    1s.  Last read position: */*
INFO	2024-07-19 18:31:47	SamToFastq	Processed    51,000,000 records.  Elapsed time: 00:01:49s.  Time for last 1,000,000:    1s.  Last read position: */*
INFO	2024-07-19 18:31:49	SamToFastq	Processed    52,000,000 records.  Elapsed time: 00:01:51s.  Time for last 1,000,000:    1s.  Last read position: */*
INFO	2024-07-19 18:31:51	SamToFastq	Processed    53,000,000 records.  Elapsed time: 00:01:53s.  Time for last 1,000,000:    1s.  Last read position: */*
INFO	2024-07-19 18:31:53	SamToFastq	Processed    54,000,000 records.  Elapsed time: 00:01:55s.  Time for last 1,000,000:    1s.  Last read position: */*
INFO	2024-07-19 18:31:55	SamToFastq	Processed    55,000,000 records.  Elapsed time: 00:01:57s.  Time for last 1,000,000:    1s.  Last read position: */*
INFO	2024-07-19 18:31:57	SamToFastq	Processed    56,000,000 records.  Elapsed time: 00:01:59s.  Time for last 1,000,000:    1s.  Last read position: */*
INFO	2024-07-19 18:31:59	SamToFastq	Processed    57,000,000 records.  Elapsed time: 00:02:01s.  Time for last 1,000,000:    1s.  Last read position: */*
INFO	2024-07-19 18:32:01	SamToFastq	Processed    58,000,000 records.  Elapsed time: 00:02:03s.  Time for last 1,000,000:    1s.  Last read position: */*
INFO	2024-07-19 18:32:03	SamToFastq	Processed    59,000,000 records.  Elapsed time: 00:02:05s.  Time for last 1,000,000:    1s.  Last read position: */*
INFO	2024-07-19 18:32:05	SamToFastq	Processed    60,000,000 records.  Elapsed time: 00:02:07s.  Time for last 1,000,000:    1s.  Last read position: */*
INFO	2024-07-19 18:32:07	SamToFastq	Processed    61,000,000 records.  Elapsed time: 00:02:09s.  Time for last 1,000,000:    1s.  Last read position: */*
INFO	2024-07-19 18:32:09	SamToFastq	Processed    62,000,000 records.  Elapsed time: 00:02:11s.  Time for last 1,000,000:    1s.  Last read position: */*
INFO	2024-07-19 18:32:11	SamToFastq	Processed    63,000,000 records.  Elapsed time: 00:02:13s.  Time for last 1,000,000:    1s.  Last read position: */*
INFO	2024-07-19 18:32:13	SamToFastq	Processed    64,000,000 records.  Elapsed time: 00:02:15s.  Time for last 1,000,000:    1s.  Last read position: */*
INFO	2024-07-19 18:32:17	SamToFastq	Processed    65,000,000 records.  Elapsed time: 00:02:19s.  Time for last 1,000,000:    3s.  Last read position: */*
INFO	2024-07-19 18:32:18	SamToFastq	Processed    66,000,000 records.  Elapsed time: 00:02:21s.  Time for last 1,000,000:    1s.  Last read position: */*
INFO	2024-07-19 18:32:20	SamToFastq	Processed    67,000,000 records.  Elapsed time: 00:02:23s.  Time for last 1,000,000:    1s.  Last read position: */*
INFO	2024-07-19 18:32:22	SamToFastq	Processed    68,000,000 records.  Elapsed time: 00:02:25s.  Time for last 1,000,000:    1s.  Last read position: */*
INFO	2024-07-19 18:32:24	SamToFastq	Processed    69,000,000 records.  Elapsed time: 00:02:26s.  Time for last 1,000,000:    1s.  Last read position: */*
INFO	2024-07-19 18:32:26	SamToFastq	Processed    70,000,000 records.  Elapsed time: 00:02:28s.  Time for last 1,000,000:    1s.  Last read position: */*
INFO	2024-07-19 18:32:28	SamToFastq	Processed    71,000,000 records.  Elapsed time: 00:02:30s.  Time for last 1,000,000:    1s.  Last read position: */*
INFO	2024-07-19 18:32:30	SamToFastq	Processed    72,000,000 records.  Elapsed time: 00:02:32s.  Time for last 1,000,000:    1s.  Last read position: */*
INFO	2024-07-19 18:32:32	SamToFastq	Processed    73,000,000 records.  Elapsed time: 00:02:34s.  Time for last 1,000,000:    1s.  Last read position: */*
INFO	2024-07-19 18:32:34	SamToFastq	Processed    74,000,000 records.  Elapsed time: 00:02:36s.  Time for last 1,000,000:    1s.  Last read position: */*
INFO	2024-07-19 18:32:36	SamToFastq	Processed    75,000,000 records.  Elapsed time: 00:02:38s.  Time for last 1,000,000:    1s.  Last read position: */*
INFO	2024-07-19 18:32:38	SamToFastq	Processed    76,000,000 records.  Elapsed time: 00:02:40s.  Time for last 1,000,000:    1s.  Last read position: */*
INFO	2024-07-19 18:32:40	SamToFastq	Processed    77,000,000 records.  Elapsed time: 00:02:42s.  Time for last 1,000,000:    1s.  Last read position: */*
INFO	2024-07-19 18:32:42	SamToFastq	Processed    78,000,000 records.  Elapsed time: 00:02:44s.  Time for last 1,000,000:    1s.  Last read position: */*
INFO	2024-07-19 18:32:44	SamToFastq	Processed    79,000,000 records.  Elapsed time: 00:02:46s.  Time for last 1,000,000:    1s.  Last read position: */*
INFO	2024-07-19 18:32:48	SamToFastq	Processed    80,000,000 records.  Elapsed time: 00:02:50s.  Time for last 1,000,000:    3s.  Last read position: */*
INFO	2024-07-19 18:32:50	SamToFastq	Processed    81,000,000 records.  Elapsed time: 00:02:52s.  Time for last 1,000,000:    1s.  Last read position: */*
INFO	2024-07-19 18:32:52	SamToFastq	Processed    82,000,000 records.  Elapsed time: 00:02:54s.  Time for last 1,000,000:    1s.  Last read position: */*
INFO	2024-07-19 18:32:54	SamToFastq	Processed    83,000,000 records.  Elapsed time: 00:02:56s.  Time for last 1,000,000:    1s.  Last read position: */*
INFO	2024-07-19 18:32:56	SamToFastq	Processed    84,000,000 records.  Elapsed time: 00:02:58s.  Time for last 1,000,000:    1s.  Last read position: */*
INFO	2024-07-19 18:32:58	SamToFastq	Processed    85,000,000 records.  Elapsed time: 00:03:00s.  Time for last 1,000,000:    1s.  Last read position: */*
INFO	2024-07-19 18:33:00	SamToFastq	Processed    86,000,000 records.  Elapsed time: 00:03:02s.  Time for last 1,000,000:    1s.  Last read position: */*
INFO	2024-07-19 18:33:02	SamToFastq	Processed    87,000,000 records.  Elapsed time: 00:03:04s.  Time for last 1,000,000:    1s.  Last read position: */*
INFO	2024-07-19 18:33:04	SamToFastq	Processed    88,000,000 records.  Elapsed time: 00:03:06s.  Time for last 1,000,000:    1s.  Last read position: */*
INFO	2024-07-19 18:33:06	SamToFastq	Processed    89,000,000 records.  Elapsed time: 00:03:08s.  Time for last 1,000,000:    1s.  Last read position: */*
INFO	2024-07-19 18:33:08	SamToFastq	Processed    90,000,000 records.  Elapsed time: 00:03:10s.  Time for last 1,000,000:    1s.  Last read position: */*
INFO	2024-07-19 18:33:10	SamToFastq	Processed    91,000,000 records.  Elapsed time: 00:03:12s.  Time for last 1,000,000:    1s.  Last read position: */*
INFO	2024-07-19 18:33:12	SamToFastq	Processed    92,000,000 records.  Elapsed time: 00:03:14s.  Time for last 1,000,000:    1s.  Last read position: */*
INFO	2024-07-19 18:33:14	SamToFastq	Processed    93,000,000 records.  Elapsed time: 00:03:16s.  Time for last 1,000,000:    1s.  Last read position: */*
INFO	2024-07-19 18:33:16	SamToFastq	Processed    94,000,000 records.  Elapsed time: 00:03:18s.  Time for last 1,000,000:    1s.  Last read position: */*
INFO	2024-07-19 18:33:19	SamToFastq	Processed    95,000,000 records.  Elapsed time: 00:03:21s.  Time for last 1,000,000:    3s.  Last read position: */*
INFO	2024-07-19 18:33:21	SamToFastq	Processed    96,000,000 records.  Elapsed time: 00:03:23s.  Time for last 1,000,000:    1s.  Last read position: */*
INFO	2024-07-19 18:33:23	SamToFastq	Processed    97,000,000 records.  Elapsed time: 00:03:25s.  Time for last 1,000,000:    1s.  Last read position: */*
INFO	2024-07-19 18:33:25	SamToFastq	Processed    98,000,000 records.  Elapsed time: 00:03:27s.  Time for last 1,000,000:    1s.  Last read position: */*
INFO	2024-07-19 18:33:27	SamToFastq	Processed    99,000,000 records.  Elapsed time: 00:03:29s.  Time for last 1,000,000:    1s.  Last read position: */*
INFO	2024-07-19 18:33:29	SamToFastq	Processed   100,000,000 records.  Elapsed time: 00:03:31s.  Time for last 1,000,000:    1s.  Last read position: */*
INFO	2024-07-19 18:33:31	SamToFastq	Processed   101,000,000 records.  Elapsed time: 00:03:33s.  Time for last 1,000,000:    1s.  Last read position: */*
INFO	2024-07-19 18:33:33	SamToFastq	Processed   102,000,000 records.  Elapsed time: 00:03:35s.  Time for last 1,000,000:    2s.  Last read position: */*
INFO	2024-07-19 18:33:35	SamToFastq	Processed   103,000,000 records.  Elapsed time: 00:03:37s.  Time for last 1,000,000:    1s.  Last read position: */*
INFO	2024-07-19 18:33:37	SamToFastq	Processed   104,000,000 records.  Elapsed time: 00:03:39s.  Time for last 1,000,000:    1s.  Last read position: */*
INFO	2024-07-19 18:33:39	SamToFastq	Processed   105,000,000 records.  Elapsed time: 00:03:41s.  Time for last 1,000,000:    1s.  Last read position: */*
INFO	2024-07-19 18:33:41	SamToFastq	Processed   106,000,000 records.  Elapsed time: 00:03:43s.  Time for last 1,000,000:    1s.  Last read position: */*
INFO	2024-07-19 18:33:43	SamToFastq	Processed   107,000,000 records.  Elapsed time: 00:03:45s.  Time for last 1,000,000:    1s.  Last read position: */*
INFO	2024-07-19 18:33:45	SamToFastq	Processed   108,000,000 records.  Elapsed time: 00:03:47s.  Time for last 1,000,000:    1s.  Last read position: */*
INFO	2024-07-19 18:33:47	SamToFastq	Processed   109,000,000 records.  Elapsed time: 00:03:49s.  Time for last 1,000,000:    1s.  Last read position: */*
INFO	2024-07-19 18:33:50	SamToFastq	Processed   110,000,000 records.  Elapsed time: 00:03:52s.  Time for last 1,000,000:    3s.  Last read position: */*
INFO	2024-07-19 18:33:52	SamToFastq	Processed   111,000,000 records.  Elapsed time: 00:03:54s.  Time for last 1,000,000:    1s.  Last read position: */*
INFO	2024-07-19 18:33:54	SamToFastq	Processed   112,000,000 records.  Elapsed time: 00:03:56s.  Time for last 1,000,000:    1s.  Last read position: */*
INFO	2024-07-19 18:33:56	SamToFastq	Processed   113,000,000 records.  Elapsed time: 00:03:58s.  Time for last 1,000,000:    1s.  Last read position: */*
INFO	2024-07-19 18:33:58	SamToFastq	Processed   114,000,000 records.  Elapsed time: 00:04:00s.  Time for last 1,000,000:    1s.  Last read position: */*
INFO	2024-07-19 18:34:00	SamToFastq	Processed   115,000,000 records.  Elapsed time: 00:04:02s.  Time for last 1,000,000:    1s.  Last read position: */*
INFO	2024-07-19 18:34:02	SamToFastq	Processed   116,000,000 records.  Elapsed time: 00:04:04s.  Time for last 1,000,000:    1s.  Last read position: */*
INFO	2024-07-19 18:34:04	SamToFastq	Processed   117,000,000 records.  Elapsed time: 00:04:06s.  Time for last 1,000,000:    1s.  Last read position: */*
INFO	2024-07-19 18:34:06	SamToFastq	Processed   118,000,000 records.  Elapsed time: 00:04:08s.  Time for last 1,000,000:    1s.  Last read position: */*
INFO	2024-07-19 18:34:08	SamToFastq	Processed   119,000,000 records.  Elapsed time: 00:04:10s.  Time for last 1,000,000:    1s.  Last read position: */*
INFO	2024-07-19 18:34:10	SamToFastq	Processed   120,000,000 records.  Elapsed time: 00:04:12s.  Time for last 1,000,000:    1s.  Last read position: */*
INFO	2024-07-19 18:34:12	SamToFastq	Processed   121,000,000 records.  Elapsed time: 00:04:14s.  Time for last 1,000,000:    1s.  Last read position: */*
INFO	2024-07-19 18:34:14	SamToFastq	Processed   122,000,000 records.  Elapsed time: 00:04:16s.  Time for last 1,000,000:    2s.  Last read position: */*
INFO	2024-07-19 18:34:16	SamToFastq	Processed   123,000,000 records.  Elapsed time: 00:04:18s.  Time for last 1,000,000:    1s.  Last read position: */*
INFO	2024-07-19 18:34:18	SamToFastq	Processed   124,000,000 records.  Elapsed time: 00:04:20s.  Time for last 1,000,000:    1s.  Last read position: */*
INFO	2024-07-19 18:34:20	SamToFastq	Processed   125,000,000 records.  Elapsed time: 00:04:22s.  Time for last 1,000,000:    2s.  Last read position: */*
INFO	2024-07-19 18:34:23	SamToFastq	Processed   126,000,000 records.  Elapsed time: 00:04:25s.  Time for last 1,000,000:    3s.  Last read position: */*
INFO	2024-07-19 18:34:25	SamToFastq	Processed   127,000,000 records.  Elapsed time: 00:04:27s.  Time for last 1,000,000:    1s.  Last read position: */*
INFO	2024-07-19 18:34:27	SamToFastq	Processed   128,000,000 records.  Elapsed time: 00:04:29s.  Time for last 1,000,000:    1s.  Last read position: */*
INFO	2024-07-19 18:34:29	SamToFastq	Processed   129,000,000 records.  Elapsed time: 00:04:31s.  Time for last 1,000,000:    1s.  Last read position: */*
INFO	2024-07-19 18:34:31	SamToFastq	Processed   130,000,000 records.  Elapsed time: 00:04:33s.  Time for last 1,000,000:    2s.  Last read position: */*
INFO	2024-07-19 18:34:33	SamToFastq	Processed   131,000,000 records.  Elapsed time: 00:04:35s.  Time for last 1,000,000:    1s.  Last read position: */*
INFO	2024-07-19 18:34:35	SamToFastq	Processed   132,000,000 records.  Elapsed time: 00:04:37s.  Time for last 1,000,000:    1s.  Last read position: */*
INFO	2024-07-19 18:34:37	SamToFastq	Processed   133,000,000 records.  Elapsed time: 00:04:39s.  Time for last 1,000,000:    1s.  Last read position: */*
INFO	2024-07-19 18:34:39	SamToFastq	Processed   134,000,000 records.  Elapsed time: 00:04:41s.  Time for last 1,000,000:    1s.  Last read position: */*
INFO	2024-07-19 18:34:41	SamToFastq	Processed   135,000,000 records.  Elapsed time: 00:04:43s.  Time for last 1,000,000:    1s.  Last read position: */*
INFO	2024-07-19 18:34:43	SamToFastq	Processed   136,000,000 records.  Elapsed time: 00:04:45s.  Time for last 1,000,000:    1s.  Last read position: */*
INFO	2024-07-19 18:34:45	SamToFastq	Processed   137,000,000 records.  Elapsed time: 00:04:47s.  Time for last 1,000,000:    1s.  Last read position: */*
INFO	2024-07-19 18:34:47	SamToFastq	Processed   138,000,000 records.  Elapsed time: 00:04:49s.  Time for last 1,000,000:    1s.  Last read position: */*
INFO	2024-07-19 18:34:49	SamToFastq	Processed   139,000,000 records.  Elapsed time: 00:04:51s.  Time for last 1,000,000:    1s.  Last read position: */*
INFO	2024-07-19 18:34:51	SamToFastq	Processed   140,000,000 records.  Elapsed time: 00:04:53s.  Time for last 1,000,000:    1s.  Last read position: */*
INFO	2024-07-19 18:34:55	SamToFastq	Processed   141,000,000 records.  Elapsed time: 00:04:57s.  Time for last 1,000,000:    3s.  Last read position: */*
INFO	2024-07-19 18:34:57	SamToFastq	Processed   142,000,000 records.  Elapsed time: 00:04:59s.  Time for last 1,000,000:    2s.  Last read position: */*
INFO	2024-07-19 18:34:59	SamToFastq	Processed   143,000,000 records.  Elapsed time: 00:05:01s.  Time for last 1,000,000:    1s.  Last read position: */*
INFO	2024-07-19 18:35:01	SamToFastq	Processed   144,000,000 records.  Elapsed time: 00:05:03s.  Time for last 1,000,000:    1s.  Last read position: */*
INFO	2024-07-19 18:35:03	SamToFastq	Processed   145,000,000 records.  Elapsed time: 00:05:05s.  Time for last 1,000,000:    1s.  Last read position: */*
INFO	2024-07-19 18:35:04	SamToFastq	Processed   146,000,000 records.  Elapsed time: 00:05:07s.  Time for last 1,000,000:    1s.  Last read position: */*
INFO	2024-07-19 18:35:06	SamToFastq	Processed   147,000,000 records.  Elapsed time: 00:05:09s.  Time for last 1,000,000:    1s.  Last read position: */*
INFO	2024-07-19 18:35:08	SamToFastq	Processed   148,000,000 records.  Elapsed time: 00:05:11s.  Time for last 1,000,000:    1s.  Last read position: */*
INFO	2024-07-19 18:35:10	SamToFastq	Processed   149,000,000 records.  Elapsed time: 00:05:13s.  Time for last 1,000,000:    1s.  Last read position: */*
INFO	2024-07-19 18:35:12	SamToFastq	Processed   150,000,000 records.  Elapsed time: 00:05:15s.  Time for last 1,000,000:    1s.  Last read position: */*
INFO	2024-07-19 18:35:14	SamToFastq	Processed   151,000,000 records.  Elapsed time: 00:05:17s.  Time for last 1,000,000:    1s.  Last read position: */*
INFO	2024-07-19 18:35:16	SamToFastq	Processed   152,000,000 records.  Elapsed time: 00:05:19s.  Time for last 1,000,000:    1s.  Last read position: */*
INFO	2024-07-19 18:35:18	SamToFastq	Processed   153,000,000 records.  Elapsed time: 00:05:20s.  Time for last 1,000,000:    1s.  Last read position: */*
INFO	2024-07-19 18:35:20	SamToFastq	Processed   154,000,000 records.  Elapsed time: 00:05:22s.  Time for last 1,000,000:    1s.  Last read position: */*
INFO	2024-07-19 18:35:22	SamToFastq	Processed   155,000,000 records.  Elapsed time: 00:05:24s.  Time for last 1,000,000:    1s.  Last read position: */*
INFO	2024-07-19 18:35:25	SamToFastq	Processed   156,000,000 records.  Elapsed time: 00:05:27s.  Time for last 1,000,000:    3s.  Last read position: */*
INFO	2024-07-19 18:35:27	SamToFastq	Processed   157,000,000 records.  Elapsed time: 00:05:29s.  Time for last 1,000,000:    1s.  Last read position: */*
INFO	2024-07-19 18:35:29	SamToFastq	Processed   158,000,000 records.  Elapsed time: 00:05:31s.  Time for last 1,000,000:    1s.  Last read position: */*
INFO	2024-07-19 18:35:31	SamToFastq	Processed   159,000,000 records.  Elapsed time: 00:05:33s.  Time for last 1,000,000:    1s.  Last read position: */*
INFO	2024-07-19 18:35:33	SamToFastq	Processed   160,000,000 records.  Elapsed time: 00:05:35s.  Time for last 1,000,000:    1s.  Last read position: */*
INFO	2024-07-19 18:35:35	SamToFastq	Processed   161,000,000 records.  Elapsed time: 00:05:37s.  Time for last 1,000,000:    1s.  Last read position: */*
INFO	2024-07-19 18:35:37	SamToFastq	Processed   162,000,000 records.  Elapsed time: 00:05:39s.  Time for last 1,000,000:    1s.  Last read position: */*
INFO	2024-07-19 18:35:39	SamToFastq	Processed   163,000,000 records.  Elapsed time: 00:05:41s.  Time for last 1,000,000:    1s.  Last read position: */*
INFO	2024-07-19 18:35:41	SamToFastq	Processed   164,000,000 records.  Elapsed time: 00:05:43s.  Time for last 1,000,000:    1s.  Last read position: */*
INFO	2024-07-19 18:35:43	SamToFastq	Processed   165,000,000 records.  Elapsed time: 00:05:45s.  Time for last 1,000,000:    1s.  Last read position: */*
INFO	2024-07-19 18:35:45	SamToFastq	Processed   166,000,000 records.  Elapsed time: 00:05:47s.  Time for last 1,000,000:    2s.  Last read position: */*
INFO	2024-07-19 18:35:47	SamToFastq	Processed   167,000,000 records.  Elapsed time: 00:05:49s.  Time for last 1,000,000:    2s.  Last read position: */*
INFO	2024-07-19 18:35:49	SamToFastq	Processed   168,000,000 records.  Elapsed time: 00:05:51s.  Time for last 1,000,000:    1s.  Last read position: */*
INFO	2024-07-19 18:35:51	SamToFastq	Processed   169,000,000 records.  Elapsed time: 00:05:53s.  Time for last 1,000,000:    1s.  Last read position: */*
INFO	2024-07-19 18:35:53	SamToFastq	Processed   170,000,000 records.  Elapsed time: 00:05:55s.  Time for last 1,000,000:    2s.  Last read position: */*
INFO	2024-07-19 18:35:58	SamToFastq	Processed   171,000,000 records.  Elapsed time: 00:06:00s.  Time for last 1,000,000:    5s.  Last read position: */*
INFO	2024-07-19 18:36:00	SamToFastq	Processed   172,000,000 records.  Elapsed time: 00:06:02s.  Time for last 1,000,000:    2s.  Last read position: */*
INFO	2024-07-19 18:36:02	SamToFastq	Processed   173,000,000 records.  Elapsed time: 00:06:04s.  Time for last 1,000,000:    2s.  Last read position: */*
INFO	2024-07-19 18:36:04	SamToFastq	Processed   174,000,000 records.  Elapsed time: 00:06:06s.  Time for last 1,000,000:    1s.  Last read position: */*
INFO	2024-07-19 18:36:06	SamToFastq	Processed   175,000,000 records.  Elapsed time: 00:06:08s.  Time for last 1,000,000:    1s.  Last read position: */*
INFO	2024-07-19 18:36:08	SamToFastq	Processed   176,000,000 records.  Elapsed time: 00:06:11s.  Time for last 1,000,000:    2s.  Last read position: */*
INFO	2024-07-19 18:36:11	SamToFastq	Processed   177,000,000 records.  Elapsed time: 00:06:13s.  Time for last 1,000,000:    2s.  Last read position: */*
INFO	2024-07-19 18:36:13	SamToFastq	Processed   178,000,000 records.  Elapsed time: 00:06:15s.  Time for last 1,000,000:    1s.  Last read position: */*
INFO	2024-07-19 18:36:15	SamToFastq	Processed   179,000,000 records.  Elapsed time: 00:06:17s.  Time for last 1,000,000:    1s.  Last read position: */*
INFO	2024-07-19 18:36:17	SamToFastq	Processed   180,000,000 records.  Elapsed time: 00:06:19s.  Time for last 1,000,000:    1s.  Last read position: */*
INFO	2024-07-19 18:36:19	SamToFastq	Processed   181,000,000 records.  Elapsed time: 00:06:21s.  Time for last 1,000,000:    1s.  Last read position: */*
INFO	2024-07-19 18:36:21	SamToFastq	Processed   182,000,000 records.  Elapsed time: 00:06:23s.  Time for last 1,000,000:    1s.  Last read position: */*
INFO	2024-07-19 18:36:23	SamToFastq	Processed   183,000,000 records.  Elapsed time: 00:06:25s.  Time for last 1,000,000:    1s.  Last read position: */*
INFO	2024-07-19 18:36:25	SamToFastq	Processed   184,000,000 records.  Elapsed time: 00:06:27s.  Time for last 1,000,000:    1s.  Last read position: */*
INFO	2024-07-19 18:36:27	SamToFastq	Processed   185,000,000 records.  Elapsed time: 00:06:29s.  Time for last 1,000,000:    1s.  Last read position: */*
INFO	2024-07-19 18:36:29	SamToFastq	Processed   186,000,000 records.  Elapsed time: 00:06:31s.  Time for last 1,000,000:    1s.  Last read position: */*
INFO	2024-07-19 18:36:31	SamToFastq	Processed   187,000,000 records.  Elapsed time: 00:06:33s.  Time for last 1,000,000:    1s.  Last read position: */*
INFO	2024-07-19 18:36:33	SamToFastq	Processed   188,000,000 records.  Elapsed time: 00:06:35s.  Time for last 1,000,000:    1s.  Last read position: */*
INFO	2024-07-19 18:36:35	SamToFastq	Processed   189,000,000 records.  Elapsed time: 00:06:37s.  Time for last 1,000,000:    2s.  Last read position: */*
INFO	2024-07-19 18:36:37	SamToFastq	Processed   190,000,000 records.  Elapsed time: 00:06:39s.  Time for last 1,000,000:    2s.  Last read position: */*
INFO	2024-07-19 18:36:39	SamToFastq	Processed   191,000,000 records.  Elapsed time: 00:06:41s.  Time for last 1,000,000:    1s.  Last read position: */*
INFO	2024-07-19 18:36:42	SamToFastq	Processed   192,000,000 records.  Elapsed time: 00:06:44s.  Time for last 1,000,000:    3s.  Last read position: */*
[Fri Jul 19 18:36:43 GMT 2024] picard.sam.SamToFastq done. Elapsed time: 6.77 minutes.
Runtime.totalMemory()=1570242560
Tool returned:
0
Using GATK jar /gatk/gatk-package-4.2.6.1-local.jar
Running:
    java -Dsamjdk.use_async_io_read_samtools=false -Dsamjdk.use_async_io_write_samtools=true -Dsamjdk.use_async_io_write_tribble=false -Dsamjdk.compression_level=2 -jar /gatk/gatk-package-4.2.6.1-local.jar SamToFastq --I /coh_labs/dits/rayyan/try/C083-000002_GermlineDNA_markilluminaadapters.bam --FASTQ /coh_labs/dits/rayyan/try/C083-000002_GermlineDNA_samtofastq_interleaved.fq --CLIPPING_ATTRIBUTE XT --CLIPPING_ACTION 2 --INTERLEAVE true --NON_PF true
