23:18:14.928 INFO  NativeLibraryLoader - Loading libgkl_compression.so from jar:file:/gatk/gatk-package-4.2.6.1-local.jar!/com/intel/gkl/native/libgkl_compression.so
[Thu Jul 18 23:18:14 GMT 2024] MarkIlluminaAdapters --INPUT /coh_labs/dits/rayyan/try/C083-000002_GermlineDNA_fastqtosam.bam --OUTPUT /coh_labs/dits/rayyan/try/C083-000002_GermlineDNA_markilluminaadapters.bam --METRICS /coh_labs/dits/rayyan/try/C083-000002_GermlineDNA_markilluminaadapters_metrics.txt --MIN_MATCH_BASES_SE 12 --MIN_MATCH_BASES_PE 6 --MAX_ERROR_RATE_SE 0.1 --MAX_ERROR_RATE_PE 0.1 --ADAPTERS INDEXED --ADAPTERS DUAL_INDEXED --ADAPTERS PAIRED_END --ADAPTER_TRUNCATION_LENGTH 30 --PRUNE_ADAPTER_LIST_AFTER_THIS_MANY_ADAPTERS_SEEN 100 --NUM_ADAPTERS_TO_KEEP 1 --VERBOSITY INFO --QUIET false --VALIDATION_STRINGENCY STRICT --COMPRESSION_LEVEL 2 --MAX_RECORDS_IN_RAM 500000 --CREATE_INDEX false --CREATE_MD5_FILE false --GA4GH_CLIENT_SECRETS client_secrets.json --help false --version false --showHidden false --USE_JDK_DEFLATER false --USE_JDK_INFLATER false
[Thu Jul 18 23:18:15 GMT 2024] Executing as raburajab@g-h-1-8-01 on Linux 4.18.0-305.3.1.el8_4.x86_64 amd64; OpenJDK 64-Bit Server VM 1.8.0_242-8u242-b08-0ubuntu3~18.04-b08; Deflater: Intel; Inflater: Intel; Provider GCS is available; Picard version: Version:4.2.6.1
INFO	2024-07-18 23:18:19	MarkIlluminaAdapters	Read     1,000,000 records.  Elapsed time: 00:00:04s.  Time for last 1,000,000:    4s.  Last read position: */*
INFO	2024-07-18 23:18:24	MarkIlluminaAdapters	Read     2,000,000 records.  Elapsed time: 00:00:08s.  Time for last 1,000,000:    4s.  Last read position: */*
INFO	2024-07-18 23:18:28	MarkIlluminaAdapters	Read     3,000,000 records.  Elapsed time: 00:00:13s.  Time for last 1,000,000:    4s.  Last read position: */*
INFO	2024-07-18 23:18:33	MarkIlluminaAdapters	Read     4,000,000 records.  Elapsed time: 00:00:17s.  Time for last 1,000,000:    4s.  Last read position: */*
INFO	2024-07-18 23:18:37	MarkIlluminaAdapters	Read     5,000,000 records.  Elapsed time: 00:00:21s.  Time for last 1,000,000:    4s.  Last read position: */*
INFO	2024-07-18 23:18:41	MarkIlluminaAdapters	Read     6,000,000 records.  Elapsed time: 00:00:25s.  Time for last 1,000,000:    4s.  Last read position: */*
INFO	2024-07-18 23:18:45	MarkIlluminaAdapters	Read     7,000,000 records.  Elapsed time: 00:00:29s.  Time for last 1,000,000:    4s.  Last read position: */*
INFO	2024-07-18 23:18:49	MarkIlluminaAdapters	Read     8,000,000 records.  Elapsed time: 00:00:33s.  Time for last 1,000,000:    4s.  Last read position: */*
INFO	2024-07-18 23:18:53	MarkIlluminaAdapters	Read     9,000,000 records.  Elapsed time: 00:00:37s.  Time for last 1,000,000:    4s.  Last read position: */*
INFO	2024-07-18 23:18:57	MarkIlluminaAdapters	Read    10,000,000 records.  Elapsed time: 00:00:42s.  Time for last 1,000,000:    4s.  Last read position: */*
INFO	2024-07-18 23:19:01	MarkIlluminaAdapters	Read    11,000,000 records.  Elapsed time: 00:00:46s.  Time for last 1,000,000:    4s.  Last read position: */*
INFO	2024-07-18 23:19:05	MarkIlluminaAdapters	Read    12,000,000 records.  Elapsed time: 00:00:50s.  Time for last 1,000,000:    4s.  Last read position: */*
INFO	2024-07-18 23:19:09	MarkIlluminaAdapters	Read    13,000,000 records.  Elapsed time: 00:00:54s.  Time for last 1,000,000:    4s.  Last read position: */*
INFO	2024-07-18 23:19:13	MarkIlluminaAdapters	Read    14,000,000 records.  Elapsed time: 00:00:58s.  Time for last 1,000,000:    4s.  Last read position: */*
INFO	2024-07-18 23:19:17	MarkIlluminaAdapters	Read    15,000,000 records.  Elapsed time: 00:01:02s.  Time for last 1,000,000:    4s.  Last read position: */*
INFO	2024-07-18 23:19:21	MarkIlluminaAdapters	Read    16,000,000 records.  Elapsed time: 00:01:06s.  Time for last 1,000,000:    4s.  Last read position: */*
INFO	2024-07-18 23:19:26	MarkIlluminaAdapters	Read    17,000,000 records.  Elapsed time: 00:01:10s.  Time for last 1,000,000:    4s.  Last read position: */*
INFO	2024-07-18 23:19:30	MarkIlluminaAdapters	Read    18,000,000 records.  Elapsed time: 00:01:14s.  Time for last 1,000,000:    4s.  Last read position: */*
INFO	2024-07-18 23:19:34	MarkIlluminaAdapters	Read    19,000,000 records.  Elapsed time: 00:01:18s.  Time for last 1,000,000:    4s.  Last read position: */*
INFO	2024-07-18 23:19:38	MarkIlluminaAdapters	Read    20,000,000 records.  Elapsed time: 00:01:22s.  Time for last 1,000,000:    4s.  Last read position: */*
INFO	2024-07-18 23:19:42	MarkIlluminaAdapters	Read    21,000,000 records.  Elapsed time: 00:01:26s.  Time for last 1,000,000:    4s.  Last read position: */*
INFO	2024-07-18 23:19:46	MarkIlluminaAdapters	Read    22,000,000 records.  Elapsed time: 00:01:30s.  Time for last 1,000,000:    4s.  Last read position: */*
INFO	2024-07-18 23:19:50	MarkIlluminaAdapters	Read    23,000,000 records.  Elapsed time: 00:01:34s.  Time for last 1,000,000:    4s.  Last read position: */*
INFO	2024-07-18 23:19:54	MarkIlluminaAdapters	Read    24,000,000 records.  Elapsed time: 00:01:38s.  Time for last 1,000,000:    4s.  Last read position: */*
INFO	2024-07-18 23:19:58	MarkIlluminaAdapters	Read    25,000,000 records.  Elapsed time: 00:01:43s.  Time for last 1,000,000:    4s.  Last read position: */*
INFO	2024-07-18 23:20:02	MarkIlluminaAdapters	Read    26,000,000 records.  Elapsed time: 00:01:47s.  Time for last 1,000,000:    4s.  Last read position: */*
INFO	2024-07-18 23:20:06	MarkIlluminaAdapters	Read    27,000,000 records.  Elapsed time: 00:01:51s.  Time for last 1,000,000:    4s.  Last read position: */*
INFO	2024-07-18 23:20:10	MarkIlluminaAdapters	Read    28,000,000 records.  Elapsed time: 00:01:55s.  Time for last 1,000,000:    4s.  Last read position: */*
INFO	2024-07-18 23:20:14	MarkIlluminaAdapters	Read    29,000,000 records.  Elapsed time: 00:01:59s.  Time for last 1,000,000:    4s.  Last read position: */*
INFO	2024-07-18 23:20:18	MarkIlluminaAdapters	Read    30,000,000 records.  Elapsed time: 00:02:03s.  Time for last 1,000,000:    4s.  Last read position: */*
INFO	2024-07-18 23:20:22	MarkIlluminaAdapters	Read    31,000,000 records.  Elapsed time: 00:02:07s.  Time for last 1,000,000:    4s.  Last read position: */*
INFO	2024-07-18 23:20:26	MarkIlluminaAdapters	Read    32,000,000 records.  Elapsed time: 00:02:11s.  Time for last 1,000,000:    3s.  Last read position: */*
INFO	2024-07-18 23:20:30	MarkIlluminaAdapters	Read    33,000,000 records.  Elapsed time: 00:02:15s.  Time for last 1,000,000:    3s.  Last read position: */*
INFO	2024-07-18 23:20:34	MarkIlluminaAdapters	Read    34,000,000 records.  Elapsed time: 00:02:19s.  Time for last 1,000,000:    4s.  Last read position: */*
INFO	2024-07-18 23:20:38	MarkIlluminaAdapters	Read    35,000,000 records.  Elapsed time: 00:02:23s.  Time for last 1,000,000:    4s.  Last read position: */*
INFO	2024-07-18 23:20:43	MarkIlluminaAdapters	Read    36,000,000 records.  Elapsed time: 00:02:27s.  Time for last 1,000,000:    4s.  Last read position: */*
INFO	2024-07-18 23:20:47	MarkIlluminaAdapters	Read    37,000,000 records.  Elapsed time: 00:02:31s.  Time for last 1,000,000:    4s.  Last read position: */*
INFO	2024-07-18 23:20:51	MarkIlluminaAdapters	Read    38,000,000 records.  Elapsed time: 00:02:35s.  Time for last 1,000,000:    4s.  Last read position: */*
INFO	2024-07-18 23:20:55	MarkIlluminaAdapters	Read    39,000,000 records.  Elapsed time: 00:02:39s.  Time for last 1,000,000:    4s.  Last read position: */*
INFO	2024-07-18 23:20:59	MarkIlluminaAdapters	Read    40,000,000 records.  Elapsed time: 00:02:43s.  Time for last 1,000,000:    4s.  Last read position: */*
INFO	2024-07-18 23:21:03	MarkIlluminaAdapters	Read    41,000,000 records.  Elapsed time: 00:02:47s.  Time for last 1,000,000:    4s.  Last read position: */*
INFO	2024-07-18 23:21:07	MarkIlluminaAdapters	Read    42,000,000 records.  Elapsed time: 00:02:51s.  Time for last 1,000,000:    4s.  Last read position: */*
INFO	2024-07-18 23:21:11	MarkIlluminaAdapters	Read    43,000,000 records.  Elapsed time: 00:02:55s.  Time for last 1,000,000:    4s.  Last read position: */*
INFO	2024-07-18 23:21:15	MarkIlluminaAdapters	Read    44,000,000 records.  Elapsed time: 00:03:00s.  Time for last 1,000,000:    4s.  Last read position: */*
INFO	2024-07-18 23:21:19	MarkIlluminaAdapters	Read    45,000,000 records.  Elapsed time: 00:03:04s.  Time for last 1,000,000:    4s.  Last read position: */*
INFO	2024-07-18 23:21:23	MarkIlluminaAdapters	Read    46,000,000 records.  Elapsed time: 00:03:08s.  Time for last 1,000,000:    4s.  Last read position: */*
INFO	2024-07-18 23:21:27	MarkIlluminaAdapters	Read    47,000,000 records.  Elapsed time: 00:03:12s.  Time for last 1,000,000:    4s.  Last read position: */*
INFO	2024-07-18 23:21:31	MarkIlluminaAdapters	Read    48,000,000 records.  Elapsed time: 00:03:16s.  Time for last 1,000,000:    4s.  Last read position: */*
INFO	2024-07-18 23:21:35	MarkIlluminaAdapters	Read    49,000,000 records.  Elapsed time: 00:03:20s.  Time for last 1,000,000:    4s.  Last read position: */*
INFO	2024-07-18 23:21:39	MarkIlluminaAdapters	Read    50,000,000 records.  Elapsed time: 00:03:24s.  Time for last 1,000,000:    4s.  Last read position: */*
INFO	2024-07-18 23:21:44	MarkIlluminaAdapters	Read    51,000,000 records.  Elapsed time: 00:03:28s.  Time for last 1,000,000:    4s.  Last read position: */*
INFO	2024-07-18 23:21:48	MarkIlluminaAdapters	Read    52,000,000 records.  Elapsed time: 00:03:32s.  Time for last 1,000,000:    4s.  Last read position: */*
INFO	2024-07-18 23:21:52	MarkIlluminaAdapters	Read    53,000,000 records.  Elapsed time: 00:03:36s.  Time for last 1,000,000:    4s.  Last read position: */*
INFO	2024-07-18 23:21:56	MarkIlluminaAdapters	Read    54,000,000 records.  Elapsed time: 00:03:40s.  Time for last 1,000,000:    4s.  Last read position: */*
INFO	2024-07-18 23:22:00	MarkIlluminaAdapters	Read    55,000,000 records.  Elapsed time: 00:03:44s.  Time for last 1,000,000:    4s.  Last read position: */*
INFO	2024-07-18 23:22:04	MarkIlluminaAdapters	Read    56,000,000 records.  Elapsed time: 00:03:48s.  Time for last 1,000,000:    4s.  Last read position: */*
INFO	2024-07-18 23:22:08	MarkIlluminaAdapters	Read    57,000,000 records.  Elapsed time: 00:03:52s.  Time for last 1,000,000:    4s.  Last read position: */*
INFO	2024-07-18 23:22:12	MarkIlluminaAdapters	Read    58,000,000 records.  Elapsed time: 00:03:57s.  Time for last 1,000,000:    4s.  Last read position: */*
INFO	2024-07-18 23:22:16	MarkIlluminaAdapters	Read    59,000,000 records.  Elapsed time: 00:04:01s.  Time for last 1,000,000:    4s.  Last read position: */*
INFO	2024-07-18 23:22:20	MarkIlluminaAdapters	Read    60,000,000 records.  Elapsed time: 00:04:05s.  Time for last 1,000,000:    4s.  Last read position: */*
INFO	2024-07-18 23:22:24	MarkIlluminaAdapters	Read    61,000,000 records.  Elapsed time: 00:04:09s.  Time for last 1,000,000:    4s.  Last read position: */*
INFO	2024-07-18 23:22:28	MarkIlluminaAdapters	Read    62,000,000 records.  Elapsed time: 00:04:13s.  Time for last 1,000,000:    4s.  Last read position: */*
INFO	2024-07-18 23:22:32	MarkIlluminaAdapters	Read    63,000,000 records.  Elapsed time: 00:04:17s.  Time for last 1,000,000:    4s.  Last read position: */*
INFO	2024-07-18 23:22:36	MarkIlluminaAdapters	Read    64,000,000 records.  Elapsed time: 00:04:21s.  Time for last 1,000,000:    4s.  Last read position: */*
INFO	2024-07-18 23:22:40	MarkIlluminaAdapters	Read    65,000,000 records.  Elapsed time: 00:04:25s.  Time for last 1,000,000:    4s.  Last read position: */*
INFO	2024-07-18 23:22:45	MarkIlluminaAdapters	Read    66,000,000 records.  Elapsed time: 00:04:29s.  Time for last 1,000,000:    4s.  Last read position: */*
INFO	2024-07-18 23:22:49	MarkIlluminaAdapters	Read    67,000,000 records.  Elapsed time: 00:04:33s.  Time for last 1,000,000:    4s.  Last read position: */*
INFO	2024-07-18 23:22:53	MarkIlluminaAdapters	Read    68,000,000 records.  Elapsed time: 00:04:37s.  Time for last 1,000,000:    4s.  Last read position: */*
INFO	2024-07-18 23:22:57	MarkIlluminaAdapters	Read    69,000,000 records.  Elapsed time: 00:04:41s.  Time for last 1,000,000:    4s.  Last read position: */*
INFO	2024-07-18 23:23:01	MarkIlluminaAdapters	Read    70,000,000 records.  Elapsed time: 00:04:45s.  Time for last 1,000,000:    4s.  Last read position: */*
INFO	2024-07-18 23:23:05	MarkIlluminaAdapters	Read    71,000,000 records.  Elapsed time: 00:04:49s.  Time for last 1,000,000:    4s.  Last read position: */*
INFO	2024-07-18 23:23:09	MarkIlluminaAdapters	Read    72,000,000 records.  Elapsed time: 00:04:53s.  Time for last 1,000,000:    4s.  Last read position: */*
INFO	2024-07-18 23:23:13	MarkIlluminaAdapters	Read    73,000,000 records.  Elapsed time: 00:04:58s.  Time for last 1,000,000:    4s.  Last read position: */*
INFO	2024-07-18 23:23:17	MarkIlluminaAdapters	Read    74,000,000 records.  Elapsed time: 00:05:02s.  Time for last 1,000,000:    4s.  Last read position: */*
INFO	2024-07-18 23:23:21	MarkIlluminaAdapters	Read    75,000,000 records.  Elapsed time: 00:05:06s.  Time for last 1,000,000:    4s.  Last read position: */*
INFO	2024-07-18 23:23:25	MarkIlluminaAdapters	Read    76,000,000 records.  Elapsed time: 00:05:10s.  Time for last 1,000,000:    4s.  Last read position: */*
INFO	2024-07-18 23:23:29	MarkIlluminaAdapters	Read    77,000,000 records.  Elapsed time: 00:05:14s.  Time for last 1,000,000:    4s.  Last read position: */*
INFO	2024-07-18 23:23:33	MarkIlluminaAdapters	Read    78,000,000 records.  Elapsed time: 00:05:18s.  Time for last 1,000,000:    4s.  Last read position: */*
INFO	2024-07-18 23:23:37	MarkIlluminaAdapters	Read    79,000,000 records.  Elapsed time: 00:05:22s.  Time for last 1,000,000:    4s.  Last read position: */*
INFO	2024-07-18 23:23:41	MarkIlluminaAdapters	Read    80,000,000 records.  Elapsed time: 00:05:26s.  Time for last 1,000,000:    4s.  Last read position: */*
INFO	2024-07-18 23:23:46	MarkIlluminaAdapters	Read    81,000,000 records.  Elapsed time: 00:05:30s.  Time for last 1,000,000:    4s.  Last read position: */*
INFO	2024-07-18 23:23:50	MarkIlluminaAdapters	Read    82,000,000 records.  Elapsed time: 00:05:34s.  Time for last 1,000,000:    4s.  Last read position: */*
INFO	2024-07-18 23:23:54	MarkIlluminaAdapters	Read    83,000,000 records.  Elapsed time: 00:05:38s.  Time for last 1,000,000:    4s.  Last read position: */*
INFO	2024-07-18 23:23:58	MarkIlluminaAdapters	Read    84,000,000 records.  Elapsed time: 00:05:42s.  Time for last 1,000,000:    4s.  Last read position: */*
INFO	2024-07-18 23:24:02	MarkIlluminaAdapters	Read    85,000,000 records.  Elapsed time: 00:05:46s.  Time for last 1,000,000:    4s.  Last read position: */*
INFO	2024-07-18 23:24:06	MarkIlluminaAdapters	Read    86,000,000 records.  Elapsed time: 00:05:50s.  Time for last 1,000,000:    4s.  Last read position: */*
INFO	2024-07-18 23:24:10	MarkIlluminaAdapters	Read    87,000,000 records.  Elapsed time: 00:05:54s.  Time for last 1,000,000:    4s.  Last read position: */*
INFO	2024-07-18 23:24:14	MarkIlluminaAdapters	Read    88,000,000 records.  Elapsed time: 00:05:59s.  Time for last 1,000,000:    4s.  Last read position: */*
INFO	2024-07-18 23:24:18	MarkIlluminaAdapters	Read    89,000,000 records.  Elapsed time: 00:06:03s.  Time for last 1,000,000:    4s.  Last read position: */*
INFO	2024-07-18 23:24:22	MarkIlluminaAdapters	Read    90,000,000 records.  Elapsed time: 00:06:07s.  Time for last 1,000,000:    4s.  Last read position: */*
INFO	2024-07-18 23:24:26	MarkIlluminaAdapters	Read    91,000,000 records.  Elapsed time: 00:06:11s.  Time for last 1,000,000:    4s.  Last read position: */*
INFO	2024-07-18 23:24:30	MarkIlluminaAdapters	Read    92,000,000 records.  Elapsed time: 00:06:15s.  Time for last 1,000,000:    4s.  Last read position: */*
INFO	2024-07-18 23:24:34	MarkIlluminaAdapters	Read    93,000,000 records.  Elapsed time: 00:06:19s.  Time for last 1,000,000:    4s.  Last read position: */*
INFO	2024-07-18 23:24:39	MarkIlluminaAdapters	Read    94,000,000 records.  Elapsed time: 00:06:23s.  Time for last 1,000,000:    4s.  Last read position: */*
INFO	2024-07-18 23:24:43	MarkIlluminaAdapters	Read    95,000,000 records.  Elapsed time: 00:06:27s.  Time for last 1,000,000:    4s.  Last read position: */*
INFO	2024-07-18 23:24:47	MarkIlluminaAdapters	Read    96,000,000 records.  Elapsed time: 00:06:31s.  Time for last 1,000,000:    4s.  Last read position: */*
INFO	2024-07-18 23:24:51	MarkIlluminaAdapters	Read    97,000,000 records.  Elapsed time: 00:06:35s.  Time for last 1,000,000:    4s.  Last read position: */*
INFO	2024-07-18 23:24:55	MarkIlluminaAdapters	Read    98,000,000 records.  Elapsed time: 00:06:39s.  Time for last 1,000,000:    4s.  Last read position: */*
INFO	2024-07-18 23:24:59	MarkIlluminaAdapters	Read    99,000,000 records.  Elapsed time: 00:06:43s.  Time for last 1,000,000:    4s.  Last read position: */*
INFO	2024-07-18 23:25:03	MarkIlluminaAdapters	Read   100,000,000 records.  Elapsed time: 00:06:47s.  Time for last 1,000,000:    4s.  Last read position: */*
INFO	2024-07-18 23:25:07	MarkIlluminaAdapters	Read   101,000,000 records.  Elapsed time: 00:06:52s.  Time for last 1,000,000:    4s.  Last read position: */*
INFO	2024-07-18 23:25:11	MarkIlluminaAdapters	Read   102,000,000 records.  Elapsed time: 00:06:56s.  Time for last 1,000,000:    4s.  Last read position: */*
INFO	2024-07-18 23:25:15	MarkIlluminaAdapters	Read   103,000,000 records.  Elapsed time: 00:07:00s.  Time for last 1,000,000:    4s.  Last read position: */*
INFO	2024-07-18 23:25:19	MarkIlluminaAdapters	Read   104,000,000 records.  Elapsed time: 00:07:04s.  Time for last 1,000,000:    4s.  Last read position: */*
INFO	2024-07-18 23:25:24	MarkIlluminaAdapters	Read   105,000,000 records.  Elapsed time: 00:07:08s.  Time for last 1,000,000:    4s.  Last read position: */*
INFO	2024-07-18 23:25:28	MarkIlluminaAdapters	Read   106,000,000 records.  Elapsed time: 00:07:13s.  Time for last 1,000,000:    4s.  Last read position: */*
INFO	2024-07-18 23:25:32	MarkIlluminaAdapters	Read   107,000,000 records.  Elapsed time: 00:07:17s.  Time for last 1,000,000:    4s.  Last read position: */*
INFO	2024-07-18 23:25:37	MarkIlluminaAdapters	Read   108,000,000 records.  Elapsed time: 00:07:21s.  Time for last 1,000,000:    4s.  Last read position: */*
INFO	2024-07-18 23:25:41	MarkIlluminaAdapters	Read   109,000,000 records.  Elapsed time: 00:07:26s.  Time for last 1,000,000:    4s.  Last read position: */*
INFO	2024-07-18 23:25:45	MarkIlluminaAdapters	Read   110,000,000 records.  Elapsed time: 00:07:30s.  Time for last 1,000,000:    4s.  Last read position: */*
INFO	2024-07-18 23:25:50	MarkIlluminaAdapters	Read   111,000,000 records.  Elapsed time: 00:07:34s.  Time for last 1,000,000:    4s.  Last read position: */*
INFO	2024-07-18 23:25:54	MarkIlluminaAdapters	Read   112,000,000 records.  Elapsed time: 00:07:39s.  Time for last 1,000,000:    4s.  Last read position: */*
INFO	2024-07-18 23:25:59	MarkIlluminaAdapters	Read   113,000,000 records.  Elapsed time: 00:07:43s.  Time for last 1,000,000:    4s.  Last read position: */*
INFO	2024-07-18 23:26:03	MarkIlluminaAdapters	Read   114,000,000 records.  Elapsed time: 00:07:47s.  Time for last 1,000,000:    4s.  Last read position: */*
INFO	2024-07-18 23:26:07	MarkIlluminaAdapters	Read   115,000,000 records.  Elapsed time: 00:07:52s.  Time for last 1,000,000:    4s.  Last read position: */*
INFO	2024-07-18 23:26:12	MarkIlluminaAdapters	Read   116,000,000 records.  Elapsed time: 00:07:56s.  Time for last 1,000,000:    4s.  Last read position: */*
INFO	2024-07-18 23:26:16	MarkIlluminaAdapters	Read   117,000,000 records.  Elapsed time: 00:08:01s.  Time for last 1,000,000:    4s.  Last read position: */*
INFO	2024-07-18 23:26:21	MarkIlluminaAdapters	Read   118,000,000 records.  Elapsed time: 00:08:05s.  Time for last 1,000,000:    4s.  Last read position: */*
INFO	2024-07-18 23:26:25	MarkIlluminaAdapters	Read   119,000,000 records.  Elapsed time: 00:08:09s.  Time for last 1,000,000:    4s.  Last read position: */*
INFO	2024-07-18 23:26:29	MarkIlluminaAdapters	Read   120,000,000 records.  Elapsed time: 00:08:13s.  Time for last 1,000,000:    4s.  Last read position: */*
INFO	2024-07-18 23:26:33	MarkIlluminaAdapters	Read   121,000,000 records.  Elapsed time: 00:08:17s.  Time for last 1,000,000:    4s.  Last read position: */*
INFO	2024-07-18 23:26:37	MarkIlluminaAdapters	Read   122,000,000 records.  Elapsed time: 00:08:22s.  Time for last 1,000,000:    4s.  Last read position: */*
INFO	2024-07-18 23:26:42	MarkIlluminaAdapters	Read   123,000,000 records.  Elapsed time: 00:08:26s.  Time for last 1,000,000:    4s.  Last read position: */*
INFO	2024-07-18 23:26:46	MarkIlluminaAdapters	Read   124,000,000 records.  Elapsed time: 00:08:30s.  Time for last 1,000,000:    4s.  Last read position: */*
INFO	2024-07-18 23:26:50	MarkIlluminaAdapters	Read   125,000,000 records.  Elapsed time: 00:08:34s.  Time for last 1,000,000:    4s.  Last read position: */*
INFO	2024-07-18 23:26:54	MarkIlluminaAdapters	Read   126,000,000 records.  Elapsed time: 00:08:38s.  Time for last 1,000,000:    4s.  Last read position: */*
INFO	2024-07-18 23:26:58	MarkIlluminaAdapters	Read   127,000,000 records.  Elapsed time: 00:08:42s.  Time for last 1,000,000:    4s.  Last read position: */*
INFO	2024-07-18 23:27:02	MarkIlluminaAdapters	Read   128,000,000 records.  Elapsed time: 00:08:46s.  Time for last 1,000,000:    4s.  Last read position: */*
INFO	2024-07-18 23:27:06	MarkIlluminaAdapters	Read   129,000,000 records.  Elapsed time: 00:08:51s.  Time for last 1,000,000:    4s.  Last read position: */*
INFO	2024-07-18 23:27:10	MarkIlluminaAdapters	Read   130,000,000 records.  Elapsed time: 00:08:55s.  Time for last 1,000,000:    4s.  Last read position: */*
INFO	2024-07-18 23:27:14	MarkIlluminaAdapters	Read   131,000,000 records.  Elapsed time: 00:08:59s.  Time for last 1,000,000:    4s.  Last read position: */*
INFO	2024-07-18 23:27:18	MarkIlluminaAdapters	Read   132,000,000 records.  Elapsed time: 00:09:03s.  Time for last 1,000,000:    4s.  Last read position: */*
INFO	2024-07-18 23:27:22	MarkIlluminaAdapters	Read   133,000,000 records.  Elapsed time: 00:09:07s.  Time for last 1,000,000:    4s.  Last read position: */*
INFO	2024-07-18 23:27:26	MarkIlluminaAdapters	Read   134,000,000 records.  Elapsed time: 00:09:11s.  Time for last 1,000,000:    4s.  Last read position: */*
INFO	2024-07-18 23:27:30	MarkIlluminaAdapters	Read   135,000,000 records.  Elapsed time: 00:09:15s.  Time for last 1,000,000:    4s.  Last read position: */*
INFO	2024-07-18 23:27:35	MarkIlluminaAdapters	Read   136,000,000 records.  Elapsed time: 00:09:19s.  Time for last 1,000,000:    4s.  Last read position: */*
INFO	2024-07-18 23:27:39	MarkIlluminaAdapters	Read   137,000,000 records.  Elapsed time: 00:09:23s.  Time for last 1,000,000:    4s.  Last read position: */*
INFO	2024-07-18 23:27:43	MarkIlluminaAdapters	Read   138,000,000 records.  Elapsed time: 00:09:27s.  Time for last 1,000,000:    4s.  Last read position: */*
INFO	2024-07-18 23:27:47	MarkIlluminaAdapters	Read   139,000,000 records.  Elapsed time: 00:09:31s.  Time for last 1,000,000:    4s.  Last read position: */*
INFO	2024-07-18 23:27:51	MarkIlluminaAdapters	Read   140,000,000 records.  Elapsed time: 00:09:35s.  Time for last 1,000,000:    4s.  Last read position: */*
INFO	2024-07-18 23:27:55	MarkIlluminaAdapters	Read   141,000,000 records.  Elapsed time: 00:09:40s.  Time for last 1,000,000:    4s.  Last read position: */*
INFO	2024-07-18 23:28:00	MarkIlluminaAdapters	Read   142,000,000 records.  Elapsed time: 00:09:44s.  Time for last 1,000,000:    4s.  Last read position: */*
INFO	2024-07-18 23:28:04	MarkIlluminaAdapters	Read   143,000,000 records.  Elapsed time: 00:09:48s.  Time for last 1,000,000:    4s.  Last read position: */*
INFO	2024-07-18 23:28:08	MarkIlluminaAdapters	Read   144,000,000 records.  Elapsed time: 00:09:53s.  Time for last 1,000,000:    4s.  Last read position: */*
INFO	2024-07-18 23:28:13	MarkIlluminaAdapters	Read   145,000,000 records.  Elapsed time: 00:09:57s.  Time for last 1,000,000:    4s.  Last read position: */*
INFO	2024-07-18 23:28:17	MarkIlluminaAdapters	Read   146,000,000 records.  Elapsed time: 00:10:02s.  Time for last 1,000,000:    4s.  Last read position: */*
INFO	2024-07-18 23:28:22	MarkIlluminaAdapters	Read   147,000,000 records.  Elapsed time: 00:10:06s.  Time for last 1,000,000:    4s.  Last read position: */*
INFO	2024-07-18 23:28:26	MarkIlluminaAdapters	Read   148,000,000 records.  Elapsed time: 00:10:10s.  Time for last 1,000,000:    4s.  Last read position: */*
INFO	2024-07-18 23:28:30	MarkIlluminaAdapters	Read   149,000,000 records.  Elapsed time: 00:10:15s.  Time for last 1,000,000:    4s.  Last read position: */*
INFO	2024-07-18 23:28:35	MarkIlluminaAdapters	Read   150,000,000 records.  Elapsed time: 00:10:19s.  Time for last 1,000,000:    4s.  Last read position: */*
INFO	2024-07-18 23:28:39	MarkIlluminaAdapters	Read   151,000,000 records.  Elapsed time: 00:10:23s.  Time for last 1,000,000:    4s.  Last read position: */*
INFO	2024-07-18 23:28:43	MarkIlluminaAdapters	Read   152,000,000 records.  Elapsed time: 00:10:28s.  Time for last 1,000,000:    4s.  Last read position: */*
INFO	2024-07-18 23:28:48	MarkIlluminaAdapters	Read   153,000,000 records.  Elapsed time: 00:10:32s.  Time for last 1,000,000:    4s.  Last read position: */*
INFO	2024-07-18 23:28:52	MarkIlluminaAdapters	Read   154,000,000 records.  Elapsed time: 00:10:36s.  Time for last 1,000,000:    4s.  Last read position: */*
INFO	2024-07-18 23:28:56	MarkIlluminaAdapters	Read   155,000,000 records.  Elapsed time: 00:10:41s.  Time for last 1,000,000:    4s.  Last read position: */*
INFO	2024-07-18 23:29:01	MarkIlluminaAdapters	Read   156,000,000 records.  Elapsed time: 00:10:45s.  Time for last 1,000,000:    4s.  Last read position: */*
INFO	2024-07-18 23:29:05	MarkIlluminaAdapters	Read   157,000,000 records.  Elapsed time: 00:10:50s.  Time for last 1,000,000:    4s.  Last read position: */*
INFO	2024-07-18 23:29:10	MarkIlluminaAdapters	Read   158,000,000 records.  Elapsed time: 00:10:54s.  Time for last 1,000,000:    4s.  Last read position: */*
INFO	2024-07-18 23:29:14	MarkIlluminaAdapters	Read   159,000,000 records.  Elapsed time: 00:10:59s.  Time for last 1,000,000:    4s.  Last read position: */*
INFO	2024-07-18 23:29:18	MarkIlluminaAdapters	Read   160,000,000 records.  Elapsed time: 00:11:03s.  Time for last 1,000,000:    4s.  Last read position: */*
INFO	2024-07-18 23:29:23	MarkIlluminaAdapters	Read   161,000,000 records.  Elapsed time: 00:11:07s.  Time for last 1,000,000:    4s.  Last read position: */*
INFO	2024-07-18 23:29:27	MarkIlluminaAdapters	Read   162,000,000 records.  Elapsed time: 00:11:11s.  Time for last 1,000,000:    4s.  Last read position: */*
INFO	2024-07-18 23:29:31	MarkIlluminaAdapters	Read   163,000,000 records.  Elapsed time: 00:11:16s.  Time for last 1,000,000:    4s.  Last read position: */*
INFO	2024-07-18 23:29:35	MarkIlluminaAdapters	Read   164,000,000 records.  Elapsed time: 00:11:20s.  Time for last 1,000,000:    4s.  Last read position: */*
INFO	2024-07-18 23:29:39	MarkIlluminaAdapters	Read   165,000,000 records.  Elapsed time: 00:11:24s.  Time for last 1,000,000:    4s.  Last read position: */*
INFO	2024-07-18 23:29:43	MarkIlluminaAdapters	Read   166,000,000 records.  Elapsed time: 00:11:28s.  Time for last 1,000,000:    4s.  Last read position: */*
INFO	2024-07-18 23:29:48	MarkIlluminaAdapters	Read   167,000,000 records.  Elapsed time: 00:11:32s.  Time for last 1,000,000:    4s.  Last read position: */*
INFO	2024-07-18 23:29:52	MarkIlluminaAdapters	Read   168,000,000 records.  Elapsed time: 00:11:36s.  Time for last 1,000,000:    4s.  Last read position: */*
INFO	2024-07-18 23:29:56	MarkIlluminaAdapters	Read   169,000,000 records.  Elapsed time: 00:11:40s.  Time for last 1,000,000:    4s.  Last read position: */*
INFO	2024-07-18 23:30:00	MarkIlluminaAdapters	Read   170,000,000 records.  Elapsed time: 00:11:44s.  Time for last 1,000,000:    4s.  Last read position: */*
INFO	2024-07-18 23:30:04	MarkIlluminaAdapters	Read   171,000,000 records.  Elapsed time: 00:11:48s.  Time for last 1,000,000:    4s.  Last read position: */*
INFO	2024-07-18 23:30:08	MarkIlluminaAdapters	Read   172,000,000 records.  Elapsed time: 00:11:52s.  Time for last 1,000,000:    4s.  Last read position: */*
INFO	2024-07-18 23:30:12	MarkIlluminaAdapters	Read   173,000,000 records.  Elapsed time: 00:11:57s.  Time for last 1,000,000:    4s.  Last read position: */*
INFO	2024-07-18 23:30:17	MarkIlluminaAdapters	Read   174,000,000 records.  Elapsed time: 00:12:01s.  Time for last 1,000,000:    4s.  Last read position: */*
INFO	2024-07-18 23:30:21	MarkIlluminaAdapters	Read   175,000,000 records.  Elapsed time: 00:12:05s.  Time for last 1,000,000:    4s.  Last read position: */*
INFO	2024-07-18 23:30:25	MarkIlluminaAdapters	Read   176,000,000 records.  Elapsed time: 00:12:09s.  Time for last 1,000,000:    4s.  Last read position: */*
INFO	2024-07-18 23:30:29	MarkIlluminaAdapters	Read   177,000,000 records.  Elapsed time: 00:12:14s.  Time for last 1,000,000:    4s.  Last read position: */*
INFO	2024-07-18 23:30:33	MarkIlluminaAdapters	Read   178,000,000 records.  Elapsed time: 00:12:18s.  Time for last 1,000,000:    4s.  Last read position: */*
INFO	2024-07-18 23:30:37	MarkIlluminaAdapters	Read   179,000,000 records.  Elapsed time: 00:12:22s.  Time for last 1,000,000:    4s.  Last read position: */*
INFO	2024-07-18 23:30:41	MarkIlluminaAdapters	Read   180,000,000 records.  Elapsed time: 00:12:26s.  Time for last 1,000,000:    4s.  Last read position: */*
INFO	2024-07-18 23:30:46	MarkIlluminaAdapters	Read   181,000,000 records.  Elapsed time: 00:12:30s.  Time for last 1,000,000:    4s.  Last read position: */*
INFO	2024-07-18 23:30:50	MarkIlluminaAdapters	Read   182,000,000 records.  Elapsed time: 00:12:34s.  Time for last 1,000,000:    4s.  Last read position: */*
INFO	2024-07-18 23:30:54	MarkIlluminaAdapters	Read   183,000,000 records.  Elapsed time: 00:12:38s.  Time for last 1,000,000:    4s.  Last read position: */*
INFO	2024-07-18 23:30:58	MarkIlluminaAdapters	Read   184,000,000 records.  Elapsed time: 00:12:42s.  Time for last 1,000,000:    4s.  Last read position: */*
INFO	2024-07-18 23:31:02	MarkIlluminaAdapters	Read   185,000,000 records.  Elapsed time: 00:12:46s.  Time for last 1,000,000:    4s.  Last read position: */*
INFO	2024-07-18 23:31:06	MarkIlluminaAdapters	Read   186,000,000 records.  Elapsed time: 00:12:51s.  Time for last 1,000,000:    4s.  Last read position: */*
INFO	2024-07-18 23:31:10	MarkIlluminaAdapters	Read   187,000,000 records.  Elapsed time: 00:12:55s.  Time for last 1,000,000:    4s.  Last read position: */*
INFO	2024-07-18 23:31:14	MarkIlluminaAdapters	Read   188,000,000 records.  Elapsed time: 00:12:59s.  Time for last 1,000,000:    4s.  Last read position: */*
INFO	2024-07-18 23:31:19	MarkIlluminaAdapters	Read   189,000,000 records.  Elapsed time: 00:13:03s.  Time for last 1,000,000:    4s.  Last read position: */*
INFO	2024-07-18 23:31:23	MarkIlluminaAdapters	Read   190,000,000 records.  Elapsed time: 00:13:07s.  Time for last 1,000,000:    4s.  Last read position: */*
INFO	2024-07-18 23:31:27	MarkIlluminaAdapters	Read   191,000,000 records.  Elapsed time: 00:13:11s.  Time for last 1,000,000:    4s.  Last read position: */*
INFO	2024-07-18 23:31:31	MarkIlluminaAdapters	Read   192,000,000 records.  Elapsed time: 00:13:15s.  Time for last 1,000,000:    4s.  Last read position: */*
[Thu Jul 18 23:31:32 GMT 2024] picard.illumina.MarkIlluminaAdapters done. Elapsed time: 13.29 minutes.
Runtime.totalMemory()=1269301248
Tool returned:
0
Using GATK jar /gatk/gatk-package-4.2.6.1-local.jar
Running:
    java -Dsamjdk.use_async_io_read_samtools=false -Dsamjdk.use_async_io_write_samtools=true -Dsamjdk.use_async_io_write_tribble=false -Dsamjdk.compression_level=2 -jar /gatk/gatk-package-4.2.6.1-local.jar MarkIlluminaAdapters --I /coh_labs/dits/rayyan/try/C083-000002_GermlineDNA_fastqtosam.bam --O /coh_labs/dits/rayyan/try/C083-000002_GermlineDNA_markilluminaadapters.bam --M /coh_labs/dits/rayyan/try/C083-000002_GermlineDNA_markilluminaadapters_metrics.txt
