22:40:58.130 INFO  NativeLibraryLoader - Loading libgkl_compression.so from jar:file:/gatk/gatk-package-4.2.6.1-local.jar!/com/intel/gkl/native/libgkl_compression.so
[Thu Jul 18 22:40:58 GMT 2024] FastqToSam --FASTQ /coh_labs/dits/rayyan/try/C083-000002_WF00054603_h034885-01D-01L_GermlineDNA_R1_001.fastq.gz --FASTQ2 /coh_labs/dits/rayyan/try/C083-000002_WF00054603_h034885-01D-01L_GermlineDNA_R2_001.fastq.gz --OUTPUT /coh_labs/dits/rayyan/try/C083-000002_GermlineDNA_fastqtosam.bam --SAMPLE_NAME C083-000002_GermlineDNA --USE_SEQUENTIAL_FASTQS false --READ_GROUP_NAME A --SORT_ORDER queryname --MIN_Q 0 --MAX_Q 93 --STRIP_UNPAIRED_MATE_NUMBER false --ALLOW_AND_IGNORE_EMPTY_LINES false --VERBOSITY INFO --QUIET false --VALIDATION_STRINGENCY STRICT --COMPRESSION_LEVEL 2 --MAX_RECORDS_IN_RAM 500000 --CREATE_INDEX false --CREATE_MD5_FILE false --GA4GH_CLIENT_SECRETS client_secrets.json --help false --version false --showHidden false --USE_JDK_DEFLATER false --USE_JDK_INFLATER false
[Thu Jul 18 22:40:58 GMT 2024] Executing as raburajab@g-c-1-7-29 on Linux 4.18.0-305.3.1.el8_4.x86_64 amd64; OpenJDK 64-Bit Server VM 1.8.0_242-8u242-b08-0ubuntu3~18.04-b08; Deflater: Intel; Inflater: Intel; Provider GCS is available; Picard version: Version:4.2.6.1
INFO	2024-07-18 22:40:58	FastqToSam	Auto-detected quality format as: Standard.
INFO	2024-07-18 22:41:03	FastqToSam	Processed     1,000,000 records.  Elapsed time: 00:00:04s.  Time for last 1,000,000:    4s.  Last read position: */*
INFO	2024-07-18 22:41:08	FastqToSam	Processed     2,000,000 records.  Elapsed time: 00:00:09s.  Time for last 1,000,000:    4s.  Last read position: */*
INFO	2024-07-18 22:41:14	FastqToSam	Processed     3,000,000 records.  Elapsed time: 00:00:15s.  Time for last 1,000,000:    5s.  Last read position: */*
INFO	2024-07-18 22:41:19	FastqToSam	Processed     4,000,000 records.  Elapsed time: 00:00:20s.  Time for last 1,000,000:    5s.  Last read position: */*
INFO	2024-07-18 22:41:24	FastqToSam	Processed     5,000,000 records.  Elapsed time: 00:00:26s.  Time for last 1,000,000:    5s.  Last read position: */*
INFO	2024-07-18 22:41:29	FastqToSam	Processed     6,000,000 records.  Elapsed time: 00:00:30s.  Time for last 1,000,000:    4s.  Last read position: */*
INFO	2024-07-18 22:41:35	FastqToSam	Processed     7,000,000 records.  Elapsed time: 00:00:36s.  Time for last 1,000,000:    5s.  Last read position: */*
INFO	2024-07-18 22:41:41	FastqToSam	Processed     8,000,000 records.  Elapsed time: 00:00:42s.  Time for last 1,000,000:    5s.  Last read position: */*
INFO	2024-07-18 22:41:45	FastqToSam	Processed     9,000,000 records.  Elapsed time: 00:00:46s.  Time for last 1,000,000:    4s.  Last read position: */*
INFO	2024-07-18 22:41:50	FastqToSam	Processed    10,000,000 records.  Elapsed time: 00:00:51s.  Time for last 1,000,000:    5s.  Last read position: */*
INFO	2024-07-18 22:41:55	FastqToSam	Processed    11,000,000 records.  Elapsed time: 00:00:57s.  Time for last 1,000,000:    5s.  Last read position: */*
INFO	2024-07-18 22:42:01	FastqToSam	Processed    12,000,000 records.  Elapsed time: 00:01:03s.  Time for last 1,000,000:    5s.  Last read position: */*
INFO	2024-07-18 22:42:07	FastqToSam	Processed    13,000,000 records.  Elapsed time: 00:01:08s.  Time for last 1,000,000:    5s.  Last read position: */*
INFO	2024-07-18 22:42:14	FastqToSam	Processed    14,000,000 records.  Elapsed time: 00:01:15s.  Time for last 1,000,000:    6s.  Last read position: */*
INFO	2024-07-18 22:42:19	FastqToSam	Processed    15,000,000 records.  Elapsed time: 00:01:20s.  Time for last 1,000,000:    5s.  Last read position: */*
INFO	2024-07-18 22:42:25	FastqToSam	Processed    16,000,000 records.  Elapsed time: 00:01:26s.  Time for last 1,000,000:    5s.  Last read position: */*
INFO	2024-07-18 22:42:31	FastqToSam	Processed    17,000,000 records.  Elapsed time: 00:01:32s.  Time for last 1,000,000:    6s.  Last read position: */*
INFO	2024-07-18 22:42:37	FastqToSam	Processed    18,000,000 records.  Elapsed time: 00:01:38s.  Time for last 1,000,000:    5s.  Last read position: */*
INFO	2024-07-18 22:42:44	FastqToSam	Processed    19,000,000 records.  Elapsed time: 00:01:45s.  Time for last 1,000,000:    6s.  Last read position: */*
INFO	2024-07-18 22:42:50	FastqToSam	Processed    20,000,000 records.  Elapsed time: 00:01:51s.  Time for last 1,000,000:    6s.  Last read position: */*
INFO	2024-07-18 22:42:55	FastqToSam	Processed    21,000,000 records.  Elapsed time: 00:01:57s.  Time for last 1,000,000:    5s.  Last read position: */*
INFO	2024-07-18 22:43:02	FastqToSam	Processed    22,000,000 records.  Elapsed time: 00:02:03s.  Time for last 1,000,000:    6s.  Last read position: */*
INFO	2024-07-18 22:43:08	FastqToSam	Processed    23,000,000 records.  Elapsed time: 00:02:09s.  Time for last 1,000,000:    5s.  Last read position: */*
INFO	2024-07-18 22:43:13	FastqToSam	Processed    24,000,000 records.  Elapsed time: 00:02:14s.  Time for last 1,000,000:    5s.  Last read position: */*
INFO	2024-07-18 22:43:19	FastqToSam	Processed    25,000,000 records.  Elapsed time: 00:02:20s.  Time for last 1,000,000:    5s.  Last read position: */*
INFO	2024-07-18 22:43:24	FastqToSam	Processed    26,000,000 records.  Elapsed time: 00:02:25s.  Time for last 1,000,000:    5s.  Last read position: */*
INFO	2024-07-18 22:43:30	FastqToSam	Processed    27,000,000 records.  Elapsed time: 00:02:31s.  Time for last 1,000,000:    6s.  Last read position: */*
INFO	2024-07-18 22:43:36	FastqToSam	Processed    28,000,000 records.  Elapsed time: 00:02:37s.  Time for last 1,000,000:    6s.  Last read position: */*
INFO	2024-07-18 22:43:41	FastqToSam	Processed    29,000,000 records.  Elapsed time: 00:02:43s.  Time for last 1,000,000:    5s.  Last read position: */*
INFO	2024-07-18 22:43:48	FastqToSam	Processed    30,000,000 records.  Elapsed time: 00:02:49s.  Time for last 1,000,000:    6s.  Last read position: */*
INFO	2024-07-18 22:43:53	FastqToSam	Processed    31,000,000 records.  Elapsed time: 00:02:55s.  Time for last 1,000,000:    5s.  Last read position: */*
INFO	2024-07-18 22:43:59	FastqToSam	Processed    32,000,000 records.  Elapsed time: 00:03:00s.  Time for last 1,000,000:    5s.  Last read position: */*
INFO	2024-07-18 22:44:05	FastqToSam	Processed    33,000,000 records.  Elapsed time: 00:03:06s.  Time for last 1,000,000:    5s.  Last read position: */*
INFO	2024-07-18 22:44:11	FastqToSam	Processed    34,000,000 records.  Elapsed time: 00:03:12s.  Time for last 1,000,000:    6s.  Last read position: */*
INFO	2024-07-18 22:44:17	FastqToSam	Processed    35,000,000 records.  Elapsed time: 00:03:18s.  Time for last 1,000,000:    6s.  Last read position: */*
INFO	2024-07-18 22:44:23	FastqToSam	Processed    36,000,000 records.  Elapsed time: 00:03:24s.  Time for last 1,000,000:    5s.  Last read position: */*
INFO	2024-07-18 22:44:29	FastqToSam	Processed    37,000,000 records.  Elapsed time: 00:03:30s.  Time for last 1,000,000:    5s.  Last read position: */*
INFO	2024-07-18 22:44:34	FastqToSam	Processed    38,000,000 records.  Elapsed time: 00:03:35s.  Time for last 1,000,000:    5s.  Last read position: */*
INFO	2024-07-18 22:44:40	FastqToSam	Processed    39,000,000 records.  Elapsed time: 00:03:41s.  Time for last 1,000,000:    5s.  Last read position: */*
INFO	2024-07-18 22:44:46	FastqToSam	Processed    40,000,000 records.  Elapsed time: 00:03:47s.  Time for last 1,000,000:    6s.  Last read position: */*
INFO	2024-07-18 22:44:52	FastqToSam	Processed    41,000,000 records.  Elapsed time: 00:03:53s.  Time for last 1,000,000:    5s.  Last read position: */*
INFO	2024-07-18 22:44:58	FastqToSam	Processed    42,000,000 records.  Elapsed time: 00:03:59s.  Time for last 1,000,000:    6s.  Last read position: */*
INFO	2024-07-18 22:45:03	FastqToSam	Processed    43,000,000 records.  Elapsed time: 00:04:05s.  Time for last 1,000,000:    5s.  Last read position: */*
INFO	2024-07-18 22:45:09	FastqToSam	Processed    44,000,000 records.  Elapsed time: 00:04:10s.  Time for last 1,000,000:    5s.  Last read position: */*
INFO	2024-07-18 22:45:14	FastqToSam	Processed    45,000,000 records.  Elapsed time: 00:04:15s.  Time for last 1,000,000:    5s.  Last read position: */*
INFO	2024-07-18 22:45:20	FastqToSam	Processed    46,000,000 records.  Elapsed time: 00:04:21s.  Time for last 1,000,000:    5s.  Last read position: */*
INFO	2024-07-18 22:45:25	FastqToSam	Processed    47,000,000 records.  Elapsed time: 00:04:27s.  Time for last 1,000,000:    5s.  Last read position: */*
INFO	2024-07-18 22:45:31	FastqToSam	Processed    48,000,000 records.  Elapsed time: 00:04:32s.  Time for last 1,000,000:    5s.  Last read position: */*
INFO	2024-07-18 22:45:36	FastqToSam	Processed    49,000,000 records.  Elapsed time: 00:04:37s.  Time for last 1,000,000:    5s.  Last read position: */*
INFO	2024-07-18 22:45:42	FastqToSam	Processed    50,000,000 records.  Elapsed time: 00:04:43s.  Time for last 1,000,000:    5s.  Last read position: */*
INFO	2024-07-18 22:45:47	FastqToSam	Processed    51,000,000 records.  Elapsed time: 00:04:48s.  Time for last 1,000,000:    5s.  Last read position: */*
INFO	2024-07-18 22:45:53	FastqToSam	Processed    52,000,000 records.  Elapsed time: 00:04:55s.  Time for last 1,000,000:    6s.  Last read position: */*
INFO	2024-07-18 22:45:59	FastqToSam	Processed    53,000,000 records.  Elapsed time: 00:05:00s.  Time for last 1,000,000:    5s.  Last read position: */*
INFO	2024-07-18 22:46:04	FastqToSam	Processed    54,000,000 records.  Elapsed time: 00:05:06s.  Time for last 1,000,000:    5s.  Last read position: */*
INFO	2024-07-18 22:46:10	FastqToSam	Processed    55,000,000 records.  Elapsed time: 00:05:12s.  Time for last 1,000,000:    5s.  Last read position: */*
INFO	2024-07-18 22:46:16	FastqToSam	Processed    56,000,000 records.  Elapsed time: 00:05:17s.  Time for last 1,000,000:    5s.  Last read position: */*
INFO	2024-07-18 22:46:22	FastqToSam	Processed    57,000,000 records.  Elapsed time: 00:05:23s.  Time for last 1,000,000:    5s.  Last read position: */*
INFO	2024-07-18 22:46:27	FastqToSam	Processed    58,000,000 records.  Elapsed time: 00:05:29s.  Time for last 1,000,000:    5s.  Last read position: */*
INFO	2024-07-18 22:46:33	FastqToSam	Processed    59,000,000 records.  Elapsed time: 00:05:35s.  Time for last 1,000,000:    5s.  Last read position: */*
INFO	2024-07-18 22:46:40	FastqToSam	Processed    60,000,000 records.  Elapsed time: 00:05:42s.  Time for last 1,000,000:    7s.  Last read position: */*
INFO	2024-07-18 22:46:48	FastqToSam	Processed    61,000,000 records.  Elapsed time: 00:05:49s.  Time for last 1,000,000:    7s.  Last read position: */*
INFO	2024-07-18 22:46:56	FastqToSam	Processed    62,000,000 records.  Elapsed time: 00:05:57s.  Time for last 1,000,000:    8s.  Last read position: */*
INFO	2024-07-18 22:47:04	FastqToSam	Processed    63,000,000 records.  Elapsed time: 00:06:05s.  Time for last 1,000,000:    7s.  Last read position: */*
INFO	2024-07-18 22:47:09	FastqToSam	Processed    64,000,000 records.  Elapsed time: 00:06:10s.  Time for last 1,000,000:    5s.  Last read position: */*
INFO	2024-07-18 22:47:14	FastqToSam	Processed    65,000,000 records.  Elapsed time: 00:06:15s.  Time for last 1,000,000:    5s.  Last read position: */*
INFO	2024-07-18 22:47:21	FastqToSam	Processed    66,000,000 records.  Elapsed time: 00:06:22s.  Time for last 1,000,000:    6s.  Last read position: */*
INFO	2024-07-18 22:47:27	FastqToSam	Processed    67,000,000 records.  Elapsed time: 00:06:28s.  Time for last 1,000,000:    6s.  Last read position: */*
INFO	2024-07-18 22:47:33	FastqToSam	Processed    68,000,000 records.  Elapsed time: 00:06:34s.  Time for last 1,000,000:    6s.  Last read position: */*
INFO	2024-07-18 22:47:40	FastqToSam	Processed    69,000,000 records.  Elapsed time: 00:06:41s.  Time for last 1,000,000:    6s.  Last read position: */*
INFO	2024-07-18 22:47:45	FastqToSam	Processed    70,000,000 records.  Elapsed time: 00:06:46s.  Time for last 1,000,000:    5s.  Last read position: */*
INFO	2024-07-18 22:47:51	FastqToSam	Processed    71,000,000 records.  Elapsed time: 00:06:52s.  Time for last 1,000,000:    6s.  Last read position: */*
INFO	2024-07-18 22:47:58	FastqToSam	Processed    72,000,000 records.  Elapsed time: 00:06:59s.  Time for last 1,000,000:    6s.  Last read position: */*
INFO	2024-07-18 22:48:04	FastqToSam	Processed    73,000,000 records.  Elapsed time: 00:07:05s.  Time for last 1,000,000:    6s.  Last read position: */*
INFO	2024-07-18 22:48:10	FastqToSam	Processed    74,000,000 records.  Elapsed time: 00:07:12s.  Time for last 1,000,000:    6s.  Last read position: */*
INFO	2024-07-18 22:48:16	FastqToSam	Processed    75,000,000 records.  Elapsed time: 00:07:17s.  Time for last 1,000,000:    5s.  Last read position: */*
INFO	2024-07-18 22:48:22	FastqToSam	Processed    76,000,000 records.  Elapsed time: 00:07:23s.  Time for last 1,000,000:    5s.  Last read position: */*
INFO	2024-07-18 22:48:28	FastqToSam	Processed    77,000,000 records.  Elapsed time: 00:07:29s.  Time for last 1,000,000:    6s.  Last read position: */*
INFO	2024-07-18 22:48:34	FastqToSam	Processed    78,000,000 records.  Elapsed time: 00:07:35s.  Time for last 1,000,000:    5s.  Last read position: */*
INFO	2024-07-18 22:48:41	FastqToSam	Processed    79,000,000 records.  Elapsed time: 00:07:42s.  Time for last 1,000,000:    7s.  Last read position: */*
INFO	2024-07-18 22:48:47	FastqToSam	Processed    80,000,000 records.  Elapsed time: 00:07:48s.  Time for last 1,000,000:    5s.  Last read position: */*
INFO	2024-07-18 22:48:53	FastqToSam	Processed    81,000,000 records.  Elapsed time: 00:07:54s.  Time for last 1,000,000:    5s.  Last read position: */*
INFO	2024-07-18 22:48:59	FastqToSam	Processed    82,000,000 records.  Elapsed time: 00:08:00s.  Time for last 1,000,000:    6s.  Last read position: */*
INFO	2024-07-18 22:49:05	FastqToSam	Processed    83,000,000 records.  Elapsed time: 00:08:06s.  Time for last 1,000,000:    6s.  Last read position: */*
INFO	2024-07-18 22:49:11	FastqToSam	Processed    84,000,000 records.  Elapsed time: 00:08:13s.  Time for last 1,000,000:    6s.  Last read position: */*
INFO	2024-07-18 22:49:18	FastqToSam	Processed    85,000,000 records.  Elapsed time: 00:08:19s.  Time for last 1,000,000:    6s.  Last read position: */*
INFO	2024-07-18 22:49:23	FastqToSam	Processed    86,000,000 records.  Elapsed time: 00:08:24s.  Time for last 1,000,000:    5s.  Last read position: */*
INFO	2024-07-18 22:49:29	FastqToSam	Processed    87,000,000 records.  Elapsed time: 00:08:30s.  Time for last 1,000,000:    5s.  Last read position: */*
INFO	2024-07-18 22:49:34	FastqToSam	Processed    88,000,000 records.  Elapsed time: 00:08:35s.  Time for last 1,000,000:    5s.  Last read position: */*
INFO	2024-07-18 22:49:40	FastqToSam	Processed    89,000,000 records.  Elapsed time: 00:08:41s.  Time for last 1,000,000:    5s.  Last read position: */*
INFO	2024-07-18 22:49:45	FastqToSam	Processed    90,000,000 records.  Elapsed time: 00:08:46s.  Time for last 1,000,000:    5s.  Last read position: */*
INFO	2024-07-18 22:49:51	FastqToSam	Processed    91,000,000 records.  Elapsed time: 00:08:52s.  Time for last 1,000,000:    5s.  Last read position: */*
INFO	2024-07-18 22:49:57	FastqToSam	Processed    92,000,000 records.  Elapsed time: 00:08:58s.  Time for last 1,000,000:    5s.  Last read position: */*
INFO	2024-07-18 22:50:03	FastqToSam	Processed    93,000,000 records.  Elapsed time: 00:09:04s.  Time for last 1,000,000:    6s.  Last read position: */*
INFO	2024-07-18 22:50:09	FastqToSam	Processed    94,000,000 records.  Elapsed time: 00:09:10s.  Time for last 1,000,000:    5s.  Last read position: */*
INFO	2024-07-18 22:50:15	FastqToSam	Processed    95,000,000 records.  Elapsed time: 00:09:16s.  Time for last 1,000,000:    5s.  Last read position: */*
INFO	2024-07-18 22:50:20	FastqToSam	Processed    96,000,000 records.  Elapsed time: 00:09:21s.  Time for last 1,000,000:    5s.  Last read position: */*
INFO	2024-07-18 22:50:26	FastqToSam	Processed    97,000,000 records.  Elapsed time: 00:09:27s.  Time for last 1,000,000:    5s.  Last read position: */*
INFO	2024-07-18 22:50:33	FastqToSam	Processed    98,000,000 records.  Elapsed time: 00:09:34s.  Time for last 1,000,000:    6s.  Last read position: */*
INFO	2024-07-18 22:50:39	FastqToSam	Processed    99,000,000 records.  Elapsed time: 00:09:40s.  Time for last 1,000,000:    6s.  Last read position: */*
INFO	2024-07-18 22:50:44	FastqToSam	Processed   100,000,000 records.  Elapsed time: 00:09:45s.  Time for last 1,000,000:    5s.  Last read position: */*
INFO	2024-07-18 22:50:50	FastqToSam	Processed   101,000,000 records.  Elapsed time: 00:09:51s.  Time for last 1,000,000:    5s.  Last read position: */*
INFO	2024-07-18 22:50:55	FastqToSam	Processed   102,000,000 records.  Elapsed time: 00:09:57s.  Time for last 1,000,000:    5s.  Last read position: */*
INFO	2024-07-18 22:51:01	FastqToSam	Processed   103,000,000 records.  Elapsed time: 00:10:02s.  Time for last 1,000,000:    5s.  Last read position: */*
INFO	2024-07-18 22:51:06	FastqToSam	Processed   104,000,000 records.  Elapsed time: 00:10:08s.  Time for last 1,000,000:    5s.  Last read position: */*
INFO	2024-07-18 22:51:12	FastqToSam	Processed   105,000,000 records.  Elapsed time: 00:10:13s.  Time for last 1,000,000:    5s.  Last read position: */*
INFO	2024-07-18 22:51:17	FastqToSam	Processed   106,000,000 records.  Elapsed time: 00:10:18s.  Time for last 1,000,000:    5s.  Last read position: */*
INFO	2024-07-18 22:51:23	FastqToSam	Processed   107,000,000 records.  Elapsed time: 00:10:24s.  Time for last 1,000,000:    6s.  Last read position: */*
INFO	2024-07-18 22:51:29	FastqToSam	Processed   108,000,000 records.  Elapsed time: 00:10:30s.  Time for last 1,000,000:    6s.  Last read position: */*
INFO	2024-07-18 22:51:35	FastqToSam	Processed   109,000,000 records.  Elapsed time: 00:10:36s.  Time for last 1,000,000:    5s.  Last read position: */*
INFO	2024-07-18 22:51:41	FastqToSam	Processed   110,000,000 records.  Elapsed time: 00:10:42s.  Time for last 1,000,000:    5s.  Last read position: */*
INFO	2024-07-18 22:51:48	FastqToSam	Processed   111,000,000 records.  Elapsed time: 00:10:49s.  Time for last 1,000,000:    7s.  Last read position: */*
INFO	2024-07-18 22:51:54	FastqToSam	Processed   112,000,000 records.  Elapsed time: 00:10:55s.  Time for last 1,000,000:    5s.  Last read position: */*
INFO	2024-07-18 22:51:59	FastqToSam	Processed   113,000,000 records.  Elapsed time: 00:11:00s.  Time for last 1,000,000:    4s.  Last read position: */*
INFO	2024-07-18 22:52:03	FastqToSam	Processed   114,000,000 records.  Elapsed time: 00:11:05s.  Time for last 1,000,000:    4s.  Last read position: */*
INFO	2024-07-18 22:52:09	FastqToSam	Processed   115,000,000 records.  Elapsed time: 00:11:10s.  Time for last 1,000,000:    5s.  Last read position: */*
INFO	2024-07-18 22:52:14	FastqToSam	Processed   116,000,000 records.  Elapsed time: 00:11:15s.  Time for last 1,000,000:    5s.  Last read position: */*
INFO	2024-07-18 22:52:20	FastqToSam	Processed   117,000,000 records.  Elapsed time: 00:11:21s.  Time for last 1,000,000:    5s.  Last read position: */*
INFO	2024-07-18 22:52:25	FastqToSam	Processed   118,000,000 records.  Elapsed time: 00:11:27s.  Time for last 1,000,000:    5s.  Last read position: */*
INFO	2024-07-18 22:52:31	FastqToSam	Processed   119,000,000 records.  Elapsed time: 00:11:32s.  Time for last 1,000,000:    5s.  Last read position: */*
INFO	2024-07-18 22:52:36	FastqToSam	Processed   120,000,000 records.  Elapsed time: 00:11:37s.  Time for last 1,000,000:    5s.  Last read position: */*
INFO	2024-07-18 22:52:42	FastqToSam	Processed   121,000,000 records.  Elapsed time: 00:11:43s.  Time for last 1,000,000:    5s.  Last read position: */*
INFO	2024-07-18 22:52:47	FastqToSam	Processed   122,000,000 records.  Elapsed time: 00:11:48s.  Time for last 1,000,000:    5s.  Last read position: */*
INFO	2024-07-18 22:52:52	FastqToSam	Processed   123,000,000 records.  Elapsed time: 00:11:53s.  Time for last 1,000,000:    4s.  Last read position: */*
INFO	2024-07-18 22:52:57	FastqToSam	Processed   124,000,000 records.  Elapsed time: 00:11:58s.  Time for last 1,000,000:    5s.  Last read position: */*
INFO	2024-07-18 22:53:02	FastqToSam	Processed   125,000,000 records.  Elapsed time: 00:12:04s.  Time for last 1,000,000:    5s.  Last read position: */*
INFO	2024-07-18 22:53:08	FastqToSam	Processed   126,000,000 records.  Elapsed time: 00:12:09s.  Time for last 1,000,000:    5s.  Last read position: */*
INFO	2024-07-18 22:53:14	FastqToSam	Processed   127,000,000 records.  Elapsed time: 00:12:15s.  Time for last 1,000,000:    5s.  Last read position: */*
INFO	2024-07-18 22:53:19	FastqToSam	Processed   128,000,000 records.  Elapsed time: 00:12:20s.  Time for last 1,000,000:    5s.  Last read position: */*
INFO	2024-07-18 22:53:25	FastqToSam	Processed   129,000,000 records.  Elapsed time: 00:12:26s.  Time for last 1,000,000:    5s.  Last read position: */*
INFO	2024-07-18 22:53:30	FastqToSam	Processed   130,000,000 records.  Elapsed time: 00:12:31s.  Time for last 1,000,000:    5s.  Last read position: */*
INFO	2024-07-18 22:53:36	FastqToSam	Processed   131,000,000 records.  Elapsed time: 00:12:37s.  Time for last 1,000,000:    5s.  Last read position: */*
INFO	2024-07-18 22:53:41	FastqToSam	Processed   132,000,000 records.  Elapsed time: 00:12:42s.  Time for last 1,000,000:    5s.  Last read position: */*
INFO	2024-07-18 22:53:46	FastqToSam	Processed   133,000,000 records.  Elapsed time: 00:12:47s.  Time for last 1,000,000:    5s.  Last read position: */*
INFO	2024-07-18 22:53:51	FastqToSam	Processed   134,000,000 records.  Elapsed time: 00:12:52s.  Time for last 1,000,000:    4s.  Last read position: */*
INFO	2024-07-18 22:53:56	FastqToSam	Processed   135,000,000 records.  Elapsed time: 00:12:57s.  Time for last 1,000,000:    4s.  Last read position: */*
INFO	2024-07-18 22:54:00	FastqToSam	Processed   136,000,000 records.  Elapsed time: 00:13:01s.  Time for last 1,000,000:    4s.  Last read position: */*
INFO	2024-07-18 22:54:06	FastqToSam	Processed   137,000,000 records.  Elapsed time: 00:13:07s.  Time for last 1,000,000:    5s.  Last read position: */*
INFO	2024-07-18 22:54:11	FastqToSam	Processed   138,000,000 records.  Elapsed time: 00:13:12s.  Time for last 1,000,000:    5s.  Last read position: */*
INFO	2024-07-18 22:54:16	FastqToSam	Processed   139,000,000 records.  Elapsed time: 00:13:18s.  Time for last 1,000,000:    5s.  Last read position: */*
INFO	2024-07-18 22:54:22	FastqToSam	Processed   140,000,000 records.  Elapsed time: 00:13:23s.  Time for last 1,000,000:    5s.  Last read position: */*
INFO	2024-07-18 22:54:28	FastqToSam	Processed   141,000,000 records.  Elapsed time: 00:13:29s.  Time for last 1,000,000:    5s.  Last read position: */*
INFO	2024-07-18 22:54:34	FastqToSam	Processed   142,000,000 records.  Elapsed time: 00:13:35s.  Time for last 1,000,000:    5s.  Last read position: */*
INFO	2024-07-18 22:54:39	FastqToSam	Processed   143,000,000 records.  Elapsed time: 00:13:40s.  Time for last 1,000,000:    5s.  Last read position: */*
INFO	2024-07-18 22:54:45	FastqToSam	Processed   144,000,000 records.  Elapsed time: 00:13:46s.  Time for last 1,000,000:    5s.  Last read position: */*
INFO	2024-07-18 22:54:52	FastqToSam	Processed   145,000,000 records.  Elapsed time: 00:13:53s.  Time for last 1,000,000:    7s.  Last read position: */*
INFO	2024-07-18 22:54:58	FastqToSam	Processed   146,000,000 records.  Elapsed time: 00:13:59s.  Time for last 1,000,000:    5s.  Last read position: */*
INFO	2024-07-18 22:55:04	FastqToSam	Processed   147,000,000 records.  Elapsed time: 00:14:05s.  Time for last 1,000,000:    6s.  Last read position: */*
INFO	2024-07-18 22:55:11	FastqToSam	Processed   148,000,000 records.  Elapsed time: 00:14:12s.  Time for last 1,000,000:    6s.  Last read position: */*
INFO	2024-07-18 22:55:17	FastqToSam	Processed   149,000,000 records.  Elapsed time: 00:14:18s.  Time for last 1,000,000:    6s.  Last read position: */*
INFO	2024-07-18 22:55:23	FastqToSam	Processed   150,000,000 records.  Elapsed time: 00:14:24s.  Time for last 1,000,000:    5s.  Last read position: */*
INFO	2024-07-18 22:55:28	FastqToSam	Processed   151,000,000 records.  Elapsed time: 00:14:30s.  Time for last 1,000,000:    5s.  Last read position: */*
INFO	2024-07-18 22:55:34	FastqToSam	Processed   152,000,000 records.  Elapsed time: 00:14:36s.  Time for last 1,000,000:    6s.  Last read position: */*
INFO	2024-07-18 22:55:40	FastqToSam	Processed   153,000,000 records.  Elapsed time: 00:14:41s.  Time for last 1,000,000:    5s.  Last read position: */*
INFO	2024-07-18 22:55:47	FastqToSam	Processed   154,000,000 records.  Elapsed time: 00:14:48s.  Time for last 1,000,000:    6s.  Last read position: */*
INFO	2024-07-18 22:55:53	FastqToSam	Processed   155,000,000 records.  Elapsed time: 00:14:54s.  Time for last 1,000,000:    6s.  Last read position: */*
INFO	2024-07-18 22:55:58	FastqToSam	Processed   156,000,000 records.  Elapsed time: 00:15:00s.  Time for last 1,000,000:    5s.  Last read position: */*
INFO	2024-07-18 22:56:04	FastqToSam	Processed   157,000,000 records.  Elapsed time: 00:15:05s.  Time for last 1,000,000:    5s.  Last read position: */*
INFO	2024-07-18 22:56:10	FastqToSam	Processed   158,000,000 records.  Elapsed time: 00:15:11s.  Time for last 1,000,000:    5s.  Last read position: */*
INFO	2024-07-18 22:56:15	FastqToSam	Processed   159,000,000 records.  Elapsed time: 00:15:16s.  Time for last 1,000,000:    5s.  Last read position: */*
INFO	2024-07-18 22:56:20	FastqToSam	Processed   160,000,000 records.  Elapsed time: 00:15:22s.  Time for last 1,000,000:    5s.  Last read position: */*
INFO	2024-07-18 22:56:26	FastqToSam	Processed   161,000,000 records.  Elapsed time: 00:15:27s.  Time for last 1,000,000:    5s.  Last read position: */*
INFO	2024-07-18 22:56:33	FastqToSam	Processed   162,000,000 records.  Elapsed time: 00:15:34s.  Time for last 1,000,000:    6s.  Last read position: */*
INFO	2024-07-18 22:56:39	FastqToSam	Processed   163,000,000 records.  Elapsed time: 00:15:41s.  Time for last 1,000,000:    6s.  Last read position: */*
INFO	2024-07-18 22:56:46	FastqToSam	Processed   164,000,000 records.  Elapsed time: 00:15:47s.  Time for last 1,000,000:    6s.  Last read position: */*
INFO	2024-07-18 22:56:53	FastqToSam	Processed   165,000,000 records.  Elapsed time: 00:15:54s.  Time for last 1,000,000:    6s.  Last read position: */*
INFO	2024-07-18 22:56:59	FastqToSam	Processed   166,000,000 records.  Elapsed time: 00:16:01s.  Time for last 1,000,000:    6s.  Last read position: */*
INFO	2024-07-18 22:57:05	FastqToSam	Processed   167,000,000 records.  Elapsed time: 00:16:06s.  Time for last 1,000,000:    5s.  Last read position: */*
INFO	2024-07-18 22:57:10	FastqToSam	Processed   168,000,000 records.  Elapsed time: 00:16:12s.  Time for last 1,000,000:    5s.  Last read position: */*
INFO	2024-07-18 22:57:16	FastqToSam	Processed   169,000,000 records.  Elapsed time: 00:16:17s.  Time for last 1,000,000:    5s.  Last read position: */*
INFO	2024-07-18 22:57:22	FastqToSam	Processed   170,000,000 records.  Elapsed time: 00:16:23s.  Time for last 1,000,000:    5s.  Last read position: */*
INFO	2024-07-18 22:57:27	FastqToSam	Processed   171,000,000 records.  Elapsed time: 00:16:28s.  Time for last 1,000,000:    5s.  Last read position: */*
INFO	2024-07-18 22:57:33	FastqToSam	Processed   172,000,000 records.  Elapsed time: 00:16:34s.  Time for last 1,000,000:    6s.  Last read position: */*
INFO	2024-07-18 22:57:39	FastqToSam	Processed   173,000,000 records.  Elapsed time: 00:16:40s.  Time for last 1,000,000:    5s.  Last read position: */*
INFO	2024-07-18 22:57:45	FastqToSam	Processed   174,000,000 records.  Elapsed time: 00:16:46s.  Time for last 1,000,000:    5s.  Last read position: */*
INFO	2024-07-18 22:57:51	FastqToSam	Processed   175,000,000 records.  Elapsed time: 00:16:52s.  Time for last 1,000,000:    5s.  Last read position: */*
INFO	2024-07-18 22:57:56	FastqToSam	Processed   176,000,000 records.  Elapsed time: 00:16:57s.  Time for last 1,000,000:    5s.  Last read position: */*
INFO	2024-07-18 22:58:02	FastqToSam	Processed   177,000,000 records.  Elapsed time: 00:17:03s.  Time for last 1,000,000:    5s.  Last read position: */*
INFO	2024-07-18 22:58:07	FastqToSam	Processed   178,000,000 records.  Elapsed time: 00:17:09s.  Time for last 1,000,000:    5s.  Last read position: */*
INFO	2024-07-18 22:58:13	FastqToSam	Processed   179,000,000 records.  Elapsed time: 00:17:14s.  Time for last 1,000,000:    5s.  Last read position: */*
INFO	2024-07-18 22:58:18	FastqToSam	Processed   180,000,000 records.  Elapsed time: 00:17:20s.  Time for last 1,000,000:    5s.  Last read position: */*
INFO	2024-07-18 22:58:24	FastqToSam	Processed   181,000,000 records.  Elapsed time: 00:17:25s.  Time for last 1,000,000:    5s.  Last read position: */*
INFO	2024-07-18 22:58:30	FastqToSam	Processed   182,000,000 records.  Elapsed time: 00:17:31s.  Time for last 1,000,000:    6s.  Last read position: */*
INFO	2024-07-18 22:58:36	FastqToSam	Processed   183,000,000 records.  Elapsed time: 00:17:37s.  Time for last 1,000,000:    6s.  Last read position: */*
INFO	2024-07-18 22:58:42	FastqToSam	Processed   184,000,000 records.  Elapsed time: 00:17:43s.  Time for last 1,000,000:    6s.  Last read position: */*
INFO	2024-07-18 22:58:48	FastqToSam	Processed   185,000,000 records.  Elapsed time: 00:17:49s.  Time for last 1,000,000:    6s.  Last read position: */*
INFO	2024-07-18 22:58:54	FastqToSam	Processed   186,000,000 records.  Elapsed time: 00:17:55s.  Time for last 1,000,000:    5s.  Last read position: */*
INFO	2024-07-18 22:58:59	FastqToSam	Processed   187,000,000 records.  Elapsed time: 00:18:00s.  Time for last 1,000,000:    5s.  Last read position: */*
INFO	2024-07-18 22:59:04	FastqToSam	Processed   188,000,000 records.  Elapsed time: 00:18:06s.  Time for last 1,000,000:    5s.  Last read position: */*
INFO	2024-07-18 22:59:10	FastqToSam	Processed   189,000,000 records.  Elapsed time: 00:18:11s.  Time for last 1,000,000:    5s.  Last read position: */*
INFO	2024-07-18 22:59:15	FastqToSam	Processed   190,000,000 records.  Elapsed time: 00:18:16s.  Time for last 1,000,000:    5s.  Last read position: */*
INFO	2024-07-18 22:59:20	FastqToSam	Processed   191,000,000 records.  Elapsed time: 00:18:22s.  Time for last 1,000,000:    5s.  Last read position: */*
INFO	2024-07-18 22:59:26	FastqToSam	Processed   192,000,000 records.  Elapsed time: 00:18:27s.  Time for last 1,000,000:    5s.  Last read position: */*
INFO	2024-07-18 22:59:27	FastqToSam	Processed 96061854 fastq reads
[Thu Jul 18 23:03:44 GMT 2024] picard.sam.FastqToSam done. Elapsed time: 22.78 minutes.
Runtime.totalMemory()=7389839360
Tool returned:
0
Using GATK jar /gatk/gatk-package-4.2.6.1-local.jar
Running:
    java -Dsamjdk.use_async_io_read_samtools=false -Dsamjdk.use_async_io_write_samtools=true -Dsamjdk.use_async_io_write_tribble=false -Dsamjdk.compression_level=2 -jar /gatk/gatk-package-4.2.6.1-local.jar FastqToSam --FASTQ /coh_labs/dits/rayyan/try/C083-000002_WF00054603_h034885-01D-01L_GermlineDNA_R1_001.fastq.gz --FASTQ2 /coh_labs/dits/rayyan/try/C083-000002_WF00054603_h034885-01D-01L_GermlineDNA_R2_001.fastq.gz --OUTPUT /coh_labs/dits/rayyan/try/C083-000002_GermlineDNA_fastqtosam.bam --SAMPLE_NAME C083-000002_GermlineDNA
