21:55:18.430 INFO  NativeLibraryLoader - Loading libgkl_compression.so from jar:file:/gatk/gatk-package-4.6.0.0-local.jar!/com/intel/gkl/native/libgkl_compression.so
21:55:18.556 INFO  ApplyVQSR - ------------------------------------------------------------
21:55:18.559 INFO  ApplyVQSR - The Genome Analysis Toolkit (GATK) v4.6.0.0
21:55:18.559 INFO  ApplyVQSR - For support and documentation go to https://software.broadinstitute.org/gatk/
21:55:18.559 INFO  ApplyVQSR - Executing as raburajab@g-c-1-4-01 on Linux v4.18.0-305.3.1.el8_4.x86_64 amd64
21:55:18.559 INFO  ApplyVQSR - Java runtime: OpenJDK 64-Bit Server VM v17.0.9+9-Ubuntu-122.04
21:55:18.559 INFO  ApplyVQSR - Start Date/Time: August 1, 2024 at 9:55:18 PM GMT
21:55:18.559 INFO  ApplyVQSR - ------------------------------------------------------------
21:55:18.559 INFO  ApplyVQSR - ------------------------------------------------------------
21:55:18.560 INFO  ApplyVQSR - HTSJDK Version: 4.1.1
21:55:18.560 INFO  ApplyVQSR - Picard Version: 3.2.0
21:55:18.560 INFO  ApplyVQSR - Built for Spark Version: 3.5.0
21:55:18.560 INFO  ApplyVQSR - HTSJDK Defaults.COMPRESSION_LEVEL : 2
21:55:18.560 INFO  ApplyVQSR - HTSJDK Defaults.USE_ASYNC_IO_READ_FOR_SAMTOOLS : false
21:55:18.560 INFO  ApplyVQSR - HTSJDK Defaults.USE_ASYNC_IO_WRITE_FOR_SAMTOOLS : true
21:55:18.560 INFO  ApplyVQSR - HTSJDK Defaults.USE_ASYNC_IO_WRITE_FOR_TRIBBLE : false
21:55:18.561 INFO  ApplyVQSR - Deflater: IntelDeflater
21:55:18.561 INFO  ApplyVQSR - Inflater: IntelInflater
21:55:18.561 INFO  ApplyVQSR - GCS max retries/reopens: 20
21:55:18.561 INFO  ApplyVQSR - Requester pays: disabled
21:55:18.561 INFO  ApplyVQSR - Initializing engine
21:55:18.724 INFO  FeatureManager - Using codec VCFCodec to read file file:///coh_labs/dits/rayyan/Data/C083-000002/AnalysisData2/C083-000002_GermlineDNA_VSQR-indel.recal
21:55:18.778 INFO  FeatureManager - Using codec VCFCodec to read file file:///coh_labs/dits/rayyan/Data/C083-000002/AnalysisData2/C083-000002_GermlineDNA_VSQR-snp.vcf.gz
21:55:18.938 INFO  ApplyVQSR - Done initializing engine
21:55:18.940 INFO  ApplyVQSR - Read tranche TruthSensitivityTranche targetTruthSensitivity=90.00 minVQSLod=3.8398 known=(33998 @ 0.0000) novel=(6040 @ 0.0000) truthSites(20249 accessible, 18224 called), name=VQSRTrancheINDEL0.00to90.00]
21:55:18.940 INFO  ApplyVQSR - Read tranche TruthSensitivityTranche targetTruthSensitivity=99.00 minVQSLod=-0.3841 known=(40958 @ 0.0000) novel=(8384 @ 0.0000) truthSites(20249 accessible, 20046 called), name=VQSRTrancheINDEL90.00to99.00]
21:55:18.940 INFO  ApplyVQSR - Read tranche TruthSensitivityTranche targetTruthSensitivity=99.90 minVQSLod=-1.9563 known=(41923 @ 0.0000) novel=(8931 @ 0.0000) truthSites(20249 accessible, 20228 called), name=VQSRTrancheINDEL99.00to99.90]
21:55:18.940 INFO  ApplyVQSR - Read tranche TruthSensitivityTranche targetTruthSensitivity=100.00 minVQSLod=-100.3164 known=(42372 @ 0.0000) novel=(9412 @ 0.0000) truthSites(20249 accessible, 20249 called), name=VQSRTrancheINDEL99.90to100.00]
21:55:18.963 INFO  ApplyVQSR - Keeping all variants in tranche TruthSensitivityTranche targetTruthSensitivity=99.00 minVQSLod=-0.3841 known=(40958 @ 0.0000) novel=(8384 @ 0.0000) truthSites(20249 accessible, 20046 called), name=VQSRTrancheINDEL90.00to99.00]
21:55:18.989 INFO  ProgressMeter - Starting traversal
21:55:18.990 INFO  ProgressMeter -        Current Locus  Elapsed Minutes    Variants Processed  Variants/Minute
21:55:22.634 INFO  ProgressMeter - chrUn_KI270508v1:1382              0.1                320818        5283854.0
21:55:22.635 INFO  ProgressMeter - Traversal complete. Processed 320818 total variants in 0.1 minutes.
21:55:22.696 INFO  ApplyVQSR - Shutting down engine
[August 1, 2024 at 9:55:22 PM GMT] org.broadinstitute.hellbender.tools.walkers.vqsr.ApplyVQSR done. Elapsed time: 0.07 minutes.
Runtime.totalMemory()=1476395008
Using GATK jar /gatk/gatk-package-4.6.0.0-local.jar
Running:
    java -Dsamjdk.use_async_io_read_samtools=false -Dsamjdk.use_async_io_write_samtools=true -Dsamjdk.use_async_io_write_tribble=false -Dsamjdk.compression_level=2 -jar /gatk/gatk-package-4.6.0.0-local.jar ApplyVQSR -R /coh_labs/dits/rayyan/References/GATK_assembly38/Homo_sapiens_assembly38.fasta -V /coh_labs/dits/rayyan/Data/C083-000002/AnalysisData2/C083-000002_GermlineDNA_VSQR-snp.vcf.gz -O /coh_labs/dits/rayyan/Data/C083-000002/AnalysisData2/C083-000002_GermlineDNA_VSQR-snp-indel.vcf.gz --truth-sensitivity-filter-level 99.0 --tranches-file /coh_labs/dits/rayyan/Data/C083-000002/AnalysisData2/C083-000002_GermlineDNA_VSQR-indel.tranches --recal-file /coh_labs/dits/rayyan/Data/C083-000002/AnalysisData2/C083-000002_GermlineDNA_VSQR-indel.recal -mode INDEL
