21:15:54.563 INFO  NativeLibraryLoader - Loading libgkl_compression.so from jar:file:/gatk/gatk-package-4.6.0.0-local.jar!/com/intel/gkl/native/libgkl_compression.so
21:15:54.743 INFO  VariantFiltration - ------------------------------------------------------------
21:15:54.746 INFO  VariantFiltration - The Genome Analysis Toolkit (GATK) v4.6.0.0
21:15:54.746 INFO  VariantFiltration - For support and documentation go to https://software.broadinstitute.org/gatk/
21:15:54.746 INFO  VariantFiltration - Executing as raburajab@g-c-1-7-23 on Linux v4.18.0-305.3.1.el8_4.x86_64 amd64
21:15:54.746 INFO  VariantFiltration - Java runtime: OpenJDK 64-Bit Server VM v17.0.9+9-Ubuntu-122.04
21:15:54.746 INFO  VariantFiltration - Start Date/Time: August 2, 2024 at 9:15:54 PM GMT
21:15:54.746 INFO  VariantFiltration - ------------------------------------------------------------
21:15:54.747 INFO  VariantFiltration - ------------------------------------------------------------
21:15:54.747 INFO  VariantFiltration - HTSJDK Version: 4.1.1
21:15:54.747 INFO  VariantFiltration - Picard Version: 3.2.0
21:15:54.747 INFO  VariantFiltration - Built for Spark Version: 3.5.0
21:15:54.747 INFO  VariantFiltration - HTSJDK Defaults.COMPRESSION_LEVEL : 2
21:15:54.747 INFO  VariantFiltration - HTSJDK Defaults.USE_ASYNC_IO_READ_FOR_SAMTOOLS : false
21:15:54.747 INFO  VariantFiltration - HTSJDK Defaults.USE_ASYNC_IO_WRITE_FOR_SAMTOOLS : true
21:15:54.748 INFO  VariantFiltration - HTSJDK Defaults.USE_ASYNC_IO_WRITE_FOR_TRIBBLE : false
21:15:54.748 INFO  VariantFiltration - Deflater: IntelDeflater
21:15:54.748 INFO  VariantFiltration - Inflater: IntelInflater
21:15:54.748 INFO  VariantFiltration - GCS max retries/reopens: 20
21:15:54.748 INFO  VariantFiltration - Requester pays: disabled
21:15:54.748 INFO  VariantFiltration - Initializing engine
21:15:54.919 INFO  FeatureManager - Using codec VCFCodec to read file file:///coh_labs/dits/rayyan/Data/C083-000002/AnalysisData2/C083-000002_GermlineDNA_refine-posteriors.vcf.gz
21:15:55.074 INFO  VariantFiltration - Done initializing engine
21:15:55.126 INFO  ProgressMeter - Starting traversal
21:15:55.126 INFO  ProgressMeter -        Current Locus  Elapsed Minutes    Variants Processed  Variants/Minute
21:15:59.557 INFO  ProgressMeter - chrUn_KI270519v1:80044              0.1                320806        4346964.8
21:15:59.557 INFO  ProgressMeter - Traversal complete. Processed 320806 total variants in 0.1 minutes.
21:15:59.620 INFO  VariantFiltration - Shutting down engine
[August 2, 2024 at 9:15:59 PM GMT] org.broadinstitute.hellbender.tools.walkers.filters.VariantFiltration done. Elapsed time: 0.08 minutes.
Runtime.totalMemory()=1224736768
Using GATK jar /gatk/gatk-package-4.6.0.0-local.jar
Running:
    java -Dsamjdk.use_async_io_read_samtools=false -Dsamjdk.use_async_io_write_samtools=true -Dsamjdk.use_async_io_write_tribble=false -Dsamjdk.compression_level=2 -jar /gatk/gatk-package-4.6.0.0-local.jar VariantFiltration -R /coh_labs/dits/rayyan/References/GATK_assembly38/Homo_sapiens_assembly38.fasta -V /coh_labs/dits/rayyan/Data/C083-000002/AnalysisData2/C083-000002_GermlineDNA_refine-posteriors.vcf.gz --genotype-filter-expression GQ<20 --genotype-filter-name lowGQ -O /coh_labs/dits/rayyan/Data/C083-000002/AnalysisData2/C083-000002_GermlineDNA_refine-filterlowGQ.vcf.gz
