20:50:21.031 INFO  NativeLibraryLoader - Loading libgkl_compression.so from jar:file:/gatk/gatk-package-4.6.0.0-local.jar!/com/intel/gkl/native/libgkl_compression.so
20:50:21.175 INFO  VariantRecalibrator - ------------------------------------------------------------
20:50:21.179 INFO  VariantRecalibrator - The Genome Analysis Toolkit (GATK) v4.6.0.0
20:50:21.179 INFO  VariantRecalibrator - For support and documentation go to https://software.broadinstitute.org/gatk/
20:50:21.179 INFO  VariantRecalibrator - Executing as raburajab@g-c-1-4-01 on Linux v4.18.0-305.3.1.el8_4.x86_64 amd64
20:50:21.179 INFO  VariantRecalibrator - Java runtime: OpenJDK 64-Bit Server VM v17.0.9+9-Ubuntu-122.04
20:50:21.179 INFO  VariantRecalibrator - Start Date/Time: August 1, 2024 at 8:50:20 PM GMT
20:50:21.179 INFO  VariantRecalibrator - ------------------------------------------------------------
20:50:21.179 INFO  VariantRecalibrator - ------------------------------------------------------------
20:50:21.180 INFO  VariantRecalibrator - HTSJDK Version: 4.1.1
20:50:21.180 INFO  VariantRecalibrator - Picard Version: 3.2.0
20:50:21.180 INFO  VariantRecalibrator - Built for Spark Version: 3.5.0
20:50:21.180 INFO  VariantRecalibrator - HTSJDK Defaults.COMPRESSION_LEVEL : 2
20:50:21.180 INFO  VariantRecalibrator - HTSJDK Defaults.USE_ASYNC_IO_READ_FOR_SAMTOOLS : false
20:50:21.180 INFO  VariantRecalibrator - HTSJDK Defaults.USE_ASYNC_IO_WRITE_FOR_SAMTOOLS : true
20:50:21.181 INFO  VariantRecalibrator - HTSJDK Defaults.USE_ASYNC_IO_WRITE_FOR_TRIBBLE : false
20:50:21.181 INFO  VariantRecalibrator - Deflater: IntelDeflater
20:50:21.181 INFO  VariantRecalibrator - Inflater: IntelInflater
20:50:21.181 INFO  VariantRecalibrator - GCS max retries/reopens: 20
20:50:21.181 INFO  VariantRecalibrator - Requester pays: disabled
20:50:21.181 INFO  VariantRecalibrator - Initializing engine
20:50:21.361 INFO  FeatureManager - Using codec VCFCodec to read file file:///coh_labs/dits/rayyan/References/GATK_knownvariants/hapmap_3.3.hg38.vcf.gz
20:50:21.461 INFO  FeatureManager - Using codec VCFCodec to read file file:///coh_labs/dits/rayyan/References/GATK_knownvariants/1000G_omni2.5.hg38.vcf.gz
20:50:21.565 INFO  FeatureManager - Using codec VCFCodec to read file file:///coh_labs/dits/rayyan/References/GATK_knownvariants/1000G_phase1.snps.high_confidence.hg38.vcf.gz
20:50:21.658 INFO  FeatureManager - Using codec VCFCodec to read file file:///coh_labs/dits/rayyan/References/GATK_knownvariants/Homo_sapiens_assembly38.dbsnp138.vcf
20:50:21.769 INFO  FeatureManager - Using codec VCFCodec to read file file:///coh_labs/dits/rayyan/Data/C083-000002/AnalysisData2/C083-000002_GermlineDNA_genotype.vcf.gz
20:50:21.946 INFO  VariantRecalibrator - Done initializing engine
20:50:21.950 INFO  TrainingSet - Found hapmap track: 	Known = false 	Training = true 	Truth = true 	Prior = Q15.0
20:50:21.950 INFO  TrainingSet - Found omni track: 	Known = false 	Training = true 	Truth = false 	Prior = Q12.0
20:50:21.950 INFO  TrainingSet - Found 1000G track: 	Known = false 	Training = true 	Truth = false 	Prior = Q10.0
20:50:21.950 INFO  TrainingSet - Found dbsnp track: 	Known = true 	Training = false 	Truth = false 	Prior = Q2.0
20:50:21.968 WARN  GATKVariantContextUtils - Can't determine output variant file format from output file extension "recal". Defaulting to VCF.
20:50:22.012 INFO  ProgressMeter - Starting traversal
20:50:22.013 INFO  ProgressMeter -        Current Locus  Elapsed Minutes    Variants Processed  Variants/Minute
20:50:32.653 INFO  ProgressMeter -       chr1:107617279              0.2                 14000          78962.2
20:50:42.707 INFO  ProgressMeter -       chr1:230906986              0.3                 26000          75391.5
20:50:52.982 INFO  ProgressMeter -        chr2:91597071              0.5                 37000          71686.9
20:51:03.115 INFO  ProgressMeter -       chr2:206748888              0.7                 47000          68611.5
20:51:13.175 INFO  ProgressMeter -        chr3:57503590              0.9                 58000          68020.6
20:51:23.554 INFO  ProgressMeter -       chr3:177342502              1.0                 67000          65323.4
20:51:34.700 INFO  ProgressMeter -       chr4:102630911              1.2                 79000          65211.1
20:51:45.379 INFO  ProgressMeter -        chr5:31676625              1.4                 88000          63335.9
20:51:56.459 INFO  ProgressMeter -       chr5:170427581              1.6                 98000          62257.8
20:52:07.747 INFO  ProgressMeter -       chr6:107922082              1.8                113000          64123.2
20:52:18.498 INFO  ProgressMeter -        chr7:50489100              1.9                124000          63870.9
20:52:29.396 INFO  ProgressMeter -        chr8:11532462              2.1                137000          64530.3
20:52:39.932 INFO  ProgressMeter -       chr8:130631521              2.3                146000          63515.5
20:52:50.865 INFO  ProgressMeter -       chr9:123303397              2.5                158000          63687.4
20:53:00.943 INFO  ProgressMeter -       chr10:89645075              2.6                171000          64557.1
20:53:11.154 INFO  ProgressMeter -       chr11:67396662              2.8                185000          65625.7
20:53:21.487 INFO  ProgressMeter -       chr12:46120990              3.0                198000          66193.4
20:53:31.680 INFO  ProgressMeter -       chr13:45563702              3.2                212000          67065.3
20:53:41.684 INFO  ProgressMeter -       chr14:64486215              3.3                221000          66409.2
20:53:52.098 INFO  ProgressMeter -       chr15:89285351              3.5                236000          67401.3
20:54:02.330 INFO  ProgressMeter -       chr16:87317822              3.7                250000          68084.0
20:54:13.472 INFO  ProgressMeter -       chr18:41290515              3.9                270000          69991.1
20:54:23.479 INFO  ProgressMeter -        chr20:2659842              4.0                292000          72556.8
20:54:33.721 INFO  ProgressMeter -       chr22:25336058              4.2                307000          73180.0
20:54:42.781 INFO  ProgressMeter - chrUn_KI270508v1:1382              4.3                320818          73816.9
20:54:42.781 INFO  ProgressMeter - Traversal complete. Processed 320818 total variants in 4.3 minutes.
20:54:42.807 INFO  VariantDataManager - QD: 	 mean = 23.21	 standard deviation = 7.95
20:54:42.827 INFO  VariantDataManager - MQ: 	 mean = 58.99	 standard deviation = 3.28
20:54:42.846 INFO  VariantDataManager - MQRankSum: 	 mean = -0.10	 standard deviation = 0.87
20:54:42.871 INFO  VariantDataManager - ReadPosRankSum: 	 mean = -0.02	 standard deviation = 1.00
20:54:42.895 INFO  VariantDataManager - FS: 	 mean = 0.65	 standard deviation = 2.46
20:54:42.908 INFO  VariantDataManager - SOR: 	 mean = 1.63	 standard deviation = 1.51
20:54:43.047 INFO  VariantDataManager - Annotation order is: [MQ, QD, SOR, MQRankSum, FS, ReadPosRankSum]
20:54:43.059 INFO  VariantDataManager - Training with 198147 variants after standard deviation thresholding.
20:54:43.064 INFO  GaussianMixtureModel - Initializing model with 100 k-means iterations...
20:54:49.680 INFO  VariantRecalibratorEngine - Finished iteration 0.
20:54:52.344 INFO  VariantRecalibratorEngine - Finished iteration 5. 	Current change in mixture coefficients = 0.82825
20:54:54.882 INFO  VariantRecalibratorEngine - Finished iteration 10. 	Current change in mixture coefficients = 0.16844
20:54:56.729 INFO  VariantRecalibratorEngine - Finished iteration 15. 	Current change in mixture coefficients = 0.06509
20:54:58.552 INFO  VariantRecalibratorEngine - Finished iteration 20. 	Current change in mixture coefficients = 0.02862
20:55:00.372 INFO  VariantRecalibratorEngine - Finished iteration 25. 	Current change in mixture coefficients = 0.01214
20:55:02.180 INFO  VariantRecalibratorEngine - Finished iteration 30. 	Current change in mixture coefficients = 0.00697
20:55:04.000 INFO  VariantRecalibratorEngine - Finished iteration 35. 	Current change in mixture coefficients = 0.00367
20:55:05.816 INFO  VariantRecalibratorEngine - Finished iteration 40. 	Current change in mixture coefficients = 0.00200
20:55:05.817 INFO  VariantRecalibratorEngine - Convergence after 40 iterations!
20:55:06.079 INFO  VariantRecalibratorEngine - Evaluating full set of 269034 variants...
20:55:11.056 INFO  VariantDataManager - Selected worst 14353 scoring variants --> variants with LOD <= -5.0000.
20:55:11.056 INFO  GaussianMixtureModel - Initializing model with 100 k-means iterations...
20:55:11.209 INFO  VariantRecalibratorEngine - Finished iteration 0.
20:55:11.245 INFO  VariantRecalibratorEngine - Finished iteration 5. 	Current change in mixture coefficients = 0.00192
20:55:11.245 INFO  VariantRecalibratorEngine - Convergence after 5 iterations!
20:55:11.255 INFO  VariantRecalibratorEngine - Evaluating full set of 269034 variants...
20:55:13.458 INFO  TrancheManager - Finding 4 tranches for 269034 variants
20:55:13.580 INFO  TrancheManager -   TruthSensitivityTranche threshold 100.00 => selection metric threshold 0.000
20:55:13.616 INFO  TrancheManager -   Found tranche for 100.000: 0.000 threshold starting with variant 0; running score is 0.000 
20:55:13.617 INFO  TrancheManager -   TruthSensitivityTranche is TruthSensitivityTranche targetTruthSensitivity=100.00 minVQSLod=-2070.4718 known=(246178 @ 2.4604) novel=(22856 @ 1.6162) truthSites(83509 accessible, 83509 called), name=anonymous]
20:55:13.617 INFO  TrancheManager -   TruthSensitivityTranche threshold 99.90 => selection metric threshold 0.001
20:55:13.644 INFO  TrancheManager -   Found tranche for 99.900: 0.001 threshold starting with variant 6914; running score is 0.001 
20:55:13.644 INFO  TrancheManager -   TruthSensitivityTranche is TruthSensitivityTranche targetTruthSensitivity=99.90 minVQSLod=-4.1329 known=(241917 @ 2.4700) novel=(20203 @ 1.6362) truthSites(83509 accessible, 83425 called), name=anonymous]
20:55:13.644 INFO  TrancheManager -   TruthSensitivityTranche threshold 99.00 => selection metric threshold 0.010
20:55:13.663 INFO  TrancheManager -   Found tranche for 99.000: 0.010 threshold starting with variant 22833; running score is 0.010 
20:55:13.663 INFO  TrancheManager -   TruthSensitivityTranche is TruthSensitivityTranche targetTruthSensitivity=99.00 minVQSLod=0.7720 known=(230383 @ 2.4814) novel=(15818 @ 1.6591) truthSites(83509 accessible, 82673 called), name=anonymous]
20:55:13.663 INFO  TrancheManager -   TruthSensitivityTranche threshold 90.00 => selection metric threshold 0.100
20:55:13.683 INFO  TrancheManager -   Found tranche for 90.000: 0.100 threshold starting with variant 100363; running score is 0.100 
20:55:13.683 INFO  TrancheManager -   TruthSensitivityTranche is TruthSensitivityTranche targetTruthSensitivity=90.00 minVQSLod=7.4961 known=(163714 @ 2.4251) novel=(4957 @ 1.6545) truthSites(83509 accessible, 75158 called), name=anonymous]
20:55:13.684 INFO  VariantRecalibrator - Writing out recalibration table...
20:55:14.894 INFO  VariantRecalibrator - Writing out visualization Rscript file...
20:55:14.926 INFO  VariantRecalibrator - Building MQ x QD plot...
20:55:14.928 INFO  VariantRecalibratorEngine - Evaluating full set of 3660 variants...
20:55:15.184 INFO  VariantRecalibratorEngine - Evaluating full set of 3660 variants...
20:55:15.310 INFO  VariantRecalibrator - Building MQ x SOR plot...
20:55:15.319 INFO  VariantRecalibratorEngine - Evaluating full set of 3721 variants...
20:55:15.552 INFO  VariantRecalibratorEngine - Evaluating full set of 3721 variants...
20:55:15.657 INFO  VariantRecalibrator - Building MQ x MQRankSum plot...
20:55:15.659 INFO  VariantRecalibratorEngine - Evaluating full set of 3660 variants...
20:55:15.889 INFO  VariantRecalibratorEngine - Evaluating full set of 3660 variants...
20:55:15.988 INFO  VariantRecalibrator - Building MQ x FS plot...
20:55:15.989 INFO  VariantRecalibratorEngine - Evaluating full set of 3660 variants...
20:55:16.210 INFO  VariantRecalibratorEngine - Evaluating full set of 3660 variants...
20:55:16.311 INFO  VariantRecalibrator - Building MQ x ReadPosRankSum plot...
20:55:16.312 INFO  VariantRecalibratorEngine - Evaluating full set of 3660 variants...
20:55:16.551 INFO  VariantRecalibratorEngine - Evaluating full set of 3660 variants...
20:55:16.649 INFO  VariantRecalibrator - Building QD x SOR plot...
20:55:16.649 INFO  VariantRecalibratorEngine - Evaluating full set of 3660 variants...
20:55:16.882 INFO  VariantRecalibratorEngine - Evaluating full set of 3660 variants...
20:55:16.979 INFO  VariantRecalibrator - Building QD x MQRankSum plot...
20:55:16.979 INFO  VariantRecalibratorEngine - Evaluating full set of 3600 variants...
20:55:17.205 INFO  VariantRecalibratorEngine - Evaluating full set of 3600 variants...
20:55:17.300 INFO  VariantRecalibrator - Building QD x FS plot...
20:55:17.301 INFO  VariantRecalibratorEngine - Evaluating full set of 3600 variants...
20:55:17.521 INFO  VariantRecalibratorEngine - Evaluating full set of 3600 variants...
20:55:17.616 INFO  VariantRecalibrator - Building QD x ReadPosRankSum plot...
20:55:17.617 INFO  VariantRecalibratorEngine - Evaluating full set of 3600 variants...
20:55:17.852 INFO  VariantRecalibratorEngine - Evaluating full set of 3600 variants...
20:55:17.948 INFO  VariantRecalibrator - Building SOR x MQRankSum plot...
20:55:17.948 INFO  VariantRecalibratorEngine - Evaluating full set of 3660 variants...
20:55:18.175 INFO  VariantRecalibratorEngine - Evaluating full set of 3660 variants...
20:55:18.271 INFO  VariantRecalibrator - Building SOR x FS plot...
20:55:18.272 INFO  VariantRecalibratorEngine - Evaluating full set of 3660 variants...
20:55:18.495 INFO  VariantRecalibratorEngine - Evaluating full set of 3660 variants...
20:55:18.616 INFO  VariantRecalibrator - Building SOR x ReadPosRankSum plot...
20:55:18.617 INFO  VariantRecalibratorEngine - Evaluating full set of 3660 variants...
20:55:18.850 INFO  VariantRecalibratorEngine - Evaluating full set of 3660 variants...
20:55:18.946 INFO  VariantRecalibrator - Building MQRankSum x FS plot...
20:55:18.947 INFO  VariantRecalibratorEngine - Evaluating full set of 3600 variants...
20:55:19.163 INFO  VariantRecalibratorEngine - Evaluating full set of 3600 variants...
20:55:19.284 INFO  VariantRecalibrator - Building MQRankSum x ReadPosRankSum plot...
20:55:19.285 INFO  VariantRecalibratorEngine - Evaluating full set of 3600 variants...
20:55:19.512 INFO  VariantRecalibratorEngine - Evaluating full set of 3600 variants...
20:55:19.607 INFO  VariantRecalibrator - Building FS x ReadPosRankSum plot...
20:55:19.608 INFO  VariantRecalibratorEngine - Evaluating full set of 3600 variants...
20:55:19.828 INFO  VariantRecalibratorEngine - Evaluating full set of 3600 variants...
20:55:19.928 INFO  VariantRecalibrator - Executing: Rscript /coh_labs/dits/rayyan/Data/C083-000002/AnalysisData2/C083-000002_GermlineDNA_VSQR-snp.plots.R
20:55:30.582 INFO  VariantRecalibrator - Executing: Rscript (resource)org/broadinstitute/hellbender/tools/walkers/vqsr/plot_Tranches.R /coh_labs/dits/rayyan/Data/C083-000002/AnalysisData2/C083-000002_GermlineDNA_VSQR-snp.tranches 2.15
20:55:30.946 INFO  VariantRecalibrator - Shutting down engine
[August 1, 2024 at 8:55:30 PM GMT] org.broadinstitute.hellbender.tools.walkers.vqsr.VariantRecalibrator done. Elapsed time: 5.17 minutes.
Runtime.totalMemory()=3590324224
Tool returned:
true
Using GATK jar /gatk/gatk-package-4.6.0.0-local.jar
Running:
    java -Dsamjdk.use_async_io_read_samtools=false -Dsamjdk.use_async_io_write_samtools=true -Dsamjdk.use_async_io_write_tribble=false -Dsamjdk.compression_level=2 -jar /gatk/gatk-package-4.6.0.0-local.jar VariantRecalibrator -R /coh_labs/dits/rayyan/References/GATK_assembly38/Homo_sapiens_assembly38.fasta -V /coh_labs/dits/rayyan/Data/C083-000002/AnalysisData2/C083-000002_GermlineDNA_genotype.vcf.gz --resource:hapmap,known=false,training=true,truth=true,prior=15.0 /coh_labs/dits/rayyan/References/GATK_knownvariants/hapmap_3.3.hg38.vcf.gz --resource:omni,known=false,training=true,truth=false,prior=12.0 /coh_labs/dits/rayyan/References/GATK_knownvariants/1000G_omni2.5.hg38.vcf.gz --resource:1000G,known=false,training=true,truth=false,prior=10.0 /coh_labs/dits/rayyan/References/GATK_knownvariants/1000G_phase1.snps.high_confidence.hg38.vcf.gz --resource:dbsnp,known=true,training=false,truth=false,prior=2.0 /coh_labs/dits/rayyan/References/GATK_knownvariants/Homo_sapiens_assembly38.dbsnp138.vcf -an QD -an MQ -an MQRankSum -an ReadPosRankSum -an FS -an SOR -mode SNP -O /coh_labs/dits/rayyan/Data/C083-000002/AnalysisData2/C083-000002_GermlineDNA_VSQR-snp.recal --tranches-file /coh_labs/dits/rayyan/Data/C083-000002/AnalysisData2/C083-000002_GermlineDNA_VSQR-snp.tranches --rscript-file /coh_labs/dits/rayyan/Data/C083-000002/AnalysisData2/C083-000002_GermlineDNA_VSQR-snp.plots.R
20:55:33.277 INFO  NativeLibraryLoader - Loading libgkl_compression.so from jar:file:/gatk/gatk-package-4.6.0.0-local.jar!/com/intel/gkl/native/libgkl_compression.so
20:55:33.418 INFO  VariantRecalibrator - ------------------------------------------------------------
20:55:33.421 INFO  VariantRecalibrator - The Genome Analysis Toolkit (GATK) v4.6.0.0
20:55:33.421 INFO  VariantRecalibrator - For support and documentation go to https://software.broadinstitute.org/gatk/
20:55:33.421 INFO  VariantRecalibrator - Executing as raburajab@g-c-1-4-01 on Linux v4.18.0-305.3.1.el8_4.x86_64 amd64
20:55:33.421 INFO  VariantRecalibrator - Java runtime: OpenJDK 64-Bit Server VM v17.0.9+9-Ubuntu-122.04
20:55:33.421 INFO  VariantRecalibrator - Start Date/Time: August 1, 2024 at 8:55:33 PM GMT
20:55:33.421 INFO  VariantRecalibrator - ------------------------------------------------------------
20:55:33.421 INFO  VariantRecalibrator - ------------------------------------------------------------
20:55:33.422 INFO  VariantRecalibrator - HTSJDK Version: 4.1.1
20:55:33.422 INFO  VariantRecalibrator - Picard Version: 3.2.0
20:55:33.422 INFO  VariantRecalibrator - Built for Spark Version: 3.5.0
20:55:33.422 INFO  VariantRecalibrator - HTSJDK Defaults.COMPRESSION_LEVEL : 2
20:55:33.422 INFO  VariantRecalibrator - HTSJDK Defaults.USE_ASYNC_IO_READ_FOR_SAMTOOLS : false
20:55:33.422 INFO  VariantRecalibrator - HTSJDK Defaults.USE_ASYNC_IO_WRITE_FOR_SAMTOOLS : true
20:55:33.422 INFO  VariantRecalibrator - HTSJDK Defaults.USE_ASYNC_IO_WRITE_FOR_TRIBBLE : false
20:55:33.422 INFO  VariantRecalibrator - Deflater: IntelDeflater
20:55:33.423 INFO  VariantRecalibrator - Inflater: IntelInflater
20:55:33.423 INFO  VariantRecalibrator - GCS max retries/reopens: 20
20:55:33.423 INFO  VariantRecalibrator - Requester pays: disabled
20:55:33.423 INFO  VariantRecalibrator - Initializing engine
20:55:33.594 INFO  FeatureManager - Using codec VCFCodec to read file file:///coh_labs/dits/rayyan/References/GATK_knownvariants/Mills_and_1000G_gold_standard.indels.hg38.vcf.gz
20:55:33.684 INFO  FeatureManager - Using codec VCFCodec to read file file:///coh_labs/dits/rayyan/References/GATK_knownvariants/Homo_sapiens_assembly38.dbsnp138.vcf
20:55:33.818 INFO  FeatureManager - Using codec VCFCodec to read file file:///coh_labs/dits/rayyan/Data/C083-000002/AnalysisData2/C083-000002_GermlineDNA_genotype.vcf.gz
20:55:34.016 INFO  VariantRecalibrator - Done initializing engine
20:55:34.021 INFO  TrainingSet - Found mills track: 	Known = false 	Training = true 	Truth = true 	Prior = Q12.0
20:55:34.021 INFO  TrainingSet - Found dbsnp track: 	Known = true 	Training = false 	Truth = false 	Prior = Q2.0
20:55:34.036 WARN  GATKVariantContextUtils - Can't determine output variant file format from output file extension "recal". Defaulting to VCF.
20:55:34.072 INFO  ProgressMeter - Starting traversal
20:55:34.072 INFO  ProgressMeter -        Current Locus  Elapsed Minutes    Variants Processed  Variants/Minute
20:55:44.254 INFO  ProgressMeter -        chr2:80302831              0.2                 36000         212180.7
20:55:54.295 INFO  ProgressMeter -       chr3:197589267              0.3                 70000         207694.6
20:56:04.426 INFO  ProgressMeter -         chr6:2773521              0.5                100000         197674.0
20:56:14.654 INFO  ProgressMeter -        chr8:11532462              0.7                137000         202552.9
20:56:24.802 INFO  ProgressMeter -      chr10:103585444              0.8                173000         204612.7
20:56:34.926 INFO  ProgressMeter -       chr13:45563702              1.0                212000         209028.3
20:56:44.965 INFO  ProgressMeter -        chr17:3572674              1.2                252000         213279.2
20:56:55.233 INFO  ProgressMeter -       chr21:26735659              1.4                301000         222520.7
20:56:59.557 INFO  ProgressMeter - chrUn_KI270508v1:1382              1.4                320818         225174.9
20:56:59.557 INFO  ProgressMeter - Traversal complete. Processed 320818 total variants in 1.4 minutes.
20:56:59.567 INFO  VariantDataManager - QD: 	 mean = 22.90	 standard deviation = 8.54
20:56:59.574 INFO  VariantDataManager - DP: 	 mean = 46.73	 standard deviation = 96.54
20:56:59.579 INFO  VariantDataManager - FS: 	 mean = 0.76	 standard deviation = 3.95
20:56:59.582 INFO  VariantDataManager - SOR: 	 mean = 1.79	 standard deviation = 1.58
20:56:59.587 INFO  VariantDataManager - ReadPosRankSum: 	 mean = 0.02	 standard deviation = 1.04
20:56:59.591 INFO  VariantDataManager - MQRankSum: 	 mean = -0.11	 standard deviation = 0.76
20:56:59.646 INFO  VariantDataManager - Annotation order is: [DP, QD, SOR, FS, MQRankSum, ReadPosRankSum]
20:56:59.650 INFO  VariantDataManager - Training with 20182 variants after standard deviation thresholding.
20:56:59.653 INFO  GaussianMixtureModel - Initializing model with 100 k-means iterations...
20:57:00.183 INFO  VariantRecalibratorEngine - Finished iteration 0.
20:57:00.446 INFO  VariantRecalibratorEngine - Finished iteration 5. 	Current change in mixture coefficients = 0.84808
20:57:00.643 INFO  VariantRecalibratorEngine - Finished iteration 10. 	Current change in mixture coefficients = 0.23978
20:57:00.842 INFO  VariantRecalibratorEngine - Finished iteration 15. 	Current change in mixture coefficients = 0.17111
20:57:01.040 INFO  VariantRecalibratorEngine - Finished iteration 20. 	Current change in mixture coefficients = 0.19566
20:57:01.240 INFO  VariantRecalibratorEngine - Finished iteration 25. 	Current change in mixture coefficients = 0.13331
20:57:01.440 INFO  VariantRecalibratorEngine - Finished iteration 30. 	Current change in mixture coefficients = 0.01963
20:57:01.643 INFO  VariantRecalibratorEngine - Finished iteration 35. 	Current change in mixture coefficients = 0.01908
20:57:01.843 INFO  VariantRecalibratorEngine - Finished iteration 40. 	Current change in mixture coefficients = 0.01545
20:57:02.033 INFO  VariantRecalibratorEngine - Finished iteration 45. 	Current change in mixture coefficients = 0.00590
20:57:02.192 INFO  VariantRecalibratorEngine - Convergence after 49 iterations!
20:57:02.240 INFO  VariantRecalibratorEngine - Evaluating full set of 51784 variants...
20:57:03.116 INFO  VariantDataManager - Selected worst 2347 scoring variants --> variants with LOD <= -5.0000.
20:57:03.116 INFO  GaussianMixtureModel - Initializing model with 100 k-means iterations...
20:57:03.130 INFO  VariantRecalibratorEngine - Finished iteration 0.
20:57:03.136 INFO  VariantRecalibratorEngine - Finished iteration 5. 	Current change in mixture coefficients = 0.04282
20:57:03.141 INFO  VariantRecalibratorEngine - Finished iteration 10. 	Current change in mixture coefficients = 0.04008
20:57:03.147 INFO  VariantRecalibratorEngine - Finished iteration 15. 	Current change in mixture coefficients = 0.03964
20:57:03.152 INFO  VariantRecalibratorEngine - Finished iteration 20. 	Current change in mixture coefficients = 0.03213
20:57:03.158 INFO  VariantRecalibratorEngine - Finished iteration 25. 	Current change in mixture coefficients = 0.00880
20:57:03.161 INFO  VariantRecalibratorEngine - Convergence after 28 iterations!
20:57:03.165 INFO  VariantRecalibratorEngine - Evaluating full set of 51784 variants...
20:57:03.562 INFO  TrancheManager - Finding 4 tranches for 51784 variants
20:57:03.588 INFO  TrancheManager -   TruthSensitivityTranche threshold 100.00 => selection metric threshold 0.000
20:57:03.595 INFO  TrancheManager -   Found tranche for 100.000: 0.000 threshold starting with variant 0; running score is 0.000 
20:57:03.595 INFO  TrancheManager -   TruthSensitivityTranche is TruthSensitivityTranche targetTruthSensitivity=100.00 minVQSLod=-100.3164 known=(42372 @ 0.0000) novel=(9412 @ 0.0000) truthSites(20249 accessible, 20249 called), name=anonymous]
20:57:03.596 INFO  TrancheManager -   TruthSensitivityTranche threshold 99.90 => selection metric threshold 0.001
20:57:03.600 INFO  TrancheManager -   Found tranche for 99.900: 0.001 threshold starting with variant 930; running score is 0.001 
20:57:03.600 INFO  TrancheManager -   TruthSensitivityTranche is TruthSensitivityTranche targetTruthSensitivity=99.90 minVQSLod=-1.9563 known=(41923 @ 0.0000) novel=(8931 @ 0.0000) truthSites(20249 accessible, 20228 called), name=anonymous]
20:57:03.600 INFO  TrancheManager -   TruthSensitivityTranche threshold 99.00 => selection metric threshold 0.010
20:57:03.603 INFO  TrancheManager -   Found tranche for 99.000: 0.010 threshold starting with variant 2442; running score is 0.010 
20:57:03.603 INFO  TrancheManager -   TruthSensitivityTranche is TruthSensitivityTranche targetTruthSensitivity=99.00 minVQSLod=-0.3841 known=(40958 @ 0.0000) novel=(8384 @ 0.0000) truthSites(20249 accessible, 20046 called), name=anonymous]
20:57:03.603 INFO  TrancheManager -   TruthSensitivityTranche threshold 90.00 => selection metric threshold 0.100
20:57:03.606 INFO  TrancheManager -   Found tranche for 90.000: 0.100 threshold starting with variant 11746; running score is 0.100 
20:57:03.606 INFO  TrancheManager -   TruthSensitivityTranche is TruthSensitivityTranche targetTruthSensitivity=90.00 minVQSLod=3.8398 known=(33998 @ 0.0000) novel=(6040 @ 0.0000) truthSites(20249 accessible, 18224 called), name=anonymous]
20:57:03.606 INFO  VariantRecalibrator - Writing out recalibration table...
20:57:03.978 INFO  VariantRecalibrator - Writing out visualization Rscript file...
20:57:03.993 INFO  VariantRecalibrator - Building DP x QD plot...
20:57:03.996 INFO  VariantRecalibratorEngine - Evaluating full set of 3600 variants...
20:57:04.239 INFO  VariantRecalibratorEngine - Evaluating full set of 3600 variants...
20:57:04.354 INFO  VariantRecalibrator - Building DP x SOR plot...
20:57:04.356 INFO  VariantRecalibratorEngine - Evaluating full set of 3660 variants...
20:57:04.595 INFO  VariantRecalibratorEngine - Evaluating full set of 3660 variants...
20:57:04.708 INFO  VariantRecalibrator - Building DP x FS plot...
20:57:04.710 INFO  VariantRecalibratorEngine - Evaluating full set of 3600 variants...
20:57:04.939 INFO  VariantRecalibratorEngine - Evaluating full set of 3600 variants...
20:57:05.048 INFO  VariantRecalibrator - Building DP x MQRankSum plot...
20:57:05.048 INFO  VariantRecalibratorEngine - Evaluating full set of 3600 variants...
20:57:05.276 INFO  VariantRecalibratorEngine - Evaluating full set of 3600 variants...
20:57:05.374 INFO  VariantRecalibrator - Building DP x ReadPosRankSum plot...
20:57:05.375 INFO  VariantRecalibratorEngine - Evaluating full set of 3600 variants...
20:57:05.609 INFO  VariantRecalibratorEngine - Evaluating full set of 3600 variants...
20:57:05.708 INFO  VariantRecalibrator - Building QD x SOR plot...
20:57:05.708 INFO  VariantRecalibratorEngine - Evaluating full set of 3660 variants...
20:57:05.947 INFO  VariantRecalibratorEngine - Evaluating full set of 3660 variants...
20:57:06.047 INFO  VariantRecalibrator - Building QD x FS plot...
20:57:06.047 INFO  VariantRecalibratorEngine - Evaluating full set of 3600 variants...
20:57:06.286 INFO  VariantRecalibratorEngine - Evaluating full set of 3600 variants...
20:57:06.385 INFO  VariantRecalibrator - Building QD x MQRankSum plot...
20:57:06.385 INFO  VariantRecalibratorEngine - Evaluating full set of 3600 variants...
20:57:06.614 INFO  VariantRecalibratorEngine - Evaluating full set of 3600 variants...
20:57:06.712 INFO  VariantRecalibrator - Building QD x ReadPosRankSum plot...
20:57:06.712 INFO  VariantRecalibratorEngine - Evaluating full set of 3600 variants...
20:57:06.949 INFO  VariantRecalibratorEngine - Evaluating full set of 3600 variants...
20:57:07.047 INFO  VariantRecalibrator - Building SOR x FS plot...
20:57:07.048 INFO  VariantRecalibratorEngine - Evaluating full set of 3660 variants...
20:57:07.278 INFO  VariantRecalibratorEngine - Evaluating full set of 3660 variants...
20:57:07.380 INFO  VariantRecalibrator - Building SOR x MQRankSum plot...
20:57:07.380 INFO  VariantRecalibratorEngine - Evaluating full set of 3660 variants...
20:57:07.612 INFO  VariantRecalibratorEngine - Evaluating full set of 3660 variants...
20:57:07.710 INFO  VariantRecalibrator - Building SOR x ReadPosRankSum plot...
20:57:07.711 INFO  VariantRecalibratorEngine - Evaluating full set of 3660 variants...
20:57:07.960 INFO  VariantRecalibratorEngine - Evaluating full set of 3660 variants...
20:57:08.064 INFO  VariantRecalibrator - Building FS x MQRankSum plot...
20:57:08.065 INFO  VariantRecalibratorEngine - Evaluating full set of 3600 variants...
20:57:08.295 INFO  VariantRecalibratorEngine - Evaluating full set of 3600 variants...
20:57:08.393 INFO  VariantRecalibrator - Building FS x ReadPosRankSum plot...
20:57:08.393 INFO  VariantRecalibratorEngine - Evaluating full set of 3600 variants...
20:57:08.621 INFO  VariantRecalibratorEngine - Evaluating full set of 3600 variants...
20:57:08.719 INFO  VariantRecalibrator - Building MQRankSum x ReadPosRankSum plot...
20:57:08.719 INFO  VariantRecalibratorEngine - Evaluating full set of 3600 variants...
20:57:08.947 INFO  VariantRecalibratorEngine - Evaluating full set of 3600 variants...
20:57:09.050 INFO  VariantRecalibrator - Executing: Rscript /coh_labs/dits/rayyan/Data/C083-000002/AnalysisData2/C083-000002_GermlineDNA_VSQR-indel.plots.R
20:57:19.789 INFO  VariantRecalibrator - Tranches plot will not be generated since we are running in INDEL mode
20:57:19.881 INFO  VariantRecalibrator - Shutting down engine
[August 1, 2024 at 8:57:19 PM GMT] org.broadinstitute.hellbender.tools.walkers.vqsr.VariantRecalibrator done. Elapsed time: 1.78 minutes.
Runtime.totalMemory()=2013265920
Tool returned:
true
Using GATK jar /gatk/gatk-package-4.6.0.0-local.jar
Running:
    java -Dsamjdk.use_async_io_read_samtools=false -Dsamjdk.use_async_io_write_samtools=true -Dsamjdk.use_async_io_write_tribble=false -Dsamjdk.compression_level=2 -jar /gatk/gatk-package-4.6.0.0-local.jar VariantRecalibrator -R /coh_labs/dits/rayyan/References/GATK_assembly38/Homo_sapiens_assembly38.fasta -V /coh_labs/dits/rayyan/Data/C083-000002/AnalysisData2/C083-000002_GermlineDNA_genotype.vcf.gz --resource:mills,known=false,training=true,truth=true,prior=12.0 /coh_labs/dits/rayyan/References/GATK_knownvariants/Mills_and_1000G_gold_standard.indels.hg38.vcf.gz --resource:dbsnp,known=true,training=false,truth=false,prior=2.0 /coh_labs/dits/rayyan/References/GATK_knownvariants/Homo_sapiens_assembly38.dbsnp138.vcf -an QD -an DP -an FS -an SOR -an ReadPosRankSum -an MQRankSum -mode INDEL -O /coh_labs/dits/rayyan/Data/C083-000002/AnalysisData2/C083-000002_GermlineDNA_VSQR-indel.recal --tranches-file /coh_labs/dits/rayyan/Data/C083-000002/AnalysisData2/C083-000002_GermlineDNA_VSQR-indel.tranches --rscript-file /coh_labs/dits/rayyan/Data/C083-000002/AnalysisData2/C083-000002_GermlineDNA_VSQR-indel.plots.R
