21:35:44.568 INFO  NativeLibraryLoader - Loading libgkl_compression.so from jar:file:/gatk/gatk-package-4.6.0.0-local.jar!/com/intel/gkl/native/libgkl_compression.so
21:35:44.699 INFO  VariantAnnotator - ------------------------------------------------------------
21:35:44.702 INFO  VariantAnnotator - The Genome Analysis Toolkit (GATK) v4.6.0.0
21:35:44.702 INFO  VariantAnnotator - For support and documentation go to https://software.broadinstitute.org/gatk/
21:35:44.702 INFO  VariantAnnotator - Executing as raburajab@g-h-1-8-03 on Linux v4.18.0-305.3.1.el8_4.x86_64 amd64
21:35:44.702 INFO  VariantAnnotator - Java runtime: OpenJDK 64-Bit Server VM v17.0.9+9-Ubuntu-122.04
21:35:44.702 INFO  VariantAnnotator - Start Date/Time: August 2, 2024 at 9:35:44 PM GMT
21:35:44.702 INFO  VariantAnnotator - ------------------------------------------------------------
21:35:44.702 INFO  VariantAnnotator - ------------------------------------------------------------
21:35:44.703 INFO  VariantAnnotator - HTSJDK Version: 4.1.1
21:35:44.703 INFO  VariantAnnotator - Picard Version: 3.2.0
21:35:44.703 INFO  VariantAnnotator - Built for Spark Version: 3.5.0
21:35:44.703 INFO  VariantAnnotator - HTSJDK Defaults.COMPRESSION_LEVEL : 2
21:35:44.703 INFO  VariantAnnotator - HTSJDK Defaults.USE_ASYNC_IO_READ_FOR_SAMTOOLS : false
21:35:44.703 INFO  VariantAnnotator - HTSJDK Defaults.USE_ASYNC_IO_WRITE_FOR_SAMTOOLS : true
21:35:44.703 INFO  VariantAnnotator - HTSJDK Defaults.USE_ASYNC_IO_WRITE_FOR_TRIBBLE : false
21:35:44.703 INFO  VariantAnnotator - Deflater: IntelDeflater
21:35:44.704 INFO  VariantAnnotator - Inflater: IntelInflater
21:35:44.704 INFO  VariantAnnotator - GCS max retries/reopens: 20
21:35:44.704 INFO  VariantAnnotator - Requester pays: disabled
21:35:44.704 INFO  VariantAnnotator - Initializing engine
21:35:44.873 INFO  FeatureManager - Using codec VCFCodec to read file file:///coh_labs/dits/rayyan/Data/C083-000002/AnalysisData2/C083-000002_GermlineDNA_refine-filterlowGQ.vcf.gz
21:35:45.026 INFO  VariantAnnotator - Done initializing engine
21:35:45.084 INFO  ProgressMeter - Starting traversal
21:35:45.085 INFO  ProgressMeter -        Current Locus  Elapsed Minutes    Variants Processed  Variants/Minute
21:35:55.143 INFO  ProgressMeter -        chr8:98190359              0.2                144000         859188.5
21:36:05.220 INFO  ProgressMeter -       chr20:38895843              0.3                296000         882046.2
21:36:09.190 INFO  ProgressMeter - chrUn_KI270519v1:80044              0.4                320806         798521.5
21:36:09.190 INFO  ProgressMeter - Traversal complete. Processed 320806 total variants in 0.4 minutes.
21:36:09.460 INFO  VariantAnnotator - Shutting down engine
[August 2, 2024 at 9:36:09 PM GMT] org.broadinstitute.hellbender.tools.walkers.annotator.VariantAnnotator done. Elapsed time: 0.42 minutes.
Runtime.totalMemory()=1224736768
Using GATK jar /gatk/gatk-package-4.6.0.0-local.jar
Running:
    java -Dsamjdk.use_async_io_read_samtools=false -Dsamjdk.use_async_io_write_samtools=true -Dsamjdk.use_async_io_write_tribble=false -Dsamjdk.compression_level=2 -jar /gatk/gatk-package-4.6.0.0-local.jar VariantAnnotator -R /coh_labs/dits/rayyan/References/GATK_assembly38/Homo_sapiens_assembly38.fasta -V /coh_labs/dits/rayyan/Data/C083-000002/AnalysisData2/C083-000002_GermlineDNA_refine-filterlowGQ.vcf.gz -O /coh_labs/dits/rayyan/Data/C083-000002/AnalysisData2/C083-000002_GermlineDNA_refine-annotate-denovo.vcf -A PossibleDeNovo
