20:39:31.549 INFO  NativeLibraryLoader - Loading libgkl_compression.so from jar:file:/gatk/gatk-package-4.6.0.0-local.jar!/com/intel/gkl/native/libgkl_compression.so
20:39:31.679 INFO  CalculateGenotypePosteriors - ------------------------------------------------------------
20:39:31.682 INFO  CalculateGenotypePosteriors - The Genome Analysis Toolkit (GATK) v4.6.0.0
20:39:31.683 INFO  CalculateGenotypePosteriors - For support and documentation go to https://software.broadinstitute.org/gatk/
20:39:31.683 INFO  CalculateGenotypePosteriors - Executing as raburajab@g-c-1-7-23 on Linux v4.18.0-305.3.1.el8_4.x86_64 amd64
20:39:31.683 INFO  CalculateGenotypePosteriors - Java runtime: OpenJDK 64-Bit Server VM v17.0.9+9-Ubuntu-122.04
20:39:31.683 INFO  CalculateGenotypePosteriors - Start Date/Time: August 2, 2024 at 8:39:31 PM GMT
20:39:31.683 INFO  CalculateGenotypePosteriors - ------------------------------------------------------------
20:39:31.683 INFO  CalculateGenotypePosteriors - ------------------------------------------------------------
20:39:31.683 INFO  CalculateGenotypePosteriors - HTSJDK Version: 4.1.1
20:39:31.684 INFO  CalculateGenotypePosteriors - Picard Version: 3.2.0
20:39:31.684 INFO  CalculateGenotypePosteriors - Built for Spark Version: 3.5.0
20:39:31.684 INFO  CalculateGenotypePosteriors - HTSJDK Defaults.COMPRESSION_LEVEL : 2
20:39:31.684 INFO  CalculateGenotypePosteriors - HTSJDK Defaults.USE_ASYNC_IO_READ_FOR_SAMTOOLS : false
20:39:31.684 INFO  CalculateGenotypePosteriors - HTSJDK Defaults.USE_ASYNC_IO_WRITE_FOR_SAMTOOLS : true
20:39:31.684 INFO  CalculateGenotypePosteriors - HTSJDK Defaults.USE_ASYNC_IO_WRITE_FOR_TRIBBLE : false
20:39:31.684 INFO  CalculateGenotypePosteriors - Deflater: IntelDeflater
20:39:31.684 INFO  CalculateGenotypePosteriors - Inflater: IntelInflater
20:39:31.684 INFO  CalculateGenotypePosteriors - GCS max retries/reopens: 20
20:39:31.684 INFO  CalculateGenotypePosteriors - Requester pays: disabled
20:39:31.685 INFO  CalculateGenotypePosteriors - Initializing engine
20:39:31.757 INFO  FeatureManager - Using codec VCFCodec to read file file:///coh_labs/dits/rayyan/References/GATK_knownvariants/1000G_phase3_v4_20130502.sites.hg38.vcf
20:39:31.882 INFO  FeatureManager - Using codec VCFCodec to read file file:///coh_labs/dits/rayyan/Data/C083-000002/AnalysisData2/C083-000002_GermlineDNA_filteredvariants.vcf
20:39:31.975 INFO  CalculateGenotypePosteriors - Done initializing engine
20:39:31.987 WARN  CalculateGenotypePosteriors - No PED file passed or no *non-skipped* trios found in PED file. Skipping family priors.
20:39:32.021 INFO  ProgressMeter - Starting traversal
20:39:32.021 INFO  ProgressMeter -        Current Locus  Elapsed Minutes    Variants Processed  Variants/Minute
20:39:42.047 INFO  ProgressMeter -        chr2:16024982              0.2                 30000         179587.0
20:39:52.207 INFO  ProgressMeter -        chr3:37417843              0.3                 55000         163487.7
20:40:02.582 INFO  ProgressMeter -       chr4:118689648              0.5                 80000         157068.1
20:40:12.613 INFO  ProgressMeter -        chr6:21108280              0.7                102000         150768.6
20:40:22.618 INFO  ProgressMeter -       chr7:109304686              0.8                131000         155348.2
20:40:32.747 INFO  ProgressMeter -        chr9:85893865              1.0                154000         152161.4
20:40:42.776 INFO  ProgressMeter -       chr11:63164012              1.2                184000         156031.4
20:40:53.151 INFO  ProgressMeter -       chr13:81882397              1.4                214000         158266.5
20:41:03.269 INFO  ProgressMeter -       chr16:55820602              1.5                245000         161099.4
20:41:13.287 INFO  ProgressMeter -       chr19:41025463              1.7                284000         168269.7
20:41:20.157 INFO  ProgressMeter - chrUn_KI270519v1:80044              1.8                320806         178001.4
20:41:20.157 INFO  ProgressMeter - Traversal complete. Processed 320806 total variants in 1.8 minutes.
20:41:20.205 INFO  CalculateGenotypePosteriors - Shutting down engine
[August 2, 2024 at 8:41:20 PM GMT] org.broadinstitute.hellbender.tools.walkers.variantutils.CalculateGenotypePosteriors done. Elapsed time: 1.81 minutes.
Runtime.totalMemory()=1459617792
Using GATK jar /gatk/gatk-package-4.6.0.0-local.jar
Running:
    java -Dsamjdk.use_async_io_read_samtools=false -Dsamjdk.use_async_io_write_samtools=true -Dsamjdk.use_async_io_write_tribble=false -Dsamjdk.compression_level=2 -jar /gatk/gatk-package-4.6.0.0-local.jar CalculateGenotypePosteriors -V /coh_labs/dits/rayyan/Data/C083-000002/AnalysisData2/C083-000002_GermlineDNA_filteredvariants.vcf -O /coh_labs/dits/rayyan/Data/C083-000002/AnalysisData2/C083-000002_GermlineDNA_refine-posteriors.vcf.gz -supporting /coh_labs/dits/rayyan/References/GATK_knownvariants/1000G_phase3_v4_20130502.sites.hg38.vcf
