04:12:48.035 INFO  NativeLibraryLoader - Loading libgkl_compression.so from jar:file:/gatk/gatk-package-4.6.0.0-local.jar!/com/intel/gkl/native/libgkl_compression.so
[Thu Aug 08 04:12:48 GMT 2024] SplitVcfs --INPUT /coh_labs/dits/rayyan/Data/C083-000002/AnalysisData_germline/C083-000002_GermlineDNA_funcotator.vcf --SNP_OUTPUT /coh_labs/dits/rayyan/Data/C083-000002/AnalysisData_germline/C083-000002_GermlineDNA_func_splitSNP.vcf --INDEL_OUTPUT /coh_labs/dits/rayyan/Data/C083-000002/AnalysisData_germline/C083-000002_GermlineDNA_func_splitINDEL.vcf --STRICT false --VERBOSITY INFO --QUIET false --VALIDATION_STRINGENCY STRICT --COMPRESSION_LEVEL 2 --MAX_RECORDS_IN_RAM 500000 --CREATE_INDEX true --CREATE_MD5_FILE false --help false --version false --showHidden false --USE_JDK_DEFLATER false --USE_JDK_INFLATER false
[Thu Aug 08 04:12:48 GMT 2024] Executing as raburajab@g-h-1-8-09 on Linux 4.18.0-305.3.1.el8_4.x86_64 amd64; OpenJDK 64-Bit Server VM 17.0.9+9-Ubuntu-122.04; Deflater: Intel; Inflater: Intel; Provider GCS is available; Picard version: Version:4.6.0.0
INFO	2024-08-08 04:12:48	SplitVcfs	Processed        10,000 records.  Elapsed time: 00:00:00s.  Time for last 10,000:    0s.  Last read position: chr1:54,612,300
INFO	2024-08-08 04:12:48	SplitVcfs	Processed        20,000 records.  Elapsed time: 00:00:00s.  Time for last 10,000:    0s.  Last read position: chr1:173,885,521
INFO	2024-08-08 04:12:48	SplitVcfs	Processed        30,000 records.  Elapsed time: 00:00:00s.  Time for last 10,000:    0s.  Last read position: chr2:16,024,982
INFO	2024-08-08 04:12:49	SplitVcfs	Processed        40,000 records.  Elapsed time: 00:00:00s.  Time for last 10,000:    0s.  Last read position: chr2:122,701,532
INFO	2024-08-08 04:12:49	SplitVcfs	Processed        50,000 records.  Elapsed time: 00:00:00s.  Time for last 10,000:    0s.  Last read position: chr2:232,847,339
INFO	2024-08-08 04:12:49	SplitVcfs	Processed        60,000 records.  Elapsed time: 00:00:01s.  Time for last 10,000:    0s.  Last read position: chr3:89,472,681
INFO	2024-08-08 04:12:49	SplitVcfs	Processed        70,000 records.  Elapsed time: 00:00:01s.  Time for last 10,000:    0s.  Last read position: chr3:197,599,835
INFO	2024-08-08 04:12:49	SplitVcfs	Processed        80,000 records.  Elapsed time: 00:00:01s.  Time for last 10,000:    0s.  Last read position: chr4:118,689,648
INFO	2024-08-08 04:12:49	SplitVcfs	Processed        90,000 records.  Elapsed time: 00:00:01s.  Time for last 10,000:    0s.  Last read position: chr5:57,423,407
INFO	2024-08-08 04:12:49	SplitVcfs	Processed       100,000 records.  Elapsed time: 00:00:01s.  Time for last 10,000:    0s.  Last read position: chr6:2,779,648
INFO	2024-08-08 04:12:49	SplitVcfs	Processed       110,000 records.  Elapsed time: 00:00:01s.  Time for last 10,000:    0s.  Last read position: chr6:57,602,060
INFO	2024-08-08 04:12:49	SplitVcfs	Processed       120,000 records.  Elapsed time: 00:00:01s.  Time for last 10,000:    0s.  Last read position: chr7:6,520,900
INFO	2024-08-08 04:12:50	SplitVcfs	Processed       130,000 records.  Elapsed time: 00:00:01s.  Time for last 10,000:    0s.  Last read position: chr7:101,476,847
INFO	2024-08-08 04:12:50	SplitVcfs	Processed       140,000 records.  Elapsed time: 00:00:01s.  Time for last 10,000:    0s.  Last read position: chr8:37,742,502
INFO	2024-08-08 04:12:50	SplitVcfs	Processed       150,000 records.  Elapsed time: 00:00:01s.  Time for last 10,000:    0s.  Last read position: chr9:27,117,028
INFO	2024-08-08 04:12:50	SplitVcfs	Processed       160,000 records.  Elapsed time: 00:00:02s.  Time for last 10,000:    0s.  Last read position: chr9:132,242,354
INFO	2024-08-08 04:12:50	SplitVcfs	Processed       170,000 records.  Elapsed time: 00:00:02s.  Time for last 10,000:    0s.  Last read position: chr10:78,086,161
INFO	2024-08-08 04:12:50	SplitVcfs	Processed       180,000 records.  Elapsed time: 00:00:02s.  Time for last 10,000:    0s.  Last read position: chr11:19,165,279
INFO	2024-08-08 04:12:50	SplitVcfs	Processed       190,000 records.  Elapsed time: 00:00:02s.  Time for last 10,000:    0s.  Last read position: chr11:118,408,930
INFO	2024-08-08 04:12:50	SplitVcfs	Processed       200,000 records.  Elapsed time: 00:00:02s.  Time for last 10,000:    0s.  Last read position: chr12:55,906,751
INFO	2024-08-08 04:12:50	SplitVcfs	Processed       210,000 records.  Elapsed time: 00:00:02s.  Time for last 10,000:    0s.  Last read position: chr13:27,351,165
INFO	2024-08-08 04:12:50	SplitVcfs	Processed       220,000 records.  Elapsed time: 00:00:02s.  Time for last 10,000:    0s.  Last read position: chr14:52,798,353
INFO	2024-08-08 04:12:50	SplitVcfs	Processed       230,000 records.  Elapsed time: 00:00:02s.  Time for last 10,000:    0s.  Last read position: chr15:42,539,368
INFO	2024-08-08 04:12:51	SplitVcfs	Processed       240,000 records.  Elapsed time: 00:00:02s.  Time for last 10,000:    0s.  Last read position: chr16:8,644,784
INFO	2024-08-08 04:12:51	SplitVcfs	Processed       250,000 records.  Elapsed time: 00:00:02s.  Time for last 10,000:    0s.  Last read position: chr16:87,392,391
INFO	2024-08-08 04:12:51	SplitVcfs	Processed       260,000 records.  Elapsed time: 00:00:03s.  Time for last 10,000:    0s.  Last read position: chr17:46,014,357
INFO	2024-08-08 04:12:51	SplitVcfs	Processed       270,000 records.  Elapsed time: 00:00:03s.  Time for last 10,000:    0s.  Last read position: chr18:41,874,627
INFO	2024-08-08 04:12:51	SplitVcfs	Processed       280,000 records.  Elapsed time: 00:00:03s.  Time for last 10,000:    0s.  Last read position: chr19:17,221,249
INFO	2024-08-08 04:12:51	SplitVcfs	Processed       290,000 records.  Elapsed time: 00:00:03s.  Time for last 10,000:    0s.  Last read position: chr19:55,139,186
INFO	2024-08-08 04:12:51	SplitVcfs	Processed       300,000 records.  Elapsed time: 00:00:03s.  Time for last 10,000:    0s.  Last read position: chr21:10,756,097
INFO	2024-08-08 04:12:51	SplitVcfs	Processed       310,000 records.  Elapsed time: 00:00:03s.  Time for last 10,000:    0s.  Last read position: chr22:42,001,465
INFO	2024-08-08 04:12:51	SplitVcfs	Processed       320,000 records.  Elapsed time: 00:00:03s.  Time for last 10,000:    0s.  Last read position: chrUn_KI270519v1:80,044
[Thu Aug 08 04:12:52 GMT 2024] picard.vcf.SplitVcfs done. Elapsed time: 0.07 minutes.
Runtime.totalMemory()=1493172224
Tool returned:
0
Using GATK jar /gatk/gatk-package-4.6.0.0-local.jar
Running:
    java -Dsamjdk.use_async_io_read_samtools=false -Dsamjdk.use_async_io_write_samtools=true -Dsamjdk.use_async_io_write_tribble=false -Dsamjdk.compression_level=2 -jar /gatk/gatk-package-4.6.0.0-local.jar SplitVcfs -I /coh_labs/dits/rayyan/Data/C083-000002/AnalysisData_germline/C083-000002_GermlineDNA_funcotator.vcf -SNP_OUTPUT /coh_labs/dits/rayyan/Data/C083-000002/AnalysisData_germline/C083-000002_GermlineDNA_func_splitSNP.vcf -INDEL_OUTPUT /coh_labs/dits/rayyan/Data/C083-000002/AnalysisData_germline/C083-000002_GermlineDNA_func_splitINDEL.vcf -STRICT false
