22:48:28.515 INFO  NativeLibraryLoader - Loading libgkl_compression.so from jar:file:/gatk/gatk-package-4.6.0.0-local.jar!/com/intel/gkl/native/libgkl_compression.so
22:48:28.650 INFO  VariantAnnotator - ------------------------------------------------------------
22:48:28.653 INFO  VariantAnnotator - The Genome Analysis Toolkit (GATK) v4.6.0.0
22:48:28.653 INFO  VariantAnnotator - For support and documentation go to https://software.broadinstitute.org/gatk/
22:48:28.653 INFO  VariantAnnotator - Executing as raburajab@g-c-1-4-01 on Linux v4.18.0-305.3.1.el8_4.x86_64 amd64
22:48:28.653 INFO  VariantAnnotator - Java runtime: OpenJDK 64-Bit Server VM v17.0.9+9-Ubuntu-122.04
22:48:28.654 INFO  VariantAnnotator - Start Date/Time: August 8, 2024 at 10:48:28 PM GMT
22:48:28.654 INFO  VariantAnnotator - ------------------------------------------------------------
22:48:28.654 INFO  VariantAnnotator - ------------------------------------------------------------
22:48:28.654 INFO  VariantAnnotator - HTSJDK Version: 4.1.1
22:48:28.654 INFO  VariantAnnotator - Picard Version: 3.2.0
22:48:28.654 INFO  VariantAnnotator - Built for Spark Version: 3.5.0
22:48:28.654 INFO  VariantAnnotator - HTSJDK Defaults.COMPRESSION_LEVEL : 2
22:48:28.654 INFO  VariantAnnotator - HTSJDK Defaults.USE_ASYNC_IO_READ_FOR_SAMTOOLS : false
22:48:28.655 INFO  VariantAnnotator - HTSJDK Defaults.USE_ASYNC_IO_WRITE_FOR_SAMTOOLS : true
22:48:28.655 INFO  VariantAnnotator - HTSJDK Defaults.USE_ASYNC_IO_WRITE_FOR_TRIBBLE : false
22:48:28.655 INFO  VariantAnnotator - Deflater: IntelDeflater
22:48:28.655 INFO  VariantAnnotator - Inflater: IntelInflater
22:48:28.655 INFO  VariantAnnotator - GCS max retries/reopens: 20
22:48:28.655 INFO  VariantAnnotator - Requester pays: disabled
22:48:28.655 INFO  VariantAnnotator - Initializing engine
22:48:28.853 INFO  FeatureManager - Using codec VCFCodec to read file file:///coh_labs/dits/rayyan/References/GATK_knownvariants/Homo_sapiens_assembly38.dbsnp138.vcf
22:48:29.273 INFO  FeatureManager - Using codec VCFCodec to read file file:///coh_labs/dits/rayyan/Data/C083-000002/AnalysisData_germline/C083-000002_GermlineDNA_func_splitSNP.vcf
22:48:29.423 INFO  VariantAnnotator - Done initializing engine
22:48:29.474 INFO  ProgressMeter - Starting traversal
22:48:29.475 INFO  ProgressMeter -        Current Locus  Elapsed Minutes    Variants Processed  Variants/Minute
22:48:40.236 INFO  ProgressMeter -       chr1:193105241              0.2                 18000         100390.4
22:48:50.732 INFO  ProgressMeter -        chr2:65069523              0.4                 29000          81859.2
22:49:01.043 INFO  ProgressMeter -       chr2:216716003              0.5                 40000          76026.4
22:49:11.395 INFO  ProgressMeter -       chr3:121902535              0.7                 52000          74427.5
22:49:21.641 INFO  ProgressMeter -       chr4:140886051              0.9                 68000          78211.9
22:49:32.023 INFO  ProgressMeter -       chr5:180297178              1.0                 83000          79618.9
22:49:42.157 INFO  ProgressMeter -        chr7:30467764              1.2                102000          84202.4
22:49:52.914 INFO  ProgressMeter -        chr8:94678351              1.4                120000          86290.6
22:50:03.468 INFO  ProgressMeter -       chr10:38686239              1.6                139000          88730.0
22:50:13.846 INFO  ProgressMeter -      chr11:117315357              1.7                159000          91404.7
22:50:24.234 INFO  ProgressMeter -       chr13:80456705              1.9                179000          93587.4
22:50:34.506 INFO  ProgressMeter -       chr15:93034360              2.1                198000          95016.4
22:50:44.574 INFO  ProgressMeter -        chr18:9440148              2.3                224000          99482.6
22:50:54.602 INFO  ProgressMeter -       chr21:10270320              2.4                251000         103771.2
22:51:02.829 INFO  ProgressMeter - chrUn_JTFH01000017v1_decoy:869              2.6                269030         105258.4
22:51:02.829 INFO  ProgressMeter - Traversal complete. Processed 269030 total variants in 2.6 minutes.
22:51:03.016 INFO  VariantAnnotator - Shutting down engine
[August 8, 2024 at 10:51:03 PM GMT] org.broadinstitute.hellbender.tools.walkers.annotator.VariantAnnotator done. Elapsed time: 2.58 minutes.
Runtime.totalMemory()=1879048192
Using GATK jar /gatk/gatk-package-4.6.0.0-local.jar
Running:
    java -Dsamjdk.use_async_io_read_samtools=false -Dsamjdk.use_async_io_write_samtools=true -Dsamjdk.use_async_io_write_tribble=false -Dsamjdk.compression_level=2 -jar /gatk/gatk-package-4.6.0.0-local.jar VariantAnnotator -V /coh_labs/dits/rayyan/Data/C083-000002/AnalysisData_germline/C083-000002_GermlineDNA_func_splitSNP.vcf -reference /coh_labs/dits/rayyan/References/GATK_assembly38/Homo_sapiens_assembly38.fasta -O /coh_labs/dits/rayyan/Data/C083-000002/AnalysisData_germline/C083-000002_GermlineDNA_func_splitSNP-dbsnp.vcf -dbsnp /coh_labs/dits/rayyan/References/GATK_knownvariants/Homo_sapiens_assembly38.dbsnp138.vcf
22:51:05.038 INFO  NativeLibraryLoader - Loading libgkl_compression.so from jar:file:/gatk/gatk-package-4.6.0.0-local.jar!/com/intel/gkl/native/libgkl_compression.so
22:51:05.170 INFO  VariantAnnotator - ------------------------------------------------------------
22:51:05.174 INFO  VariantAnnotator - The Genome Analysis Toolkit (GATK) v4.6.0.0
22:51:05.174 INFO  VariantAnnotator - For support and documentation go to https://software.broadinstitute.org/gatk/
22:51:05.174 INFO  VariantAnnotator - Executing as raburajab@g-c-1-4-01 on Linux v4.18.0-305.3.1.el8_4.x86_64 amd64
22:51:05.174 INFO  VariantAnnotator - Java runtime: OpenJDK 64-Bit Server VM v17.0.9+9-Ubuntu-122.04
22:51:05.174 INFO  VariantAnnotator - Start Date/Time: August 8, 2024 at 10:51:05 PM GMT
22:51:05.174 INFO  VariantAnnotator - ------------------------------------------------------------
22:51:05.174 INFO  VariantAnnotator - ------------------------------------------------------------
22:51:05.175 INFO  VariantAnnotator - HTSJDK Version: 4.1.1
22:51:05.175 INFO  VariantAnnotator - Picard Version: 3.2.0
22:51:05.175 INFO  VariantAnnotator - Built for Spark Version: 3.5.0
22:51:05.175 INFO  VariantAnnotator - HTSJDK Defaults.COMPRESSION_LEVEL : 2
22:51:05.175 INFO  VariantAnnotator - HTSJDK Defaults.USE_ASYNC_IO_READ_FOR_SAMTOOLS : false
22:51:05.175 INFO  VariantAnnotator - HTSJDK Defaults.USE_ASYNC_IO_WRITE_FOR_SAMTOOLS : true
22:51:05.175 INFO  VariantAnnotator - HTSJDK Defaults.USE_ASYNC_IO_WRITE_FOR_TRIBBLE : false
22:51:05.175 INFO  VariantAnnotator - Deflater: IntelDeflater
22:51:05.175 INFO  VariantAnnotator - Inflater: IntelInflater
22:51:05.175 INFO  VariantAnnotator - GCS max retries/reopens: 20
22:51:05.176 INFO  VariantAnnotator - Requester pays: disabled
22:51:05.176 INFO  VariantAnnotator - Initializing engine
22:51:05.342 INFO  FeatureManager - Using codec VCFCodec to read file file:///coh_labs/dits/rayyan/References/GATK_knownvariants/Homo_sapiens_assembly38.dbsnp138.vcf
22:51:05.450 INFO  FeatureManager - Using codec VCFCodec to read file file:///coh_labs/dits/rayyan/Data/C083-000002/AnalysisData_germline/C083-000002_GermlineDNA_func_splitINDEL.vcf
22:51:05.571 INFO  VariantAnnotator - Done initializing engine
22:51:05.626 INFO  ProgressMeter - Starting traversal
22:51:05.627 INFO  ProgressMeter -        Current Locus  Elapsed Minutes    Variants Processed  Variants/Minute
22:51:17.323 INFO  ProgressMeter -        chr2:86146375              0.2                  6000          30787.7
22:51:27.926 INFO  ProgressMeter -       chr3:172397665              0.4                 11000          29597.7
22:51:38.368 INFO  ProgressMeter -       chr5:150205234              0.5                 16000          29321.0
22:51:49.628 INFO  ProgressMeter -       chr7:141935734              0.7                 22000          29999.3
22:51:59.814 INFO  ProgressMeter -       chr10:37480245              0.9                 27000          29896.5
22:52:10.414 INFO  ProgressMeter -      chr12:100975161              1.1                 33000          30561.7
22:52:20.609 INFO  ProgressMeter -        chr16:4595690              1.2                 39000          31207.5
22:52:30.910 INFO  ProgressMeter -       chr19:39169785              1.4                 46000          32362.8
22:52:39.357 INFO  ProgressMeter -       chrX:101883310              1.6                 51644          33059.2
22:52:39.357 INFO  ProgressMeter - Traversal complete. Processed 51644 total variants in 1.6 minutes.
22:52:39.458 INFO  VariantAnnotator - Shutting down engine
[August 8, 2024 at 10:52:39 PM GMT] org.broadinstitute.hellbender.tools.walkers.annotator.VariantAnnotator done. Elapsed time: 1.57 minutes.
Runtime.totalMemory()=2147483648
Using GATK jar /gatk/gatk-package-4.6.0.0-local.jar
Running:
    java -Dsamjdk.use_async_io_read_samtools=false -Dsamjdk.use_async_io_write_samtools=true -Dsamjdk.use_async_io_write_tribble=false -Dsamjdk.compression_level=2 -jar /gatk/gatk-package-4.6.0.0-local.jar VariantAnnotator -V /coh_labs/dits/rayyan/Data/C083-000002/AnalysisData_germline/C083-000002_GermlineDNA_func_splitINDEL.vcf -reference /coh_labs/dits/rayyan/References/GATK_assembly38/Homo_sapiens_assembly38.fasta -O /coh_labs/dits/rayyan/Data/C083-000002/AnalysisData_germline/C083-000002_GermlineDNA_func_splitINDEL-dbsnp.vcf -dbsnp /coh_labs/dits/rayyan/References/GATK_knownvariants/Homo_sapiens_assembly38.dbsnp138.vcf
