05:51:59.075 INFO  NativeLibraryLoader - Loading libgkl_compression.so from jar:file:/gatk/gatk-package-4.6.0.0-local.jar!/com/intel/gkl/native/libgkl_compression.so
[Tue Jul 30 05:51:59 GMT 2024] MergeBamAlignment --UNMAPPED_BAM /coh_labs/dits/rayyan/Data/C083-000002/AnalysisData2/C083-000002_GermlineDNA_markilluminaadapters.bam --ALIGNED_BAM /coh_labs/dits/rayyan/Data/C083-000002/AnalysisData2/C083-000002_GermlineDNA_bwamem.sam --OUTPUT /coh_labs/dits/rayyan/Data/C083-000002/AnalysisData2/C083-000002_GermlineDNA_mergebamalignment.bam --CLIP_ADAPTERS false --MAX_INSERTIONS_OR_DELETIONS -1 --ATTRIBUTES_TO_RETAIN XS --PRIMARY_ALIGNMENT_STRATEGY MostDistant --CLIP_OVERLAPPING_READS true --INCLUDE_SECONDARY_ALIGNMENTS true --ADD_MATE_CIGAR true --CREATE_INDEX true --REFERENCE_SEQUENCE /coh_labs/dits/rayyan/References/GATK_assembly38/Homo_sapiens_assembly38.fasta --ADD_PG_TAG_TO_READS true --PAIRED_RUN true --IS_BISULFITE_SEQUENCE false --ALIGNED_READS_ONLY false --ATTRIBUTES_TO_REVERSE OQ --ATTRIBUTES_TO_REVERSE U2 --ATTRIBUTES_TO_REVERSE_COMPLEMENT E2 --ATTRIBUTES_TO_REVERSE_COMPLEMENT SQ --READ1_TRIM 0 --READ2_TRIM 0 --ALIGNER_PROPER_PAIR_FLAGS false --SORT_ORDER coordinate --HARD_CLIP_OVERLAPPING_READS false --UNMAP_CONTAMINANT_READS false --MIN_UNCLIPPED_BASES 32 --MATCHING_DICTIONARY_TAGS M5 --MATCHING_DICTIONARY_TAGS LN --UNMAPPED_READ_STRATEGY DO_NOT_CHANGE --VERBOSITY INFO --QUIET false --VALIDATION_STRINGENCY STRICT --COMPRESSION_LEVEL 2 --MAX_RECORDS_IN_RAM 500000 --CREATE_MD5_FILE false --help false --version false --showHidden false --USE_JDK_DEFLATER false --USE_JDK_INFLATER false
[Tue Jul 30 05:51:59 GMT 2024] Executing as raburajab@g-c-1-7-28 on Linux 4.18.0-305.3.1.el8_4.x86_64 amd64; OpenJDK 64-Bit Server VM 17.0.9+9-Ubuntu-122.04; Deflater: Intel; Inflater: Intel; Provider GCS is available; Picard version: Version:4.6.0.0
INFO	2024-07-30 05:51:59	SamAlignmentMerger	Processing SAM file(s): [/coh_labs/dits/rayyan/Data/C083-000002/AnalysisData2/C083-000002_GermlineDNA_bwamem.sam]
INFO	2024-07-30 05:52:10	AbstractAlignmentMerger	Merged     1,000,000 records.  Elapsed time: 00:00:11s.  Time for last 1,000,000:   11s.  Last read position: chr8:12,138,688.  Last read name: A01891:52:HF2TWDSX5:1:1120:32325:22153
INFO	2024-07-30 05:52:20	AbstractAlignmentMerger	Merged     2,000,000 records.  Elapsed time: 00:00:21s.  Time for last 1,000,000:    9s.  Last read position: chr19:8,957,940.  Last read name: A01891:52:HF2TWDSX5:1:1140:21124:13088
INFO	2024-07-30 05:52:28	AbstractAlignmentMerger	Merged     3,000,000 records.  Elapsed time: 00:00:29s.  Time for last 1,000,000:    8s.  Last read position: chr5:149,845,583.  Last read name: A01891:52:HF2TWDSX5:1:1160:32407:25457
INFO	2024-07-30 05:52:37	AbstractAlignmentMerger	Merged     4,000,000 records.  Elapsed time: 00:00:37s.  Time for last 1,000,000:    8s.  Last read position: chr11:559,471.  Last read name: A01891:52:HF2TWDSX5:1:1201:5801:25160
INFO	2024-07-30 05:52:45	AbstractAlignmentMerger	Merged     5,000,000 records.  Elapsed time: 00:00:46s.  Time for last 1,000,000:    8s.  Last read position: chr16:29,050,503.  Last read name: A01891:52:HF2TWDSX5:1:1220:2202:3615
INFO	2024-07-30 05:52:54	AbstractAlignmentMerger	Merged     6,000,000 records.  Elapsed time: 00:00:54s.  Time for last 1,000,000:    8s.  Last read position: chr17:2,300,361.  Last read name: A01891:52:HF2TWDSX5:1:1238:4924:34444
INFO	2024-07-30 05:53:02	AbstractAlignmentMerger	Merged     7,000,000 records.  Elapsed time: 00:01:02s.  Time for last 1,000,000:    8s.  Last read position: chr17:40,389,524.  Last read name: A01891:52:HF2TWDSX5:1:1257:13150:15374
INFO	2024-07-30 05:53:10	AbstractAlignmentMerger	Merged     8,000,000 records.  Elapsed time: 00:01:11s.  Time for last 1,000,000:    8s.  Last read position: chr22:27,799,953.  Last read name: A01891:52:HF2TWDSX5:1:1275:18096:35149
INFO	2024-07-30 05:53:18	AbstractAlignmentMerger	Merged     9,000,000 records.  Elapsed time: 00:01:19s.  Time for last 1,000,000:    8s.  Last read position: chr1:110,340,223.  Last read name: A01891:52:HF2TWDSX5:1:1316:1145:22983
INFO	2024-07-30 05:53:26	AbstractAlignmentMerger	Merged    10,000,000 records.  Elapsed time: 00:01:27s.  Time for last 1,000,000:    8s.  Last read position: chr17:35,444,663.  Last read name: A01891:52:HF2TWDSX5:1:1334:26350:19633
INFO	2024-07-30 05:53:35	AbstractAlignmentMerger	Merged    11,000,000 records.  Elapsed time: 00:01:36s.  Time for last 1,000,000:    8s.  Last read position: chr10:873,054.  Last read name: A01891:52:HF2TWDSX5:1:1352:6027:13025
INFO	2024-07-30 05:53:43	AbstractAlignmentMerger	Merged    12,000,000 records.  Elapsed time: 00:01:44s.  Time for last 1,000,000:    8s.  Last read position: chr13:20,788,558.  Last read name: A01891:52:HF2TWDSX5:1:1371:21612:13964
INFO	2024-07-30 05:53:51	AbstractAlignmentMerger	Merged    13,000,000 records.  Elapsed time: 00:01:52s.  Time for last 1,000,000:    8s.  Last read position: chr7:137,015,985.  Last read name: A01891:52:HF2TWDSX5:1:1412:11831:16939
INFO	2024-07-30 05:53:59	AbstractAlignmentMerger	Merged    14,000,000 records.  Elapsed time: 00:02:00s.  Time for last 1,000,000:    8s.  Last read position: chr1:15,456,754.  Last read name: A01891:52:HF2TWDSX5:1:1430:29794:13636
INFO	2024-07-30 05:54:07	AbstractAlignmentMerger	Merged    15,000,000 records.  Elapsed time: 00:02:08s.  Time for last 1,000,000:    8s.  Last read position: chr3:85,210,892.  Last read name: A01891:52:HF2TWDSX5:1:1449:1678:34616
INFO	2024-07-30 05:54:15	AbstractAlignmentMerger	Merged    16,000,000 records.  Elapsed time: 00:02:16s.  Time for last 1,000,000:    8s.  Last read position: chr1:54,709,087.  Last read name: A01891:52:HF2TWDSX5:1:1468:1334:35336
INFO	2024-07-30 05:54:24	AbstractAlignmentMerger	Merged    17,000,000 records.  Elapsed time: 00:02:24s.  Time for last 1,000,000:    8s.  Last read position: chr10:114,657,976.  Last read name: A01891:52:HF2TWDSX5:1:1509:10999:36667
INFO	2024-07-30 05:54:32	AbstractAlignmentMerger	Merged    18,000,000 records.  Elapsed time: 00:02:33s.  Time for last 1,000,000:    8s.  Last read position: chr12:20,721,742.  Last read name: A01891:52:HF2TWDSX5:1:1527:32000:26349
INFO	2024-07-30 05:54:40	AbstractAlignmentMerger	Merged    19,000,000 records.  Elapsed time: 00:02:41s.  Time for last 1,000,000:    8s.  Last read position: chr21:42,219,968.  Last read name: A01891:52:HF2TWDSX5:1:1546:25012:28588
INFO	2024-07-30 05:54:49	AbstractAlignmentMerger	Merged    20,000,000 records.  Elapsed time: 00:02:49s.  Time for last 1,000,000:    8s.  Last read position: chr18:669,120.  Last read name: A01891:52:HF2TWDSX5:1:1565:6641:8547
INFO	2024-07-30 05:54:57	AbstractAlignmentMerger	Merged    21,000,000 records.  Elapsed time: 00:02:57s.  Time for last 1,000,000:    8s.  Last read position: chr3:14,574,289.  Last read name: A01891:52:HF2TWDSX5:1:1607:13295:10833
INFO	2024-07-30 05:55:05	AbstractAlignmentMerger	Merged    22,000,000 records.  Elapsed time: 00:03:06s.  Time for last 1,000,000:    8s.  Last read position: chr12:21,019,337.  Last read name: A01891:52:HF2TWDSX5:1:1626:20898:2769
INFO	2024-07-30 05:55:13	AbstractAlignmentMerger	Merged    23,000,000 records.  Elapsed time: 00:03:14s.  Time for last 1,000,000:    8s.  Last read position: chr19:38,815,851.  Last read name: A01891:52:HF2TWDSX5:1:1645:24261:16110
INFO	2024-07-30 05:55:21	AbstractAlignmentMerger	Merged    24,000,000 records.  Elapsed time: 00:03:22s.  Time for last 1,000,000:    8s.  Last read position: chr11:102,322,560.  Last read name: A01891:52:HF2TWDSX5:1:1664:32551:30279
INFO	2024-07-30 05:55:29	AbstractAlignmentMerger	Merged    25,000,000 records.  Elapsed time: 00:03:30s.  Time for last 1,000,000:    8s.  Last read position: chr12:123,162,805.  Last read name: A01891:52:HF2TWDSX5:1:2106:19027:27085
INFO	2024-07-30 05:55:38	AbstractAlignmentMerger	Merged    26,000,000 records.  Elapsed time: 00:03:38s.  Time for last 1,000,000:    8s.  Last read position: chr11:6,404,743.  Last read name: A01891:52:HF2TWDSX5:1:2126:4580:11678
INFO	2024-07-30 05:55:46	AbstractAlignmentMerger	Merged    27,000,000 records.  Elapsed time: 00:03:47s.  Time for last 1,000,000:    8s.  Last read position: chr17:54,968,351.  Last read name: A01891:52:HF2TWDSX5:1:2146:3134:16595
INFO	2024-07-30 05:55:54	AbstractAlignmentMerger	Merged    28,000,000 records.  Elapsed time: 00:03:55s.  Time for last 1,000,000:    8s.  Last read position: chrX:49,034,548.  Last read name: A01891:52:HF2TWDSX5:1:2167:20518:10410
INFO	2024-07-30 05:56:02	AbstractAlignmentMerger	Merged    29,000,000 records.  Elapsed time: 00:04:03s.  Time for last 1,000,000:    8s.  Last read position: chr9:5,079,141.  Last read name: A01891:52:HF2TWDSX5:1:2208:25626:18944
INFO	2024-07-30 05:56:11	AbstractAlignmentMerger	Merged    30,000,000 records.  Elapsed time: 00:04:11s.  Time for last 1,000,000:    8s.  Last read position: chr19:35,939,626.  Last read name: A01891:52:HF2TWDSX5:1:2227:18819:26318
INFO	2024-07-30 05:56:19	AbstractAlignmentMerger	Merged    31,000,000 records.  Elapsed time: 00:04:19s.  Time for last 1,000,000:    8s.  Last read position: chr1:231,265,191.  Last read name: A01891:52:HF2TWDSX5:1:2245:32615:3020
INFO	2024-07-30 05:56:28	AbstractAlignmentMerger	Merged    32,000,000 records.  Elapsed time: 00:04:28s.  Time for last 1,000,000:    8s.  Last read position: chr12:49,185,623.  Last read name: A01891:52:HF2TWDSX5:1:2264:11605:28479
INFO	2024-07-30 05:56:36	AbstractAlignmentMerger	Merged    33,000,000 records.  Elapsed time: 00:04:36s.  Time for last 1,000,000:    8s.  Last read position: chr15:63,064,971.  Last read name: A01891:52:HF2TWDSX5:1:2304:26241:23641
INFO	2024-07-30 05:56:45	AbstractAlignmentMerger	Merged    34,000,000 records.  Elapsed time: 00:04:45s.  Time for last 1,000,000:    8s.  Last read position: chr16:70,276,439.  Last read name: A01891:52:HF2TWDSX5:1:2323:4137:8594
INFO	2024-07-30 05:56:53	AbstractAlignmentMerger	Merged    35,000,000 records.  Elapsed time: 00:04:54s.  Time for last 1,000,000:    8s.  Last read position: chr10:101,006,416.  Last read name: A01891:52:HF2TWDSX5:1:2342:29315:24549
INFO	2024-07-30 05:57:01	AbstractAlignmentMerger	Merged    36,000,000 records.  Elapsed time: 00:05:02s.  Time for last 1,000,000:    8s.  Last read position: chr11:73,977,819.  Last read name: A01891:52:HF2TWDSX5:1:2361:24921:28557
INFO	2024-07-30 05:57:10	AbstractAlignmentMerger	Merged    37,000,000 records.  Elapsed time: 00:05:11s.  Time for last 1,000,000:    8s.  Last read position: chr3:10,819,669.  Last read name: A01891:52:HF2TWDSX5:1:2402:26313:25426
INFO	2024-07-30 05:57:18	AbstractAlignmentMerger	Merged    38,000,000 records.  Elapsed time: 00:05:19s.  Time for last 1,000,000:    8s.  Last read position: chr2:241,721,573.  Last read name: A01891:52:HF2TWDSX5:1:2421:31421:33833
INFO	2024-07-30 05:57:26	AbstractAlignmentMerger	Merged    39,000,000 records.  Elapsed time: 00:05:27s.  Time for last 1,000,000:    8s.  Last read position: chr11:62,995,954.  Last read name: A01891:52:HF2TWDSX5:1:2440:30816:13088
INFO	2024-07-30 05:57:34	AbstractAlignmentMerger	Merged    40,000,000 records.  Elapsed time: 00:05:35s.  Time for last 1,000,000:    8s.  Last read position: chr3:50,275,547.  Last read name: A01891:52:HF2TWDSX5:1:2459:7762:20290
INFO	2024-07-30 05:57:42	AbstractAlignmentMerger	Merged    41,000,000 records.  Elapsed time: 00:05:43s.  Time for last 1,000,000:    8s.  Last read position: chr8:144,442,023.  Last read name: A01891:52:HF2TWDSX5:1:2501:28546:5306
INFO	2024-07-30 05:57:51	AbstractAlignmentMerger	Merged    42,000,000 records.  Elapsed time: 00:05:52s.  Time for last 1,000,000:    8s.  Last read position: chr14:75,049,179.  Last read name: A01891:52:HF2TWDSX5:1:2521:11333:2018
INFO	2024-07-30 05:57:59	AbstractAlignmentMerger	Merged    43,000,000 records.  Elapsed time: 00:06:00s.  Time for last 1,000,000:    8s.  Last read position: chr5:141,225,269.  Last read name: A01891:52:HF2TWDSX5:1:2540:20103:2957
INFO	2024-07-30 05:58:08	AbstractAlignmentMerger	Merged    44,000,000 records.  Elapsed time: 00:06:08s.  Time for last 1,000,000:    8s.  Last read position: chr17:38,014,251.  Last read name: A01891:52:HF2TWDSX5:1:2560:17951:19930
INFO	2024-07-30 05:58:16	AbstractAlignmentMerger	Merged    45,000,000 records.  Elapsed time: 00:06:16s.  Time for last 1,000,000:    8s.  Last read position: chr6:30,075,573.  Last read name: A01891:52:HF2TWDSX5:1:2602:25590:19132
INFO	2024-07-30 05:58:24	AbstractAlignmentMerger	Merged    46,000,000 records.  Elapsed time: 00:06:25s.  Time for last 1,000,000:    8s.  Last read position: chr11:4,908,047.  Last read name: A01891:52:HF2TWDSX5:1:2622:21323:33849
INFO	2024-07-30 05:58:32	AbstractAlignmentMerger	Merged    47,000,000 records.  Elapsed time: 00:06:33s.  Time for last 1,000,000:    8s.  Last read position: chr5:66,164,621.  Last read name: A01891:52:HF2TWDSX5:1:2641:9489:28541
INFO	2024-07-30 05:58:40	AbstractAlignmentMerger	Merged    48,000,000 records.  Elapsed time: 00:06:41s.  Time for last 1,000,000:    8s.  Last read position: chr8:8,339,560.  Last read name: A01891:52:HF2TWDSX5:1:2661:30355:26788
INFO	2024-07-30 05:58:48	AbstractAlignmentMerger	Merged    49,000,000 records.  Elapsed time: 00:06:49s.  Time for last 1,000,000:    8s.  Last read position: chr2:182,994,737.  Last read name: A01891:52:HF2TWDSX5:2:1103:22779:2456
INFO	2024-07-30 05:58:57	AbstractAlignmentMerger	Merged    50,000,000 records.  Elapsed time: 00:06:57s.  Time for last 1,000,000:    8s.  Last read position: chr15:82,681,529.  Last read name: A01891:52:HF2TWDSX5:2:1122:28800:22467
INFO	2024-07-30 05:59:05	AbstractAlignmentMerger	Merged    51,000,000 records.  Elapsed time: 00:07:06s.  Time for last 1,000,000:    8s.  Last read position: chr20:41,029,430.  Last read name: A01891:52:HF2TWDSX5:2:1141:8467:24236
INFO	2024-07-30 05:59:13	AbstractAlignmentMerger	Merged    52,000,000 records.  Elapsed time: 00:07:14s.  Time for last 1,000,000:    8s.  Last read position: chr9:136,336,062.  Last read name: A01891:52:HF2TWDSX5:2:1161:2591:4852
INFO	2024-07-30 05:59:21	AbstractAlignmentMerger	Merged    53,000,000 records.  Elapsed time: 00:07:22s.  Time for last 1,000,000:    8s.  Last read position: chr12:63,805,253.  Last read name: A01891:52:HF2TWDSX5:2:1202:8929:36401
INFO	2024-07-30 05:59:30	AbstractAlignmentMerger	Merged    54,000,000 records.  Elapsed time: 00:07:30s.  Time for last 1,000,000:    8s.  Last read position: chr10:119,136,521.  Last read name: A01891:52:HF2TWDSX5:2:1221:7374:3928
INFO	2024-07-30 05:59:38	AbstractAlignmentMerger	Merged    55,000,000 records.  Elapsed time: 00:07:39s.  Time for last 1,000,000:    8s.  Last read position: chr6:148,546,093.  Last read name: A01891:52:HF2TWDSX5:2:1240:30915:31172
INFO	2024-07-30 05:59:47	AbstractAlignmentMerger	Merged    56,000,000 records.  Elapsed time: 00:07:48s.  Time for last 1,000,000:    9s.  Last read position: chr14:19,713,732.  Last read name: A01891:52:HF2TWDSX5:2:1259:29215:7435
INFO	2024-07-30 05:59:56	AbstractAlignmentMerger	Merged    57,000,000 records.  Elapsed time: 00:07:57s.  Time for last 1,000,000:    8s.  Last read position: chr7:92,493,048.  Last read name: A01891:52:HF2TWDSX5:2:1278:26946:31563
INFO	2024-07-30 06:00:05	AbstractAlignmentMerger	Merged    58,000,000 records.  Elapsed time: 00:08:06s.  Time for last 1,000,000:    9s.  Last read position: chr1:204,447,242.  Last read name: A01891:52:HF2TWDSX5:2:1319:26675:25645
INFO	2024-07-30 06:00:15	AbstractAlignmentMerger	Merged    59,000,000 records.  Elapsed time: 00:08:16s.  Time for last 1,000,000:   10s.  Last read position: chr18:50,917,340.  Last read name: A01891:52:HF2TWDSX5:2:1338:19696:34413
INFO	2024-07-30 06:00:24	AbstractAlignmentMerger	Merged    60,000,000 records.  Elapsed time: 00:08:24s.  Time for last 1,000,000:    8s.  Last read position: chr7:23,585,720.  Last read name: A01891:52:HF2TWDSX5:2:1357:10393:16329
INFO	2024-07-30 06:00:33	AbstractAlignmentMerger	Merged    61,000,000 records.  Elapsed time: 00:08:33s.  Time for last 1,000,000:    9s.  Last read position: chr16:46,688,876.  Last read name: A01891:52:HF2TWDSX5:2:1375:30391:29575
INFO	2024-07-30 06:00:41	AbstractAlignmentMerger	Merged    62,000,000 records.  Elapsed time: 00:08:42s.  Time for last 1,000,000:    8s.  Last read position: chr7:75,415,587.  Last read name: A01891:52:HF2TWDSX5:2:1416:3866:6684
INFO	2024-07-30 06:00:50	AbstractAlignmentMerger	Merged    63,000,000 records.  Elapsed time: 00:08:51s.  Time for last 1,000,000:    9s.  Last read position: chr16:29,464,428.  Last read name: A01891:52:HF2TWDSX5:2:1435:29261:26710
INFO	2024-07-30 06:01:00	AbstractAlignmentMerger	Merged    64,000,000 records.  Elapsed time: 00:09:01s.  Time for last 1,000,000:    9s.  Last read position: chr1:145,872,785.  Last read name: A01891:52:HF2TWDSX5:2:1454:22516:18067
INFO	2024-07-30 06:01:09	AbstractAlignmentMerger	Merged    65,000,000 records.  Elapsed time: 00:09:10s.  Time for last 1,000,000:    9s.  Last read position: chr3:138,228,910.  Last read name: A01891:52:HF2TWDSX5:2:1473:18231:15875
INFO	2024-07-30 06:01:18	AbstractAlignmentMerger	Merged    66,000,000 records.  Elapsed time: 00:09:19s.  Time for last 1,000,000:    8s.  Last read position: chr16:31,126,941.  Last read name: A01891:52:HF2TWDSX5:2:1514:19949:4601
INFO	2024-07-30 06:01:27	AbstractAlignmentMerger	Merged    67,000,000 records.  Elapsed time: 00:09:28s.  Time for last 1,000,000:    9s.  Last read position: chr6:148,513,909.  Last read name: A01891:52:HF2TWDSX5:2:1533:21106:4006
INFO	2024-07-30 06:01:36	AbstractAlignmentMerger	Merged    68,000,000 records.  Elapsed time: 00:09:37s.  Time for last 1,000,000:    8s.  Last read position: chr12:122,473,788.  Last read name: A01891:52:HF2TWDSX5:2:1552:19000:31454
INFO	2024-07-30 06:01:44	AbstractAlignmentMerger	Merged    69,000,000 records.  Elapsed time: 00:09:45s.  Time for last 1,000,000:    8s.  Last read position: chr4:84,860,378.  Last read name: A01891:52:HF2TWDSX5:2:1571:11695:6433
INFO	2024-07-30 06:01:54	AbstractAlignmentMerger	Merged    70,000,000 records.  Elapsed time: 00:09:54s.  Time for last 1,000,000:    9s.  Last read position: chrX:84,468,664.  Last read name: A01891:52:HF2TWDSX5:2:1612:24695:4742
INFO	2024-07-30 06:02:02	AbstractAlignmentMerger	Merged    71,000,000 records.  Elapsed time: 00:10:03s.  Time for last 1,000,000:    8s.  Last read position: chr3:129,436,649.  Last read name: A01891:52:HF2TWDSX5:2:1632:26268:16861
INFO	2024-07-30 06:02:10	AbstractAlignmentMerger	Merged    72,000,000 records.  Elapsed time: 00:10:11s.  Time for last 1,000,000:    8s.  Last read position: chr10:73,797,141.  Last read name: A01891:52:HF2TWDSX5:2:1652:16758:17174
INFO	2024-07-30 06:02:19	AbstractAlignmentMerger	Merged    73,000,000 records.  Elapsed time: 00:10:20s.  Time for last 1,000,000:    8s.  Last read position: chr9:4,662,905.  Last read name: A01891:52:HF2TWDSX5:2:1671:23900:13416
INFO	2024-07-30 06:02:28	AbstractAlignmentMerger	Merged    74,000,000 records.  Elapsed time: 00:10:28s.  Time for last 1,000,000:    8s.  Last read position: chr5:6,739,806.  Last read name: A01891:52:HF2TWDSX5:2:2112:8684:21950
INFO	2024-07-30 06:02:37	AbstractAlignmentMerger	Merged    75,000,000 records.  Elapsed time: 00:10:37s.  Time for last 1,000,000:    9s.  Last read position: chr18:45,967,175.  Last read name: A01891:52:HF2TWDSX5:2:2132:25952:19664
INFO	2024-07-30 06:02:45	AbstractAlignmentMerger	Merged    76,000,000 records.  Elapsed time: 00:10:46s.  Time for last 1,000,000:    8s.  Last read position: chr8:41,715,682.  Last read name: A01891:52:HF2TWDSX5:2:2152:14172:3208
INFO	2024-07-30 06:02:54	AbstractAlignmentMerger	Merged    77,000,000 records.  Elapsed time: 00:10:55s.  Time for last 1,000,000:    8s.  Last read position: chr20:3,864,205.  Last read name: A01891:52:HF2TWDSX5:2:2171:7563:14653
INFO	2024-07-30 06:03:03	AbstractAlignmentMerger	Merged    78,000,000 records.  Elapsed time: 00:11:04s.  Time for last 1,000,000:    9s.  Last read position: chr5:150,079,949.  Last read name: A01891:52:HF2TWDSX5:2:2213:2564:20964
INFO	2024-07-30 06:03:11	AbstractAlignmentMerger	Merged    79,000,000 records.  Elapsed time: 00:11:12s.  Time for last 1,000,000:    8s.  Last read position: chr16:3,049,992.  Last read name: A01891:52:HF2TWDSX5:2:2232:5638:2018
INFO	2024-07-30 06:03:20	AbstractAlignmentMerger	Merged    80,000,000 records.  Elapsed time: 00:11:21s.  Time for last 1,000,000:    8s.  Last read position: chr19:1,528,046.  Last read name: A01891:52:HF2TWDSX5:2:2252:12979:24220
INFO	2024-07-30 06:03:28	AbstractAlignmentMerger	Merged    81,000,000 records.  Elapsed time: 00:11:29s.  Time for last 1,000,000:    8s.  Last read position: chr3:197,119,460.  Last read name: A01891:52:HF2TWDSX5:2:2271:25898:2785
INFO	2024-07-30 06:03:37	AbstractAlignmentMerger	Merged    82,000,000 records.  Elapsed time: 00:11:38s.  Time for last 1,000,000:    8s.  Last read position: chr21:42,084,191.  Last read name: A01891:52:HF2TWDSX5:2:2313:15899:3693
INFO	2024-07-30 06:03:46	AbstractAlignmentMerger	Merged    83,000,000 records.  Elapsed time: 00:11:46s.  Time for last 1,000,000:    8s.  Last read position: chr5:141,151,865.  Last read name: A01891:52:HF2TWDSX5:2:2332:23077:8484
INFO	2024-07-30 06:03:55	AbstractAlignmentMerger	Merged    84,000,000 records.  Elapsed time: 00:11:55s.  Time for last 1,000,000:    9s.  Last read position: chr9:84,874,026.  Last read name: A01891:52:HF2TWDSX5:2:2351:25816:30984
INFO	2024-07-30 06:04:03	AbstractAlignmentMerger	Merged    85,000,000 records.  Elapsed time: 00:12:04s.  Time for last 1,000,000:    8s.  Last read position: chr12:8,655,714.  Last read name: A01891:52:HF2TWDSX5:2:2370:26223:14121
INFO	2024-07-30 06:04:12	AbstractAlignmentMerger	Merged    86,000,000 records.  Elapsed time: 00:12:12s.  Time for last 1,000,000:    8s.  Last read position: chr2:148,483,543.  Last read name: A01891:52:HF2TWDSX5:2:2411:9815:29418
INFO	2024-07-30 06:04:20	AbstractAlignmentMerger	Merged    87,000,000 records.  Elapsed time: 00:12:21s.  Time for last 1,000,000:    8s.  Last read position: chr5:178,231,714.  Last read name: A01891:52:HF2TWDSX5:2:2431:14064:16924
INFO	2024-07-30 06:04:28	AbstractAlignmentMerger	Merged    88,000,000 records.  Elapsed time: 00:12:29s.  Time for last 1,000,000:    8s.  Last read position: chrX:106,612,201.  Last read name: A01891:52:HF2TWDSX5:2:2450:15067:25582
INFO	2024-07-30 06:04:37	AbstractAlignmentMerger	Merged    89,000,000 records.  Elapsed time: 00:12:38s.  Time for last 1,000,000:    8s.  Last read position: chr7:55,204,242.  Last read name: A01891:52:HF2TWDSX5:2:2469:20012:32581
INFO	2024-07-30 06:04:45	AbstractAlignmentMerger	Merged    90,000,000 records.  Elapsed time: 00:12:46s.  Time for last 1,000,000:    8s.  Last read position: chr15:84,782,882.  Last read name: A01891:52:HF2TWDSX5:2:2510:28330:30577
INFO	2024-07-30 06:04:54	AbstractAlignmentMerger	Merged    91,000,000 records.  Elapsed time: 00:12:55s.  Time for last 1,000,000:    8s.  Last read position: chr3:107,710,574.  Last read name: A01891:52:HF2TWDSX5:2:2529:6343:10410
INFO	2024-07-30 06:05:03	AbstractAlignmentMerger	Merged    92,000,000 records.  Elapsed time: 00:13:03s.  Time for last 1,000,000:    8s.  Last read position: chr8:98,033,183.  Last read name: A01891:52:HF2TWDSX5:2:2548:7690:19319
INFO	2024-07-30 06:05:11	AbstractAlignmentMerger	Merged    93,000,000 records.  Elapsed time: 00:13:12s.  Time for last 1,000,000:    8s.  Last read position: chr9:92,310,520.  Last read name: A01891:52:HF2TWDSX5:2:2567:4074:11240
INFO	2024-07-30 06:05:20	AbstractAlignmentMerger	Merged    94,000,000 records.  Elapsed time: 00:13:21s.  Time for last 1,000,000:    8s.  Last read position: chr11:60,930,630.  Last read name: A01891:52:HF2TWDSX5:2:2609:19922:27946
INFO	2024-07-30 06:05:29	AbstractAlignmentMerger	Merged    95,000,000 records.  Elapsed time: 00:13:29s.  Time for last 1,000,000:    8s.  Last read position: chr19:41,976,527.  Last read name: A01891:52:HF2TWDSX5:2:2629:26241:23766
INFO	2024-07-30 06:05:37	AbstractAlignmentMerger	Merged    96,000,000 records.  Elapsed time: 00:13:38s.  Time for last 1,000,000:    8s.  Last read position: chr8:115,619,611.  Last read name: A01891:52:HF2TWDSX5:2:2649:20012:7435
INFO	2024-07-30 06:05:46	AbstractAlignmentMerger	Merged    97,000,000 records.  Elapsed time: 00:13:46s.  Time for last 1,000,000:    8s.  Last read position: chr2:120,252,880.  Last read name: A01891:52:HF2TWDSX5:2:2668:30273:36918
INFO	2024-07-30 06:05:54	AbstractAlignmentMerger	Merged    98,000,000 records.  Elapsed time: 00:13:55s.  Time for last 1,000,000:    8s.  Last read position: chr1:11,650,669.  Last read name: A01891:52:HF2TWDSX5:3:1110:22173:28369
INFO	2024-07-30 06:06:03	AbstractAlignmentMerger	Merged    99,000,000 records.  Elapsed time: 00:14:03s.  Time for last 1,000,000:    8s.  Last read position: chr17:50,358,439.  Last read name: A01891:52:HF2TWDSX5:3:1130:7808:34460
INFO	2024-07-30 06:06:11	AbstractAlignmentMerger	Merged   100,000,000 records.  Elapsed time: 00:14:12s.  Time for last 1,000,000:    8s.  Last read position: chr7:141,727,448.  Last read name: A01891:52:HF2TWDSX5:3:1150:3549:18881
INFO	2024-07-30 06:06:19	AbstractAlignmentMerger	Merged   101,000,000 records.  Elapsed time: 00:14:20s.  Time for last 1,000,000:    8s.  Last read position: chr12:93,850,230.  Last read name: A01891:52:HF2TWDSX5:3:1170:20817:16752
INFO	2024-07-30 06:06:28	AbstractAlignmentMerger	Merged   102,000,000 records.  Elapsed time: 00:14:29s.  Time for last 1,000,000:    8s.  Last read position: chr17:28,573,706.  Last read name: A01891:52:HF2TWDSX5:3:1211:8603:30608
INFO	2024-07-30 06:06:36	AbstractAlignmentMerger	Merged   103,000,000 records.  Elapsed time: 00:14:37s.  Time for last 1,000,000:    8s.  Last read position: chr19:56,774,641.  Last read name: A01891:52:HF2TWDSX5:3:1231:32217:16548
INFO	2024-07-30 06:06:45	AbstractAlignmentMerger	Merged   104,000,000 records.  Elapsed time: 00:14:46s.  Time for last 1,000,000:    8s.  Last read position: chr12:6,570,995.  Last read name: A01891:52:HF2TWDSX5:3:1251:11776:28557
INFO	2024-07-30 06:06:53	AbstractAlignmentMerger	Merged   105,000,000 records.  Elapsed time: 00:14:54s.  Time for last 1,000,000:    8s.  Last read position: chr1:65,987,654.  Last read name: A01891:52:HF2TWDSX5:3:1270:19578:13291
INFO	2024-07-30 06:07:02	AbstractAlignmentMerger	Merged   106,000,000 records.  Elapsed time: 00:15:02s.  Time for last 1,000,000:    8s.  Last read position: chr3:38,585,904.  Last read name: A01891:52:HF2TWDSX5:3:1311:19614:33614
INFO	2024-07-30 06:07:10	AbstractAlignmentMerger	Merged   107,000,000 records.  Elapsed time: 00:15:11s.  Time for last 1,000,000:    8s.  Last read position: chr21:42,110,932.  Last read name: A01891:52:HF2TWDSX5:3:1330:20428:35556
INFO	2024-07-30 06:07:19	AbstractAlignmentMerger	Merged   108,000,000 records.  Elapsed time: 00:15:19s.  Time for last 1,000,000:    8s.  Last read position: chr17:48,728,540.  Last read name: A01891:52:HF2TWDSX5:3:1349:14036:28651
INFO	2024-07-30 06:07:27	AbstractAlignmentMerger	Merged   109,000,000 records.  Elapsed time: 00:15:28s.  Time for last 1,000,000:    8s.  Last read position: chr17:65,530,028.  Last read name: A01891:52:HF2TWDSX5:3:1367:8929:14105
INFO	2024-07-30 06:07:36	AbstractAlignmentMerger	Merged   110,000,000 records.  Elapsed time: 00:15:37s.  Time for last 1,000,000:    8s.  Last read position: chr17:1,585,809.  Last read name: A01891:52:HF2TWDSX5:3:1408:3034:34147
INFO	2024-07-30 06:07:44	AbstractAlignmentMerger	Merged   111,000,000 records.  Elapsed time: 00:15:45s.  Time for last 1,000,000:    8s.  Last read position: chr9:115,086,728.  Last read name: A01891:52:HF2TWDSX5:3:1427:19190:8609
INFO	2024-07-30 06:07:53	AbstractAlignmentMerger	Merged   112,000,000 records.  Elapsed time: 00:15:54s.  Time for last 1,000,000:    8s.  Last read position: chr13:32,326,241.  Last read name: A01891:52:HF2TWDSX5:3:1445:6931:27962
INFO	2024-07-30 06:08:02	AbstractAlignmentMerger	Merged   113,000,000 records.  Elapsed time: 00:16:02s.  Time for last 1,000,000:    8s.  Last read position: chr1:44,746,256.  Last read name: A01891:52:HF2TWDSX5:3:1464:30825:36652
INFO	2024-07-30 06:08:10	AbstractAlignmentMerger	Merged   114,000,000 records.  Elapsed time: 00:16:11s.  Time for last 1,000,000:    8s.  Last read position: chr10:58,385,476.  Last read name: A01891:52:HF2TWDSX5:3:1505:26458:18098
INFO	2024-07-30 06:08:19	AbstractAlignmentMerger	Merged   115,000,000 records.  Elapsed time: 00:16:20s.  Time for last 1,000,000:    8s.  Last read position: chr1:203,071,690.  Last read name: A01891:52:HF2TWDSX5:3:1524:21567:10661
INFO	2024-07-30 06:08:27	AbstractAlignmentMerger	Merged   116,000,000 records.  Elapsed time: 00:16:28s.  Time for last 1,000,000:    8s.  Last read position: chr2:112,389,488.  Last read name: A01891:52:HF2TWDSX5:3:1543:24560:28933
INFO	2024-07-30 06:08:36	AbstractAlignmentMerger	Merged   117,000,000 records.  Elapsed time: 00:16:37s.  Time for last 1,000,000:    8s.  Last read position: chr5:140,843,108.  Last read name: A01891:52:HF2TWDSX5:3:1563:10348:2722
INFO	2024-07-30 06:08:44	AbstractAlignmentMerger	Merged   118,000,000 records.  Elapsed time: 00:16:45s.  Time for last 1,000,000:    8s.  Last read position: chr2:8,682,317.  Last read name: A01891:52:HF2TWDSX5:3:1604:10429:8500
INFO	2024-07-30 06:08:53	AbstractAlignmentMerger	Merged   119,000,000 records.  Elapsed time: 00:16:53s.  Time for last 1,000,000:    8s.  Last read position: chr1:43,447,072.  Last read name: A01891:52:HF2TWDSX5:3:1623:7636:10864
INFO	2024-07-30 06:09:01	AbstractAlignmentMerger	Merged   120,000,000 records.  Elapsed time: 00:17:02s.  Time for last 1,000,000:    8s.  Last read position: chr22:28,687,846.  Last read name: A01891:52:HF2TWDSX5:3:1643:5656:8719
INFO	2024-07-30 06:09:10	AbstractAlignmentMerger	Merged   121,000,000 records.  Elapsed time: 00:17:10s.  Time for last 1,000,000:    8s.  Last read position: chr7:151,213,716.  Last read name: A01891:52:HF2TWDSX5:3:1663:8919:20697
INFO	2024-07-30 06:09:18	AbstractAlignmentMerger	Merged   122,000,000 records.  Elapsed time: 00:17:19s.  Time for last 1,000,000:    8s.  Last read position: chr5:79,131,009.  Last read name: A01891:52:HF2TWDSX5:3:2105:8549:21308
INFO	2024-07-30 06:09:27	AbstractAlignmentMerger	Merged   123,000,000 records.  Elapsed time: 00:17:27s.  Time for last 1,000,000:    8s.  Last read position: chr4:56,419,651.  Last read name: A01891:52:HF2TWDSX5:3:2126:8856:22091
INFO	2024-07-30 06:09:35	AbstractAlignmentMerger	Merged   124,000,000 records.  Elapsed time: 00:17:36s.  Time for last 1,000,000:    8s.  Last read position: chr22:29,050,572.  Last read name: A01891:52:HF2TWDSX5:3:2147:13096:27993
INFO	2024-07-30 06:09:44	AbstractAlignmentMerger	Merged   125,000,000 records.  Elapsed time: 00:17:45s.  Time for last 1,000,000:    8s.  Last read position: chr5:1,089,204.  Last read name: A01891:52:HF2TWDSX5:3:2166:32127:23500
INFO	2024-07-30 06:09:52	AbstractAlignmentMerger	Merged   126,000,000 records.  Elapsed time: 00:17:53s.  Time for last 1,000,000:    8s.  Last read position: chr21:41,179,511.  Last read name: A01891:52:HF2TWDSX5:3:2208:25012:3693
INFO	2024-07-30 06:10:01	AbstractAlignmentMerger	Merged   127,000,000 records.  Elapsed time: 00:18:02s.  Time for last 1,000,000:    8s.  Last read position: chr8:143,693,729.  Last read name: A01891:52:HF2TWDSX5:3:2228:30373:14418
INFO	2024-07-30 06:10:09	AbstractAlignmentMerger	Merged   128,000,000 records.  Elapsed time: 00:18:10s.  Time for last 1,000,000:    8s.  Last read position: chr5:842,201.  Last read name: A01891:52:HF2TWDSX5:3:2248:14868:9236
INFO	2024-07-30 06:10:18	AbstractAlignmentMerger	Merged   129,000,000 records.  Elapsed time: 00:18:19s.  Time for last 1,000,000:    8s.  Last read position: chr2:241,686,722.  Last read name: A01891:52:HF2TWDSX5:3:2267:23882:14418
INFO	2024-07-30 06:10:26	AbstractAlignmentMerger	Merged   130,000,000 records.  Elapsed time: 00:18:27s.  Time for last 1,000,000:    8s.  Last read position: chr19:12,715,107.  Last read name: A01891:52:HF2TWDSX5:3:2308:32072:12477
INFO	2024-07-30 06:10:35	AbstractAlignmentMerger	Merged   131,000,000 records.  Elapsed time: 00:18:36s.  Time for last 1,000,000:    8s.  Last read position: chr4:74,097,714.  Last read name: A01891:52:HF2TWDSX5:3:2328:11541:33692
INFO	2024-07-30 06:10:43	AbstractAlignmentMerger	Merged   132,000,000 records.  Elapsed time: 00:18:44s.  Time for last 1,000,000:    8s.  Last read position: chr3_KI270779v1_alt:164,722.  Last read name: A01891:52:HF2TWDSX5:3:2347:10917:10128
INFO	2024-07-30 06:10:52	AbstractAlignmentMerger	Merged   133,000,000 records.  Elapsed time: 00:18:53s.  Time for last 1,000,000:    8s.  Last read position: chr1:13,151,939.  Last read name: A01891:52:HF2TWDSX5:3:2365:32081:14810
INFO	2024-07-30 06:11:01	AbstractAlignmentMerger	Merged   134,000,000 records.  Elapsed time: 00:19:01s.  Time for last 1,000,000:    8s.  Last read position: chr1:37,997,706.  Last read name: A01891:52:HF2TWDSX5:3:2406:29017:30639
INFO	2024-07-30 06:11:09	AbstractAlignmentMerger	Merged   135,000,000 records.  Elapsed time: 00:19:10s.  Time for last 1,000,000:    8s.  Last read position: chr19:55,231,519.  Last read name: A01891:52:HF2TWDSX5:3:2425:24171:32550
INFO	2024-07-30 06:11:18	AbstractAlignmentMerger	Merged   136,000,000 records.  Elapsed time: 00:19:19s.  Time for last 1,000,000:    8s.  Last read position: chr2:157,533,825.  Last read name: A01891:52:HF2TWDSX5:3:2444:18439:25786
INFO	2024-07-30 06:11:26	AbstractAlignmentMerger	Merged   137,000,000 records.  Elapsed time: 00:19:27s.  Time for last 1,000,000:    8s.  Last read position: chr15:28,116,725.  Last read name: A01891:52:HF2TWDSX5:3:2463:19813:30044
INFO	2024-07-30 06:11:35	AbstractAlignmentMerger	Merged   138,000,000 records.  Elapsed time: 00:19:36s.  Time for last 1,000,000:    8s.  Last read position: chr14:104,801,449.  Last read name: A01891:52:HF2TWDSX5:3:2504:22598:8625
INFO	2024-07-30 06:11:44	AbstractAlignmentMerger	Merged   139,000,000 records.  Elapsed time: 00:19:45s.  Time for last 1,000,000:    8s.  Last read position: chr20:63,789,925.  Last read name: A01891:52:HF2TWDSX5:3:2523:31096:6872
INFO	2024-07-30 06:11:53	AbstractAlignmentMerger	Merged   140,000,000 records.  Elapsed time: 00:19:53s.  Time for last 1,000,000:    8s.  Last read position: chr6:134,170,483.  Last read name: A01891:52:HF2TWDSX5:3:2543:20853:27743
INFO	2024-07-30 06:12:01	AbstractAlignmentMerger	Merged   141,000,000 records.  Elapsed time: 00:20:02s.  Time for last 1,000,000:    8s.  Last read position: chr2:170,040,937.  Last read name: A01891:52:HF2TWDSX5:3:2563:29143:22748
INFO	2024-07-30 06:12:10	AbstractAlignmentMerger	Merged   142,000,000 records.  Elapsed time: 00:20:10s.  Time for last 1,000,000:    8s.  Last read position: chr22:39,875,822.  Last read name: A01891:52:HF2TWDSX5:3:2605:18322:16845
INFO	2024-07-30 06:12:18	AbstractAlignmentMerger	Merged   143,000,000 records.  Elapsed time: 00:20:19s.  Time for last 1,000,000:    8s.  Last read position: chr2:206,787,971.  Last read name: A01891:52:HF2TWDSX5:3:2625:6099:16188
INFO	2024-07-30 06:12:26	AbstractAlignmentMerger	Merged   144,000,000 records.  Elapsed time: 00:20:27s.  Time for last 1,000,000:    8s.  Last read position: chr22:20,299,642.  Last read name: A01891:52:HF2TWDSX5:3:2646:24749:10191
INFO	2024-07-30 06:12:35	AbstractAlignmentMerger	Merged   145,000,000 records.  Elapsed time: 00:20:35s.  Time for last 1,000,000:    8s.  Last read position: chr10:68,025,474.  Last read name: A01891:52:HF2TWDSX5:3:2667:15700:13839
INFO	2024-07-30 06:12:43	AbstractAlignmentMerger	Merged   146,000,000 records.  Elapsed time: 00:20:44s.  Time for last 1,000,000:    8s.  Last read position: chr20:35,134,866.  Last read name: A01891:52:HF2TWDSX5:4:1109:14380:27336
INFO	2024-07-30 06:12:52	AbstractAlignmentMerger	Merged   147,000,000 records.  Elapsed time: 00:20:52s.  Time for last 1,000,000:    8s.  Last read position: chr19:7,765,743.  Last read name: A01891:52:HF2TWDSX5:4:1129:15646:10081
INFO	2024-07-30 06:13:00	AbstractAlignmentMerger	Merged   148,000,000 records.  Elapsed time: 00:21:01s.  Time for last 1,000,000:    8s.  Last read position: chr1:205,073,138.  Last read name: A01891:52:HF2TWDSX5:4:1148:9091:13416
INFO	2024-07-30 06:13:09	AbstractAlignmentMerger	Merged   149,000,000 records.  Elapsed time: 00:21:10s.  Time for last 1,000,000:    8s.  Last read position: chr2:221,456,685.  Last read name: A01891:52:HF2TWDSX5:4:1168:31367:6026
INFO	2024-07-30 06:13:18	AbstractAlignmentMerger	Merged   150,000,000 records.  Elapsed time: 00:21:19s.  Time for last 1,000,000:    8s.  Last read position: chr10:120,906,586.  Last read name: A01891:52:HF2TWDSX5:4:1210:14452:9768
INFO	2024-07-30 06:13:26	AbstractAlignmentMerger	Merged   151,000,000 records.  Elapsed time: 00:21:27s.  Time for last 1,000,000:    8s.  Last read position: chr2:178,654,423.  Last read name: A01891:52:HF2TWDSX5:4:1229:30138:20870
INFO	2024-07-30 06:13:35	AbstractAlignmentMerger	Merged   152,000,000 records.  Elapsed time: 00:21:36s.  Time for last 1,000,000:    8s.  Last read position: chr11:66,052,331.  Last read name: A01891:52:HF2TWDSX5:4:1249:27624:3740
INFO	2024-07-30 06:13:44	AbstractAlignmentMerger	Merged   153,000,000 records.  Elapsed time: 00:21:44s.  Time for last 1,000,000:    8s.  Last read position: chr2:54,625,992.  Last read name: A01891:52:HF2TWDSX5:4:1269:1777:5259
INFO	2024-07-30 06:13:52	AbstractAlignmentMerger	Merged   154,000,000 records.  Elapsed time: 00:21:53s.  Time for last 1,000,000:    8s.  Last read position: chr3:177,026,380.  Last read name: A01891:52:HF2TWDSX5:4:1309:8549:28635
INFO	2024-07-30 06:14:01	AbstractAlignmentMerger	Merged   155,000,000 records.  Elapsed time: 00:22:01s.  Time for last 1,000,000:    8s.  Last read position: chr18:47,028,613.  Last read name: A01891:52:HF2TWDSX5:4:1328:29613:16955
INFO	2024-07-30 06:14:09	AbstractAlignmentMerger	Merged   156,000,000 records.  Elapsed time: 00:22:10s.  Time for last 1,000,000:    8s.  Last read position: chr11:14,259,524.  Last read name: A01891:52:HF2TWDSX5:4:1347:25229:32722
INFO	2024-07-30 06:14:18	AbstractAlignmentMerger	Merged   157,000,000 records.  Elapsed time: 00:22:19s.  Time for last 1,000,000:    8s.  Last read position: chr16:22,466,211.  Last read name: A01891:52:HF2TWDSX5:4:1366:28809:30060
INFO	2024-07-30 06:14:27	AbstractAlignmentMerger	Merged   158,000,000 records.  Elapsed time: 00:22:27s.  Time for last 1,000,000:    8s.  Last read position: chr10:132,347,970.  Last read name: A01891:52:HF2TWDSX5:4:1407:29225:24987
INFO	2024-07-30 06:14:35	AbstractAlignmentMerger	Merged   159,000,000 records.  Elapsed time: 00:22:36s.  Time for last 1,000,000:    8s.  Last read position: chr21:43,669,843.  Last read name: A01891:52:HF2TWDSX5:4:1426:31783:20525
INFO	2024-07-30 06:14:44	AbstractAlignmentMerger	Merged   160,000,000 records.  Elapsed time: 00:22:45s.  Time for last 1,000,000:    8s.  Last read position: chr2:24,836,861.  Last read name: A01891:52:HF2TWDSX5:4:1445:28492:20055
INFO	2024-07-30 06:14:53	AbstractAlignmentMerger	Merged   161,000,000 records.  Elapsed time: 00:22:53s.  Time for last 1,000,000:    8s.  Last read position: chr15:84,816,968.  Last read name: A01891:52:HF2TWDSX5:4:1464:25220:30577
INFO	2024-07-30 06:15:01	AbstractAlignmentMerger	Merged   162,000,000 records.  Elapsed time: 00:23:02s.  Time for last 1,000,000:    8s.  Last read position: chr19:45,420,273.  Last read name: A01891:52:HF2TWDSX5:4:1505:31973:32941
INFO	2024-07-30 06:15:10	AbstractAlignmentMerger	Merged   163,000,000 records.  Elapsed time: 00:23:11s.  Time for last 1,000,000:    8s.  Last read position: chr9:104,855,181.  Last read name: A01891:52:HF2TWDSX5:4:1525:19343:36213
INFO	2024-07-30 06:15:18	AbstractAlignmentMerger	Merged   164,000,000 records.  Elapsed time: 00:23:19s.  Time for last 1,000,000:    8s.  Last read position: chr3:98,207,409.  Last read name: A01891:52:HF2TWDSX5:4:1544:3685:22936
INFO	2024-07-30 06:15:27	AbstractAlignmentMerger	Merged   165,000,000 records.  Elapsed time: 00:23:28s.  Time for last 1,000,000:    8s.  Last read position: chr15:39,934,278.  Last read name: A01891:52:HF2TWDSX5:4:1563:25382:18552
INFO	2024-07-30 06:15:35	AbstractAlignmentMerger	Merged   166,000,000 records.  Elapsed time: 00:23:36s.  Time for last 1,000,000:    8s.  Last read position: chr4:1,945,570.  Last read name: A01891:52:HF2TWDSX5:4:1604:25057:19085
INFO	2024-07-30 06:15:44	AbstractAlignmentMerger	Merged   167,000,000 records.  Elapsed time: 00:23:45s.  Time for last 1,000,000:    8s.  Last read position: chr7:55,156,320.  Last read name: A01891:52:HF2TWDSX5:4:1627:21594:34100
INFO	2024-07-30 06:15:53	AbstractAlignmentMerger	Merged   168,000,000 records.  Elapsed time: 00:23:53s.  Time for last 1,000,000:    8s.  Last read position: chr1:15,693,255.  Last read name: A01891:52:HF2TWDSX5:4:1647:28791:25582
INFO	2024-07-30 06:16:01	AbstractAlignmentMerger	Merged   169,000,000 records.  Elapsed time: 00:24:02s.  Time for last 1,000,000:    8s.  Last read position: chr1:181,033,877.  Last read name: A01891:52:HF2TWDSX5:4:1667:10149:3129
INFO	2024-07-30 06:16:10	AbstractAlignmentMerger	Merged   170,000,000 records.  Elapsed time: 00:24:10s.  Time for last 1,000,000:    8s.  Last read position: chr9:42,279,843.  Last read name: A01891:52:HF2TWDSX5:4:2108:32108:16642
INFO	2024-07-30 06:16:18	AbstractAlignmentMerger	Merged   171,000,000 records.  Elapsed time: 00:24:19s.  Time for last 1,000,000:    8s.  Last read position: chr6_GL000256v2_alt:4,903,875.  Last read name: A01891:52:HF2TWDSX5:4:2129:9218:15984
INFO	2024-07-30 06:16:27	AbstractAlignmentMerger	Merged   172,000,000 records.  Elapsed time: 00:24:27s.  Time for last 1,000,000:    8s.  Last read position: chr4:38,940,810.  Last read name: A01891:52:HF2TWDSX5:4:2150:32931:10426
INFO	2024-07-30 06:16:35	AbstractAlignmentMerger	Merged   173,000,000 records.  Elapsed time: 00:24:36s.  Time for last 1,000,000:    8s.  Last read position: chr12:109,808,351.  Last read name: A01891:52:HF2TWDSX5:4:2171:15573:25269
INFO	2024-07-30 06:16:44	AbstractAlignmentMerger	Merged   174,000,000 records.  Elapsed time: 00:24:44s.  Time for last 1,000,000:    8s.  Last read position: chr1:103,526,166.  Last read name: A01891:52:HF2TWDSX5:4:2213:32533:4413
INFO	2024-07-30 06:16:52	AbstractAlignmentMerger	Merged   175,000,000 records.  Elapsed time: 00:24:53s.  Time for last 1,000,000:    8s.  Last read position: chr1:236,719,017.  Last read name: A01891:52:HF2TWDSX5:4:2234:30888:14090
INFO	2024-07-30 06:17:01	AbstractAlignmentMerger	Merged   176,000,000 records.  Elapsed time: 00:25:02s.  Time for last 1,000,000:    8s.  Last read position: chr17:16,101,512.  Last read name: A01891:52:HF2TWDSX5:4:2255:4146:27305
INFO	2024-07-30 06:17:09	AbstractAlignmentMerger	Merged   177,000,000 records.  Elapsed time: 00:25:10s.  Time for last 1,000,000:    8s.  Last read position: chr2:241,722,882.  Last read name: A01891:52:HF2TWDSX5:4:2276:10285:30483
INFO	2024-07-30 06:17:18	AbstractAlignmentMerger	Merged   178,000,000 records.  Elapsed time: 00:25:19s.  Time for last 1,000,000:    8s.  Last read position: chr7:129,205,357.  Last read name: A01891:52:HF2TWDSX5:4:2317:24758:17503
INFO	2024-07-30 06:17:27	AbstractAlignmentMerger	Merged   179,000,000 records.  Elapsed time: 00:25:27s.  Time for last 1,000,000:    8s.  Last read position: chr11:63,166,229.  Last read name: A01891:52:HF2TWDSX5:4:2337:10710:15937
INFO	2024-07-30 06:17:35	AbstractAlignmentMerger	Merged   180,000,000 records.  Elapsed time: 00:25:36s.  Time for last 1,000,000:    8s.  Last read position: chr19:43,081,110.  Last read name: A01891:52:HF2TWDSX5:4:2356:6036:28228
INFO	2024-07-30 06:17:44	AbstractAlignmentMerger	Merged   181,000,000 records.  Elapsed time: 00:25:45s.  Time for last 1,000,000:    8s.  Last read position: chr14:32,092,463.  Last read name: A01891:52:HF2TWDSX5:4:2376:31729:25755
INFO	2024-07-30 06:17:52	AbstractAlignmentMerger	Merged   182,000,000 records.  Elapsed time: 00:25:53s.  Time for last 1,000,000:    8s.  Last read position: chr9:18,681,948.  Last read name: A01891:52:HF2TWDSX5:4:2418:27227:24784
INFO	2024-07-30 06:18:01	AbstractAlignmentMerger	Merged   183,000,000 records.  Elapsed time: 00:26:02s.  Time for last 1,000,000:    8s.  Last read position: chr7:100,310,600.  Last read name: A01891:52:HF2TWDSX5:4:2438:10963:27993
INFO	2024-07-30 06:18:10	AbstractAlignmentMerger	Merged   184,000,000 records.  Elapsed time: 00:26:10s.  Time for last 1,000,000:    8s.  Last read position: chr4:2,693,622.  Last read name: A01891:52:HF2TWDSX5:4:2457:21178:10676
INFO	2024-07-30 06:18:18	AbstractAlignmentMerger	Merged   185,000,000 records.  Elapsed time: 00:26:19s.  Time for last 1,000,000:    8s.  Last read position: chr12:114,674,478.  Last read name: A01891:52:HF2TWDSX5:4:2476:5828:29997
INFO	2024-07-30 06:18:27	AbstractAlignmentMerger	Merged   186,000,000 records.  Elapsed time: 00:26:27s.  Time for last 1,000,000:    8s.  Last read position: chr13:106,728,605.  Last read name: A01891:52:HF2TWDSX5:4:2518:27335:27132
INFO	2024-07-30 06:18:35	AbstractAlignmentMerger	Merged   187,000,000 records.  Elapsed time: 00:26:36s.  Time for last 1,000,000:    8s.  Last read position: chrX:104,232,904.  Last read name: A01891:52:HF2TWDSX5:4:2538:21350:19742
INFO	2024-07-30 06:18:44	AbstractAlignmentMerger	Merged   188,000,000 records.  Elapsed time: 00:26:44s.  Time for last 1,000,000:    8s.  Last read position: chr7:143,862,927.  Last read name: A01891:52:HF2TWDSX5:4:2557:14895:13291
INFO	2024-07-30 06:18:52	AbstractAlignmentMerger	Merged   189,000,000 records.  Elapsed time: 00:26:53s.  Time for last 1,000,000:    8s.  Last read position: chr15:52,608,808.  Last read name: A01891:52:HF2TWDSX5:4:2575:27932:22498
INFO	2024-07-30 06:19:01	AbstractAlignmentMerger	Merged   190,000,000 records.  Elapsed time: 00:27:02s.  Time for last 1,000,000:    8s.  Last read position: chr14:105,746,403.  Last read name: A01891:52:HF2TWDSX5:4:2619:15808:18411
INFO	2024-07-30 06:19:09	AbstractAlignmentMerger	Merged   191,000,000 records.  Elapsed time: 00:27:10s.  Time for last 1,000,000:    8s.  Last read position: chr16:4,333,566.  Last read name: A01891:52:HF2TWDSX5:4:2641:9516:31814
INFO	2024-07-30 06:19:18	AbstractAlignmentMerger	Merged   192,000,000 records.  Elapsed time: 00:27:19s.  Time for last 1,000,000:    8s.  Last read position: chr13:102,792,028.  Last read name: A01891:52:HF2TWDSX5:4:2662:12075:32330
INFO	2024-07-30 06:19:56	AbstractAlignmentMerger	Written in coordinate order to output    10,000,000 records.  Elapsed time: 00:00:30s.  Time for last 10,000,000:   27s.  Last read position: chr1:117,623,548
INFO	2024-07-30 06:20:28	AbstractAlignmentMerger	Written in coordinate order to output    20,000,000 records.  Elapsed time: 00:01:02s.  Time for last 10,000,000:   32s.  Last read position: chr2:25,955,454
INFO	2024-07-30 06:21:03	AbstractAlignmentMerger	Written in coordinate order to output    30,000,000 records.  Elapsed time: 00:01:37s.  Time for last 10,000,000:   34s.  Last read position: chr2:200,856,850
INFO	2024-07-30 06:21:39	AbstractAlignmentMerger	Written in coordinate order to output    40,000,000 records.  Elapsed time: 00:02:13s.  Time for last 10,000,000:   36s.  Last read position: chr3:129,401,751
INFO	2024-07-30 06:22:15	AbstractAlignmentMerger	Written in coordinate order to output    50,000,000 records.  Elapsed time: 00:02:49s.  Time for last 10,000,000:   36s.  Last read position: chr4:154,584,544
INFO	2024-07-30 06:22:52	AbstractAlignmentMerger	Written in coordinate order to output    60,000,000 records.  Elapsed time: 00:03:26s.  Time for last 10,000,000:   36s.  Last read position: chr6:26,250,339
INFO	2024-07-30 06:23:27	AbstractAlignmentMerger	Written in coordinate order to output    70,000,000 records.  Elapsed time: 00:04:01s.  Time for last 10,000,000:   35s.  Last read position: chr7:35,204,402
INFO	2024-07-30 06:24:02	AbstractAlignmentMerger	Written in coordinate order to output    80,000,000 records.  Elapsed time: 00:04:36s.  Time for last 10,000,000:   35s.  Last read position: chr8:35,544,361
INFO	2024-07-30 06:24:37	AbstractAlignmentMerger	Written in coordinate order to output    90,000,000 records.  Elapsed time: 00:05:11s.  Time for last 10,000,000:   34s.  Last read position: chr9:113,584,124
INFO	2024-07-30 06:25:12	AbstractAlignmentMerger	Written in coordinate order to output   100,000,000 records.  Elapsed time: 00:05:46s.  Time for last 10,000,000:   35s.  Last read position: chr10:121,551,279
INFO	2024-07-30 06:25:47	AbstractAlignmentMerger	Written in coordinate order to output   110,000,000 records.  Elapsed time: 00:06:21s.  Time for last 10,000,000:   35s.  Last read position: chr11:117,903,397
INFO	2024-07-30 06:26:22	AbstractAlignmentMerger	Written in coordinate order to output   120,000,000 records.  Elapsed time: 00:06:56s.  Time for last 10,000,000:   35s.  Last read position: chr12:122,207,236
INFO	2024-07-30 06:26:57	AbstractAlignmentMerger	Written in coordinate order to output   130,000,000 records.  Elapsed time: 00:07:31s.  Time for last 10,000,000:   35s.  Last read position: chr14:104,951,286
INFO	2024-07-30 06:27:32	AbstractAlignmentMerger	Written in coordinate order to output   140,000,000 records.  Elapsed time: 00:08:06s.  Time for last 10,000,000:   35s.  Last read position: chr16:6,019,906
INFO	2024-07-30 06:28:07	AbstractAlignmentMerger	Written in coordinate order to output   150,000,000 records.  Elapsed time: 00:08:41s.  Time for last 10,000,000:   34s.  Last read position: chr17:10,513,525
INFO	2024-07-30 06:28:42	AbstractAlignmentMerger	Written in coordinate order to output   160,000,000 records.  Elapsed time: 00:09:16s.  Time for last 10,000,000:   34s.  Last read position: chr17:82,411,285
INFO	2024-07-30 06:29:17	AbstractAlignmentMerger	Written in coordinate order to output   170,000,000 records.  Elapsed time: 00:09:51s.  Time for last 10,000,000:   35s.  Last read position: chr19:38,358,176
INFO	2024-07-30 06:29:52	AbstractAlignmentMerger	Written in coordinate order to output   180,000,000 records.  Elapsed time: 00:10:26s.  Time for last 10,000,000:   34s.  Last read position: chr20:63,775,630
INFO	2024-07-30 06:30:28	AbstractAlignmentMerger	Written in coordinate order to output   190,000,000 records.  Elapsed time: 00:11:02s.  Time for last 10,000,000:   36s.  Last read position: chrX:120,940,930
INFO	2024-07-30 06:30:40	AbstractAlignmentMerger	Wrote 192579833 alignment records and 344113 unmapped reads.
[Tue Jul 30 06:30:40 GMT 2024] picard.sam.MergeBamAlignment done. Elapsed time: 38.69 minutes.
Runtime.totalMemory()=1241513984
Tool returned:
0
Using GATK jar /gatk/gatk-package-4.6.0.0-local.jar
Running:
    java -Dsamjdk.use_async_io_read_samtools=false -Dsamjdk.use_async_io_write_samtools=true -Dsamjdk.use_async_io_write_tribble=false -Dsamjdk.compression_level=2 -jar /gatk/gatk-package-4.6.0.0-local.jar MergeBamAlignment --R /coh_labs/dits/rayyan/References/GATK_assembly38/Homo_sapiens_assembly38.fasta --ALIGNED_BAM /coh_labs/dits/rayyan/Data/C083-000002/AnalysisData2/C083-000002_GermlineDNA_bwamem.sam --UNMAPPED_BAM /coh_labs/dits/rayyan/Data/C083-000002/AnalysisData2/C083-000002_GermlineDNA_markilluminaadapters.bam --OUTPUT /coh_labs/dits/rayyan/Data/C083-000002/AnalysisData2/C083-000002_GermlineDNA_mergebamalignment.bam --CREATE_INDEX true --ADD_MATE_CIGAR true --CLIP_ADAPTERS false --CLIP_OVERLAPPING_READS true --INCLUDE_SECONDARY_ALIGNMENTS true --MAX_INSERTIONS_OR_DELETIONS -1 --PRIMARY_ALIGNMENT_STRATEGY MostDistant --ATTRIBUTES_TO_RETAIN XS
