05:05:58.803 INFO  NativeLibraryLoader - Loading libgkl_compression.so from jar:file:/gatk/gatk-package-4.6.0.0-local.jar!/com/intel/gkl/native/libgkl_compression.so
05:05:58.935 INFO  HaplotypeCaller - ------------------------------------------------------------
05:05:58.938 INFO  HaplotypeCaller - The Genome Analysis Toolkit (GATK) v4.6.0.0
05:05:58.939 INFO  HaplotypeCaller - For support and documentation go to https://software.broadinstitute.org/gatk/
05:05:58.939 INFO  HaplotypeCaller - Executing as raburajab@g-c-1-7-23 on Linux v4.18.0-305.3.1.el8_4.x86_64 amd64
05:05:58.939 INFO  HaplotypeCaller - Java runtime: OpenJDK 64-Bit Server VM v17.0.9+9-Ubuntu-122.04
05:05:58.939 INFO  HaplotypeCaller - Start Date/Time: August 2, 2024 at 5:05:58 AM GMT
05:05:58.939 INFO  HaplotypeCaller - ------------------------------------------------------------
05:05:58.939 INFO  HaplotypeCaller - ------------------------------------------------------------
05:05:58.939 INFO  HaplotypeCaller - HTSJDK Version: 4.1.1
05:05:58.940 INFO  HaplotypeCaller - Picard Version: 3.2.0
05:05:58.940 INFO  HaplotypeCaller - Built for Spark Version: 3.5.0
05:05:58.940 INFO  HaplotypeCaller - HTSJDK Defaults.COMPRESSION_LEVEL : 2
05:05:58.940 INFO  HaplotypeCaller - HTSJDK Defaults.USE_ASYNC_IO_READ_FOR_SAMTOOLS : false
05:05:58.940 INFO  HaplotypeCaller - HTSJDK Defaults.USE_ASYNC_IO_WRITE_FOR_SAMTOOLS : true
05:05:58.940 INFO  HaplotypeCaller - HTSJDK Defaults.USE_ASYNC_IO_WRITE_FOR_TRIBBLE : false
05:05:58.940 INFO  HaplotypeCaller - Deflater: IntelDeflater
05:05:58.940 INFO  HaplotypeCaller - Inflater: IntelInflater
05:05:58.940 INFO  HaplotypeCaller - GCS max retries/reopens: 20
05:05:58.940 INFO  HaplotypeCaller - Requester pays: disabled
05:05:58.941 INFO  HaplotypeCaller - Initializing engine
05:05:59.231 INFO  HaplotypeCaller - Done initializing engine
05:05:59.307 INFO  NativeLibraryLoader - Loading libgkl_utils.so from jar:file:/gatk/gatk-package-4.6.0.0-local.jar!/com/intel/gkl/native/libgkl_utils.so
05:05:59.312 INFO  NativeLibraryLoader - Loading libgkl_smithwaterman.so from jar:file:/gatk/gatk-package-4.6.0.0-local.jar!/com/intel/gkl/native/libgkl_smithwaterman.so
05:05:59.313 INFO  IntelSmithWaterman - Using CPU-supported AVX-512 instructions
05:05:59.313 INFO  SmithWatermanAligner - Using AVX accelerated SmithWaterman implementation
05:05:59.315 INFO  HaplotypeCallerEngine - Disabling physical phasing, which is supported only for reference-model confidence output
05:05:59.377 INFO  NativeLibraryLoader - Loading libgkl_pairhmm_omp.so from jar:file:/gatk/gatk-package-4.6.0.0-local.jar!/com/intel/gkl/native/libgkl_pairhmm_omp.so
05:05:59.390 INFO  IntelPairHmm - Using CPU-supported AVX-512 instructions
05:05:59.390 INFO  IntelPairHmm - Flush-to-zero (FTZ) is enabled when running PairHMM
05:05:59.390 INFO  IntelPairHmm - Available threads: 8
05:05:59.390 INFO  IntelPairHmm - Requested threads: 4
05:05:59.390 INFO  PairHMM - Using the OpenMP multi-threaded AVX-accelerated native PairHMM implementation
05:05:59.432 INFO  ProgressMeter - Starting traversal
05:05:59.433 INFO  ProgressMeter -        Current Locus  Elapsed Minutes     Regions Processed   Regions/Minute
05:05:59.690 WARN  InbreedingCoeff - InbreedingCoeff will not be calculated at position chr1:13273 and possibly subsequent; at least 10 samples must have called genotypes
05:06:09.985 INFO  ProgressMeter -         chr1:1181676              0.2                  4350          24737.0
05:06:20.111 INFO  ProgressMeter -         chr1:1485848              0.3                  5750          16685.2
05:06:30.119 INFO  ProgressMeter -         chr1:2056517              0.5                  8360          16346.2
05:06:40.210 INFO  ProgressMeter -         chr1:3758271              0.7                 14860          21865.3
05:06:45.000 WARN  HaplotypeCallerGenotypingEngine - At position chr1:6095465-6095468 removed alt alleles where ploidy is 2 and original allele count is 52, whereas after trimming the allele count becomes 44. Alleles kept are:[GCCC*, GCCCC, GCCCCCC, GCGCCCC, GCCGCCCC, GCCCCCCCC, GCGCCCCCC, GCCCCCCCCC, GCCGCCCCCC, GCGGCCCCCC, GGCCCGCCCC, GCGCCCCCCCC, GCCCCCCCCCCC, GCCGCCCCCCCC, GCGCCCCCCCCC, GCGGCCCCCCCC, GGCCCGCCCCCC, GCCGCCCCCCCCC, GCGGCCCCCCCCC, GCCCCCCCCCCCCC, GCCGCGCCCCCCCC, GCGCCCCCCCCCCC, GCGCGCCCCCCCCC, GCGGGCCCCCCCCC, GGCCCGCCCCCCCC, GCCCCCCCCCCCCCC, GCCGCCCCCCCCCCC, GCCGCGCCCCCCCCC, GCGGCCCCCCCCCCC, GGCCCGCCCCCCCCC, GCGCCCCCCCCCCCCC, GCCGCCCCCCCCCCCCC, GCCGCGCCCCCCCCCCC, GCGCCCCCCCCCCCCCC, GCGGCCCCCCCCCCCCC, GGCCCGCCCCCCCCCCC, GCCGCCCCCCCCCCCCCC, GCGGCCCCCCCCCCCCCC, GCCGCGCCCCCCCCCCCCC, GCGCGCCCCCCCCCCCCCC, GCGGGCCCCCCCCCCCCCC, GGCCCGCCCCCCCCCCCCC, GCCGCGCCCCCCCCCCCCCC, GGCCCGCCCCCCCCCCCCCC]
05:06:50.211 INFO  ProgressMeter -         chr1:6797819              0.8                 26440          31241.9
05:07:00.254 INFO  ProgressMeter -        chr1:10118551              1.0                 39610          39075.3
05:07:10.324 INFO  ProgressMeter -        chr1:11520085              1.2                 45370          38399.8
05:07:20.360 INFO  ProgressMeter -        chr1:13224454              1.3                 51990          38545.8
05:07:30.376 INFO  ProgressMeter -        chr1:15170519              1.5                 59470          39235.6
05:07:40.856 INFO  ProgressMeter -        chr1:15937895              1.7                 62900          37210.5
05:07:51.036 INFO  ProgressMeter -        chr1:16620922              1.9                 65950          35456.0
05:08:01.036 INFO  ProgressMeter -        chr1:16703356              2.0                 66400          32762.3
05:08:11.047 INFO  ProgressMeter -        chr1:17401539              2.2                 69390          31633.4
05:08:21.653 INFO  ProgressMeter -        chr1:18712263              2.4                 74410          31392.2
05:08:32.229 INFO  ProgressMeter -        chr1:18720871              2.5                 74470          29242.9
05:08:46.931 INFO  ProgressMeter -        chr1:18727474              2.8                 74510          26690.5
05:08:57.486 INFO  ProgressMeter -        chr1:19655636              3.0                 78230          26361.8
05:09:07.531 INFO  ProgressMeter -        chr1:21873552              3.1                 87070          27773.8
05:09:17.598 INFO  ProgressMeter -        chr1:23874554              3.3                 95090          28791.3
05:09:27.836 INFO  ProgressMeter -        chr1:26301977              3.5                104860          30189.6
05:09:37.859 INFO  ProgressMeter -        chr1:27669094              3.6                110450          30339.8
05:09:47.876 INFO  ProgressMeter -        chr1:31626062              3.8                125990          33091.0
05:09:57.901 INFO  ProgressMeter -        chr1:33297153              4.0                132700          33388.1
05:10:07.913 INFO  ProgressMeter -        chr1:36342801              4.1                144370          34860.8
05:10:17.918 INFO  ProgressMeter -        chr1:39607389              4.3                157050          36454.7
05:10:27.942 INFO  ProgressMeter -        chr1:42415986              4.5                167830          37502.7
05:10:37.946 INFO  ProgressMeter -        chr1:44475916              4.6                175950          37905.0
05:10:47.952 INFO  ProgressMeter -        chr1:46684456              4.8                184670          38403.7
05:10:57.952 INFO  ProgressMeter -        chr1:51771882              5.0                203370          40875.8
05:11:07.967 INFO  ProgressMeter -        chr1:54608709              5.1                214600          41732.8
05:11:17.968 INFO  ProgressMeter -        chr1:58789782              5.3                230080          43338.4
05:11:27.970 INFO  ProgressMeter -        chr1:64807333              5.5                252560          46124.5
05:11:37.974 INFO  ProgressMeter -        chr1:70090459              5.6                272150          48233.6
05:11:48.038 INFO  ProgressMeter -        chr1:77537800              5.8                299120          51483.1
05:11:58.055 INFO  ProgressMeter -        chr1:85100399              6.0                326580          54639.1
05:12:08.055 INFO  ProgressMeter -        chr1:90783634              6.1                347480          56558.8
05:12:18.101 INFO  ProgressMeter -        chr1:95245979              6.3                364570          57766.3
05:12:28.264 INFO  ProgressMeter -       chr1:103621582              6.5                394910          60938.0
05:12:38.266 INFO  ProgressMeter -       chr1:109581223              6.6                416750          62695.6
05:12:48.265 INFO  ProgressMeter -       chr1:112444011              6.8                427530          62744.1
05:12:58.270 INFO  ProgressMeter -       chr1:115769097              7.0                440210          63061.8
05:13:08.621 INFO  ProgressMeter -       chr1:119924169              7.2                455440          63670.1
05:13:18.661 INFO  ProgressMeter -       chr1:143881658              7.3                536460          73282.2
05:13:28.661 INFO  ProgressMeter -       chr1:147590814              7.5                549920          73448.7
05:13:38.708 INFO  ProgressMeter -       chr1:150625377              7.7                561180          73312.9
05:13:49.471 INFO  ProgressMeter -       chr1:152112471              7.8                567320          72418.0
05:13:59.591 INFO  ProgressMeter -       chr1:153113070              8.0                571020          71354.0
05:14:09.643 INFO  ProgressMeter -       chr1:154507131              8.2                576750          70592.2
05:14:19.671 INFO  ProgressMeter -       chr1:155614104              8.3                581280          69720.4
05:14:30.311 INFO  ProgressMeter -       chr1:156671524              8.5                585770          68795.7
05:14:40.315 INFO  ProgressMeter -       chr1:158329233              8.7                592030          68195.5
05:14:50.329 INFO  ProgressMeter -       chr1:160192945              8.8                599060          67703.7
05:15:00.337 INFO  ProgressMeter -       chr1:161755433              9.0                605240          67136.6
05:15:10.358 INFO  ProgressMeter -       chr1:167854777              9.2                627770          68369.0
05:15:20.422 INFO  ProgressMeter -       chr1:171841783              9.3                642680          68737.3
05:15:30.559 INFO  ProgressMeter -       chr1:176705227              9.5                660670          69407.1
05:15:40.571 INFO  ProgressMeter -       chr1:181006519              9.7                676790          69875.7
05:15:50.577 INFO  ProgressMeter -       chr1:185990125              9.9                695390          70580.8
05:16:00.579 INFO  ProgressMeter -       chr1:191057784             10.0                713740          71237.9
05:16:10.579 INFO  ProgressMeter -       chr1:199230615             10.2                743240          72968.5
05:16:20.840 INFO  ProgressMeter -       chr1:201649392             10.4                752620          72669.3
05:16:30.867 INFO  ProgressMeter -       chr1:203830266             10.5                761390          72348.7
05:16:40.867 INFO  ProgressMeter -       chr1:205809749             10.7                769190          71950.3
05:16:50.870 INFO  ProgressMeter -       chr1:208837038             10.9                780450          71882.6
05:17:00.917 INFO  ProgressMeter -       chr1:213017392             11.0                796390          72236.7
05:17:10.937 INFO  ProgressMeter -       chr1:219980334             11.2                821740          73423.8
05:17:20.954 INFO  ProgressMeter -       chr1:224455258             11.4                838530          73822.8
05:17:30.975 INFO  ProgressMeter -       chr1:227654488             11.5                850900          73826.3
05:17:40.979 INFO  ProgressMeter -       chr1:229607264             11.7                858330          73409.0
05:17:50.992 INFO  ProgressMeter -       chr1:233292153             11.9                872180          73543.9
05:18:00.994 INFO  ProgressMeter -       chr1:236762781             12.0                885850          73661.1
05:18:11.003 INFO  ProgressMeter -       chr1:241796828             12.2                904770          74205.1
05:18:21.006 INFO  ProgressMeter -       chr1:246829488             12.4                924140          74771.3
05:18:31.127 INFO  ProgressMeter -       chr1:248389292             12.5                930200          74248.3
05:18:41.128 INFO  ProgressMeter -         chr2:4029775             12.7                946970          74594.4
05:18:51.142 INFO  ProgressMeter -        chr2:11215061             12.9                973490          75688.4
05:19:01.219 INFO  ProgressMeter -        chr2:19931386             13.0               1005120          77140.3
05:19:11.287 INFO  ProgressMeter -        chr2:25252254             13.2               1025000          77665.9
05:19:21.299 INFO  ProgressMeter -        chr2:27365396             13.4               1033480          77330.6
05:19:31.540 INFO  ProgressMeter -        chr2:29228191             13.5               1040760          76893.3
05:19:41.554 INFO  ProgressMeter -        chr2:33390725             13.7               1056570          77110.5
05:19:51.820 INFO  ProgressMeter -        chr2:38870407             13.9               1077270          77651.6
05:20:01.839 INFO  ProgressMeter -        chr2:44321108             14.0               1097910          78198.2
05:20:12.102 INFO  ProgressMeter -        chr2:47784356             14.2               1110930          78173.1
05:20:22.126 INFO  ProgressMeter -        chr2:54630165             14.4               1136020          79009.8
05:20:32.475 INFO  ProgressMeter -        chr2:60883927             14.6               1158890          79645.0
05:20:42.544 INFO  ProgressMeter -        chr2:65313145             14.7               1175790          79885.1
05:20:52.547 INFO  ProgressMeter -        chr2:70699516             14.9               1195840          80337.3
05:21:02.932 INFO  ProgressMeter -        chr2:73294126             15.1               1205550          80058.7
05:21:12.934 INFO  ProgressMeter -        chr2:76308969             15.2               1216850          79924.5
05:21:22.934 INFO  ProgressMeter -        chr2:85338092             15.4               1249600          81186.7
05:21:32.935 INFO  ProgressMeter -        chr2:88545591             15.6               1261840          81103.7
05:21:43.102 INFO  ProgressMeter -        chr2:94858148             15.7               1283740          81622.3
05:21:53.411 INFO  ProgressMeter -        chr2:96838514             15.9               1291080          81201.9
05:22:03.416 INFO  ProgressMeter -        chr2:98168335             16.1               1296090          80670.9
05:22:13.431 INFO  ProgressMeter -       chr2:102188284             16.2               1311350          80781.6
05:22:23.436 INFO  ProgressMeter -       chr2:107879686             16.4               1332210          81232.1
05:22:33.448 INFO  ProgressMeter -       chr2:111930410             16.6               1347130          81314.5
05:22:43.457 INFO  ProgressMeter -       chr2:113494093             16.7               1353230          80868.4
05:22:53.460 INFO  ProgressMeter -       chr2:119543324             16.9               1375160          81368.2
05:23:03.541 INFO  ProgressMeter -       chr2:127291376             17.1               1403390          82221.2
05:23:15.119 INFO  ProgressMeter -       chr2:130195144             17.3               1414450          81942.8
05:23:25.440 INFO  ProgressMeter -       chr2:131491634             17.4               1419380          81417.0
05:23:35.440 INFO  ProgressMeter -       chr2:133171567             17.6               1425630          81001.2
05:23:45.541 INFO  ProgressMeter -       chr2:140505237             17.8               1452560          81749.3
05:23:55.541 INFO  ProgressMeter -       chr2:149888653             17.9               1486260          82868.6
05:24:05.544 INFO  ProgressMeter -       chr2:157436711             18.1               1513850          83629.6
05:24:15.544 INFO  ProgressMeter -       chr2:162353598             18.3               1532040          83862.3
05:24:25.571 INFO  ProgressMeter -       chr2:168975843             18.4               1556170          84411.1
05:24:35.570 INFO  ProgressMeter -       chr2:172767961             18.6               1570780          84440.2
05:24:45.576 INFO  ProgressMeter -       chr2:177676803             18.8               1589020          84661.7
05:24:55.578 INFO  ProgressMeter -       chr2:178873055             18.9               1593570          84156.7
05:25:05.580 INFO  ProgressMeter -       chr2:186879135             19.1               1622660          84945.2
05:25:15.581 INFO  ProgressMeter -       chr2:193312207             19.3               1646160          85429.9
05:25:25.581 INFO  ProgressMeter -       chr2:198660079             19.4               1665830          85709.4
05:25:35.581 INFO  ProgressMeter -       chr2:202404648             19.6               1680120          85709.6
05:25:45.581 INFO  ProgressMeter -       chr2:207614869             19.8               1699740          85979.5
05:25:55.627 INFO  ProgressMeter -       chr2:211714432             19.9               1715090          86027.4
05:26:05.838 INFO  ProgressMeter -       chr2:217818469             20.1               1737580          86417.7
05:26:15.843 INFO  ProgressMeter -       chr2:219226487             20.3               1743200          85984.2
05:26:25.846 INFO  ProgressMeter -       chr2:221633657             20.4               1752300          85728.1
05:26:35.927 INFO  ProgressMeter -       chr2:223053228             20.6               1757590          85285.8
05:26:45.933 INFO  ProgressMeter -       chr2:228022644             20.8               1776260          85499.9
05:26:56.374 INFO  ProgressMeter -       chr2:232380469             20.9               1792840          85581.1
05:27:06.719 INFO  ProgressMeter -       chr2:233729120             21.1               1798230          85137.7
05:27:16.778 INFO  ProgressMeter -       chr2:237820291             21.3               1813420          85180.8
05:27:26.791 INFO  ProgressMeter -       chr2:240934468             21.5               1825170          85065.8
05:27:36.797 INFO  ProgressMeter -          chr3:345502             21.6               1831650          84709.5
05:27:46.819 INFO  ProgressMeter -         chr3:9028101             21.8               1863430          85518.6
05:27:56.866 INFO  ProgressMeter -        chr3:10151863             22.0               1867980          85073.6
05:28:06.866 INFO  ProgressMeter -        chr3:12707985             22.1               1877870          84879.8
05:28:16.892 INFO  ProgressMeter -        chr3:15477049             22.3               1888530          84721.7
05:28:26.892 INFO  ProgressMeter -        chr3:22612864             22.5               1914620          85254.7
05:28:36.894 INFO  ProgressMeter -        chr3:31625272             22.6               1947470          86078.5
05:28:46.937 INFO  ProgressMeter -        chr3:36857871             22.8               1966970          86301.9
05:28:56.939 INFO  ProgressMeter -        chr3:39258516             23.0               1976140          86074.7
05:29:07.239 INFO  ProgressMeter -        chr3:41220248             23.1               1983370          85748.4
05:29:17.241 INFO  ProgressMeter -        chr3:42751804             23.3               1989330          85390.7
05:29:27.253 INFO  ProgressMeter -        chr3:45460666             23.5               1999520          85217.7
05:29:37.256 INFO  ProgressMeter -        chr3:47327463             23.6               2006800          84924.6
05:29:47.286 INFO  ProgressMeter -        chr3:48682543             23.8               2012310          84559.5
05:29:57.296 INFO  ProgressMeter -        chr3:50117822             24.0               2018390          84224.6
05:30:07.302 INFO  ProgressMeter -        chr3:52290239             24.1               2026740          83988.6
05:30:17.302 INFO  ProgressMeter -        chr3:53109442             24.3               2030180          83554.0
05:30:27.315 INFO  ProgressMeter -        chr3:57646321             24.5               2047360          83686.3
05:30:37.538 INFO  ProgressMeter -        chr3:63999452             24.6               2070860          84061.4
05:30:47.559 INFO  ProgressMeter -        chr3:70971787             24.8               2096280          84520.3
05:30:57.666 INFO  ProgressMeter -        chr3:75666912             25.0               2113680          84646.9
05:31:07.722 INFO  ProgressMeter -        chr3:87051706             25.1               2154570          85709.2
05:31:17.724 INFO  ProgressMeter -        chr3:97786458             25.3               2192370          86638.3
05:31:27.726 INFO  ProgressMeter -       chr3:102743347             25.5               2210800          86794.9
05:31:37.726 INFO  ProgressMeter -       chr3:111693579             25.6               2243500          87506.1
05:31:47.726 INFO  ProgressMeter -       chr3:115705323             25.8               2258480          87521.4
05:31:57.875 INFO  ProgressMeter -       chr3:121586049             26.0               2279990          87779.6
05:32:07.919 INFO  ProgressMeter -       chr3:123978238             26.1               2289180          87569.0
05:32:17.932 INFO  ProgressMeter -       chr3:126993445             26.3               2300660          87449.9
05:32:28.162 INFO  ProgressMeter -       chr3:130104734             26.5               2312470          87332.8
05:32:38.584 INFO  ProgressMeter -       chr3:134376478             26.7               2328430          87362.5
05:32:48.591 INFO  ProgressMeter -       chr3:139353815             26.8               2347050          87513.5
05:32:58.591 INFO  ProgressMeter -       chr3:145340583             27.0               2368960          87784.9
05:33:08.596 INFO  ProgressMeter -       chr3:151459832             27.2               2391390          88071.9
05:33:18.599 INFO  ProgressMeter -       chr3:158697340             27.3               2418010          88508.8
05:33:28.601 INFO  ProgressMeter -       chr3:168569035             27.5               2453520          89263.9
05:33:38.607 INFO  ProgressMeter -       chr3:172774895             27.7               2469390          89299.5
05:33:48.607 INFO  ProgressMeter -       chr3:180796815             27.8               2498670          89817.0
05:33:58.664 INFO  ProgressMeter -       chr3:184345941             28.0               2512310          89766.4
05:34:08.762 INFO  ProgressMeter -       chr3:186076750             28.2               2519270          89477.1
05:34:18.763 INFO  ProgressMeter -       chr3:188203118             28.3               2527390          89237.2
05:34:28.766 INFO  ProgressMeter -       chr3:194209476             28.5               2549620          89495.3
05:34:39.090 INFO  ProgressMeter -       chr3:195726742             28.7               2555570          89165.6
05:35:01.894 INFO  ProgressMeter -       chr3:195781027             29.0               2555850          88008.3
05:35:22.189 INFO  ProgressMeter -       chr3:195783638             29.4               2555870          86995.7
05:35:35.347 INFO  ProgressMeter -       chr3:195785186             29.6               2555880          86351.5
05:35:53.363 INFO  ProgressMeter -       chr3:195786772             29.9               2555890          85484.7
05:36:03.390 INFO  ProgressMeter -       chr3:195983278             30.1               2556740          85037.7
05:36:13.428 INFO  ProgressMeter -          chr4:344399             30.2               2567310          84916.8
05:36:24.057 INFO  ProgressMeter -         chr4:1381639             30.4               2571470          84558.9
05:36:35.109 INFO  ProgressMeter -         chr4:1807754             30.6               2573160          84105.0
05:36:45.161 INFO  ProgressMeter -         chr4:3131831             30.8               2578520          83821.2
05:36:55.163 INFO  ProgressMeter -         chr4:5957620             30.9               2589230          83715.7
05:37:05.257 INFO  ProgressMeter -         chr4:8238600             31.1               2598130          83549.0
05:37:15.258 INFO  ProgressMeter -        chr4:12722917             31.3               2614650          83632.0
05:37:25.259 INFO  ProgressMeter -        chr4:19109764             31.4               2638050          83933.0
05:37:35.262 INFO  ProgressMeter -        chr4:25792300             31.6               2662550          84265.5
05:37:45.266 INFO  ProgressMeter -        chr4:37914184             31.8               2706310          85200.9
05:37:55.307 INFO  ProgressMeter -        chr4:41626970             31.9               2721080          85216.9
05:38:05.351 INFO  ProgressMeter -        chr4:48491916             32.1               2746180          85554.4
05:38:15.497 INFO  ProgressMeter -        chr4:54269856             32.3               2766790          85744.8
05:38:25.501 INFO  ProgressMeter -        chr4:57018547             32.4               2777210          85625.3
05:38:35.501 INFO  ProgressMeter -        chr4:66778638             32.6               2812320          86264.5
05:38:45.578 INFO  ProgressMeter -        chr4:70481622             32.8               2826090          86242.6
05:38:55.626 INFO  ProgressMeter -        chr4:75958889             32.9               2846480          86423.1
05:39:05.626 INFO  ProgressMeter -        chr4:81041511             33.1               2865190          86553.2
05:39:15.629 INFO  ProgressMeter -        chr4:86944118             33.3               2887120          86778.7
05:39:26.074 INFO  ProgressMeter -        chr4:87617823             33.4               2889740          86405.3
05:39:36.076 INFO  ProgressMeter -        chr4:95694845             33.6               2919130          86851.2
05:39:46.217 INFO  ProgressMeter -       chr4:103087513             33.8               2946000          87212.1
05:39:56.230 INFO  ProgressMeter -       chr4:109816431             33.9               2970490          87504.7
05:40:06.233 INFO  ProgressMeter -       chr4:117241346             34.1               2997540          87870.0
05:40:16.251 INFO  ProgressMeter -       chr4:121953402             34.3               3014940          87949.6
05:40:26.252 INFO  ProgressMeter -       chr4:128287880             34.4               3038130          88197.3
05:40:36.258 INFO  ProgressMeter -       chr4:139718962             34.6               3079480          88967.0
05:40:46.266 INFO  ProgressMeter -       chr4:145849281             34.8               3101880          89184.3
05:40:56.482 INFO  ProgressMeter -       chr4:152347427             35.0               3125610          89428.8
05:41:06.487 INFO  ProgressMeter -       chr4:158645738             35.1               3148730          89662.6
05:41:16.491 INFO  ProgressMeter -       chr4:167793624             35.3               3182100          90184.6
05:41:27.145 INFO  ProgressMeter -       chr4:174980163             35.5               3208450          90476.1
05:41:37.169 INFO  ProgressMeter -       chr4:183680380             35.6               3240700          90957.0
05:41:47.207 INFO  ProgressMeter -       chr4:186589709             35.8               3252130          90851.2
05:41:57.211 INFO  ProgressMeter -       chr4:190028421             36.0               3264990          90787.6
05:42:07.213 INFO  ProgressMeter -          chr5:839276             36.1               3268940          90478.0
05:42:17.215 INFO  ProgressMeter -         chr5:1658290             36.3               3272230          90153.1
05:42:27.217 INFO  ProgressMeter -         chr5:8029779             36.5               3295580          90381.3
05:42:37.314 INFO  ProgressMeter -        chr5:14600883             36.6               3319760          90626.2
05:42:47.314 INFO  ProgressMeter -        chr5:24466612             36.8               3355700          91192.4
05:42:57.324 INFO  ProgressMeter -        chr5:33454399             37.0               3388570          91670.1
05:43:07.324 INFO  ProgressMeter -        chr5:37500015             37.1               3403770          91667.9
05:43:17.426 INFO  ProgressMeter -        chr5:43495785             37.3               3426010          91850.4
05:43:27.441 INFO  ProgressMeter -        chr5:55274389             37.5               3467570          92550.5
05:43:37.441 INFO  ProgressMeter -        chr5:61637674             37.6               3491040          92764.2
05:43:48.402 INFO  ProgressMeter -        chr5:68288634             37.8               3515450          92961.6
05:43:58.408 INFO  ProgressMeter -        chr5:74797888             38.0               3539320          93181.9
05:44:08.414 INFO  ProgressMeter -        chr5:80036009             38.1               3558960          93289.4
05:44:18.415 INFO  ProgressMeter -        chr5:86823410             38.3               3583900          93534.4
05:44:28.453 INFO  ProgressMeter -        chr5:95284812             38.5               3614300          93917.8
05:44:38.474 INFO  ProgressMeter -       chr5:103559386             38.7               3644190          94285.3
05:44:48.560 INFO  ProgressMeter -       chr5:112840666             38.8               3677560          94736.6
05:44:58.563 INFO  ProgressMeter -       chr5:117895685             39.0               3696060          94806.0
05:45:08.693 INFO  ProgressMeter -       chr5:126594211             39.2               3727470          95199.4
05:45:18.750 INFO  ProgressMeter -       chr5:132815830             39.3               3750330          95375.0
05:45:28.765 INFO  ProgressMeter -       chr5:138091409             39.5               3770140          95473.5
05:45:38.765 INFO  ProgressMeter -       chr5:140656937             39.7               3780330          95329.2
05:45:49.286 INFO  ProgressMeter -       chr5:141098534             39.8               3782000          94951.4
05:45:59.406 INFO  ProgressMeter -       chr5:141193816             40.0               3782400          94561.1
05:46:09.493 INFO  ProgressMeter -       chr5:141575855             40.2               3783830          94200.9
05:46:19.506 INFO  ProgressMeter -       chr5:146269693             40.3               3801190          94241.6
05:46:29.555 INFO  ProgressMeter -       chr5:150028499             40.5               3815290          94200.0
05:46:39.567 INFO  ProgressMeter -       chr5:150731640             40.7               3818010          93880.3
05:46:49.570 INFO  ProgressMeter -       chr5:157058212             40.8               3841310          94067.6
05:46:59.570 INFO  ProgressMeter -       chr5:163594964             41.0               3865420          94273.3
05:47:09.608 INFO  ProgressMeter -       chr5:171389359             41.2               3894000          94584.4
05:47:19.609 INFO  ProgressMeter -       chr5:175094766             41.3               3908060          94543.1
05:47:29.615 INFO  ProgressMeter -       chr5:177443380             41.5               3917120          94381.5
05:47:39.644 INFO  ProgressMeter -       chr5:179767307             41.7               3926520          94228.5
05:47:49.681 INFO  ProgressMeter -       chr5:181205997             41.8               3932280          93989.4
05:47:59.715 INFO  ProgressMeter -         chr6:3274211             42.0               3945750          93935.9
05:48:09.716 INFO  ProgressMeter -         chr6:8216509             42.2               3964360          94005.9
05:48:19.718 INFO  ProgressMeter -        chr6:15114231             42.3               3990070          94243.0
05:48:29.719 INFO  ProgressMeter -        chr6:20403045             42.5               4010150          94345.9
05:48:39.742 INFO  ProgressMeter -        chr6:25968138             42.7               4031170          94469.1
05:48:49.791 INFO  ProgressMeter -        chr6:29174328             42.8               4043310          94383.2
05:49:00.071 INFO  ProgressMeter -        chr6:29941545             43.0               4046360          94078.1
05:49:10.074 INFO  ProgressMeter -        chr6:30533316             43.2               4048740          93770.0
05:49:20.185 INFO  ProgressMeter -        chr6:31163755             43.3               4051490          93468.9
05:49:30.185 INFO  ProgressMeter -        chr6:31579519             43.5               4053290          93152.2
05:49:40.407 INFO  ProgressMeter -        chr6:32029786             43.7               4055270          92834.3
05:49:50.519 INFO  ProgressMeter -        chr6:32584245             43.9               4057650          92531.8
05:50:01.016 INFO  ProgressMeter -        chr6:33080968             44.0               4059660          92209.7
05:50:11.028 INFO  ProgressMeter -        chr6:33658170             44.2               4062170          91918.3
05:50:21.031 INFO  ProgressMeter -        chr6:35478061             44.4               4069430          91736.5
05:50:31.174 INFO  ProgressMeter -        chr6:37170197             44.5               4076280          91542.1
05:50:41.176 INFO  ProgressMeter -        chr6:41645997             44.7               4093150          91578.1
05:50:51.196 INFO  ProgressMeter -        chr6:43056691             44.9               4099080          91369.4
05:51:02.065 INFO  ProgressMeter -        chr6:43770964             45.0               4102050          91067.9
05:51:12.074 INFO  ProgressMeter -        chr6:47564217             45.2               4116080          91042.2
05:51:22.092 INFO  ProgressMeter -        chr6:54138510             45.4               4140240          91239.6
05:51:32.094 INFO  ProgressMeter -        chr6:64298329             45.5               4176490          91701.6
05:51:42.266 INFO  ProgressMeter -        chr6:72622847             45.7               4206650          92021.3
05:51:52.266 INFO  ProgressMeter -        chr6:78960394             45.9               4229890          92193.5
05:52:02.266 INFO  ProgressMeter -        chr6:85117156             46.0               4252210          92344.6
05:52:12.300 INFO  ProgressMeter -        chr6:90588700             46.2               4272650          92452.7
05:52:22.300 INFO  ProgressMeter -       chr6:100371466             46.4               4307760          92877.5
05:52:32.304 INFO  ProgressMeter -       chr6:107224056             46.5               4332970          93086.4
05:52:42.322 INFO  ProgressMeter -       chr6:112066874             46.7               4351310          93146.3
05:52:53.008 INFO  ProgressMeter -       chr6:117339587             46.9               4370550          93202.8
05:53:03.008 INFO  ProgressMeter -       chr6:123794761             47.1               4394080          93372.7
05:53:13.008 INFO  ProgressMeter -       chr6:131010836             47.2               4420160          93595.4
05:53:23.036 INFO  ProgressMeter -       chr6:135211000             47.4               4435710          93593.4
05:53:33.037 INFO  ProgressMeter -       chr6:138847080             47.6               4449200          93549.1
05:53:43.038 INFO  ProgressMeter -       chr6:146543719             47.7               4477140          93807.8
05:53:53.066 INFO  ProgressMeter -       chr6:151366655             47.9               4495520          93864.2
05:54:03.068 INFO  ProgressMeter -       chr6:156290569             48.1               4514120          93925.6
05:54:13.149 INFO  ProgressMeter -       chr6:159240525             48.2               4525410          93832.5
05:54:23.149 INFO  ProgressMeter -       chr6:163423162             48.4               4540970          93830.9
05:54:33.159 INFO  ProgressMeter -       chr6:167947871             48.6               4557720          93853.4
05:54:43.162 INFO  ProgressMeter -          chr7:488655             48.7               4570050          93785.4
05:54:53.249 INFO  ProgressMeter -         chr7:2528042             48.9               4578220          93630.0
05:55:04.934 INFO  ProgressMeter -         chr7:4809096             49.1               4587180          93441.1
05:55:15.338 INFO  ProgressMeter -         chr7:6009541             49.3               4592510          93220.4
05:55:25.342 INFO  ProgressMeter -        chr7:10510325             49.4               4609550          93250.7
05:55:35.409 INFO  ProgressMeter -        chr7:13951802             49.6               4622190          93190.1
05:55:48.172 INFO  ProgressMeter -        chr7:13989032             49.8               4622390          92796.1
05:55:58.176 INFO  ProgressMeter -        chr7:20833069             50.0               4647350          92986.0
05:56:08.180 INFO  ProgressMeter -        chr7:26374603             50.1               4668150          93091.6
05:56:18.223 INFO  ProgressMeter -        chr7:30922220             50.3               4685100          93118.8
05:56:28.229 INFO  ProgressMeter -        chr7:37913962             50.5               4710960          93323.4
05:56:38.260 INFO  ProgressMeter -        chr7:43991173             50.6               4733420          93458.8
05:56:48.267 INFO  ProgressMeter -        chr7:47443221             50.8               4746300          93405.5
05:56:58.267 INFO  ProgressMeter -        chr7:53019066             51.0               4766880          93503.9
05:57:15.188 INFO  ProgressMeter -        chr7:55169446             51.3               4774660          93141.2
05:57:26.161 INFO  ProgressMeter -        chr7:55203782             51.4               4774800          92812.8
05:57:36.161 INFO  ProgressMeter -        chr7:58014166             51.6               4785600          92722.4
05:57:46.317 INFO  ProgressMeter -        chr7:65038442             51.8               4810610          92902.3
05:57:56.317 INFO  ProgressMeter -        chr7:70316729             51.9               4831100          92998.6
05:58:06.617 INFO  ProgressMeter -        chr7:73704191             52.1               4844310          92945.8
05:58:16.763 INFO  ProgressMeter -        chr7:75502061             52.3               4851600          92784.6
05:58:26.794 INFO  ProgressMeter -        chr7:77167736             52.5               4858430          92619.1
05:58:36.801 INFO  ProgressMeter -        chr7:82966046             52.6               4879830          92732.2
05:58:46.860 INFO  ProgressMeter -        chr7:90414040             52.8               4906790          92948.4
05:58:56.883 INFO  ProgressMeter -        chr7:96081863             53.0               4927480          93045.9
05:59:06.884 INFO  ProgressMeter -        chr7:99569180             53.1               4940940          93007.4
05:59:16.912 INFO  ProgressMeter -       chr7:100435438             53.3               4944480          92782.1
05:59:27.229 INFO  ProgressMeter -       chr7:100952738             53.5               4946740          92526.0
05:59:37.596 INFO  ProgressMeter -       chr7:101002208             53.6               4946990          92232.6
05:59:47.606 INFO  ProgressMeter -       chr7:102381785             53.8               4952700          92052.7
05:59:57.606 INFO  ProgressMeter -       chr7:104003341             54.0               4958950          91884.2
06:00:07.607 INFO  ProgressMeter -       chr7:108549409             54.1               4976040          91917.0
06:00:17.609 INFO  ProgressMeter -       chr7:117746608             54.3               5009060          92242.9
06:00:27.637 INFO  ProgressMeter -       chr7:127589631             54.5               5044340          92607.6
06:00:37.677 INFO  ProgressMeter -       chr7:129746596             54.6               5052910          92480.8
06:00:47.683 INFO  ProgressMeter -       chr7:134960428             54.8               5072620          92559.0
06:00:57.689 INFO  ProgressMeter -       chr7:139089500             55.0               5088270          92562.9
06:01:07.854 INFO  ProgressMeter -       chr7:140793770             55.1               5094960          92399.8
06:01:17.913 INFO  ProgressMeter -       chr7:143362589             55.3               5104500          92292.3
06:01:27.932 INFO  ProgressMeter -       chr7:149179778             55.5               5125920          92400.6
06:01:38.095 INFO  ProgressMeter -       chr7:151018663             55.6               5132880          92244.4
06:01:48.614 INFO  ProgressMeter -       chr7:152178393             55.8               5137470          92036.9
06:01:58.634 INFO  ProgressMeter -       chr7:154946649             56.0               5148030          91951.0
06:02:08.634 INFO  ProgressMeter -         chr8:1482839             56.2               5169860          92066.8
06:02:18.848 INFO  ProgressMeter -         chr8:6627410             56.3               5189230          92132.5
06:02:28.945 INFO  ProgressMeter -        chr8:10610022             56.5               5204190          92122.8
06:02:38.980 INFO  ProgressMeter -        chr8:12417863             56.7               5211030          91971.6
06:02:48.993 INFO  ProgressMeter -        chr8:17882067             56.8               5231470          92061.2
06:02:58.995 INFO  ProgressMeter -        chr8:22323881             57.0               5248030          92082.5
06:03:08.997 INFO  ProgressMeter -        chr8:24944453             57.2               5258090          91989.9
06:03:18.997 INFO  ProgressMeter -        chr8:28563597             57.3               5271880          91963.1
06:03:28.998 INFO  ProgressMeter -        chr8:33347469             57.5               5289740          92007.1
06:03:40.599 INFO  ProgressMeter -        chr8:38382322             57.7               5308180          92018.4
06:03:50.615 INFO  ProgressMeter -        chr8:39609914             57.9               5312900          91834.4
06:04:00.643 INFO  ProgressMeter -        chr8:47737966             58.0               5342490          92079.9
06:04:10.644 INFO  ProgressMeter -        chr8:53593221             58.2               5363870          92183.5
06:04:20.650 INFO  ProgressMeter -        chr8:61204435             58.4               5391830          92399.2
06:04:30.654 INFO  ProgressMeter -        chr8:67710358             58.5               5415740          92544.6
06:04:40.675 INFO  ProgressMeter -        chr8:73986764             58.7               5438860          92675.1
06:04:50.675 INFO  ProgressMeter -        chr8:83153248             58.9               5472020          92976.1
06:05:00.675 INFO  ProgressMeter -        chr8:92948726             59.0               5507280          93311.0
06:05:10.683 INFO  ProgressMeter -        chr8:98547760             59.2               5528310          93403.3
06:05:20.699 INFO  ProgressMeter -       chr8:102651229             59.4               5543640          93398.9
06:05:30.699 INFO  ProgressMeter -       chr8:111183009             59.5               5574640          93658.2
06:05:40.705 INFO  ProgressMeter -       chr8:120264522             59.7               5607470          93946.6
06:05:50.707 INFO  ProgressMeter -       chr8:126304689             59.9               5629980          94061.0
06:06:00.922 INFO  ProgressMeter -       chr8:132843957             60.0               5653850          94191.9
06:06:11.019 INFO  ProgressMeter -       chr8:140452379             60.2               5681740          94391.9
06:06:21.108 INFO  ProgressMeter -       chr8:142787191             60.4               5690560          94275.1
06:06:31.149 INFO  ProgressMeter -       chr8:143580821             60.5               5693780          94067.6
06:06:41.313 INFO  ProgressMeter -       chr8:144313245             60.7               5696790          93854.7
06:06:52.206 INFO  ProgressMeter -       chr8:144514591             60.9               5697700          93589.7
06:07:02.212 INFO  ProgressMeter -          chr9:244834             61.0               5700980          93387.8
06:07:12.252 INFO  ProgressMeter -         chr9:5070739             61.2               5718990          93426.7
06:07:22.252 INFO  ProgressMeter -         chr9:8806066             61.4               5733010          93401.4
06:07:32.272 INFO  ProgressMeter -        chr9:17273843             61.5               5764060          93652.5
06:07:42.272 INFO  ProgressMeter -        chr9:23659932             61.7               5787380          93777.5
06:07:52.273 INFO  ProgressMeter -        chr9:32688679             61.9               5819980          94051.7
06:08:02.273 INFO  ProgressMeter -        chr9:34982481             62.0               5829130          93946.5
06:08:12.274 INFO  ProgressMeter -        chr9:36733763             62.2               5836060          93806.2
06:08:22.753 INFO  ProgressMeter -        chr9:40223559             62.4               5849010          93751.2
06:08:32.753 INFO  ProgressMeter -        chr9:50829734             62.6               5885230          94080.4
06:08:42.781 INFO  ProgressMeter -        chr9:66919344             62.7               5939650          94697.3
06:08:52.782 INFO  ProgressMeter -        chr9:70426872             62.9               5952490          94650.5
06:09:02.910 INFO  ProgressMeter -        chr9:76707842             63.1               5975830          94767.3
06:09:12.912 INFO  ProgressMeter -        chr9:83620685             63.2               6001220          94919.0
06:09:22.925 INFO  ProgressMeter -        chr9:85841560             63.4               6009570          94800.8
06:09:32.926 INFO  ProgressMeter -        chr9:89729364             63.6               6024260          94783.3
06:09:42.927 INFO  ProgressMeter -        chr9:93435200             63.7               6038330          94756.2
06:09:52.962 INFO  ProgressMeter -        chr9:95509381             63.9               6046340          94633.5
06:10:02.963 INFO  ProgressMeter -        chr9:98440824             64.1               6057710          94564.8
06:10:12.964 INFO  ProgressMeter -       chr9:103361039             64.2               6075830          94601.5
06:10:22.964 INFO  ProgressMeter -       chr9:108098731             64.4               6093630          94633.1
06:10:32.991 INFO  ProgressMeter -       chr9:111580512             64.6               6106690          94590.4
06:10:43.564 INFO  ProgressMeter -       chr9:114407058             64.7               6117680          94502.7
06:10:53.568 INFO  ProgressMeter -       chr9:121300195             64.9               6142940          94649.1
06:11:03.644 INFO  ProgressMeter -       chr9:123374859             65.1               6150850          94526.4
06:11:13.657 INFO  ProgressMeter -       chr9:127512182             65.2               6166890          94530.5
06:11:23.926 INFO  ProgressMeter -       chr9:128458236             65.4               6170970          94345.5
06:11:33.950 INFO  ProgressMeter -       chr9:129863961             65.6               6177020          94197.4
06:11:44.015 INFO  ProgressMeter -       chr9:130844274             65.7               6181160          94020.0
06:11:54.251 INFO  ProgressMeter -       chr9:131157091             65.9               6182470          93796.5
06:12:04.291 INFO  ProgressMeter -       chr9:133055986             66.1               6190060          93673.9
06:12:14.316 INFO  ProgressMeter -       chr9:133705526             66.2               6192750          93478.2
06:12:24.342 INFO  ProgressMeter -       chr9:135714787             66.4               6200510          93359.9
06:12:34.462 INFO  ProgressMeter -       chr9:136509316             66.6               6203690          93171.1
06:12:44.700 INFO  ProgressMeter -       chr9:137017134             66.8               6205850          92965.3
06:12:54.726 INFO  ProgressMeter -       chr9:138023290             66.9               6209970          92794.8
06:13:04.727 INFO  ProgressMeter -        chr10:4028131             67.1               6226440          92809.7
06:13:14.971 INFO  ProgressMeter -        chr10:8074058             67.3               6241950          92804.7
06:13:24.974 INFO  ProgressMeter -       chr10:13530412             67.4               6262760          92883.9
06:13:35.061 INFO  ProgressMeter -       chr10:17993026             67.6               6279860          92905.9
06:13:45.062 INFO  ProgressMeter -       chr10:24496932             67.8               6304010          93033.7
06:13:55.183 INFO  ProgressMeter -       chr10:29467568             67.9               6322970          93081.8
06:14:05.183 INFO  ProgressMeter -       chr10:34410870             68.1               6341460          93125.5
06:14:15.695 INFO  ProgressMeter -       chr10:43100822             68.3               6373210          93351.6
06:14:25.718 INFO  ProgressMeter -       chr10:45649509             68.4               6382740          93263.0
06:14:35.840 INFO  ProgressMeter -       chr10:47350559             68.6               6389150          93127.1
06:14:45.874 INFO  ProgressMeter -       chr10:49516608             68.8               6397070          93015.8
06:14:55.878 INFO  ProgressMeter -       chr10:51324929             68.9               6403940          92890.5
06:15:05.893 INFO  ProgressMeter -       chr10:61411025             69.1               6440520          93195.4
06:15:15.898 INFO  ProgressMeter -       chr10:68425450             69.3               6466420          93345.0
06:15:25.898 INFO  ProgressMeter -       chr10:70312172             69.4               6474140          93232.1
06:15:35.922 INFO  ProgressMeter -       chr10:73496283             69.6               6486430          93184.9
06:15:45.927 INFO  ProgressMeter -       chr10:77085460             69.8               6499880          93155.0
06:15:55.928 INFO  ProgressMeter -       chr10:81840426             69.9               6517480          93184.6
06:16:05.976 INFO  ProgressMeter -       chr10:87359898             70.1               6537750          93251.2
06:16:15.980 INFO  ProgressMeter -       chr10:92596845             70.3               6557190          93306.5
06:16:26.199 INFO  ProgressMeter -       chr10:96320261             70.4               6571280          93281.0
06:16:36.526 INFO  ProgressMeter -       chr10:99620904             70.6               6584030          93234.2
06:16:46.534 INFO  ProgressMeter -      chr10:101772277             70.8               6592550          93134.8
06:16:56.562 INFO  ProgressMeter -      chr10:103279285             71.0               6598680          93001.8
06:17:06.579 INFO  ProgressMeter -      chr10:109662052             71.1               6622000          93111.4
06:17:16.588 INFO  ProgressMeter -      chr10:113775154             71.3               6637310          93108.3
06:17:26.638 INFO  ProgressMeter -      chr10:118009078             71.5               6653170          93112.0
06:17:36.644 INFO  ProgressMeter -      chr10:121593146             71.6               6666950          93087.6
06:17:46.699 INFO  ProgressMeter -      chr10:122618781             71.8               6671040          92927.3
06:17:56.708 INFO  ProgressMeter -      chr10:127127787             72.0               6687830          92945.2
06:18:06.723 INFO  ProgressMeter -      chr10:132399114             72.1               6707160          92998.1
06:18:17.071 INFO  ProgressMeter -      chr10:133627425             72.3               6712030          92843.6
06:18:27.249 INFO  ProgressMeter -         chr11:611957             72.5               6715200          92670.0
06:18:42.832 INFO  ProgressMeter -        chr11:1017824             72.7               6717020          92364.0
06:18:54.011 INFO  ProgressMeter -        chr11:1096052             72.9               6717360          92132.7
06:19:04.095 INFO  ProgressMeter -        chr11:1231667             73.1               6717920          91928.5
06:19:14.095 INFO  ProgressMeter -        chr11:1455147             73.2               6718850          91732.0
06:19:24.149 INFO  ProgressMeter -        chr11:2412072             73.4               6722610          91573.8
06:19:34.771 INFO  ProgressMeter -        chr11:3738458             73.6               6727760          91423.5
06:19:44.823 INFO  ProgressMeter -        chr11:5667045             73.8               6735170          91316.3
06:19:54.823 INFO  ProgressMeter -        chr11:7242735             73.9               6741130          91191.0
06:20:04.823 INFO  ProgressMeter -        chr11:9600059             74.1               6750400          91111.0
06:20:14.898 INFO  ProgressMeter -       chr11:12293823             74.3               6760640          91042.9
06:20:24.989 INFO  ProgressMeter -       chr11:17509513             74.4               6779980          91097.0
06:20:35.064 INFO  ProgressMeter -       chr11:19880124             74.6               6789110          91014.3
06:20:45.087 INFO  ProgressMeter -       chr11:27349079             74.8               6816460          91176.8
06:20:56.527 INFO  ProgressMeter -       chr11:32430941             75.0               6834780          91189.3
06:21:06.529 INFO  ProgressMeter -       chr11:35557779             75.1               6846720          91145.9
06:21:17.323 INFO  ProgressMeter -       chr11:43311969             75.3               6874800          91301.0
06:21:27.617 INFO  ProgressMeter -       chr11:46680724             75.5               6887440          91261.0
06:21:37.617 INFO  ProgressMeter -       chr11:48182641             75.6               6893760          91143.4
06:21:47.626 INFO  ProgressMeter -       chr11:56375999             75.8               6922370          91320.3
06:21:57.628 INFO  ProgressMeter -       chr11:58901473             76.0               6931840          91244.5
06:22:07.662 INFO  ProgressMeter -       chr11:61533870             76.1               6941770          91174.5
06:22:17.959 INFO  ProgressMeter -       chr11:62831164             76.3               6947140          91039.9
06:22:27.980 INFO  ProgressMeter -       chr11:64353601             76.5               6953160          90919.8
06:22:37.988 INFO  ProgressMeter -       chr11:65119018             76.6               6956300          90762.9
06:22:48.005 INFO  ProgressMeter -       chr11:66216389             76.8               6960850          90624.8
06:22:58.619 INFO  ProgressMeter -       chr11:67370492             77.0               6965580          90478.0
06:23:08.627 INFO  ProgressMeter -       chr11:68691340             77.2               6970990          90352.5
06:23:20.270 INFO  ProgressMeter -       chr11:71566652             77.3               6982030          90268.6
06:23:30.276 INFO  ProgressMeter -       chr11:74373123             77.5               6992820          90213.6
06:23:40.277 INFO  ProgressMeter -       chr11:77743877             77.7               7005600          90184.5
06:23:50.277 INFO  ProgressMeter -       chr11:84589543             77.8               7030600          90312.6
06:24:00.279 INFO  ProgressMeter -       chr11:90912865             78.0               7053780          90416.7
06:24:10.305 INFO  ProgressMeter -       chr11:96392708             78.2               7073880          90480.6
06:24:20.411 INFO  ProgressMeter -      chr11:102842852             78.3               7097450          90586.9
06:24:30.837 INFO  ProgressMeter -      chr11:108272793             78.5               7117580          90642.8
06:24:40.844 INFO  ProgressMeter -      chr11:112215398             78.7               7132270          90637.4
06:24:50.859 INFO  ProgressMeter -      chr11:117098174             78.9               7150320          90674.4
06:25:01.190 INFO  ProgressMeter -      chr11:118437021             79.0               7155670          90544.5
06:25:11.206 INFO  ProgressMeter -      chr11:119114684             79.2               7158490          90389.3
06:25:21.230 INFO  ProgressMeter -      chr11:122867308             79.4               7172640          90377.3
06:25:31.274 INFO  ProgressMeter -      chr11:125411360             79.5               7182210          90307.4
06:25:41.275 INFO  ProgressMeter -      chr11:130057004             79.7               7199520          90335.7
06:25:51.275 INFO  ProgressMeter -      chr11:134291976             79.9               7215180          90343.3
06:26:01.275 INFO  ProgressMeter -        chr12:1808563             80.0               7225280          90281.4
06:26:11.297 INFO  ProgressMeter -        chr12:4655776             80.2               7236180          90229.2
06:26:21.445 INFO  ProgressMeter -        chr12:6603819             80.4               7243740          90133.4
06:26:31.460 INFO  ProgressMeter -        chr12:7815672             80.5               7248680          90007.9
06:26:41.831 INFO  ProgressMeter -        chr12:9312576             80.7               7254800          89891.0
06:26:52.022 INFO  ProgressMeter -       chr12:11032779             80.9               7261500          89785.1
06:27:02.561 INFO  ProgressMeter -       chr12:11353909             81.1               7262680          89605.0
06:27:12.829 INFO  ProgressMeter -       chr12:11868506             81.2               7264620          89440.1
06:27:22.829 INFO  ProgressMeter -       chr12:12811808             81.4               7268400          89303.4
06:27:32.835 INFO  ProgressMeter -       chr12:19254267             81.6               7292150          89412.0
06:27:42.836 INFO  ProgressMeter -       chr12:25183889             81.7               7314210          89499.6
06:27:52.836 INFO  ProgressMeter -       chr12:30222032             81.9               7333030          89547.3
06:28:02.864 INFO  ProgressMeter -       chr12:32338730             82.1               7341440          89467.4
06:28:13.054 INFO  ProgressMeter -       chr12:40482862             82.2               7370400          89634.8
06:28:23.056 INFO  ProgressMeter -       chr12:41174454             82.4               7372930          89484.1
06:28:33.127 INFO  ProgressMeter -       chr12:47738208             82.6               7396910          89592.7
06:28:43.294 INFO  ProgressMeter -       chr12:49041330             82.7               7402100          89471.9
06:28:53.295 INFO  ProgressMeter -       chr12:50121142             82.9               7406430          89344.2
06:29:03.304 INFO  ProgressMeter -       chr12:50997107             83.1               7410090          89208.8
06:29:13.957 INFO  ProgressMeter -       chr12:52380624             83.2               7415640          89085.2
06:29:24.004 INFO  ProgressMeter -       chr12:53061392             83.4               7418530          88941.1
06:29:34.095 INFO  ProgressMeter -       chr12:55696204             83.6               7428730          88884.1
06:29:44.222 INFO  ProgressMeter -       chr12:56573983             83.7               7432480          88749.8
06:29:54.288 INFO  ProgressMeter -       chr12:57517782             83.9               7436290          88617.7
06:30:04.300 INFO  ProgressMeter -       chr12:63669836             84.1               7458540          88706.5
06:30:14.301 INFO  ProgressMeter -       chr12:68916926             84.2               7478230          88764.7
06:30:24.313 INFO  ProgressMeter -       chr12:75392645             84.4               7501870          88869.3
06:30:34.313 INFO  ProgressMeter -       chr12:82490202             84.6               7527710          88999.7
06:30:44.325 INFO  ProgressMeter -       chr12:92851941             84.7               7564920          89263.5
06:30:54.336 INFO  ProgressMeter -       chr12:98455256             84.9               7586210          89338.8
06:31:04.709 INFO  ProgressMeter -      chr12:102960844             85.1               7603170          89356.6
06:31:14.720 INFO  ProgressMeter -      chr12:106504937             85.3               7616600          89339.3
06:31:24.774 INFO  ProgressMeter -      chr12:109406965             85.4               7627660          89293.5
06:31:34.897 INFO  ProgressMeter -      chr12:111599031             85.6               7636360          89219.1
06:31:44.897 INFO  ProgressMeter -      chr12:113950390             85.8               7645610          89153.6
06:31:54.962 INFO  ProgressMeter -      chr12:118152395             85.9               7661520          89164.7
06:32:05.032 INFO  ProgressMeter -      chr12:120980131             86.1               7672700          89120.7
06:32:15.972 INFO  ProgressMeter -      chr12:122020302             86.3               7677160          88984.1
06:32:25.974 INFO  ProgressMeter -      chr12:123628300             86.4               7684020          88891.8
06:32:35.976 INFO  ProgressMeter -      chr12:125488948             86.6               7691560          88807.8
06:32:45.977 INFO  ProgressMeter -      chr12:131987934             86.8               7715850          88917.1
06:32:55.981 INFO  ProgressMeter -      chr12:132661453             86.9               7718460          88776.6
06:33:06.059 INFO  ProgressMeter -       chr13:18345799             87.1               7782540          89341.1
06:33:16.060 INFO  ProgressMeter -       chr13:22291704             87.3               7797900          89346.4
06:33:26.128 INFO  ProgressMeter -       chr13:26050835             87.4               7812380          89340.6
06:33:36.128 INFO  ProgressMeter -       chr13:29128906             87.6               7824170          89305.2
06:33:46.213 INFO  ProgressMeter -       chr13:32332306             87.8               7836250          89271.8
06:33:56.309 INFO  ProgressMeter -       chr13:32365215             87.9               7836430          89103.1
06:34:06.310 INFO  ProgressMeter -       chr13:32661138             88.1               7837610          88947.9
06:34:16.311 INFO  ProgressMeter -       chr13:40329061             88.3               7865760          89098.8
06:34:26.555 INFO  ProgressMeter -       chr13:43970009             88.5               7879490          89082.1
06:34:36.556 INFO  ProgressMeter -       chr13:49010842             88.6               7898470          89128.7
06:34:46.556 INFO  ProgressMeter -       chr13:54694924             88.8               7919530          89198.6
06:34:56.557 INFO  ProgressMeter -       chr13:69848990             89.0               7973760          89641.1
06:35:06.573 INFO  ProgressMeter -       chr13:77071880             89.1               8000200          89769.9
06:35:16.574 INFO  ProgressMeter -       chr13:89826910             89.3               8046160          90117.0
06:35:26.594 INFO  ProgressMeter -       chr13:98884059             89.5               8079340          90319.7
06:35:36.627 INFO  ProgressMeter -      chr13:102875429             89.6               8094340          90318.6
06:35:46.723 INFO  ProgressMeter -      chr13:110432347             89.8               8121670          90453.7
06:35:56.724 INFO  ProgressMeter -      chr13:113306405             90.0               8132650          90408.1
06:36:06.750 INFO  ProgressMeter -       chr14:19181219             90.1               8200900          90997.8
06:36:16.751 INFO  ProgressMeter -       chr14:20340165             90.3               8205180          90877.2
06:36:26.754 INFO  ProgressMeter -       chr14:22813278             90.5               8214940          90817.6
06:36:36.808 INFO  ProgressMeter -       chr14:23433582             90.6               8217630          90679.4
06:36:46.848 INFO  ProgressMeter -       chr14:24415932             90.8               8221550          90555.4
06:36:56.861 INFO  ProgressMeter -       chr14:32821246             91.0               8252210          90726.4
06:37:06.862 INFO  ProgressMeter -       chr14:37682117             91.1               8270600          90762.2
06:37:16.862 INFO  ProgressMeter -       chr14:47679776             91.3               8306740          90992.4
06:37:26.862 INFO  ProgressMeter -       chr14:52526628             91.5               8325110          91027.4
06:37:36.863 INFO  ProgressMeter -       chr14:58952756             91.6               8348960          91122.1
06:37:46.867 INFO  ProgressMeter -       chr14:64305694             91.8               8368990          91174.8
06:37:56.887 INFO  ProgressMeter -       chr14:67776219             92.0               8382290          91153.9
06:38:06.908 INFO  ProgressMeter -       chr14:70459139             92.1               8392450          91098.9
06:38:16.912 INFO  ProgressMeter -       chr14:73619971             92.3               8404500          91064.9
06:38:26.914 INFO  ProgressMeter -       chr14:75143805             92.5               8410820          90969.1
06:38:37.060 INFO  ProgressMeter -       chr14:79280738             92.6               8426780          90975.3
06:38:47.061 INFO  ProgressMeter -       chr14:88365712             92.8               8459760          91167.3
06:38:57.067 INFO  ProgressMeter -       chr14:91994382             93.0               8473920          91156.1
06:39:07.134 INFO  ProgressMeter -       chr14:95105350             93.1               8485910          91120.6
06:39:17.146 INFO  ProgressMeter -      chr14:100326483             93.3               8505290          91165.3
06:39:27.173 INFO  ProgressMeter -      chr14:102985203             93.5               8515540          91112.0
06:39:37.192 INFO  ProgressMeter -      chr14:104773895             93.6               8522780          91026.8
06:39:47.920 INFO  ProgressMeter -      chr14:105589883             93.8               8526100          90888.7
06:40:01.438 INFO  ProgressMeter -      chr14:105627986             94.0               8526250          90672.6
06:40:13.932 INFO  ProgressMeter -      chr14:105647366             94.2               8526340          90473.2
06:40:34.125 INFO  ProgressMeter -      chr14:105711465             94.6               8526590          90153.9
06:40:45.118 INFO  ProgressMeter -      chr14:105745366             94.8               8526720          89980.9
06:40:56.283 INFO  ProgressMeter -      chr14:105774441             94.9               8526850          89805.9
06:41:06.667 INFO  ProgressMeter -      chr14:105857470             95.1               8527180          89646.0
06:41:20.823 INFO  ProgressMeter -      chr14:105860861             95.4               8527200          89424.4
06:41:30.894 INFO  ProgressMeter -       chr15:20440287             95.5               8599940          90028.8
06:41:41.002 INFO  ProgressMeter -       chr15:22769139             95.7               8608320          89957.8
06:41:51.002 INFO  ProgressMeter -       chr15:23947670             95.9               8612980          89850.1
06:42:01.051 INFO  ProgressMeter -       chr15:28706598             96.0               8630620          89877.0
06:42:11.056 INFO  ProgressMeter -       chr15:32386064             96.2               8644560          89866.2
06:42:21.056 INFO  ProgressMeter -       chr15:36097255             96.4               8658780          89858.3
06:42:31.056 INFO  ProgressMeter -       chr15:40753182             96.5               8676040          89882.0
06:42:41.126 INFO  ProgressMeter -       chr15:42072008             96.7               8681570          89783.1
06:42:51.147 INFO  ProgressMeter -       chr15:43766090             96.9               8688200          89696.8
06:43:01.161 INFO  ProgressMeter -       chr15:48248341             97.0               8704970          89715.3
06:43:11.288 INFO  ProgressMeter -       chr15:52112273             97.2               8719610          89710.2
06:43:21.289 INFO  ProgressMeter -       chr15:57629806             97.4               8740360          89769.7
06:43:31.298 INFO  ProgressMeter -       chr15:62738162             97.5               8759650          89813.9
06:43:41.305 INFO  ProgressMeter -       chr15:65093412             97.7               8769150          89757.8
06:43:51.309 INFO  ProgressMeter -       chr15:68328830             97.9               8781810          89734.3
06:44:01.311 INFO  ProgressMeter -       chr15:73557105             98.0               8801470          89782.2
06:44:11.322 INFO  ProgressMeter -       chr15:75045926             98.2               8807320          89689.3
06:44:21.386 INFO  ProgressMeter -       chr15:77917132             98.4               8818300          89648.0
06:44:31.388 INFO  ProgressMeter -       chr15:79949198             98.5               8826270          89577.2
06:44:41.411 INFO  ProgressMeter -       chr15:82680351             98.7               8836510          89529.3
06:44:51.453 INFO  ProgressMeter -       chr15:84514088             98.9               8843410          89447.5
06:45:01.473 INFO  ProgressMeter -       chr15:88514310             99.0               8858330          89447.4
06:45:11.475 INFO  ProgressMeter -       chr15:90475235             99.2               8866250          89376.9
06:45:21.614 INFO  ProgressMeter -       chr15:92980320             99.4               8875810          89321.1
06:45:31.891 INFO  ProgressMeter -       chr15:99131338             99.5               8898570          89396.1
06:45:42.031 INFO  ProgressMeter -         chr16:285409             99.7               8910550          89364.7
06:45:52.410 INFO  ProgressMeter -         chr16:718457             99.9               8912420          89228.6
06:46:02.596 INFO  ProgressMeter -        chr16:1320691            100.1               8914910          89102.1
06:46:12.741 INFO  ProgressMeter -        chr16:1946492            100.2               8917640          88979.0
06:46:22.774 INFO  ProgressMeter -        chr16:2300097            100.4               8919190          88846.3
06:46:32.807 INFO  ProgressMeter -        chr16:3476157            100.6               8924000          88746.4
06:46:42.836 INFO  ProgressMeter -        chr16:4701073            100.7               8929100          88649.7
06:46:52.841 INFO  ProgressMeter -        chr16:7795723            100.9               8941150          88622.7
06:47:03.019 INFO  ProgressMeter -       chr16:11345409            101.1               8954980          88610.7
06:47:13.024 INFO  ProgressMeter -       chr16:14644213            101.2               8967940          88592.8
06:47:23.046 INFO  ProgressMeter -       chr16:15732433            101.4               8972230          88489.2
06:47:33.061 INFO  ProgressMeter -       chr16:19537381            101.6               8986770          88486.9
06:47:43.061 INFO  ProgressMeter -       chr16:21973653            101.7               8996190          88434.5
06:47:53.062 INFO  ProgressMeter -       chr16:24754962            101.9               9006980          88395.7
06:48:03.072 INFO  ProgressMeter -       chr16:28594166            102.1               9021720          88395.7
06:48:13.086 INFO  ProgressMeter -       chr16:29877039            102.2               9026830          88301.3
06:48:23.181 INFO  ProgressMeter -       chr16:30760171            102.4               9030500          88192.1
06:48:33.208 INFO  ProgressMeter -       chr16:31384009            102.6               9033130          88074.0
06:48:43.269 INFO  ProgressMeter -       chr16:46391916            102.7               9084110          88426.5
06:48:53.298 INFO  ProgressMeter -       chr16:50783903            102.9               9100360          88440.8
06:49:03.363 INFO  ProgressMeter -       chr16:56349025            103.1               9120800          88495.2
06:49:13.371 INFO  ProgressMeter -       chr16:57679585            103.2               9126260          88405.1
06:49:23.373 INFO  ProgressMeter -       chr16:61986993            103.4               9142340          88418.1
06:49:33.947 INFO  ProgressMeter -       chr16:67204767            103.6               9161490          88452.5
06:49:43.990 INFO  ProgressMeter -       chr16:68371562            103.7               9166290          88356.1
06:49:53.993 INFO  ProgressMeter -       chr16:70175336            103.9               9173710          88285.7
06:50:03.997 INFO  ProgressMeter -       chr16:71890832            104.1               9180710          88211.5
06:50:15.305 INFO  ProgressMeter -       chr16:74392287            104.3               9190280          88143.9
06:50:25.308 INFO  ProgressMeter -       chr16:76075187            104.4               9197310          88070.5
06:50:35.415 INFO  ProgressMeter -       chr16:81149547            104.6               9216330          88110.5
06:50:45.571 INFO  ProgressMeter -       chr16:84179987            104.8               9228000          88079.5
06:50:55.607 INFO  ProgressMeter -       chr16:87317429            104.9               9240200          88055.4
06:51:05.607 INFO  ProgressMeter -       chr16:88738248            105.1               9245900          87970.0
06:51:20.865 INFO  ProgressMeter -       chr16:89235012            105.4               9247900          87776.6
06:51:30.875 INFO  ProgressMeter -       chr16:90076617            105.5               9251580          87672.7
06:51:40.929 INFO  ProgressMeter -        chr17:1510114            105.7               9258730          87601.4
06:51:50.930 INFO  ProgressMeter -        chr17:2456934            105.9               9262810          87502.0
06:52:00.930 INFO  ProgressMeter -        chr17:3940840            106.0               9269030          87423.1
06:52:10.935 INFO  ProgressMeter -        chr17:4984607            106.2               9273590          87328.8
06:52:21.401 INFO  ProgressMeter -        chr17:6760926            106.4               9280830          87253.6
06:52:31.469 INFO  ProgressMeter -        chr17:7425691            106.5               9283620          87142.4
06:52:41.499 INFO  ProgressMeter -        chr17:7889785            106.7               9285680          87025.2
06:52:51.527 INFO  ProgressMeter -        chr17:9079222            106.9               9290660          86935.7
06:53:01.527 INFO  ProgressMeter -       chr17:11375930            107.0               9299820          86885.9
06:53:11.733 INFO  ProgressMeter -       chr17:15741020            107.2               9316640          86904.9
06:53:21.733 INFO  ProgressMeter -       chr17:18114799            107.4               9326100          86858.1
06:53:31.786 INFO  ProgressMeter -       chr17:19344826            107.5               9331030          86768.6
06:53:42.091 INFO  ProgressMeter -       chr17:21303480            107.7               9338740          86701.8
06:53:52.094 INFO  ProgressMeter -       chr17:27659465            107.9               9360960          86773.8
06:54:02.108 INFO  ProgressMeter -       chr17:29613864            108.0               9368650          86711.0
06:54:12.110 INFO  ProgressMeter -       chr17:31756092            108.2               9377170          86656.1
06:54:22.114 INFO  ProgressMeter -       chr17:35566527            108.4               9391540          86655.4
06:54:32.116 INFO  ProgressMeter -       chr17:38336603            108.5               9402230          86620.8
06:54:42.138 INFO  ProgressMeter -       chr17:39419944            108.7               9406780          86529.6
06:54:52.646 INFO  ProgressMeter -       chr17:40341138            108.9               9410640          86425.8
06:55:02.807 INFO  ProgressMeter -       chr17:41060108            109.1               9413430          86317.2
06:55:13.000 INFO  ProgressMeter -       chr17:41265754            109.2               9414200          86190.0
06:55:23.020 INFO  ProgressMeter -       chr17:42171245            109.4               9417990          86093.1
06:55:33.131 INFO  ProgressMeter -       chr17:43017987            109.6               9421590          85993.5
06:55:44.555 INFO  ProgressMeter -       chr17:43086059            109.8               9421890          85847.1
06:55:54.756 INFO  ProgressMeter -       chr17:43115550            109.9               9422030          85715.6
06:56:04.802 INFO  ProgressMeter -       chr17:44064831            110.1               9425800          85619.4
06:56:15.535 INFO  ProgressMeter -       chr17:45242366            110.3               9430770          85525.6
06:56:25.581 INFO  ProgressMeter -       chr17:47822003            110.4               9440720          85486.0
06:56:36.356 INFO  ProgressMeter -       chr17:49969979            110.6               9449310          85424.9
06:56:46.375 INFO  ProgressMeter -       chr17:50554235            110.8               9451700          85317.7
06:56:56.375 INFO  ProgressMeter -       chr17:56957743            110.9               9475240          85401.7
06:57:06.377 INFO  ProgressMeter -       chr17:58998103            111.1               9483300          85346.1
06:57:16.381 INFO  ProgressMeter -       chr17:61976973            111.3               9494850          85322.1
06:57:26.393 INFO  ProgressMeter -       chr17:63945758            111.4               9502750          85265.2
06:57:36.395 INFO  ProgressMeter -       chr17:67302651            111.6               9515860          85255.3
06:57:46.394 INFO  ProgressMeter -       chr17:70761760            111.8               9529230          85247.8
06:57:56.582 INFO  ProgressMeter -       chr17:74737566            112.0               9544350          85253.6
06:58:06.679 INFO  ProgressMeter -       chr17:75763186            112.1               9548820          85165.5
06:58:17.235 INFO  ProgressMeter -       chr17:76531181            112.3               9552130          85061.5
06:58:27.259 INFO  ProgressMeter -       chr17:78142034            112.5               9558590          84992.6
06:58:37.261 INFO  ProgressMeter -       chr17:79970561            112.6               9565960          84932.3
06:58:47.324 INFO  ProgressMeter -       chr17:80847167            112.8               9569580          84838.1
06:58:57.329 INFO  ProgressMeter -       chr17:81684228            113.0               9573120          84744.2
06:59:07.364 INFO  ProgressMeter -       chr17:82616694            113.1               9577040          84653.5
06:59:17.483 INFO  ProgressMeter -        chr18:2590496            113.3               9589410          84636.7
06:59:27.485 INFO  ProgressMeter -        chr18:7522402            113.5               9608060          84676.7
06:59:37.960 INFO  ProgressMeter -       chr18:10605923            113.6               9619550          84647.8
06:59:47.966 INFO  ProgressMeter -       chr18:12760279            113.8               9628130          84599.1
06:59:57.969 INFO  ProgressMeter -       chr18:21977997            114.0               9660440          84758.8
07:00:07.970 INFO  ProgressMeter -       chr18:28628239            114.1               9685100          84851.1
07:00:17.971 INFO  ProgressMeter -       chr18:35314265            114.3               9709480          84940.7
07:00:28.413 INFO  ProgressMeter -       chr18:44681571            114.5               9743210          85106.2
07:00:38.678 INFO  ProgressMeter -       chr18:47035108            114.7               9752040          85056.2
07:00:48.779 INFO  ProgressMeter -       chr18:51198470            114.8               9767540          85066.5
07:00:58.783 INFO  ProgressMeter -       chr18:58245630            115.0               9793420          85168.2
07:01:09.324 INFO  ProgressMeter -       chr18:63126195            115.2               9811590          85196.0
07:01:19.335 INFO  ProgressMeter -       chr18:70146475            115.3               9837200          85294.8
07:01:29.335 INFO  ProgressMeter -       chr18:76921845            115.5               9862090          85387.3
07:01:39.460 INFO  ProgressMeter -       chr18:80138710            115.7               9874020          85365.8
07:01:49.608 INFO  ProgressMeter -         chr19:854093            115.8               9878530          85280.1
07:01:59.671 INFO  ProgressMeter -        chr19:1090842            116.0               9879730          85167.2
07:02:10.658 INFO  ProgressMeter -        chr19:1395640            116.2               9881080          85044.6
07:02:21.448 INFO  ProgressMeter -        chr19:1652714            116.4               9882260          84923.3
07:02:31.454 INFO  ProgressMeter -        chr19:2342771            116.5               9885310          84827.9
07:02:41.688 INFO  ProgressMeter -        chr19:3543842            116.7               9890710          84750.2
07:02:51.743 INFO  ProgressMeter -        chr19:4218297            116.9               9893790          84655.0
07:03:01.743 INFO  ProgressMeter -        chr19:4925674            117.0               9897100          84562.8
07:03:11.770 INFO  ProgressMeter -        chr19:6231960            117.2               9902670          84489.7
07:03:21.776 INFO  ProgressMeter -        chr19:7424683            117.4               9908030          84415.4
07:03:31.785 INFO  ProgressMeter -        chr19:7904348            117.5               9910270          84314.6
07:03:41.839 INFO  ProgressMeter -        chr19:8597429            117.7               9913470          84221.8
07:03:51.854 INFO  ProgressMeter -        chr19:9475564            117.9               9917240          84134.5
07:04:01.931 INFO  ProgressMeter -       chr19:10453399            118.0               9921510          84050.9
07:04:11.934 INFO  ProgressMeter -       chr19:11387708            118.2               9925620          83967.2
07:04:21.959 INFO  ProgressMeter -       chr19:12643732            118.4               9931050          83894.5
07:04:31.969 INFO  ProgressMeter -       chr19:13983760            118.5               9936610          83823.4
07:04:42.056 INFO  ProgressMeter -       chr19:15165370            118.7               9941760          83748.0
07:04:52.089 INFO  ProgressMeter -       chr19:15458125            118.9               9943000          83640.7
07:05:02.113 INFO  ProgressMeter -       chr19:16556489            119.0               9947730          83563.0
07:05:12.117 INFO  ProgressMeter -       chr19:17531733            119.2               9952040          83482.3
07:05:22.321 INFO  ProgressMeter -       chr19:18170237            119.4               9954920          83387.5
07:05:32.330 INFO  ProgressMeter -       chr19:19181432            119.5               9959330          83308.0
07:05:42.363 INFO  ProgressMeter -       chr19:21745542            119.7               9969430          83276.0
07:05:52.563 INFO  ProgressMeter -       chr19:22664624            119.9               9973050          83188.1
07:06:02.564 INFO  ProgressMeter -       chr19:32049699            120.1              10006830          83354.0
07:06:12.570 INFO  ProgressMeter -       chr19:35061029            120.2              10018630          83336.5
07:06:22.626 INFO  ProgressMeter -       chr19:35786503            120.4              10021700          83246.0
07:06:32.718 INFO  ProgressMeter -       chr19:37538491            120.6              10028810          83188.8
07:06:42.722 INFO  ProgressMeter -       chr19:38839968            120.7              10034180          83118.4
07:06:53.969 INFO  ProgressMeter -       chr19:39878131            120.9              10038450          83024.9
07:07:04.711 INFO  ProgressMeter -       chr19:40214057            121.1              10039770          82913.0
07:07:14.903 INFO  ProgressMeter -       chr19:40849528            121.3              10042500          82819.4
07:07:24.980 INFO  ProgressMeter -       chr19:41909757            121.4              10046770          82740.0
07:07:35.485 INFO  ProgressMeter -       chr19:42755403            121.6              10050160          82648.8
07:07:45.606 INFO  ProgressMeter -       chr19:43184802            121.8              10051810          82547.8
07:07:55.618 INFO  ProgressMeter -       chr19:44177682            121.9              10055890          82468.3
07:08:06.131 INFO  ProgressMeter -       chr19:45364711            122.1              10060770          82389.9
07:08:16.140 INFO  ProgressMeter -       chr19:46346650            122.3              10064970          82311.9
07:08:26.212 INFO  ProgressMeter -       chr19:47681432            122.4              10070680          82245.7
07:08:36.350 INFO  ProgressMeter -       chr19:48613885            122.6              10074930          82167.0
07:08:46.634 INFO  ProgressMeter -       chr19:49045571            122.8              10077010          82069.2
07:08:56.639 INFO  ProgressMeter -       chr19:49570153            123.0              10079470          81977.9
07:09:06.705 INFO  ProgressMeter -       chr19:50267595            123.1              10082480          81890.7
07:09:16.726 INFO  ProgressMeter -       chr19:50936348            123.3              10085370          81803.2
07:09:26.747 INFO  ProgressMeter -       chr19:51875537            123.5              10089310          81724.5
07:09:36.787 INFO  ProgressMeter -       chr19:53014550            123.6              10094080          81652.4
07:09:47.085 INFO  ProgressMeter -       chr19:54181376            123.8              10099200          81580.6
07:09:59.485 INFO  ProgressMeter -       chr19:54241348            124.0              10099510          81447.1
07:10:10.733 INFO  ProgressMeter -       chr19:54574439            124.2              10101000          81336.2
07:10:21.293 INFO  ProgressMeter -       chr19:54636843            124.4              10101260          81223.1
07:10:31.621 INFO  ProgressMeter -       chr19:54939902            124.5              10102670          81122.2
07:10:41.722 INFO  ProgressMeter -       chr19:55501570            124.7              10105320          81033.9
07:10:51.733 INFO  ProgressMeter -       chr19:56158932            124.9              10108230          80948.9
07:11:01.734 INFO  ProgressMeter -       chr19:57475154            125.0              10113660          80884.5
07:11:11.765 INFO  ProgressMeter -       chr19:57857770            125.2              10115300          80789.6
07:11:21.774 INFO  ProgressMeter -         chr20:448889            125.4              10120260          80721.6
07:11:31.821 INFO  ProgressMeter -        chr20:2752926            125.5              10129110          80684.5
07:11:41.836 INFO  ProgressMeter -        chr20:4183974            125.7              10135120          80625.1
07:11:51.855 INFO  ProgressMeter -       chr20:10055490            125.9              10157000          80692.0
07:12:01.865 INFO  ProgressMeter -       chr20:18143814            126.0              10186530          80819.5
07:12:11.867 INFO  ProgressMeter -       chr20:23673483            126.2              10206910          80874.2
07:12:21.896 INFO  ProgressMeter -       chr20:30493886            126.4              10231110          80958.7
07:12:31.940 INFO  ProgressMeter -       chr20:32796662            126.5              10240290          80924.2
07:12:41.951 INFO  ProgressMeter -       chr20:34997705            126.7              10249040          80886.7
07:12:51.951 INFO  ProgressMeter -       chr20:37213083            126.9              10257930          80850.5
07:13:02.169 INFO  ProgressMeter -       chr20:41362569            127.0              10273240          80862.6
07:13:12.182 INFO  ProgressMeter -       chr20:45418689            127.2              10288480          80876.3
07:13:22.203 INFO  ProgressMeter -       chr20:47654641            127.4              10297170          80838.5
07:13:32.226 INFO  ProgressMeter -       chr20:51009613            127.5              10310320          80835.7
07:13:42.240 INFO  ProgressMeter -       chr20:56525841            127.7              10331090          80892.7
07:13:52.250 INFO  ProgressMeter -       chr20:59604754            127.9              10342710          80878.1
07:14:02.257 INFO  ProgressMeter -       chr20:62823633            128.0              10354690          80866.3
07:14:12.336 INFO  ProgressMeter -       chr20:63689578            128.2              10358230          80787.9
07:14:22.425 INFO  ProgressMeter -       chr21:10331003            128.4              10396200          80977.9
07:14:32.507 INFO  ProgressMeter -       chr21:10491053            128.6              10397000          80878.3
07:14:42.582 INFO  ProgressMeter -       chr21:18272474            128.7              10424900          80989.5
07:14:52.586 INFO  ProgressMeter -       chr21:28882306            128.9              10463660          81185.5
07:15:02.588 INFO  ProgressMeter -       chr21:33510458            129.1              10481250          81216.9
07:15:12.626 INFO  ProgressMeter -       chr21:34843629            129.2              10486290          81150.7
07:15:22.649 INFO  ProgressMeter -       chr21:34859500            129.4              10486390          81046.7
07:15:32.667 INFO  ProgressMeter -       chr21:38385991            129.6              10499860          81046.3
07:15:43.413 INFO  ProgressMeter -       chr21:41491834            129.7              10511580          81024.7
07:15:54.504 INFO  ProgressMeter -       chr21:42111560            129.9              10514040          80928.4
07:16:04.538 INFO  ProgressMeter -       chr21:44541054            130.1              10523430          80896.5
07:16:15.760 INFO  ProgressMeter -       chr21:44593000            130.3              10523650          80782.1
07:16:25.768 INFO  ProgressMeter -       chr21:44976852            130.4              10525160          80690.3
07:16:36.510 INFO  ProgressMeter -       chr21:46431802            130.6              10530900          80623.7
07:16:46.657 INFO  ProgressMeter -       chr22:15711255            130.8              10585020          80933.2
07:16:56.669 INFO  ProgressMeter -       chr22:18612032            131.0              10596190          80915.4
07:17:08.852 INFO  ProgressMeter -       chr22:20358225            131.2              10603030          80842.3
07:17:18.914 INFO  ProgressMeter -       chr22:20990266            131.3              10605750          80759.8
07:17:29.001 INFO  ProgressMeter -       chr22:23096055            131.5              10614020          80719.4
07:17:39.115 INFO  ProgressMeter -       chr22:23398372            131.7              10615220          80625.2
07:17:49.155 INFO  ProgressMeter -       chr22:25182258            131.8              10622450          80577.7
07:17:59.156 INFO  ProgressMeter -       chr22:29120087            132.0              10637370          80589.0
07:18:09.167 INFO  ProgressMeter -       chr22:30409330            132.2              10642580          80526.6
07:18:19.168 INFO  ProgressMeter -       chr22:32002230            132.3              10649210          80475.3
07:18:29.202 INFO  ProgressMeter -       chr22:36191619            132.5              10665460          80496.4
07:18:39.253 INFO  ProgressMeter -       chr22:37724072            132.7              10671720          80441.9
07:18:49.354 INFO  ProgressMeter -       chr22:39101491            132.8              10677440          80383.0
07:18:59.474 INFO  ProgressMeter -       chr22:41178915            133.0              10685790          80343.9
07:19:09.493 INFO  ProgressMeter -       chr22:42633338            133.2              10691950          80289.4
07:19:19.495 INFO  ProgressMeter -       chr22:45130981            133.3              10702120          80265.3
07:19:29.609 INFO  ProgressMeter -       chr22:49776965            133.5              10719820          80296.5
07:19:39.625 INFO  ProgressMeter -       chr22:50241380            133.7              10721860          80211.5
07:19:49.659 INFO  ProgressMeter -       chr22:50576374            133.8              10723460          80123.2
07:19:59.659 INFO  ProgressMeter -         chrX:1983457            134.0              10732860          80093.7
07:20:09.667 INFO  ProgressMeter -        chrX:13719938            134.2              10774490          80304.4
07:20:19.668 INFO  ProgressMeter -        chrX:24623343            134.3              10813690          80496.6
07:20:29.668 INFO  ProgressMeter -        chrX:40854279            134.5              10870550          80819.6
07:20:39.679 INFO  ProgressMeter -        chrX:48385440            134.7              10897580          80920.2
07:20:49.683 INFO  ProgressMeter -        chrX:52789145            134.8              10913310          80936.8
07:20:59.683 INFO  ProgressMeter -        chrX:66656167            135.0              10961170          81191.3
07:21:09.683 INFO  ProgressMeter -        chrX:74133660            135.2              10987650          81287.1
07:21:19.683 INFO  ProgressMeter -        chrX:93857059            135.3              11056030          81692.3
07:21:29.690 INFO  ProgressMeter -       chrX:107354134            135.5              11103400          81941.3
07:21:39.699 INFO  ProgressMeter -       chrX:119575215            135.7              11146500          82158.2
07:21:49.703 INFO  ProgressMeter -       chrX:131188847            135.8              11187310          82357.8
07:21:59.703 INFO  ProgressMeter -       chrX:144376585            136.0              11233570          82597.0
07:22:09.711 INFO  ProgressMeter -       chrX:154419523            136.2              11268790          82754.5
07:22:19.713 INFO  ProgressMeter -        chrY:13320408            136.3              11320140          83030.0
07:22:29.884 INFO  ProgressMeter - chr1_KI270711v1_random:9864            136.5              11469050          84017.7
07:22:39.947 INFO  ProgressMeter - chr15_KI270727v1_random:22263            136.7              11478660          83984.9
07:22:49.967 INFO  ProgressMeter - chrUn_GL000219v1:49168            136.8              11498190          84025.2
07:23:00.965 INFO  ProgressMeter - chrUn_GL000218v1:59252            137.0              11508930          83991.1
07:23:10.967 INFO  ProgressMeter - chr15_KI270905v1_alt:2516927            137.2              11734910          85536.3
07:23:20.968 INFO  ProgressMeter - chrUn_JTFH01001301v1_decoy:904            137.4              11892100          86576.8
07:23:22.214 INFO  HaplotypeCaller - 15792951 read(s) filtered by: MappingQualityReadFilter 
0 read(s) filtered by: MappingQualityAvailableReadFilter 
0 read(s) filtered by: MappedReadFilter 
0 read(s) filtered by: NotSecondaryAlignmentReadFilter 
14430684 read(s) filtered by: NotDuplicateReadFilter 
0 read(s) filtered by: PassesVendorQualityCheckReadFilter 
0 read(s) filtered by: NonZeroReferenceLengthAlignmentReadFilter 
0 read(s) filtered by: GoodCigarReadFilter 
0 read(s) filtered by: WellformedReadFilter 
30223635 total reads filtered out of 192878924 reads processed
07:23:22.214 INFO  ProgressMeter - HLA-DRB1*16:02:01:8101            137.4              11905499          86661.3
07:23:22.214 INFO  ProgressMeter - Traversal complete. Processed 11905499 total regions in 137.4 minutes.
07:23:22.262 INFO  VectorLoglessPairHMM - Time spent in setup for JNI call : 10.910512635
07:23:22.263 INFO  PairHMM - Total compute time in PairHMM computeLogLikelihoods() : 1997.7649063330002
07:23:22.263 INFO  SmithWatermanAligner - Total compute time in native Smith-Waterman : 310.76 sec
07:24:00.608 INFO  HaplotypeCaller - Shutting down engine
[August 2, 2024 at 7:24:00 AM GMT] org.broadinstitute.hellbender.tools.walkers.haplotypecaller.HaplotypeCaller done. Elapsed time: 138.03 minutes.
Runtime.totalMemory()=671088640
Using GATK jar /gatk/gatk-package-4.6.0.0-local.jar
Running:
    java -Dsamjdk.use_async_io_read_samtools=false -Dsamjdk.use_async_io_write_samtools=true -Dsamjdk.use_async_io_write_tribble=false -Dsamjdk.compression_level=2 -jar /gatk/gatk-package-4.6.0.0-local.jar HaplotypeCaller --I /coh_labs/dits/rayyan/Data/C083-000002/AnalysisData2/C083-000002_GermlineDNA_markedduplicates.bam --R /coh_labs/dits/rayyan/References/GATK_assembly38/Homo_sapiens_assembly38.fasta --O /coh_labs/dits/rayyan/Data/C083-000002/AnalysisData2/C083-000002_GermlineDNA_haplotypecaller-single.vcf.gz --bamout /coh_labs/dits/rayyan/Data/C083-000002/AnalysisData2/C083-000002_GermlineDNA_haplotypecaller-aligned.bam
