USAGE: AddOrReplaceReadGroups [arguments]

Assigns all the reads in a file to a single new read-group.

This tool accepts INPUT BAM and SAM files or URLs from the <a href="http://ga4gh.org/#/documentation">Global Alliance
for Genomics and Health (GA4GH)</a>.
<h3>Usage example:</h3>
java -jar picard.jar AddOrReplaceReadGroups \
I=input.bam \
O=output.bam \
RGID=4 \
RGLB=lib1 \
RGPL=ILLUMINA \
RGPU=unit1 \
RGSM=20

<h3>Caveats</h3>
The value of the tags must adhere (according to the <a
href="https://samtools.github.io/hts-specs/SAMv1.pdf">SAM-spec</a>) with the regex <code>'^[ -~]+$'</code> (one or more
characters from the ASCII range 32 through 126). In particular &lt;Space&gt; is the only non-printing character allowed.

The program enables only the wholesale assignment of all the reads in the INPUT to a single read-group. If your file
already has reads assigned to multiple read-groups, the original RG value will be lost. 

For more information about read-groups, see the <a href='https://www.broadinstitute.org/gatk/guide/article?id=6472'>GATK
Dictionary entry.</a>
Version:4.2.6.1


Required Arguments:

--INPUT,-I <String>           Input file (BAM or SAM or a GA4GH url).  Required. 

--OUTPUT,-O <File>            Output file (SAM, BAM or CRAM).  Required. 

--RGLB,-LB <String>           Read-Group library  Required. 

--RGPL,-PL <String>           Read-Group platform (e.g. ILLUMINA, SOLID)  Required. 

--RGPU,-PU <String>           Read-Group platform unit (eg. run barcode)  Required. 

--RGSM,-SM <String>           Read-Group sample name  Required. 


Optional Arguments:

--arguments_file <File>       read one or more arguments files and add them to the command line  This argument may be
                              specified 0 or more times. Default value: null. 

--COMPRESSION_LEVEL <Integer> Compression level for all compressed files created (e.g. BAM and VCF).  Default value: 2. 

--CREATE_INDEX <Boolean>      Whether to create an index when writing VCF or coordinate sorted BAM output.  Default
                              value: false. Possible values: {true, false} 

--CREATE_MD5_FILE <Boolean>   Whether to create an MD5 digest for any BAM or FASTQ files created.    Default value:
                              false. Possible values: {true, false} 

--GA4GH_CLIENT_SECRETS <String>
                              Google Genomics API client_secrets.json file path.  Default value: client_secrets.json. 

--help,-h <Boolean>           display the help message  Default value: false. Possible values: {true, false} 

--MAX_RECORDS_IN_RAM <Integer>When writing files that need to be sorted, this will specify the number of records stored
                              in RAM before spilling to disk. Increasing this number reduces the number of file handles
                              needed to sort the file, and increases the amount of RAM needed.  Default value: 500000. 

--QUIET <Boolean>             Whether to suppress job-summary info on System.err.  Default value: false. Possible
                              values: {true, false} 

--REFERENCE_SEQUENCE,-R <File>Reference sequence file.  Default value: null. 

--RGCN,-CN <String>           Read-Group sequencing center name  Default value: null. 

--RGDS,-DS <String>           Read-Group description  Default value: null. 

--RGDT,-DT <Iso8601Date>      Read-Group run date  Default value: null. 

--RGFO,-FO <String>           Read-Group flow order  Default value: null. 

--RGID,-ID <String>           Read-Group ID  Default value: 1. 

--RGKS,-KS <String>           Read-Group key sequence  Default value: null. 

--RGPG,-PG <String>           Read-Group program group  Default value: null. 

--RGPI,-PI <Integer>          Read-Group predicted insert size  Default value: null. 

--RGPM,-PM <String>           Read-Group platform model  Default value: null. 

--SORT_ORDER,-SO <SortOrder>  Optional sort order to output in. If not supplied OUTPUT is in the same order as INPUT. 
                              Default value: null. Possible values: {unsorted, queryname, coordinate, duplicate,
                              unknown} 

--TMP_DIR <File>              One or more directories with space available to be used by this program for temporary
                              storage of working files  This argument may be specified 0 or more times. Default value:
                              null. 

--USE_JDK_DEFLATER,-use_jdk_deflater <Boolean>
                              Use the JDK Deflater instead of the Intel Deflater for writing compressed output  Default
                              value: false. Possible values: {true, false} 

--USE_JDK_INFLATER,-use_jdk_inflater <Boolean>
                              Use the JDK Inflater instead of the Intel Inflater for reading compressed input  Default
                              value: false. Possible values: {true, false} 

--VALIDATION_STRINGENCY <ValidationStringency>
                              Validation stringency for all SAM files read by this program.  Setting stringency to
                              SILENT can improve performance when processing a BAM file in which variable-length data
                              (read, qualities, tags) do not otherwise need to be decoded.  Default value: STRICT.
                              Possible values: {STRICT, LENIENT, SILENT} 

--VERBOSITY <LogLevel>        Control verbosity of logging.  Default value: INFO. Possible values: {ERROR, WARNING,
                              INFO, DEBUG} 

--version <Boolean>           display the version number for this tool  Default value: false. Possible values: {true,
                              false} 


Advanced Arguments:

--showHidden <Boolean>        display hidden arguments  Default value: false. Possible values: {true, false} 


Argument RGLB was missing: Argument 'RGLB' is required
Tool returned:
1
Using GATK jar /gatk/gatk-package-4.2.6.1-local.jar
Running:
    java -Dsamjdk.use_async_io_read_samtools=false -Dsamjdk.use_async_io_write_samtools=true -Dsamjdk.use_async_io_write_tribble=false -Dsamjdk.compression_level=2 -jar /gatk/gatk-package-4.2.6.1-local.jar AddOrReplaceReadGroups --I C083-000002_GermlineDNA_markedduplicates.bam --O C083-000002_GermlineDNA_markedduplicates-RG.bam --RGPL ILLUMINA
