
The following have been reloaded with a version change:
  1) Java/11.0.2 => Java/1.8.0_241

Error: A JNI error has occurred, please check your installation and try again
Exception in thread "main" java.lang.UnsupportedClassVersionError: org/broadinstitute/hellbender/Main has been compiled by a more recent version of the Java Runtime (class file version 61.0), this version of the Java Runtime only recognizes class file versions up to 52.0
	at java.lang.ClassLoader.defineClass1(Native Method)
	at java.lang.ClassLoader.defineClass(ClassLoader.java:756)
	at java.security.SecureClassLoader.defineClass(SecureClassLoader.java:142)
	at java.net.URLClassLoader.defineClass(URLClassLoader.java:468)
	at java.net.URLClassLoader.access$100(URLClassLoader.java:74)
	at java.net.URLClassLoader$1.run(URLClassLoader.java:369)
	at java.net.URLClassLoader$1.run(URLClassLoader.java:363)
	at java.security.AccessController.doPrivileged(Native Method)
	at java.net.URLClassLoader.findClass(URLClassLoader.java:362)
	at java.lang.ClassLoader.loadClass(ClassLoader.java:418)
	at sun.misc.Launcher$AppClassLoader.loadClass(Launcher.java:355)
	at java.lang.ClassLoader.loadClass(ClassLoader.java:351)
	at sun.launcher.LauncherHelper.checkAndLoadMain(LauncherHelper.java:495)
Using GATK jar /packages/GATK/4.5.0.0/gatk-package-4.5.0.0-local.jar
Running:
    java -Dsamjdk.use_async_io_read_samtools=false -Dsamjdk.use_async_io_write_samtools=true -Dsamjdk.use_async_io_write_tribble=false -Dsamjdk.compression_level=2 -jar /packages/GATK/4.5.0.0/gatk-package-4.5.0.0-local.jar FastqToSam --FASTQ /coh_labs/dits/rayyan/try/C083-000002_WF00054603_h034885-01D-01L_GermlineDNA_R1_001.fastq.gz --FASTQ2 /coh_labs/dits/rayyan/try/C083-000002_WF00054603_h034885-01D-01L_GermlineDNA_R2_001.fastq.gz --OUTPUT /coh_labs/dits/rayyan/try/C083-000002_GermlineDNA_fastqtosam.bam --SAMPLE_NAME C083-000002_GermlineDNA
